ZLIB::VTps : size = 6 (dimension = 6  order = 4 )

    0 -9.6860538275692e-17 -1.6099515231364e-17  0.0000000000000e+00  0.0000000000000e+00  9.4581537772856e-16  0.0000000000000e+00   0  0  0  0  0  0
    1 -1.4929995103293e-01 -3.5717601994585e-01  0.0000000000000e+00  0.0000000000000e+00 -3.1247155227595e-01  0.0000000000000e+00   1  0  0  0  0  0
    2  2.7373324916096e+00 -1.4929995103294e-01  0.0000000000000e+00  0.0000000000000e+00 -1.0054525490944e+00  0.0000000000000e+00   0  1  0  0  0  0
    3  0.0000000000000e+00  0.0000000000000e+00 -5.0994004107193e-02 -6.4498495525505e-01  0.0000000000000e+00  0.0000000000000e+00   0  0  1  0  0  0
    4  0.0000000000000e+00  0.0000000000000e+00  1.5463920567740e+00 -5.0994004107185e-02  0.0000000000000e+00  0.0000000000000e+00   0  0  0  1  0  0
    5  0.0000000000000e+00  0.0000000000000e+00  0.0000000000000e+00  0.0000000000000e+00  1.0000000000000e+00  0.0000000000000e+00   0  0  0  0  1  0
    6  1.0054525490944e+00  3.1247155227595e-01  0.0000000000000e+00  0.0000000000000e+00 -3.8743421567305e+00  1.0000000000000e+00   0  0  0  0  0  1
    7 -5.5770756654327e+01  3.0046190370176e+00  0.0000000000000e+00  0.0000000000000e+00  2.0649939845806e+01  0.0000000000000e+00   2  0  0  0  0  0
    8 -5.2066601180446e-01  1.1982878297702e-01  0.0000000000000e+00  0.0000000000000e+00  7.3362995780016e-01  0.0000000000000e+00   1  1  0  0  0  0
    9  0.0000000000000e+00  0.0000000000000e+00  5.7482549109495e+01 -4.3580296240622e+00 -0.0000000000000e+00  0.0000000000000e+00   1  0  1  0  0  0
   10  0.0000000000000e+00  0.0000000000000e+00 -5.7372063849308e+00  2.1089782389839e+00 -0.0000000000000e+00  0.0000000000000e+00   1  0  0  1  0  0
   11  0.0000000000000e+00  0.0000000000000e+00  0.0000000000000e+00  0.0000000000000e+00 -0.0000000000000e+00  0.0000000000000e+00   1  0  0  0  1  0
   12 -1.1740279270907e+00 -1.0052566664542e-01  0.0000000000000e+00  0.0000000000000e+00 -7.9411110110603e-01  0.0000000000000e+00   1  0  0  0  0  1
   13 -8.3768420674227e-01 -2.8421885841420e+00  0.0000000000000e+00  0.0000000000000e+00  1.7968155365821e+00  0.0000000000000e+00   0  2  0  0  0  0
   14  0.0000000000000e+00  0.0000000000000e+00  4.0766165442401e+00 -7.4595908678423e+00 -0.0000000000000e+00  0.0000000000000e+00   0  1  1  0  0  0
   15  0.0000000000000e+00  0.0000000000000e+00 -1.8460844650955e+01 -1.1362080842573e+01 -0.0000000000000e+00  0.0000000000000e+00   0  1  0  1  0  0
   16  0.0000000000000e+00  0.0000000000000e+00  0.0000000000000e+00  0.0000000000000e+00 -0.0000000000000e+00  0.0000000000000e+00   0  1  0  0  1  0
   17 -2.5447180635584e+00 -3.0707162398854e+00  0.0000000000000e+00  0.0000000000000e+00 -2.5552439095834e+00  0.0000000000000e+00   0  1  0  0  0  1
   18  5.1272661433943e+01 -2.2467604819297e+00  0.0000000000000e+00  0.0000000000000e+00 -1.8908642036924e+01  0.0000000000000e+00   0  0  2  0  0  0
   19 -1.2114850061967e+01 -3.4774082330766e+00  0.0000000000000e+00  0.0000000000000e+00 -1.9445164512100e+00  0.0000000000000e+00   0  0  1  1  0  0
   20  0.0000000000000e+00  0.0000000000000e+00  0.0000000000000e+00  0.0000000000000e+00 -0.0000000000000e+00  0.0000000000000e+00   0  0  1  0  1  0
   21  0.0000000000000e+00  0.0000000000000e+00  2.0573575494900e+00  1.3766111736160e+00 -0.0000000000000e+00  0.0000000000000e+00   0  0  1  0  0  1
   22  2.6813275272866e+00 -3.5275707550289e+00  0.0000000000000e+00  0.0000000000000e+00 -1.6717570013216e+00  0.0000000000000e+00   0  0  0  2  0  0
   23  0.0000000000000e+00  0.0000000000000e+00  0.0000000000000e+00  0.0000000000000e+00 -0.0000000000000e+00  0.0000000000000e+00   0  0  0  1  1  0
   24  0.0000000000000e+00  0.0000000000000e+00  3.1774839612006e+00 -3.6134470348445e+00 -0.0000000000000e+00  0.0000000000000e+00   0  0  0  1  0  1
   25  0.0000000000000e+00  0.0000000000000e+00  0.0000000000000e+00  0.0000000000000e+00 -0.0000000000000e+00  0.0000000000000e+00   0  0  0  0  2  0
   26  0.0000000000000e+00  0.0000000000000e+00  0.0000000000000e+00  0.0000000000000e+00 -0.0000000000000e+00  0.0000000000000e+00   0  0  0  0  1  1
   27  1.4702606390800e+00 -3.2163290595951e-02  0.0000000000000e+00  0.0000000000000e+00 -1.7276297759176e-01  0.0000000000000e+00   0  0  0  0  0  2
   28  1.0036971899678e+01 -2.3696770460268e+00  0.0000000000000e+00  0.0000000000000e+00 -1.4896928412384e+01  0.0000000000000e+00   3  0  0  0  0  0
   29  3.2875217982570e+01  1.1031072220341e+02  0.0000000000000e+00  0.0000000000000e+00 -7.5137168015003e+01  0.0000000000000e+00   2  1  0  0  0  0
   30  0.0000000000000e+00  0.0000000000000e+00 -3.0507801645138e+02  2.2929771540977e+02 -0.0000000000000e+00  0.0000000000000e+00   2  0  1  0  0  0
   31  0.0000000000000e+00  0.0000000000000e+00  3.9553861838642e+02  2.4151803694265e+02 -0.0000000000000e+00  0.0000000000000e+00   2  0  0  1  0  0
   32  0.0000000000000e+00  0.0000000000000e+00  0.0000000000000e+00  0.0000000000000e+00 -0.0000000000000e+00  0.0000000000000e+00   2  0  0  0  1  0
   33  5.3222235405302e+01  6.1241261407147e+01  0.0000000000000e+00  0.0000000000000e+00  5.0886116408091e+01  0.0000000000000e+00   2  0  0  0  0  1
   34 -4.3318610501240e+01 -1.8881571549036e+00  0.0000000000000e+00  0.0000000000000e+00  7.5360389405250e+00  0.0000000000000e+00   1  2  0  0  0  0
   35  0.0000000000000e+00  0.0000000000000e+00 -7.2165956645318e+02 -4.7491650749418e+02 -0.0000000000000e+00  0.0000000000000e+00   1  1  1  0  0  0
   36  0.0000000000000e+00  0.0000000000000e+00 -3.5958280480317e+00  2.1849158025426e+01 -0.0000000000000e+00  0.0000000000000e+00   1  1  0  1  0  0
   37  0.0000000000000e+00  0.0000000000000e+00  0.0000000000000e+00  0.0000000000000e+00 -0.0000000000000e+00  0.0000000000000e+00   1  1  0  0  1  0
   38 -1.5726582454043e+01  5.5353575821349e+00  0.0000000000000e+00  0.0000000000000e+00  3.6192106002886e+00  0.0000000000000e+00   1  1  0  0  0  1
   39 -4.7610982327348e+02 -1.2789044617711e+02  0.0000000000000e+00  0.0000000000000e+00 -5.7286072433719e+01  0.0000000000000e+00   1  0  2  0  0  0
   40  2.2110859037542e+02 -2.8249454132493e+02  0.0000000000000e+00  0.0000000000000e+00 -1.4331721150837e+02  0.0000000000000e+00   1  0  1  1  0  0
   41  0.0000000000000e+00  0.0000000000000e+00  0.0000000000000e+00  0.0000000000000e+00 -0.0000000000000e+00  0.0000000000000e+00   1  0  1  0  1  0
   42  0.0000000000000e+00  0.0000000000000e+00  1.1753244810719e+02 -1.2978577662324e+02 -0.0000000000000e+00  0.0000000000000e+00   1  0  1  0  0  1
   43  5.4656477204364e+01  2.1621949617740e+01  0.0000000000000e+00  0.0000000000000e+00  1.9587094896257e+01  0.0000000000000e+00   1  0  0  2  0  0
   44  0.0000000000000e+00  0.0000000000000e+00  0.0000000000000e+00  0.0000000000000e+00 -0.0000000000000e+00  0.0000000000000e+00   1  0  0  1  1  0
   45  0.0000000000000e+00  0.0000000000000e+00 -2.2015392978070e+01 -2.1945835577124e+01 -0.0000000000000e+00  0.0000000000000e+00   1  0  0  1  0  1
   46  0.0000000000000e+00  0.0000000000000e+00  0.0000000000000e+00  0.0000000000000e+00 -0.0000000000000e+00  0.0000000000000e+00   1  0  0  0  2  0
   47  0.0000000000000e+00  0.0000000000000e+00  0.0000000000000e+00  0.0000000000000e+00 -0.0000000000000e+00  0.0000000000000e+00   1  0  0  0  1  1
   48 -1.1131040192948e+00  1.9838610710061e+00  0.0000000000000e+00  0.0000000000000e+00  2.5038831998302e+00  0.0000000000000e+00   1  0  0  0  0  2
   49 -1.5161103714069e+01 -3.2354293796802e+00  0.0000000000000e+00  0.0000000000000e+00 -1.6542929860643e+00  0.0000000000000e+00   0  3  0  0  0  0
   50  0.0000000000000e+00  0.0000000000000e+00  8.3369319217283e+01 -6.0835807000143e+01 -0.0000000000000e+00  0.0000000000000e+00   0  2  1  0  0  0
   51  0.0000000000000e+00  0.0000000000000e+00  1.5147199516396e+02  6.8491119289394e+01 -0.0000000000000e+00  0.0000000000000e+00   0  2  0  1  0  0
   52  0.0000000000000e+00  0.0000000000000e+00  0.0000000000000e+00  0.0000000000000e+00 -0.0000000000000e+00  0.0000000000000e+00   0  2  0  0  1  0
   53  8.8128987516718e+00  6.3641149214620e+00  0.0000000000000e+00  0.0000000000000e+00 -6.9113966921185e+00  0.0000000000000e+00   0  2  0  0  0  1
   54 -6.3318070133958e+01 -8.3617790484132e+01  0.0000000000000e+00  0.0000000000000e+00  1.0283655369401e+02  0.0000000000000e+00   0  1  2  0  0  0
   55 -1.0187867640786e+02  3.0186236829545e+01  0.0000000000000e+00  0.0000000000000e+00  1.6147844315613e+00  0.0000000000000e+00   0  1  1  1  0  0
   56  0.0000000000000e+00  0.0000000000000e+00  0.0000000000000e+00  0.0000000000000e+00 -0.0000000000000e+00  0.0000000000000e+00   0  1  1  0  1  0
   57  0.0000000000000e+00  0.0000000000000e+00 -4.2923779758728e+01  2.3567365517982e+01 -0.0000000000000e+00  0.0000000000000e+00   0  1  1  0  0  1
   58 -8.6852904364250e+01  3.8524279921408e+01  0.0000000000000e+00  0.0000000000000e+00  2.7540309408117e+01  0.0000000000000e+00   0  1  0  2  0  0
   59  0.0000000000000e+00  0.0000000000000e+00  0.0000000000000e+00  0.0000000000000e+00 -0.0000000000000e+00  0.0000000000000e+00   0  1  0  1  1  0
   60  0.0000000000000e+00  0.0000000000000e+00  3.6369327185029e+01  4.1528809756019e+00 -0.0000000000000e+00  0.0000000000000e+00   0  1  0  1  0  1
   61  0.0000000000000e+00  0.0000000000000e+00  0.0000000000000e+00  0.0000000000000e+00 -0.0000000000000e+00  0.0000000000000e+00   0  1  0  0  2  0
   62  0.0000000000000e+00  0.0000000000000e+00  0.0000000000000e+00  0.0000000000000e+00 -0.0000000000000e+00  0.0000000000000e+00   0  1  0  0  1  1
   63  5.5622552471074e+00  4.8024356131338e-01  0.0000000000000e+00  0.0000000000000e+00  2.8039310716623e+00  0.0000000000000e+00   0  1  0  0  0  2
   64  0.0000000000000e+00  0.0000000000000e+00  6.8987407827581e+01 -1.4423986960398e+02 -0.0000000000000e+00  0.0000000000000e+00   0  0  3  0  0  0
   65  0.0000000000000e+00  0.0000000000000e+00 -4.0105910593694e+02 -2.1781068227067e+02 -0.0000000000000e+00  0.0000000000000e+00   0  0  2  1  0  0
   66  0.0000000000000e+00  0.0000000000000e+00  0.0000000000000e+00  0.0000000000000e+00 -0.0000000000000e+00  0.0000000000000e+00   0  0  2  0  1  0
   67 -5.7173518860812e+01 -6.5592373992383e+01  0.0000000000000e+00  0.0000000000000e+00 -5.3312001945409e+01  0.0000000000000e+00   0  0  2  0  0  1
   68  0.0000000000000e+00  0.0000000000000e+00 -1.1404717472346e+01  4.4939968091228e+00 -0.0000000000000e+00  0.0000000000000e+00   0  0  1  2  0  0
   69  0.0000000000000e+00  0.0000000000000e+00  0.0000000000000e+00  0.0000000000000e+00 -0.0000000000000e+00  0.0000000000000e+00   0  0  1  1  1  0
   70 -2.1432848739206e+00  1.9711041619960e+01  0.0000000000000e+00  0.0000000000000e+00  2.6135551509072e+01  0.0000000000000e+00   0  0  1  1  0  1
   71  0.0000000000000e+00  0.0000000000000e+00  0.0000000000000e+00  0.0000000000000e+00 -0.0000000000000e+00  0.0000000000000e+00   0  0  1  0  2  0
   72  0.0000000000000e+00  0.0000000000000e+00  0.0000000000000e+00  0.0000000000000e+00 -0.0000000000000e+00  0.0000000000000e+00   0  0  1  0  1  1
   73  0.0000000000000e+00  0.0000000000000e+00  2.2412987744721e+00 -9.2760812621052e+00 -0.0000000000000e+00  0.0000000000000e+00   0  0  1  0  0  2
   74  0.0000000000000e+00  0.0000000000000e+00 -5.2954077925785e+01 -3.0797980978533e+01 -0.0000000000000e+00  0.0000000000000e+00   0  0  0  3  0  0
   75  0.0000000000000e+00  0.0000000000000e+00  0.0000000000000e+00  0.0000000000000e+00 -0.0000000000000e+00  0.0000000000000e+00   0  0  0  2  1  0
   76 -8.8887772499953e+01 -1.8706564217494e+01  0.0000000000000e+00  0.0000000000000e+00 -1.4397508514151e+01  0.0000000000000e+00   0  0  0  2  0  1
   77  0.0000000000000e+00  0.0000000000000e+00  0.0000000000000e+00  0.0000000000000e+00 -0.0000000000000e+00  0.0000000000000e+00   0  0  0  1  2  0
   78  0.0000000000000e+00  0.0000000000000e+00  0.0000000000000e+00  0.0000000000000e+00 -0.0000000000000e+00  0.0000000000000e+00   0  0  0  1  1  1
   79  0.0000000000000e+00  0.0000000000000e+00 -3.0738784328638e+00  8.6137142045416e+00 -0.0000000000000e+00  0.0000000000000e+00   0  0  0  1  0  2
   80  0.0000000000000e+00  0.0000000000000e+00  0.0000000000000e+00  0.0000000000000e+00 -0.0000000000000e+00  0.0000000000000e+00   0  0  0  0  3  0
   81  0.0000000000000e+00  0.0000000000000e+00  0.0000000000000e+00  0.0000000000000e+00 -0.0000000000000e+00  0.0000000000000e+00   0  0  0  0  2  1
   82  0.0000000000000e+00  0.0000000000000e+00  0.0000000000000e+00  0.0000000000000e+00 -0.0000000000000e+00  0.0000000000000e+00   0  0  0  0  1  2
   83 -1.1454096526804e+00 -1.5513017593524e+00  0.0000000000000e+00  0.0000000000000e+00 -4.8912299242263e-01  0.0000000000000e+00   0  0  0  0  0  3
   84 -3.2260953086854e+02 -1.0699968253462e+03  0.0000000000000e+00  0.0000000000000e+00  7.8210083950932e+02  0.0000000000000e+00   4  0  0  0  0  0
   85  1.6945073264313e+03  7.8867126916690e+01  0.0000000000000e+00  0.0000000000000e+00 -2.9914684187007e+02  0.0000000000000e+00   3  1  0  0  0  0
   86  0.0000000000000e+00  0.0000000000000e+00  1.5457934720348e+04  1.0051364437405e+04 -0.0000000000000e+00  0.0000000000000e+00   3  0  1  0  0  0
   87  0.0000000000000e+00  0.0000000000000e+00  4.5626686755182e+01 -4.5528354694059e+02 -0.0000000000000e+00  0.0000000000000e+00   3  0  0  1  0  0
   88  0.0000000000000e+00  0.0000000000000e+00  0.0000000000000e+00  0.0000000000000e+00 -0.0000000000000e+00  0.0000000000000e+00   3  0  0  0  1  0
   89  3.3013426085957e+02 -1.0531041995039e+02  0.0000000000000e+00  0.0000000000000e+00 -6.2691157410373e+01  0.0000000000000e+00   3  0  0  0  0  1
   90  9.1226807769927e+02  2.1833974240386e+02  0.0000000000000e+00  0.0000000000000e+00  1.8255190714703e+02  0.0000000000000e+00   2  2  0  0  0  0
   91  0.0000000000000e+00  0.0000000000000e+00 -3.4823122980578e+03  3.1889863734085e+03 -0.0000000000000e+00  0.0000000000000e+00   2  1  1  0  0  0
   92  0.0000000000000e+00  0.0000000000000e+00 -6.2301394426589e+03 -2.8256821223987e+03 -0.0000000000000e+00  0.0000000000000e+00   2  1  0  1  0  0
   93  0.0000000000000e+00  0.0000000000000e+00  0.0000000000000e+00  0.0000000000000e+00 -0.0000000000000e+00  0.0000000000000e+00   2  1  0  0  1  0
   94 -2.2376606318365e+02 -3.0895833634236e+02  0.0000000000000e+00  0.0000000000000e+00  2.3015075433696e+02  0.0000000000000e+00   2  1  0  0  0  1
   95  5.8450480999848e+03 -4.0267526187731e+03  0.0000000000000e+00  0.0000000000000e+00 -5.1508016761759e+03  0.0000000000000e+00   2  0  2  0  0  0
   96  6.1766446174312e+03  1.0230878528870e+03  0.0000000000000e+00  0.0000000000000e+00  1.4668696129902e+03  0.0000000000000e+00   2  0  1  1  0  0
   97  0.0000000000000e+00  0.0000000000000e+00  0.0000000000000e+00  0.0000000000000e+00 -0.0000000000000e+00  0.0000000000000e+00   2  0  1  0  1  0
   98  0.0000000000000e+00  0.0000000000000e+00  1.6531504838355e+01 -1.2950684533059e+03 -0.0000000000000e+00  0.0000000000000e+00   2  0  1  0  0  1
   99  1.5227105726621e+03 -8.1030814795998e+02  0.0000000000000e+00  0.0000000000000e+00 -5.5248566711649e+02  0.0000000000000e+00   2  0  0  2  0  0
  100  0.0000000000000e+00  0.0000000000000e+00  0.0000000000000e+00  0.0000000000000e+00 -0.0000000000000e+00  0.0000000000000e+00   2  0  0  1  1  0
  101  0.0000000000000e+00  0.0000000000000e+00 -7.4270749297594e+02 -1.0189038468692e+02 -0.0000000000000e+00  0.0000000000000e+00   2  0  0  1  0  1
  102  0.0000000000000e+00  0.0000000000000e+00  0.0000000000000e+00  0.0000000000000e+00 -0.0000000000000e+00  0.0000000000000e+00   2  0  0  0  2  0
  103  0.0000000000000e+00  0.0000000000000e+00  0.0000000000000e+00  0.0000000000000e+00 -0.0000000000000e+00  0.0000000000000e+00   2  0  0  0  1  1
  104 -1.4235897178471e+02 -2.1142509160810e+01  0.0000000000000e+00  0.0000000000000e+00 -7.1154912321103e+01  0.0000000000000e+00   2  0  0  0  0  2
  105  6.3119320916920e+01 -9.3963028698838e+01  0.0000000000000e+00  0.0000000000000e+00 -8.6494441243683e+01  0.0000000000000e+00   1  3  0  0  0  0
  106  0.0000000000000e+00  0.0000000000000e+00  5.9635534819341e+03  2.3746385711528e+03 -0.0000000000000e+00  0.0000000000000e+00   1  2  1  0  0  0
  107  0.0000000000000e+00  0.0000000000000e+00  1.1953023938790e+02  3.7787348392652e+02 -0.0000000000000e+00  0.0000000000000e+00   1  2  0  1  0  0
  108  0.0000000000000e+00  0.0000000000000e+00  0.0000000000000e+00  0.0000000000000e+00 -0.0000000000000e+00  0.0000000000000e+00   1  2  0  0  1  0
  109 -2.9158892557034e+02 -6.8001891481359e+01  0.0000000000000e+00  0.0000000000000e+00 -1.8928099989616e+02  0.0000000000000e+00   1  2  0  0  0  1
  110 -5.4112719831822e+03  1.2611790696156e+03  0.0000000000000e+00  0.0000000000000e+00  4.8844191815735e+02  0.0000000000000e+00   1  1  2  0  0  0
  111 -6.3573561252222e+03  2.8390456997910e+03  0.0000000000000e+00  0.0000000000000e+00  1.8397635274886e+03  0.0000000000000e+00   1  1  1  1  0  0
  112  0.0000000000000e+00  0.0000000000000e+00  0.0000000000000e+00  0.0000000000000e+00 -0.0000000000000e+00  0.0000000000000e+00   1  1  1  0  1  0
  113  0.0000000000000e+00  0.0000000000000e+00  1.3658073373094e+03  4.9710783134811e+02 -0.0000000000000e+00  0.0000000000000e+00   1  1  1  0  0  1
  114 -2.0166661720829e+02 -2.4564465293308e+02  0.0000000000000e+00  0.0000000000000e+00 -2.2854060790161e+02  0.0000000000000e+00   1  1  0  2  0  0
  115  0.0000000000000e+00  0.0000000000000e+00  0.0000000000000e+00  0.0000000000000e+00 -0.0000000000000e+00  0.0000000000000e+00   1  1  0  1  1  0
  116  0.0000000000000e+00  0.0000000000000e+00  3.4712487344660e+02  1.7613878613478e+02 -0.0000000000000e+00  0.0000000000000e+00   1  1  0  1  0  1
  117  0.0000000000000e+00  0.0000000000000e+00  0.0000000000000e+00  0.0000000000000e+00 -0.0000000000000e+00  0.0000000000000e+00   1  1  0  0  2  0
  118  0.0000000000000e+00  0.0000000000000e+00  0.0000000000000e+00  0.0000000000000e+00 -0.0000000000000e+00  0.0000000000000e+00   1  1  0  0  1  1
  119 -1.0287093925997e+02  8.1474695285373e+01  0.0000000000000e+00  0.0000000000000e+00  6.8274679374308e+01  0.0000000000000e+00   1  1  0  0  0  2
  120  0.0000000000000e+00  0.0000000000000e+00 -1.5688261056429e+04 -9.1210409781108e+03 -0.0000000000000e+00  0.0000000000000e+00   1  0  3  0  0  0
  121  0.0000000000000e+00  0.0000000000000e+00 -9.3010571320290e+02  7.3619132334071e+02 -0.0000000000000e+00  0.0000000000000e+00   1  0  2  1  0  0
  122  0.0000000000000e+00  0.0000000000000e+00  0.0000000000000e+00  0.0000000000000e+00 -0.0000000000000e+00  0.0000000000000e+00   1  0  2  0  1  0
  123 -4.2454878797509e+02  8.2320422313359e+02  0.0000000000000e+00  0.0000000000000e+00  1.0369001040292e+03  0.0000000000000e+00   1  0  2  0  0  1
  124  0.0000000000000e+00  0.0000000000000e+00 -5.7506778540608e+03 -3.5151664221057e+03 -0.0000000000000e+00  0.0000000000000e+00   1  0  1  2  0  0
  125  0.0000000000000e+00  0.0000000000000e+00  0.0000000000000e+00  0.0000000000000e+00 -0.0000000000000e+00  0.0000000000000e+00   1  0  1  1  1  0
  126 -6.6481627291584e+03 -1.3101600319700e+03  0.0000000000000e+00  0.0000000000000e+00 -1.0243849011547e+03  0.0000000000000e+00   1  0  1  1  0  1
  127  0.0000000000000e+00  0.0000000000000e+00  0.0000000000000e+00  0.0000000000000e+00 -0.0000000000000e+00  0.0000000000000e+00   1  0  1  0  2  0
  128  0.0000000000000e+00  0.0000000000000e+00  0.0000000000000e+00  0.0000000000000e+00 -0.0000000000000e+00  0.0000000000000e+00   1  0  1  0  1  1
  129  0.0000000000000e+00  0.0000000000000e+00 -1.1214330205876e+02  2.8703665283975e+02 -0.0000000000000e+00  0.0000000000000e+00   1  0  1  0  0  2
  130  0.0000000000000e+00  0.0000000000000e+00  2.5948722926537e+02  2.6628883256553e+02 -0.0000000000000e+00  0.0000000000000e+00   1  0  0  3  0  0
  131  0.0000000000000e+00  0.0000000000000e+00  0.0000000000000e+00  0.0000000000000e+00 -0.0000000000000e+00  0.0000000000000e+00   1  0  0  2  1  0
  132  2.6642868211711e+02 -6.1418489452239e+01  0.0000000000000e+00  0.0000000000000e+00 -1.5377912287315e+02  0.0000000000000e+00   1  0  0  2  0  1
  133  0.0000000000000e+00  0.0000000000000e+00  0.0000000000000e+00  0.0000000000000e+00 -0.0000000000000e+00  0.0000000000000e+00   1  0  0  1  2  0
  134  0.0000000000000e+00  0.0000000000000e+00  0.0000000000000e+00  0.0000000000000e+00 -0.0000000000000e+00  0.0000000000000e+00   1  0  0  1  1  1
  135  0.0000000000000e+00  0.0000000000000e+00  5.6144267962967e+01  8.1598836003168e+01 -0.0000000000000e+00  0.0000000000000e+00   1  0  0  1  0  2
  136  0.0000000000000e+00  0.0000000000000e+00  0.0000000000000e+00  0.0000000000000e+00 -0.0000000000000e+00  0.0000000000000e+00   1  0  0  0  3  0
  137  0.0000000000000e+00  0.0000000000000e+00  0.0000000000000e+00  0.0000000000000e+00 -0.0000000000000e+00  0.0000000000000e+00   1  0  0  0  2  1
  138  0.0000000000000e+00  0.0000000000000e+00  0.0000000000000e+00  0.0000000000000e+00 -0.0000000000000e+00  0.0000000000000e+00   1  0  0  0  1  2
  139  2.0582093013528e+01  8.0282798440742e+00  0.0000000000000e+00  0.0000000000000e+00  6.5700991448034e+00  0.0000000000000e+00   1  0  0  0  0  3
  140 -3.6705401396952e+02 -3.8592312592355e+01  0.0000000000000e+00  0.0000000000000e+00 -8.2776251336059e+01  0.0000000000000e+00   0  4  0  0  0  0
  141  0.0000000000000e+00  0.0000000000000e+00 -3.5849651745114e+02 -7.0426713082149e+02 -0.0000000000000e+00  0.0000000000000e+00   0  3  1  0  0  0
  142  0.0000000000000e+00  0.0000000000000e+00 -7.1834632059822e+02 -3.3663731670237e+02 -0.0000000000000e+00  0.0000000000000e+00   0  3  0  1  0  0
  143  0.0000000000000e+00  0.0000000000000e+00  0.0000000000000e+00  0.0000000000000e+00 -0.0000000000000e+00  0.0000000000000e+00   0  3  0  0  1  0
  144 -3.4313476783682e+02  1.9416699507212e+02  0.0000000000000e+00  0.0000000000000e+00  1.6261746473048e+02  0.0000000000000e+00   0  3  0  0  0  1
  145 -1.3740030880064e+03 -1.0261974492793e+02  0.0000000000000e+00  0.0000000000000e+00  1.1717370106102e+02  0.0000000000000e+00   0  2  2  0  0  0
  146 -4.8576853736826e+02  2.5976382585007e+01  0.0000000000000e+00  0.0000000000000e+00  9.8243452804935e+01  0.0000000000000e+00   0  2  1  1  0  0
  147  0.0000000000000e+00  0.0000000000000e+00  0.0000000000000e+00  0.0000000000000e+00 -0.0000000000000e+00  0.0000000000000e+00   0  2  1  0  1  0
  148  0.0000000000000e+00  0.0000000000000e+00 -3.6160730624465e+02  3.9451257573679e+02 -0.0000000000000e+00  0.0000000000000e+00   0  2  1  0  0  1
  149  7.3424713911410e+02 -1.2615849244504e+02  0.0000000000000e+00  0.0000000000000e+00 -1.4131933365638e+02  0.0000000000000e+00   0  2  0  2  0  0
  150  0.0000000000000e+00  0.0000000000000e+00  0.0000000000000e+00  0.0000000000000e+00 -0.0000000000000e+00  0.0000000000000e+00   0  2  0  1  1  0
  151  0.0000000000000e+00  0.0000000000000e+00 -7.2851038564625e+02 -5.1095716696585e+02 -0.0000000000000e+00  0.0000000000000e+00   0  2  0  1  0  1
  152  0.0000000000000e+00  0.0000000000000e+00  0.0000000000000e+00  0.0000000000000e+00 -0.0000000000000e+00  0.0000000000000e+00   0  2  0  0  2  0
  153  0.0000000000000e+00  0.0000000000000e+00  0.0000000000000e+00  0.0000000000000e+00 -0.0000000000000e+00  0.0000000000000e+00   0  2  0  0  1  1
  154  2.3009832400142e+02  4.9053209177898e+01  0.0000000000000e+00  0.0000000000000e+00  1.1798681588243e+02  0.0000000000000e+00   0  2  0  0  0  2
  155  0.0000000000000e+00  0.0000000000000e+00  3.3579213678985e+03 -2.1917430322657e+03 -0.0000000000000e+00  0.0000000000000e+00   0  1  3  0  0  0
  156  0.0000000000000e+00  0.0000000000000e+00  5.6860693707293e+03  3.0208691541823e+03 -0.0000000000000e+00  0.0000000000000e+00   0  1  2  1  0  0
  157  0.0000000000000e+00  0.0000000000000e+00  0.0000000000000e+00  0.0000000000000e+00 -0.0000000000000e+00  0.0000000000000e+00   0  1  2  0  1  0
  158  4.4681632871780e+02  1.2018156231080e+02  0.0000000000000e+00  0.0000000000000e+00 -4.3589949674925e+02  0.0000000000000e+00   0  1  2  0  0  1
  159  0.0000000000000e+00  0.0000000000000e+00  4.6891498521498e+01 -1.3091577044422e+02 -0.0000000000000e+00  0.0000000000000e+00   0  1  1  2  0  0
  160  0.0000000000000e+00  0.0000000000000e+00  0.0000000000000e+00  0.0000000000000e+00 -0.0000000000000e+00  0.0000000000000e+00   0  1  1  1  1  0
  161  5.1070020673331e+01  1.9087068620036e+02  0.0000000000000e+00  0.0000000000000e+00  3.2840965875541e+02  0.0000000000000e+00   0  1  1  1  0  1
  162  0.0000000000000e+00  0.0000000000000e+00  0.0000000000000e+00  0.0000000000000e+00 -0.0000000000000e+00  0.0000000000000e+00   0  1  1  0  2  0
  163  0.0000000000000e+00  0.0000000000000e+00  0.0000000000000e+00  0.0000000000000e+00 -0.0000000000000e+00  0.0000000000000e+00   0  1  1  0  1  1
  164  0.0000000000000e+00  0.0000000000000e+00  1.4997378840527e+02 -1.6944458198215e+02 -0.0000000000000e+00  0.0000000000000e+00   0  1  1  0  0  2
  165  0.0000000000000e+00  0.0000000000000e+00  1.1547300519080e+03  6.8414025566175e+02 -0.0000000000000e+00  0.0000000000000e+00   0  1  0  3  0  0
  166  0.0000000000000e+00  0.0000000000000e+00  0.0000000000000e+00  0.0000000000000e+00 -0.0000000000000e+00  0.0000000000000e+00   0  1  0  2  1  0
  167  9.3493388447343e+02  2.6780093811784e+02  0.0000000000000e+00  0.0000000000000e+00  1.8107149729306e+02  0.0000000000000e+00   0  1  0  2  0  1
  168  0.0000000000000e+00  0.0000000000000e+00  0.0000000000000e+00  0.0000000000000e+00 -0.0000000000000e+00  0.0000000000000e+00   0  1  0  1  2  0
  169  0.0000000000000e+00  0.0000000000000e+00  0.0000000000000e+00  0.0000000000000e+00 -0.0000000000000e+00  0.0000000000000e+00   0  1  0  1  1  1
  170  0.0000000000000e+00  0.0000000000000e+00 -1.7650357959757e+02 -1.0377539268734e+02 -0.0000000000000e+00  0.0000000000000e+00   0  1  0  1  0  2
  171  0.0000000000000e+00  0.0000000000000e+00  0.0000000000000e+00  0.0000000000000e+00 -0.0000000000000e+00  0.0000000000000e+00   0  1  0  0  3  0
  172  0.0000000000000e+00  0.0000000000000e+00  0.0000000000000e+00  0.0000000000000e+00 -0.0000000000000e+00  0.0000000000000e+00   0  1  0  0  2  1
  173  0.0000000000000e+00  0.0000000000000e+00  0.0000000000000e+00  0.0000000000000e+00 -0.0000000000000e+00  0.0000000000000e+00   0  1  0  0  1  2
  174  3.3127821226866e+01 -3.1847228509578e+01  0.0000000000000e+00  0.0000000000000e+00 -2.8966018593031e+01  0.0000000000000e+00   0  1  0  0  0  3
  175 -8.7774973049387e+02 -5.3310928874771e+02  0.0000000000000e+00  0.0000000000000e+00  1.3313548895221e+03  0.0000000000000e+00   0  0  4  0  0  0
  176 -1.8162150686315e+03  6.3039559766782e+02  0.0000000000000e+00  0.0000000000000e+00  2.3684709877965e+01  0.0000000000000e+00   0  0  3  1  0  0
  177  0.0000000000000e+00  0.0000000000000e+00  0.0000000000000e+00  0.0000000000000e+00 -0.0000000000000e+00  0.0000000000000e+00   0  0  3  0  1  0
  178  0.0000000000000e+00  0.0000000000000e+00 -8.3790429887381e+02  4.7113128176161e+02 -0.0000000000000e+00  0.0000000000000e+00   0  0  3  0  0  1
  179 -1.4456584952326e+03  8.1235572951069e+02  0.0000000000000e+00  0.0000000000000e+00  5.5706380803309e+02  0.0000000000000e+00   0  0  2  2  0  0
  180  0.0000000000000e+00  0.0000000000000e+00  0.0000000000000e+00  0.0000000000000e+00 -0.0000000000000e+00  0.0000000000000e+00   0  0  2  1  1  0
  181  0.0000000000000e+00  0.0000000000000e+00  8.0004219387102e+02  1.8886607646379e+02 -0.0000000000000e+00  0.0000000000000e+00   0  0  2  1  0  1
  182  0.0000000000000e+00  0.0000000000000e+00  0.0000000000000e+00  0.0000000000000e+00 -0.0000000000000e+00  0.0000000000000e+00   0  0  2  0  2  0
  183  0.0000000000000e+00  0.0000000000000e+00  0.0000000000000e+00  0.0000000000000e+00 -0.0000000000000e+00  0.0000000000000e+00   0  0  2  0  1  1
  184  1.1132348320242e+02  5.3399061085896e+01  0.0000000000000e+00  0.0000000000000e+00  9.6695546392802e+01  0.0000000000000e+00   0  0  2  0  0  2
  185  2.5187933293733e+02  4.2412205058440e+01  0.0000000000000e+00  0.0000000000000e+00 -1.5187889362786e+01  0.0000000000000e+00   0  0  1  3  0  0
  186  0.0000000000000e+00  0.0000000000000e+00  0.0000000000000e+00  0.0000000000000e+00 -0.0000000000000e+00  0.0000000000000e+00   0  0  1  2  1  0
  187  0.0000000000000e+00  0.0000000000000e+00 -4.2367308213726e+02 -4.8101877639219e+01 -0.0000000000000e+00  0.0000000000000e+00   0  0  1  2  0  1
  188  0.0000000000000e+00  0.0000000000000e+00  0.0000000000000e+00  0.0000000000000e+00 -0.0000000000000e+00  0.0000000000000e+00   0  0  1  1  2  0
  189  0.0000000000000e+00  0.0000000000000e+00  0.0000000000000e+00  0.0000000000000e+00 -0.0000000000000e+00  0.0000000000000e+00   0  0  1  1  1  1
  190 -1.3937018802689e+02 -9.3415844261064e+01  0.0000000000000e+00  0.0000000000000e+00 -8.7158270739789e+01  0.0000000000000e+00   0  0  1  1  0  2
  191  0.0000000000000e+00  0.0000000000000e+00  0.0000000000000e+00  0.0000000000000e+00 -0.0000000000000e+00  0.0000000000000e+00   0  0  1  0  3  0
  192  0.0000000000000e+00  0.0000000000000e+00  0.0000000000000e+00  0.0000000000000e+00 -0.0000000000000e+00  0.0000000000000e+00   0  0  1  0  2  1
  193  0.0000000000000e+00  0.0000000000000e+00  0.0000000000000e+00  0.0000000000000e+00 -0.0000000000000e+00  0.0000000000000e+00   0  0  1  0  1  2
  194  0.0000000000000e+00  0.0000000000000e+00 -1.5491639097539e+01  2.5273345425256e+01 -0.0000000000000e+00  0.0000000000000e+00   0  0  1  0  0  3
  195  7.2291970183748e+01  7.0034315102603e+01  0.0000000000000e+00  0.0000000000000e+00  4.9534338569219e+01  0.0000000000000e+00   0  0  0  4  0  0
  196  0.0000000000000e+00  0.0000000000000e+00  0.0000000000000e+00  0.0000000000000e+00 -0.0000000000000e+00  0.0000000000000e+00   0  0  0  3  1  0
  197  0.0000000000000e+00  0.0000000000000e+00  4.6112292642097e+01 -9.6591736083007e+01 -0.0000000000000e+00  0.0000000000000e+00   0  0  0  3  0  1
  198  0.0000000000000e+00  0.0000000000000e+00  0.0000000000000e+00  0.0000000000000e+00 -0.0000000000000e+00  0.0000000000000e+00   0  0  0  2  2  0
  199  0.0000000000000e+00  0.0000000000000e+00  0.0000000000000e+00  0.0000000000000e+00 -0.0000000000000e+00  0.0000000000000e+00   0  0  0  2  1  1
  200  4.8609260907717e+01  1.1819425065140e+02  0.0000000000000e+00  0.0000000000000e+00  1.5526397096855e+02  0.0000000000000e+00   0  0  0  2  0  2
  201  0.0000000000000e+00  0.0000000000000e+00  0.0000000000000e+00  0.0000000000000e+00 -0.0000000000000e+00  0.0000000000000e+00   0  0  0  1  3  0
  202  0.0000000000000e+00  0.0000000000000e+00  0.0000000000000e+00  0.0000000000000e+00 -0.0000000000000e+00  0.0000000000000e+00   0  0  0  1  2  1
  203  0.0000000000000e+00  0.0000000000000e+00  0.0000000000000e+00  0.0000000000000e+00 -0.0000000000000e+00  0.0000000000000e+00   0  0  0  1  1  2
  204  0.0000000000000e+00  0.0000000000000e+00 -1.1047286682535e+01 -4.0966448545417e+01 -0.0000000000000e+00  0.0000000000000e+00   0  0  0  1  0  3
  205  0.0000000000000e+00  0.0000000000000e+00  0.0000000000000e+00  0.0000000000000e+00 -0.0000000000000e+00  0.0000000000000e+00   0  0  0  0  4  0
  206  0.0000000000000e+00  0.0000000000000e+00  0.0000000000000e+00  0.0000000000000e+00 -0.0000000000000e+00  0.0000000000000e+00   0  0  0  0  3  1
  207  0.0000000000000e+00  0.0000000000000e+00  0.0000000000000e+00  0.0000000000000e+00 -0.0000000000000e+00  0.0000000000000e+00   0  0  0  0  2  2
  208  0.0000000000000e+00  0.0000000000000e+00  0.0000000000000e+00  0.0000000000000e+00 -0.0000000000000e+00  0.0000000000000e+00   0  0  0  0  1  3
  209 -3.4154131349125e+00 -9.9438976459787e-01  0.0000000000000e+00  0.0000000000000e+00 -1.1122968409804e+00  0.0000000000000e+00   0  0  0  0  0  4
