ZMap : order = 7 dimension = 4

    1 0.000000e+00 0.000000e+00 0.000000e+00 0.000000e+00   0  0  0  0
    2 5.000000e+00 0.000000e+00 0.000000e+00 0.000000e+00   1  0  0  0
    3 0.000000e+00 5.000000e+00 0.000000e+00 0.000000e+00   0  1  0  0
    4 0.000000e+00 0.000000e+00 5.000000e+00 0.000000e+00   0  0  1  0
    5 0.000000e+00 0.000000e+00 0.000000e+00 5.000000e+00   0  0  0  1
    6 -7.500000e+02 -1.000000e+03 -1.250000e+03 -1.500000e+03   2  0  0  0
    7 -8.750000e+02 -1.125000e+03 -1.375000e+03 -1.625000e+03   1  1  0  0
    8 -1.000000e+03 -1.250000e+03 -1.500000e+03 -1.750000e+03   1  0  1  0
    9 -1.125000e+03 -1.375000e+03 -1.625000e+03 -1.875000e+03   1  0  0  1
   10 -1.250000e+03 -1.500000e+03 -1.750000e+03 -2.000000e+03   0  2  0  0
   11 -1.375000e+03 -1.625000e+03 -1.875000e+03 -2.125000e+03   0  1  1  0
   12 -1.500000e+03 -1.750000e+03 -2.000000e+03 -2.250000e+03   0  1  0  1
   13 -1.625000e+03 -1.875000e+03 -2.125000e+03 -2.375000e+03   0  0  2  0
   14 -1.750000e+03 -2.000000e+03 -2.250000e+03 -2.500000e+03   0  0  1  1
   15 -1.875000e+03 -2.125000e+03 -2.375000e+03 -2.625000e+03   0  0  0  2
   16 9.775000e+05 1.238750e+06 1.500000e+06 1.761250e+06   3  0  0  0
   17 2.514375e+06 3.081875e+06 3.649375e+06 4.216875e+06   2  1  0  0
   18 2.963750e+06 3.575000e+06 4.186250e+06 4.797500e+06   2  0  1  0
   19 3.344375e+06 3.999375e+06 4.654375e+06 5.309375e+06   2  0  0  1
   20 3.006250e+06 3.698750e+06 4.391250e+06 5.083750e+06   1  2  0  0
   21 5.221250e+06 6.295000e+06 7.368750e+06 8.442500e+06   1  1  1  0
   22 5.776875e+06 6.925625e+06 8.074375e+06 9.223125e+06   1  1  0  1
   23 3.891875e+06 4.721875e+06 5.551875e+06 6.381875e+06   1  0  2  0
   24 6.625625e+06 7.880625e+06 9.135625e+06 1.039062e+07   1  0  1  1
   25 4.625000e+06 5.561250e+06 6.497500e+06 7.433750e+06   1  0  0  2
   26 2.033750e+06 2.432500e+06 2.831250e+06 3.230000e+06   0  3  0  0
   27 4.689375e+06 5.531875e+06 6.374375e+06 7.216875e+06   0  2  1  0
   28 5.188750e+06 6.075000e+06 6.961250e+06 7.847500e+06   0  2  0  1
   29 5.185000e+06 6.121250e+06 7.057500e+06 7.993750e+06   0  1  2  0
   30 8.571875e+06 1.002688e+07 1.148188e+07 1.293688e+07   0  1  1  1
   31 6.061875e+06 7.104375e+06 8.146875e+06 9.189375e+06   0  1  0  2
   32 3.033125e+06 3.538125e+06 4.043125e+06 4.548125e+06   0  0  3  0
   33 6.670000e+06 7.725000e+06 8.780000e+06 9.835000e+06   0  0  2  1
   34 7.056875e+06 8.174375e+06 9.291875e+06 1.040938e+07   0  0  1  2
   35 3.837500e+06 4.417500e+06 4.997500e+06 5.577500e+06   0  0  0  3
   36 -1.934988e+09 -2.384369e+09 -2.833750e+09 -3.283131e+09   4  0  0  0
   37 -6.311834e+09 -7.727622e+09 -9.143409e+09 -1.055920e+10   3  1  0  0
   38 -7.318712e+09 -8.900906e+09 -1.048310e+10 -1.206529e+10   3  0  1  0
   39 -8.177684e+09 -9.909097e+09 -1.164051e+10 -1.337192e+10   3  0  0  1
   40 -1.077175e+10 -1.307922e+10 -1.538670e+10 -1.769418e+10   2  2  0  0
   41 -2.029347e+10 -2.446726e+10 -2.864105e+10 -3.281483e+10   2  1  1  0
   42 -2.249969e+10 -2.703261e+10 -3.156552e+10 -3.609843e+10   2  1  0  1
   43 -1.409751e+10 -1.694211e+10 -1.978671e+10 -2.263131e+10   2  0  2  0
   44 -2.596658e+10 -3.100139e+10 -3.603621e+10 -4.107103e+10   2  0  1  1
   45 -1.697242e+10 -2.026902e+10 -2.356562e+10 -2.686222e+10   2  0  0  2
   46 -9.715284e+09 -1.174254e+10 -1.376980e+10 -1.579705e+10   1  3  0  0
   47 -2.508533e+10 -3.010200e+10 -3.511866e+10 -4.013532e+10   1  2  1  0
   48 -2.769785e+10 -3.312364e+10 -3.854943e+10 -4.397522e+10   1  2  0  1
   49 -2.829845e+10 -3.385192e+10 -3.940540e+10 -4.495888e+10   1  1  2  0
   50 -5.249250e+10 -6.242629e+10 -7.236008e+10 -8.229386e+10   1  1  1  1
   51 -3.371230e+10 -4.010643e+10 -4.650056e+10 -5.289469e+10   1  1  0  2
   52 -1.432551e+10 -1.708832e+10 -1.985114e+10 -2.261396e+10   1  0  3  0
   53 -3.594924e+10 -4.261812e+10 -4.928701e+10 -5.595589e+10   1  0  2  1
   54 -3.879498e+10 -4.589774e+10 -5.300049e+10 -6.010325e+10   1  0  1  2
   55 -1.844669e+10 -2.182994e+10 -2.521320e+10 -2.859646e+10   1  0  0  3
   56 -4.782706e+09 -5.693962e+09 -6.605219e+09 -7.516475e+09   0  4  0  0
   57 -1.469229e+10 -1.739432e+10 -2.009636e+10 -2.279840e+10   0  3  1  0
   58 -1.617209e+10 -1.907459e+10 -2.197710e+10 -2.487961e+10   0  3  0  1
   59 -2.269490e+10 -2.678107e+10 -3.086723e+10 -3.495339e+10   0  2  2  0
   60 -4.128411e+10 -4.848143e+10 -5.567875e+10 -6.287607e+10   0  2  1  1
   61 -2.685371e+10 -3.150874e+10 -3.616378e+10 -4.081882e+10   0  2  0  2
   62 -1.871876e+10 -2.202198e+10 -2.532521e+10 -2.862843e+10   0  1  3  0
   63 -4.649646e+10 -5.446388e+10 -6.243129e+10 -7.039870e+10   0  1  2  1
   64 -4.998661e+10 -5.845039e+10 -6.691418e+10 -7.537797e+10   0  1  1  2
   65 -2.376438e+10 -2.775179e+10 -3.173920e+10 -3.572661e+10   0  1  0  3
   66 -7.982534e+09 -9.341322e+09 -1.070011e+10 -1.205890e+10   0  0  4  0
   67 -2.380791e+10 -2.772970e+10 -3.165149e+10 -3.557328e+10   0  0  3  1
   68 -3.495954e+10 -4.065933e+10 -4.635912e+10 -5.205890e+10   0  0  2  2
   69 -2.747326e+10 -3.188424e+10 -3.629521e+10 -4.070619e+10   0  0  1  3
   70 -1.086494e+10 -1.258957e+10 -1.431420e+10 -1.603883e+10   0  0  0  4
   71 4.069038e+12 4.996287e+12 5.923536e+12 6.850785e+12   5  0  0  0
   72 1.700777e+13 2.075215e+13 2.449653e+13 2.824091e+13   4  1  0  0
   73 1.968932e+13 2.390738e+13 2.812544e+13 3.234350e+13   4  0  1  0
   74 2.196507e+13 2.659930e+13 3.123354e+13 3.586778e+13   4  0  0  1
   75 3.568139e+13 4.333783e+13 5.099427e+13 5.865072e+13   3  2  0  0
   76 7.084115e+13 8.560664e+13 1.003721e+14 1.151376e+14   3  1  1  0
   77 7.856969e+13 9.471138e+13 1.108531e+14 1.269948e+14   3  1  0  1
   78 4.680962e+13 5.642033e+13 6.603105e+13 7.564177e+13   3  0  2  0
   79 9.056595e+13 1.086944e+14 1.268229e+14 1.449514e+14   3  0  1  1
   80 5.668244e+13 6.800726e+13 7.933207e+13 9.065688e+13   3  0  0  2
   81 4.444075e+13 5.367550e+13 6.291025e+13 7.214500e+13   2  3  0  0
   82 1.213697e+14 1.458924e+14 1.704151e+14 1.949379e+14   2  2  1  0
   83 1.341745e+14 1.608882e+14 1.876019e+14 2.143156e+14   2  2  0  1
   84 1.376679e+14 1.650172e+14 1.923665e+14 2.197158e+14   2  1  2  0
   85 2.666041e+14 3.183985e+14 3.701930e+14 4.219874e+14   2  1  1  1
   86 1.653770e+14 1.973873e+14 2.293976e+14 2.614079e+14   2  1  0  2
   87 6.594431e+13 7.883136e+13 9.171840e+13 1.046054e+14   2  0  3  0
   88 1.752119e+14 2.086177e+14 2.420235e+14 2.754293e+14   2  0  2  1
   89 1.904099e+14 2.263078e+14 2.622056e+14 2.981035e+14   2  0  1  2
   90 8.590771e+13 1.020698e+14 1.182319e+14 1.343940e+14   2  0  0  3
   91 3.260129e+13 3.918055e+13 4.575981e+13 5.233907e+13   1  4  0  0
   92 1.100799e+14 1.316743e+14 1.532687e+14 1.748632e+14   1  3  1  0
   93 1.213200e+14 1.447658e+14 1.682117e+14 1.916576e+14   1  3  0  1
   94 1.718972e+14 2.050481e+14 2.381991e+14 2.713501e+14   1  2  2  0
   95 3.320029e+14 3.946268e+14 4.572507e+14 5.198746e+14   1  2  1  1
   96 2.053651e+14 2.439488e+14 2.825326e+14 3.211164e+14   1  2  0  2
   97 1.411496e+14 1.679470e+14 1.947445e+14 2.215420e+14   1  1  3  0
   98 3.761494e+14 4.459377e+14 5.157261e+14 5.855144e+14   1  1  2  1
   99 4.077587e+14 4.826012e+14 5.574438e+14 6.322863e+14   1  1  1  2
  100 1.820026e+14 2.153284e+14 2.486543e+14 2.819801e+14   1  1  0  3
  101 5.445848e+13 6.464161e+13 7.482474e+13 8.500788e+13   1  0  4  0
  102 1.789240e+14 2.115121e+14 2.441001e+14 2.766882e+14   1  0  3  1
  103 2.676655e+14 3.158401e+14 3.640146e+14 4.121891e+14   1  0  2  2
  104 2.093871e+14 2.467275e+14 2.840679e+14 3.214083e+14   1  0  1  3
  105 7.567941e+13 8.916574e+13 1.026521e+14 1.161384e+14   1  0  0  4
  106 1.251563e+13 1.488482e+13 1.725402e+13 1.962322e+13   0  5  0  0
  107 4.893109e+13 5.796265e+13 6.699420e+13 7.602576e+13   0  4  1  0
  108 5.381247e+13 6.357831e+13 7.334415e+13 8.310999e+13   0  4  0  1
  109 9.433482e+13 1.114637e+14 1.285926e+14 1.457215e+14   0  3  2  0
  110 1.802363e+14 2.122836e+14 2.443310e+14 2.763783e+14   0  3  1  1
  111 1.120892e+14 1.318788e+14 1.516684e+14 1.714580e+14   0  3  0  2
  112 1.067484e+14 1.258034e+14 1.448584e+14 1.639134e+14   0  2  3  0
  113 2.811351e+14 3.302926e+14 3.794501e+14 4.286076e+14   0  2  2  1
  114 3.038924e+14 3.564513e+14 4.090101e+14 4.615690e+14   0  2  1  2
  115 1.365467e+14 1.600016e+14 1.834566e+14 2.069115e+14   0  2  0  3
  116 7.075880e+13 8.318736e+13 9.561592e+13 1.080445e+14   0  1  4  0
  117 2.308816e+14 2.705765e+14 3.102713e+14 3.499662e+14   0  1  3  1
  118 3.442539e+14 4.027887e+14 4.613235e+14 5.198583e+14   0  1  2  2
  119 2.686175e+14 3.138505e+14 3.590835e+14 4.043165e+14   0  1  1  3
  120 9.703682e+13 1.132793e+14 1.295218e+14 1.457643e+14   0  1  0  4
  121 2.367725e+13 2.773009e+13 3.178292e+13 3.583575e+13   0  0  5  0
  122 8.976356e+13 1.047945e+14 1.198255e+14 1.348565e+14   0  0  4  1
  123 1.657069e+14 1.931337e+14 2.205606e+14 2.479874e+14   0  0  3  2
  124 1.784211e+14 2.076490e+14 2.368769e+14 2.661047e+14   0  0  2  3
  125 1.119866e+14 1.301649e+14 1.483432e+14 1.665215e+14   0  0  1  4
  126 3.483782e+13 4.044422e+13 4.605063e+13 5.165703e+13   0  0  0  5
  127 -9.240576e+15 -1.131198e+16 -1.338338e+16 -1.545479e+16   6  0  0  0
  128 -4.662197e+16 -5.681595e+16 -6.700993e+16 -7.720391e+16   5  1  0  0
  129 -5.389538e+16 -6.543665e+16 -7.697793e+16 -8.851920e+16   5  0  1  0
  130 -6.006054e+16 -7.277263e+16 -8.548472e+16 -9.819681e+16   5  0  0  1
  131 -1.178256e+17 -1.430140e+17 -1.682024e+17 -1.933909e+17   4  2  0  0
  132 -2.410377e+17 -2.914521e+17 -3.418665e+17 -3.922808e+17   4  1  1  0
  133 -2.674300e+17 -3.227371e+17 -3.780442e+17 -4.333513e+17   4  1  0  1
  134 -1.549169e+17 -1.868721e+17 -2.188272e+17 -2.507823e+17   4  0  2  0
  135 -3.082370e+17 -3.706989e+17 -4.331608e+17 -4.956227e+17   4  0  1  1
  136 -1.882842e+17 -2.262939e+17 -2.643036e+17 -3.023133e+17   4  0  0  2
  137 -1.822631e+17 -2.203666e+17 -2.584702e+17 -2.965737e+17   3  3  0  0
  138 -5.178380e+17 -6.237749e+17 -7.297118e+17 -8.356487e+17   3  2  1  0
  139 -5.728618e+17 -6.887457e+17 -8.046297e+17 -9.205136e+17   3  2  0  1
  140 -5.892141e+17 -7.079959e+17 -8.267778e+17 -9.455596e+17   3  1  2  0
  141 -1.172905e+18 -1.405505e+18 -1.638105e+18 -1.870704e+18   3  1  1  1
  142 -7.113974e+17 -8.518730e+17 -9.923486e+17 -1.132824e+18   3  1  0  2
  143 -2.713365e+17 -3.253457e+17 -3.793549e+17 -4.333640e+17   3  0  3  0
  144 -7.501160e+17 -8.966622e+17 -1.043208e+18 -1.189755e+18   3  0  2  1
  145 -8.187257e+17 -9.771728e+17 -1.135620e+18 -1.294067e+18   3  0  1  2
  146 -3.562841e+17 -4.250944e+17 -4.939048e+17 -5.627151e+17   3  0  0  3
  147 -1.819897e+17 -2.190675e+17 -2.561452e+17 -2.932230e+17   2  4  0  0
  148 -6.457686e+17 -7.745702e+17 -9.033717e+17 -1.032173e+18   2  3  1  0
  149 -7.126253e+17 -8.531459e+17 -9.936666e+17 -1.134187e+18   2  3  0  1
  150 -1.020258e+18 -1.220764e+18 -1.421271e+18 -1.621777e+18   2  2  2  0
  151 -2.026979e+18 -2.419075e+18 -2.811170e+18 -3.203265e+18   2  2  1  1
  152 -1.225971e+18 -1.461965e+18 -1.697959e+18 -1.933953e+18   2  2  0  2
  153 -8.322524e+17 -9.936763e+17 -1.155100e+18 -1.316524e+18   2  1  3  0
  154 -2.303759e+18 -2.743001e+18 -3.182242e+18 -3.621483e+18   2  1  2  1
  155 -2.508561e+18 -2.982510e+18 -3.456459e+18 -3.930408e+18   2  1  1  2
  156 -1.083650e+18 -1.287781e+18 -1.491912e+18 -1.696044e+18   2  1  0  3
  157 -3.058895e+17 -3.644549e+17 -4.230202e+17 -4.815856e+17   2  0  4  0
  158 -1.056275e+18 -1.254702e+18 -1.453129e+18 -1.651556e+18   2  0  3  1
  159 -1.602713e+18 -1.900631e+18 -2.198550e+18 -2.496469e+18   2  0  2  2
  160 -1.246500e+18 -1.476544e+18 -1.706588e+18 -1.936632e+18   2  0  1  3
  161 -4.307506e+17 -5.101031e+17 -5.894557e+17 -6.688082e+17   2  0  0  4
  162 -1.115549e+17 -1.336609e+17 -1.557669e+17 -1.778729e+17   1  5  0  0
  163 -4.672211e+17 -5.578733e+17 -6.485255e+17 -7.391778e+17   1  4  1  0
  164 -5.144697e+17 -6.131200e+17 -7.117704e+17 -8.104207e+17   1  4  0  1
  165 -9.226065e+17 -1.099001e+18 -1.275395e+18 -1.451790e+18   1  3  2  0
  166 -1.827261e+18 -2.171156e+18 -2.515052e+18 -2.858948e+18   1  3  1  1
  167 -1.103796e+18 -1.310441e+18 -1.517087e+18 -1.723732e+18   1  3  0  2
  168 -1.045038e+18 -1.242218e+18 -1.439398e+18 -1.636578e+18   1  2  3  0
  169 -2.885794e+18 -3.421262e+18 -3.956729e+18 -4.492197e+18   1  2  2  1
  170 -3.136040e+18 -3.712657e+18 -4.289274e+18 -4.865891e+18   1  2  1  2
  171 -1.351876e+18 -1.599570e+18 -1.847263e+18 -2.094957e+18   1  2  0  3
  172 -6.796712e+17 -8.063348e+17 -9.329985e+17 -1.059662e+18   1  1  4  0
  173 -2.350636e+18 -2.780972e+18 -3.211308e+18 -3.641644e+18   1  1  3  1
  174 -3.562582e+18 -4.208189e+18 -4.853795e+18 -5.499402e+18   1  1  2  2
  175 -2.761886e+18 -3.258845e+18 -3.755805e+18 -4.252765e+18   1  1  1  3
  176 -9.474397e+17 -1.117513e+18 -1.287587e+18 -1.457661e+18   1  1  0  4
  177 -2.113501e+17 -2.502027e+17 -2.890554e+17 -3.279080e+17   1  0  5  0
  178 -8.606503e+17 -1.015856e+18 -1.171061e+18 -1.326266e+18   1  0  4  1
  179 -1.633313e+18 -1.924550e+18 -2.215788e+18 -2.507025e+18   1  0  3  2
  180 -1.766257e+18 -2.078596e+18 -2.390935e+18 -2.703275e+18   1  0  2  3
  181 -1.089845e+18 -1.281415e+18 -1.472984e+18 -1.664554e+18   1  0  1  4
  182 -3.172795e+17 -3.729366e+17 -4.285937e+17 -4.842507e+17   1  0  0  5
  183 -3.525600e+16 -4.190471e+16 -4.855341e+16 -5.520212e+16   0  6  0  0
  184 -1.667191e+17 -1.975627e+17 -2.284064e+17 -2.592500e+17   0  5  1  0
  185 -1.832517e+17 -2.167191e+17 -2.501864e+17 -2.836538e+17   0  5  0  1
  186 -3.882082e+17 -4.590196e+17 -5.298309e+17 -6.006422e+17   0  4  2  0
  187 -7.632036e+17 -9.002786e+17 -1.037354e+18 -1.174429e+18   0  4  1  1
  188 -4.625387e+17 -5.450372e+17 -6.275358e+17 -7.100343e+17   0  4  0  2
  189 -5.493551e+17 -6.482450e+17 -7.471349e+17 -8.460248e+17   0  3  3  0
  190 -1.504126e+18 -1.770664e+18 -2.037202e+18 -2.303740e+18   0  3  2  1
  191 -1.630921e+18 -1.917227e+18 -2.203533e+18 -2.489838e+18   0  3  1  2
  192 -7.060858e+17 -8.293314e+17 -9.525770e+17 -1.075823e+18   0  3  0  3
  193 -4.968207e+17 -5.850727e+17 -6.733247e+17 -7.615767e+17   0  2  4  0
  194 -1.703331e+18 -2.001072e+18 -2.298814e+18 -2.596555e+18   0  2  3  1
  195 -2.572258e+18 -3.017480e+18 -3.462701e+18 -3.907922e+18   0  2  2  2
  196 -1.992676e+18 -2.334894e+18 -2.677112e+18 -3.019330e+18   0  2  1  3
  197 -6.864969e+17 -8.037927e+17 -9.210884e+17 -1.038384e+18   0  2  0  4
  198 -2.737775e+17 -3.217334e+17 -3.696893e+17 -4.176452e+17   0  1  5  0
  199 -1.109219e+18 -1.300357e+18 -1.491495e+18 -1.682633e+18   0  1  4  1
  200 -2.098624e+18 -2.456556e+18 -2.814488e+18 -3.172420e+18   0  1  3  2
  201 -2.264313e+18 -2.647321e+18 -3.030329e+18 -3.413337e+18   0  1  2  3
  202 -1.394833e+18 -1.629151e+18 -1.863469e+18 -2.097787e+18   0  1  1  4
  203 -4.057930e+17 -4.736127e+17 -5.414324e+17 -6.092521e+17   0  1  0  5
  204 -7.558214e+16 -8.856248e+16 -1.015428e+17 -1.145232e+17   0  0  6  0
  205 -3.468040e+17 -4.053681e+17 -4.639322e+17 -5.224963e+17   0  0  5  1
  206 -7.750159e+17 -9.045274e+17 -1.034039e+18 -1.163550e+18   0  0  4  2
  207 -1.047222e+18 -1.220684e+18 -1.394146e+18 -1.567608e+18   0  0  3  3
  208 -8.990830e+17 -1.046887e+18 -1.194690e+18 -1.342494e+18   0  0  2  4
  209 -4.678665e+17 -5.442382e+17 -6.206099e+17 -6.969816e+17   0  0  1  5
  210 -1.201829e+17 -1.396738e+17 -1.591648e+17 -1.786557e+17   0  0  0  6
  211 2.197109e+19 2.684942e+19 3.172776e+19 3.660609e+19   7  0  0  0
  212 1.300456e+20 1.583333e+20 1.866210e+20 2.149087e+20   6  1  0  0
  213 1.502180e+20 1.823441e+20 2.144702e+20 2.465963e+20   6  0  1  0
  214 1.672970e+20 2.027375e+20 2.381779e+20 2.736184e+20   6  0  0  1
  215 3.840516e+20 4.660577e+20 5.480638e+20 6.300699e+20   5  2  0  0
  216 8.015470e+20 9.697117e+20 1.137877e+21 1.306041e+21   5  1  1  0
  217 8.894852e+20 1.074388e+21 1.259290e+21 1.444192e+21   5  1  0  1
  218 5.056165e+20 6.104065e+20 7.151964e+20 8.199864e+20   5  0  2  0
  219 1.025017e+21 1.234585e+21 1.444153e+21 1.653721e+21   5  0  1  1
  220 6.160232e+20 7.414473e+20 8.668714e+20 9.922955e+20   5  0  0  2
  221 7.103658e+20 8.592253e+20 1.008085e+21 1.156944e+21   4  3  0  0
  222 2.075187e+21 2.502497e+21 2.929807e+21 3.357117e+21   4  2  1  0
  223 2.296988e+21 2.765657e+21 3.234326e+21 3.702995e+21   4  2  0  1
  224 2.366026e+21 2.847017e+21 3.328007e+21 3.808998e+21   4  1  2  0
  225 4.795802e+21 5.758374e+21 6.720947e+21 7.683519e+21   4  1  1  1
  226 2.866534e+21 3.439322e+21 4.012110e+21 4.584898e+21   4  1  0  2
  227 1.060723e+21 1.273996e+21 1.487268e+21 1.700541e+21   4  0  3  0
  228 3.013851e+21 3.611024e+21 4.208198e+21 4.805371e+21   4  0  2  1
  229 3.298949e+21 3.947369e+21 4.595789e+21 5.244209e+21   4  0  1  2
  230 1.400916e+21 1.675592e+21 1.950268e+21 2.224944e+21   4  0  0  3
  231 8.821140e+20 1.063376e+21 1.244637e+21 1.425899e+21   3  4  0  0
  232 3.243352e+21 3.898344e+21 4.553335e+21 5.208327e+21   3  3  1  0
  233 3.582200e+21 4.298989e+21 5.015779e+21 5.732569e+21   3  3  0  1
  234 5.175208e+21 6.206941e+21 7.238674e+21 8.270407e+21   3  2  2  0
  235 1.047667e+22 1.253956e+22 1.460244e+22 1.666532e+22   3  2  1  1
  236 6.243292e+21 7.466842e+21 8.690392e+21 9.913943e+21   3  2  0  2
  237 4.194982e+21 5.021914e+21 5.848845e+21 6.675777e+21   3  1  3  0
  238 1.193183e+22 1.425175e+22 1.657167e+22 1.889158e+22   3  1  2  1
  239 1.303279e+22 1.554703e+22 1.806126e+22 2.057550e+22   3  1  1  2
  240 5.500441e+21 6.558525e+21 7.616609e+21 8.674693e+21   3  1  0  3
  241 1.489038e+21 1.779473e+21 2.069908e+21 2.360343e+21   3  0  4  0
  242 5.327653e+21 6.351144e+21 7.374635e+21 8.398126e+21   3  0  3  1
  243 8.176769e+21 9.733177e+21 1.128959e+22 1.284599e+22   3  0  2  2
  244 6.325465e+21 7.522303e+21 8.719140e+21 9.915978e+21   3  0  1  3
  245 2.117221e+21 2.517132e+21 2.917042e+21 3.316953e+21   3  0  0  4
  246 7.372787e+20 8.854362e+20 1.033594e+21 1.181751e+21   2  5  0  0
  247 3.220544e+21 3.856775e+21 4.493006e+21 5.129238e+21   2  4  1  0
  248 3.550269e+21 4.245080e+21 4.939890e+21 5.634700e+21   2  4  0  1
  249 6.468241e+21 7.729772e+21 8.991303e+21 1.025283e+22   2  3  2  0
  250 1.306676e+22 1.558431e+22 1.810187e+22 2.061942e+22   2  3  1  1
  251 7.773748e+21 9.263963e+21 1.075418e+22 1.224439e+22   2  3  0  2
  252 7.338296e+21 8.753331e+21 1.016837e+22 1.158340e+22   2  2  3  0
  253 2.084398e+22 2.481032e+22 2.877666e+22 3.274301e+22   2  2  2  1
  254 2.272656e+22 2.701760e+22 3.130864e+22 3.559968e+22   2  2  1  2
  255 9.566917e+21 1.136720e+22 1.316749e+22 1.496778e+22   2  2  0  3
  256 4.709982e+21 5.608590e+21 6.507198e+21 7.405806e+21   2  1  4  0
  257 1.687187e+22 2.004549e+22 2.321910e+22 2.639272e+22   2  1  3  1
  258 2.586916e+22 3.069217e+22 3.551518e+22 4.033819e+22   2  1  2  2
  259 1.995430e+22 2.365237e+22 2.735044e+22 3.104851e+22   2  1  1  3
  260 6.639176e+21 7.866725e+21 9.094274e+21 1.032182e+22   2  1  0  4
  261 1.404726e+21 1.669772e+21 1.934819e+21 2.199865e+21   2  0  5  0
  262 5.968901e+21 7.078116e+21 8.187330e+21 9.296545e+21   2  0  4  1
  263 1.154075e+22 1.366444e+22 1.578812e+22 1.791180e+22   2  0  3  2
  264 1.251998e+22 1.480747e+22 1.709497e+22 1.938246e+22   2  0  2  3
  265 7.633778e+21 9.021602e+21 1.040943e+22 1.179725e+22   2  0  1  4
  266 2.138511e+21 2.526579e+21 2.914647e+21 3.302716e+21   2  0  0  5
  267 3.877143e+20 4.636691e+20 5.396238e+20 6.155786e+20   1  6  0  0
  268 1.938085e+21 2.311438e+21 2.684791e+21 3.058143e+21   1  5  1  0
  269 2.132798e+21 2.539693e+21 2.946587e+21 3.353481e+21   1  5  0  1
  270 4.626656e+21 5.506673e+21 6.386690e+21 7.266707e+21   1  4  2  0
  271 9.318784e+21 1.106973e+22 1.282067e+22 1.457161e+22   1  4  1  1
  272 5.541041e+21 6.576555e+21 7.612068e+21 8.647582e+21   1  4  0  2
  273 6.607333e+21 7.849924e+21 9.092515e+21 1.033511e+22   1  3  3  0
  274 1.871255e+22 2.218604e+22 2.565953e+22 2.913302e+22   1  3  2  1
  275 2.036786e+22 2.411902e+22 2.787018e+22 3.162133e+22   1  3  1  2
  276 8.568388e+21 1.014041e+22 1.171244e+22 1.328447e+22   1  3  0  3
  277 5.935689e+21 7.040110e+21 8.144531e+21 9.248952e+21   1  2  4  0
  278 2.121621e+22 2.511000e+22 2.900378e+22 3.289757e+22   1  2  3  1
  279 3.247265e+22 3.838038e+22 4.428811e+22 5.019584e+22   1  2  2  2
  280 2.500708e+22 2.952879e+22 3.405051e+22 3.857223e+22   1  2  1  3
  281 8.306784e+21 9.804449e+21 1.130211e+22 1.279978e+22   1  2  0  4
  282 3.198931e+21 3.787830e+21 4.376729e+21 4.965629e+21   1  1  5  0
  283 1.360189e+22 1.607028e+22 1.853867e+22 2.100705e+22   1  1  4  1
  284 2.628083e+22 3.100533e+22 3.572983e+22 4.045433e+22   1  1  3  2
  285 2.845977e+22 3.354020e+22 3.862062e+22 4.370105e+22   1  1  2  3
  286 1.730042e+22 2.037305e+22 2.344568e+22 2.651831e+22   1  1  1  4
  287 4.820636e+21 5.674742e+21 6.528848e+21 7.382954e+21   1  1  0  5
  288 8.330349e+20 9.845590e+20 1.136083e+21 1.287607e+21   1  0  6  0
  289 4.047787e+21 4.772962e+21 5.498136e+21 6.223311e+21   1  0  5  1
  290 9.301753e+21 1.095155e+22 1.260134e+22 1.425114e+22   1  0  4  2
  291 1.271419e+22 1.495177e+22 1.718935e+22 1.942692e+22   1  0  3  3
  292 1.087166e+22 1.277342e+22 1.467518e+22 1.657695e+22   1  0  2  4
  293 5.544593e+21 6.509993e+21 7.475392e+21 8.440792e+21   1  0  1  5
  294 1.351079e+21 1.585777e+21 1.820474e+21 2.055171e+21   1  0  0  6
  295 1.041790e+20 1.237800e+20 1.433811e+20 1.629822e+20   0  7  0  0
  296 5.779510e+20 6.850151e+20 7.920793e+20 8.991434e+20   0  6  1  0
  297 6.350674e+20 7.514891e+20 8.679108e+20 9.843325e+20   0  6  0  1
  298 1.577696e+21 1.866430e+21 2.155164e+21 2.443898e+21   0  5  2  0
  299 3.160666e+21 3.732081e+21 4.303496e+21 4.874911e+21   0  5  1  1
  300 1.883138e+21 2.221406e+21 2.559674e+21 2.897942e+21   0  5  0  2
  301 2.676742e+21 3.161150e+21 3.645558e+21 4.129966e+21   0  4  3  0
  302 7.530565e+21 8.876314e+21 1.022206e+22 1.156781e+22   0  4  2  1
  303 8.181977e+21 9.632297e+21 1.108262e+22 1.253294e+22   0  4  1  2
  304 3.453132e+21 4.062085e+21 4.671038e+21 5.279992e+21   0  4  0  3
  305 3.027725e+21 3.569732e+21 4.111740e+21 4.653748e+21   0  3  4  0
  306 1.074616e+22 1.264528e+22 1.454439e+22 1.644350e+22   0  3  3  1
  307 1.639612e+22 1.926884e+22 2.214156e+22 2.501428e+22   0  3  2  2
  308 1.262101e+22 1.481766e+22 1.701430e+22 1.921094e+22   0  3  1  3
  309 4.206916e+21 4.935848e+21 5.664780e+21 6.393713e+21   0  3  0  4
  310 2.286503e+21 2.691246e+21 3.095989e+21 3.500732e+21   0  2  5  0
  311 9.657404e+21 1.134469e+22 1.303197e+22 1.471925e+22   0  2  4  1
  312 1.859193e+22 2.181121e+22 2.503049e+22 2.824978e+22   0  2  3  2
  313 2.009789e+22 2.355319e+22 2.700848e+22 3.046378e+22   0  2  2  3
  314 1.221714e+22 1.430535e+22 1.639356e+22 1.848177e+22   0  2  1  4
  315 3.413999e+21 3.995046e+21 4.576093e+21 5.157140e+21   0  2  0  5
  316 1.077080e+21 1.265435e+21 1.453791e+21 1.642146e+21   0  1  6  0
  317 5.212559e+21 6.112035e+21 7.011512e+21 7.910988e+21   0  1  5  1
  318 1.194607e+22 1.398862e+22 1.603117e+22 1.807372e+22   0  1  4  2
  319 1.629442e+22 1.905966e+22 2.182490e+22 2.459014e+22   0  1  3  3
  320 1.391015e+22 1.625595e+22 1.860176e+22 2.094756e+22   0  1  2  4
  321 7.085204e+21 8.273526e+21 9.461849e+21 1.065017e+22   0  1  1  5
  322 1.725321e+21 2.013428e+21 2.301535e+21 2.589642e+21   0  1  0  6
  323 2.532092e+20 2.967847e+20 3.403602e+20 3.839357e+20   0  0  7  0
  324 1.363184e+21 1.594600e+21 1.826017e+21 2.057434e+21   0  0  6  1
  325 3.578274e+21 4.180063e+21 4.781852e+21 5.383642e+21   0  0  5  2
  326 5.808017e+21 6.777246e+21 7.746474e+21 8.715703e+21   0  0  4  3
  327 6.256530e+21 7.293604e+21 8.330677e+21 9.367751e+21   0  0  3  4
  328 4.477877e+21 5.215627e+21 5.953377e+21 6.691127e+21   0  0  2  5
  329 1.988085e+21 2.313775e+21 2.639464e+21 2.965153e+21   0  0  1  6
  330 4.351479e+20 5.060609e+20 5.769739e+20 6.478869e+20   0  0  0  7
