ZMap : order = 4 dimension = 4

    1  0.000000e+00  0.000000e+00  1.582832e-04 -1.415569e-10   0  0  0  0
    2  9.999999e-01 -5.365960e-06  0.000000e+00  0.000000e+00   1  0  0  0
    3  2.400052e-02  1.000000e+00  0.000000e+00  0.000000e+00   0  1  0  0
    4  0.000000e+00  0.000000e+00  1.000000e+00 -1.788653e-06   0  0  1  0
    5  0.000000e+00  0.000000e+00  2.400157e-02  1.000000e+00   0  0  0  1
    6  0.000000e+00  0.000000e+00  4.068386e-04 -1.697909e-09   2  0  0  0
    7  0.000000e+00  0.000000e+00  1.301855e-05  2.712139e-04   1  1  0  0
    8 -2.712140e-04 -4.851078e-10  0.000000e+00  0.000000e+00   1  0  1  0
    9 -1.301969e-05 -8.136773e-04  0.000000e+00  0.000000e+00   1  0  0  1
   10  0.000000e+00  0.000000e+00  7.924919e-05  3.254497e-06   0  2  0  0
   11  4.558027e-18  2.712140e-04  0.000000e+00  0.000000e+00   0  1  1  0
   12  1.581859e-04 -6.509843e-06  0.000000e+00  0.000000e+00   0  1  0  1
   13  0.000000e+00  0.000000e+00  1.356129e-04 -2.425644e-10   0  0  2  0
   14  0.000000e+00  0.000000e+00 -4.557432e-18 -2.712258e-04   0  0  1  1
   15  0.000000e+00  0.000000e+00  2.374454e-04 -3.255346e-06   0  0  0  2
   16 -2.206878e-07 -1.379224e-05  0.000000e+00  0.000000e+00   3  0  0  0
   17  2.676623e-06 -5.516944e-07  0.000000e+00  0.000000e+00   2  1  0  0
   18  0.000000e+00  0.000000e+00 -1.471228e-07 -7.662222e-06   2  0  1  0
   19  0.000000e+00  0.000000e+00  8.044932e-06 -2.574775e-07   2  0  0  1
   20 -5.374785e-08 -2.692512e-06  0.000000e+00  0.000000e+00   1  2  0  0
   21  0.000000e+00  0.000000e+00 -1.791085e-06 -2.206726e-07   1  1  1  0
   22  0.000000e+00  0.000000e+00  1.930770e-07  1.780492e-06   1  1  0  1
   23 -7.356102e-08 -7.662223e-06  0.000000e+00  0.000000e+00   1  0  2  0
   24 -1.787554e-06 -7.354582e-08  0.000000e+00  0.000000e+00   1  0  1  1
   25 -2.468355e-07 -8.048463e-06  0.000000e+00  0.000000e+00   1  0  0  2
   26  1.200078e-02 -5.371960e-08  0.000000e+00  0.000000e+00   0  3  0  0
   27  0.000000e+00  0.000000e+00 -1.073402e-08 -8.955426e-07   0  2  1  0
   28  0.000000e+00  0.000000e+00  1.200235e-02  1.067378e-08   0  2  0  1
   29  8.937771e-07 -3.678411e-08  0.000000e+00  0.000000e+00   0  1  2  0
   30 -2.146804e-08  1.787554e-06  0.000000e+00  0.000000e+00   0  1  1  1
   31  1.200235e-02 -1.395329e-07  0.000000e+00  0.000000e+00   0  1  0  2
   32  0.000000e+00  0.000000e+00 -2.399669e-12 -1.532471e-06   0  0  3  0
   33  0.000000e+00  0.000000e+00  2.683213e-06 -3.677931e-08   0  0  2  1
   34  0.000000e+00  0.000000e+00 -3.220626e-08 -2.683213e-06   0  0  1  2
   35  0.000000e+00  0.000000e+00  1.200391e-02 -7.513674e-08   0  0  0  3
   36  0.000000e+00  0.000000e+00 -7.980473e-11 -3.428968e-09   4  0  0  0
   37  0.000000e+00  0.000000e+00  7.245327e-10 -1.928593e-10   3  1  0  0
   38  7.315913e-11  3.740648e-09  0.000000e+00  0.000000e+00   3  0  1  0
   39 -3.636390e-09  1.995208e-10  0.000000e+00  0.000000e+00   3  0  0  1
   40  0.000000e+00  0.000000e+00 -5.388864e-12 -2.467300e-10   2  2  0  0
   41 -9.683421e-10  1.396597e-10  0.000000e+00  0.000000e+00   2  1  1  0
   42 -1.212225e-10 -3.630324e-09  0.000000e+00  0.000000e+00   2  1  0  1
   43  0.000000e+00  0.000000e+00 -1.329856e-11  6.233962e-10   2  0  2  0
   44  0.000000e+00  0.000000e+00 -2.909623e-09  1.463214e-10   2  0  1  1
   45  0.000000e+00  0.000000e+00 -1.266083e-10 -4.363890e-09   2  0  0  2
   46  0.000000e+00  0.000000e+00  6.509701e-06 -3.982459e-11   1  3  0  0
   47 -3.200545e-11 -9.692999e-10  0.000000e+00  0.000000e+00   1  2  1  0
   48 -1.301926e-05 -9.012744e-11  0.000000e+00  0.000000e+00   1  2  0  1
   49  0.000000e+00  0.000000e+00 -2.432028e-10 -1.994926e-11   1  1  2  0
   50  0.000000e+00  0.000000e+00 -9.508274e-11 -1.452874e-09   1  1  1  1
   51  0.000000e+00  0.000000e+00  1.269730e-09 -1.872215e-10   1  1  0  2
   52  6.650909e-12 -4.156276e-10  0.000000e+00  0.000000e+00   1  0  3  0
   53 -7.274164e-10  2.659973e-11  0.000000e+00  0.000000e+00   1  0  2  1
   54  8.636459e-11  1.455864e-09  0.000000e+00  0.000000e+00   1  0  1  2
   55 -6.511682e-06  6.501996e-11  0.000000e+00  0.000000e+00   1  0  0  3
   56  0.000000e+00  0.000000e+00  1.041561e-07  1.627354e-06   0  4  0  0
   57  3.254780e-06 -2.232105e-11  0.000000e+00  0.000000e+00   0  3  1  0
   58 -1.302020e-07 -3.254923e-06  0.000000e+00  0.000000e+00   0  3  0  1
   59  0.000000e+00  0.000000e+00 -2.429543e-12 -2.428889e-10   0  2  2  0
   60  0.000000e+00  0.000000e+00  3.255204e-06 -2.425172e-11   0  2  1  1
   61  0.000000e+00  0.000000e+00  7.814640e-08 -1.434156e-10   0  2  0  2
   62  1.214833e-17 -6.650765e-12  0.000000e+00  0.000000e+00   0  1  3  0
   63 -1.067183e-11 -2.425856e-10  0.000000e+00  0.000000e+00   0  1  2  1
   64 -3.255346e-06  1.650007e-11  0.000000e+00  0.000000e+00   0  1  1  2
   65 -1.302427e-07 -3.255629e-06  0.000000e+00  0.000000e+00   0  1  0  3
   66  0.000000e+00  0.000000e+00 -3.254261e-16 -1.039114e-10   0  0  4  0
   67  0.000000e+00  0.000000e+00 -1.562283e-17  2.235447e-23   0  0  3  1
   68  0.000000e+00  0.000000e+00  1.019046e-11 -5.533032e-17   0  0  2  2
   69  0.000000e+00  0.000000e+00 -3.255771e-06  2.232207e-11   0  0  1  3
   70  0.000000e+00  0.000000e+00 -2.605042e-08 -1.628204e-06   0  0  0  4

