ZMap : order = 4 dimension = 4

    1  0.000000e+00  0.000000e+00  0.000000e+00  0.000000e+00   0  0  0  0
    2  5.806537e-01 -6.825505e-01  5.027789e-01  1.016678e+00   1  0  0  0
    3  8.496141e-01  5.806537e-01  1.670636e-01  5.027789e-01   0  1  0  0
    4  5.027789e-01  1.016678e+00  1.586211e+00  1.350805e+00   0  0  1  0
    5  1.670636e-01  5.027789e-01  1.183741e+00  1.586211e+00   0  0  0  1
    6 -2.770633e-01 -1.557321e-01  4.966778e-01  9.790777e-01   2  0  0  0
    7 -1.817451e-01 -2.691639e-01  3.339224e-01  1.003746e+00   1  1  0  0
    8  1.049110e+00  2.293477e+00  1.150626e+00  2.571745e+00   1  0  1  0
    9  3.450733e-01  1.081961e+00  2.963224e-01  8.081807e-01   1  0  0  1
   10 -5.747902e-02 -1.817451e-01  8.341182e-02  3.339224e-01   0  2  0  0
   11  3.482455e-01  1.104157e+00  4.325636e-01  1.494664e+00   0  1  1  0
   12  1.700047e-01  6.933187e-01  1.772139e-01  7.288860e-01   0  1  0  1
   13  6.059747e-01  1.475835e+00 -4.854916e-01 -9.116601e-01   0  0  2  0
   14  4.450392e-01  1.584810e+00 -3.275459e-01 -9.590012e-01   0  0  1  1
   15  1.014278e-01  4.450392e-01 -8.261590e-02 -3.275459e-01   0  0  0  2
   16 -2.478608e-02  5.078438e-01  1.948759e-01 -7.075247e-02   3  0  0  0
   17  3.932414e-01  4.663176e-01 -6.059216e-03  5.391343e-02   2  1  0  0
   18  2.543740e-01  8.012268e-01  4.889155e-01  4.295533e-01   2  0  1  0
   19 -1.374784e-01  4.542413e-01  7.230468e-01 -1.034331e-01   2  0  0  1
   20 -2.278101e-01  4.329673e-01  1.196031e-01 -9.066703e-02   1  2  0  0
   21 -2.057796e-01  6.288590e-01  4.750908e-01  8.181029e-01   1  1  1  0
   22  1.570575e-01  2.630699e-02  1.918164e-01  1.299027e-01   1  1  0  1
   23  1.639059e-01  1.484530e+00  5.760307e-01  7.178444e-01   1  0  2  0
   24  2.147684e-01  1.641200e+00  1.390778e+00  6.594144e-01   1  0  1  1
   25 -8.272950e-02  6.278266e-01  1.210924e+00  3.526679e-01   1  0  0  2
   26  2.885300e-01 -1.087602e-01  1.321515e-01  2.226866e-01   0  3  0  0
   27  5.777299e-01  2.044532e-04  4.574748e-01  5.103566e-01   0  2  1  0
   28  3.774223e-01  2.052753e-01  6.755364e-01  4.267534e-01   0  2  0  1
   29  6.614373e-01  2.268973e-02  6.609082e-01  4.707052e-01   0  1  2  0
   30  1.108796e+00  3.187909e-01  1.423502e+00  7.319019e-01   0  1  1  1
   31  6.565777e-01 -3.523345e-02  7.439238e-01  4.616507e-01   0  1  0  2
   32  3.023625e-01 -9.585732e-02  6.318552e-01  1.126483e+00   0  0  3  0
   33  7.924877e-01  7.214703e-02  1.635973e+00  1.593593e+00   0  0  2  1
   34  7.528743e-01  2.627191e-01  1.891910e+00  1.063265e+00   0  0  1  2
   35  2.543231e-01  3.082032e-01  1.042338e+00  4.890228e-01   0  0  0  3
   36 -3.091973e-01  2.523228e-01  5.324201e-01 -4.720250e-02   4  0  0  0
   37  8.141741e-02 -1.604692e-01  5.075591e-01  2.841735e-01   3  1  0  0
   38  5.724317e-01  8.398971e-01  1.417392e+00  1.348372e-01   3  0  1  0
   39 -4.267709e-03  1.014057e+00  1.585394e+00  1.962394e-01   3  0  0  1
   40  7.278225e-02  1.151632e-01  2.967652e-01 -1.155665e-01   2  2  0  0
   41 -2.443727e-01  1.330653e+00  2.023941e+00  3.748949e-01   2  1  1  0
   42 -6.697840e-02  7.079362e-01  1.847147e+00  7.056336e-01   2  1  0  1
   43  3.959535e-01  1.531338e+00  1.822045e+00  1.004056e+00   2  0  2  0
   44  8.093348e-01  2.377709e+00  4.048059e+00  9.237758e-01   2  0  1  1
   45  4.006199e-01  1.478370e+00  1.788119e+00  3.105023e-01   2  0  0  2
   46 -2.496162e-02  1.723412e-01  2.418701e-01  2.785380e-01   1  3  0  0
   47  9.960772e-01  2.750858e-01  1.616565e+00  5.403581e-01   1  2  1  0
   48  4.494623e-01  3.411531e-01  1.095650e+00  5.560944e-01   1  2  0  1
   49  1.966241e+00  1.149080e+00  4.010429e+00  1.666291e+00   1  1  2  0
   50  2.746455e+00  1.953933e+00  6.715225e+00  3.457976e+00   1  1  1  1
   51  6.336001e-01  1.161953e+00  2.548135e+00  1.805597e+00   1  1  0  2
   52  1.617533e+00  2.087846e-01  1.852044e+00  1.157923e+00   1  0  3  0
   53  4.302891e+00  1.443754e+00  4.353705e+00  2.006993e+00   1  0  2  1
   54  3.336306e+00  2.577266e+00  3.874696e+00  1.154889e+00   1  0  1  2
   55  8.864893e-01  1.272150e+00  7.478302e-01  2.136755e-01   1  0  0  3
   56 -7.114344e-02 -9.843285e-02  9.771268e-02  2.789810e-01   0  4  0  0
   57  5.029928e-01  4.623152e-01  6.518486e-01  1.184851e+00   0  3  1  0
   58  3.478765e-01  5.602083e-01  3.852160e-01  8.272081e-01   0  3  0  1
   59  1.669625e+00  6.846123e-01  1.287672e+00  1.506663e+00   0  2  2  0
   60  2.040711e+00  1.730379e+00  1.946322e+00  1.568420e+00   0  2  1  1
   61  5.296017e-01  6.357669e-01  7.838668e-01  6.191015e-01   0  2  0  2
   62  1.642059e+00  6.641326e-01  1.126305e+00  1.145474e+00   0  1  3  0
   63  2.867638e+00  2.635193e+00  3.122692e+00  2.145206e+00   0  1  2  1
   64  2.058077e+00  2.918693e+00  2.850443e+00  2.246825e+00   0  1  1  2
   65  5.582096e-01  1.214601e+00  7.809055e-01  9.236624e-01   0  1  0  3
   66  4.778040e-01  2.556110e-01 -2.832215e-01 -1.080908e-01   0  0  4  0
   67  1.127257e+00  1.199462e+00 -1.198902e+00 -3.907728e-01   0  0  3  1
   68  1.369809e+00  2.023273e+00 -1.954004e+00 -8.497433e-01   0  0  2  2
   69  8.844548e-01  2.020744e+00 -1.192153e+00 -1.049833e+00   0  0  1  3
   70  2.080382e-01  6.395727e-01 -2.917125e-01 -4.332596e-01   0  0  0  4

