ZMap : order = 4 dimension = 4

    1 -1.682102e-08 -1.560324e-08  0.000000e+00  0.000000e+00   0  0  0  0
    2  9.997599e-01 -2.227071e-04  0.000000e+00  0.000000e+00   1  0  0  0
    3  2.155835e+00  9.997599e-01  0.000000e+00  0.000000e+00   0  1  0  0
    4  0.000000e+00  0.000000e+00  9.942213e-01 -5.355431e-03   0  0  1  0
    5  0.000000e+00  0.000000e+00  2.151846e+00  9.942213e-01   0  0  0  1
    6 -1.033417e-06 -2.236429e-06  0.000000e+00  0.000000e+00   2  0  0  0
    7 -1.237378e-02 -4.821836e-06  0.000000e+00  0.000000e+00   1  1  0  0
    8  0.000000e+00  0.000000e+00 -3.519246e-05 -1.651978e-05   1  0  1  0
    9  0.000000e+00  0.000000e+00  1.232415e-02 -6.694690e-05   1  0  0  1
   10 -6.669781e-03  6.183175e-03  0.000000e+00  0.000000e+00   0  2  0  0
   11  0.000000e+00  0.000000e+00 -1.426342e-01 -1.780716e-05   0  1  1  0
   12  0.000000e+00  0.000000e+00  1.328599e-02  1.425241e-01   0  1  0  1
   13  3.727791e-04 -8.385594e-06  0.000000e+00  0.000000e+00   0  0  2  0
   14 -1.417342e-01  3.103842e-05  0.000000e+00  0.000000e+00   0  0  1  1
   15 -1.600655e-01 -6.166622e-03  0.000000e+00  0.000000e+00   0  0  0  2
   16 -6.555298e-03 -6.079962e-03  0.000000e+00  0.000000e+00   3  0  0  0
   17 -1.378092e-02 -1.966261e-02  0.000000e+00  0.000000e+00   2  1  0  0
   18  0.000000e+00  0.000000e+00 -2.462652e-01 -2.279872e-01   2  0  1  0
   19  0.000000e+00  0.000000e+00 -1.770283e-01 -2.462264e-01   2  0  0  1
   20 -1.517790e-02 -2.861512e-02  0.000000e+00  0.000000e+00   1  2  0  0
   21  0.000000e+00  0.000000e+00 -3.549310e-01 -4.915374e-01   1  1  1  0
   22  0.000000e+00  0.000000e+00 -3.819937e-01 -7.068770e-01   1  1  0  1
   23 -2.462646e-01 -2.279885e-01  0.000000e+00  0.000000e+00   1  0  2  0
   24 -3.549256e-01 -4.915414e-01  0.000000e+00  0.000000e+00   1  0  1  1
   25 -1.930985e-01 -3.538774e-01  0.000000e+00  0.000000e+00   1  0  0  2
   26  1.071374e+00 -1.569637e-02  0.000000e+00  0.000000e+00   0  3  0  0
   27  0.000000e+00  0.000000e+00 -2.087701e-01 -3.752467e-01   0  2  1  0
   28  0.000000e+00  0.000000e+00  8.164625e-01 -5.873476e-01   0  2  0  1
   29 -1.547143e-01 -2.453194e-01  0.000000e+00  0.000000e+00   0  1  2  0
   30 -3.385230e-01 -7.049152e-01  0.000000e+00  0.000000e+00   0  1  1  1
   31  8.449055e-01 -5.719283e-01  0.000000e+00  0.000000e+00   0  1  0  2
   32  0.000000e+00  0.000000e+00 -3.790280e+00 -3.502491e+00   0  0  3  0
   33  0.000000e+00  0.000000e+00 -8.167925e+00 -1.132704e+01   0  0  2  1
   34  0.000000e+00  0.000000e+00 -8.817486e+00 -1.630028e+01   0  0  1  2
   35  0.000000e+00  0.000000e+00 -2.734190e+00 -8.806555e+00   0  0  0  3
   36 -2.351272e-05 -6.540315e-05  0.000000e+00  0.000000e+00   4  0  0  0
   37 -8.440882e-02 -2.255986e-04  0.000000e+00  0.000000e+00   3  1  0  0
   38  0.000000e+00  0.000000e+00 -1.678500e-03 -7.303478e-04   3  0  1  0
   39  0.000000e+00  0.000000e+00  8.204292e-02 -3.192595e-03   3  0  0  1
   40 -1.363956e-01  1.262789e-01  0.000000e+00  0.000000e+00   2  2  0  0
   41  0.000000e+00  0.000000e+00 -2.911629e+00 -8.977697e-04   2  1  1  0
   42  0.000000e+00  0.000000e+00  2.674994e-01  2.899044e+00   2  1  0  1
   43  2.492812e-02 -1.112474e-03  0.000000e+00  0.000000e+00   2  0  2  0
   44 -2.853596e+00 -2.143583e-03  0.000000e+00  0.000000e+00   2  0  1  1
   45 -3.251984e+00 -1.307362e-01  0.000000e+00  0.000000e+00   2  0  0  2
   46 -2.198989e-01  2.726796e-01  0.000000e+00  0.000000e+00   1  3  0  0
   47  0.000000e+00  0.000000e+00  2.944820e-01  6.092040e+00   1  2  1  0
   48  0.000000e+00  0.000000e+00  6.162727e-01  1.282573e+01   1  2  0  1
   49 -6.019289e+00  1.453949e-02  0.000000e+00  0.000000e+00   1  1  2  0
   50 -1.295163e+01  5.847380e+00  0.000000e+00  0.000000e+00   1  1  1  1
   51 -1.404072e+01  6.000310e+00  0.000000e+00  0.000000e+00   1  1  0  2
   52  0.000000e+00  0.000000e+00 -2.405419e-02 -4.408642e-03   1  0  3  0
   53  0.000000e+00  0.000000e+00  5.993066e+00 -5.463003e-02   1  0  2  1
   54  0.000000e+00  0.000000e+00  6.409610e+00 -6.216592e+00   1  0  1  2
   55  0.000000e+00  0.000000e+00  4.634692e+00 -6.696631e+00   1  0  0  3
   56 -1.216505e-01  2.019929e-01  0.000000e+00  0.000000e+00   0  4  0  0
   57  0.000000e+00  0.000000e+00  8.555722e-02  6.566941e+00   0  3  1  0
   58  0.000000e+00  0.000000e+00  4.692581e-01  1.406573e+01   0  3  0  1
   59 -3.213895e+00  3.062612e+00  0.000000e+00  0.000000e+00   0  2  2  0
   60 -1.437157e+01  1.286170e+01  0.000000e+00  0.000000e+00   0  2  1  1
   61 -1.551853e+01  1.352293e+01  0.000000e+00  0.000000e+00   0  2  0  2
   62  0.000000e+00  0.000000e+00 -2.295374e+01  3.697254e-01   0  1  3  0
   63  0.000000e+00  0.000000e+00  7.591217e+00  7.115624e+01   0  1  2  1
   64  0.000000e+00  0.000000e+00  1.466070e+01  1.450957e+02   0  1  1  2
   65  0.000000e+00  0.000000e+00  1.019611e+01  9.884294e+01   0  1  0  3
   66  3.108079e-01 -1.281821e-03  0.000000e+00  0.000000e+00   0  0  4  0
   67 -2.192975e+01  5.141628e-02  0.000000e+00  0.000000e+00   0  0  3  1
   68 -7.627237e+01 -2.883299e+00  0.000000e+00  0.000000e+00   0  0  2  2
   69 -1.110996e+02 -6.360617e+00  0.000000e+00  0.000000e+00   0  0  1  3
   70 -6.048459e+01 -4.634611e+00  0.000000e+00  0.000000e+00   0  0  0  4

