ZLIB::VTps : size = 6 (dimension = 6  order = 3 )

    0 -6.0683033267580e-17  3.9063390527849e-18  0.0000000000000e+00  0.0000000000000e+00 -1.1102201000800e-13  0.0000000000000e+00   0  0  0  0  0  0
    1 -7.2723672871433e-01 -1.6794579188065e-01  0.0000000000000e+00  0.0000000000000e+00  9.8519469355159e-02  0.0000000000000e+00   1  0  0  0  0  0
    2  2.8052309922934e+00 -7.2723672871433e-01  0.0000000000000e+00  0.0000000000000e+00  1.0132224455174e+00  0.0000000000000e+00   0  1  0  0  0  0
    3  0.0000000000000e+00  0.0000000000000e+00 -8.7508011172907e-01 -2.9143412793318e-02  0.0000000000000e+00  0.0000000000000e+00   0  0  1  0  0  0
    4  0.0000000000000e+00  0.0000000000000e+00  8.0373153177841e+00 -8.7508011172907e-01  0.0000000000000e+00  0.0000000000000e+00   0  0  0  1  0  0
    5  0.0000000000000e+00  0.0000000000000e+00  0.0000000000000e+00  0.0000000000000e+00  1.0000000000000e+00  0.0000000000000e+00   0  0  0  0  1  0
    6 -1.0132224455174e+00 -9.8519469355159e-02  0.0000000000000e+00  0.0000000000000e+00 -5.3981510386910e+00  1.0000000000000e+00   0  0  0  0  0  1
    7 -2.0632065724812e+00  8.7863874150700e-02  0.0000000000000e+00  0.0000000000000e+00  1.8755409001313e-01  0.0000000000000e+00   2  0  0  0  0  0
    8 -7.1071088229930e+00  1.8072701776067e+00  0.0000000000000e+00  0.0000000000000e+00 -2.8953348728110e+00  0.0000000000000e+00   1  1  0  0  0  0
    9  0.0000000000000e+00  0.0000000000000e+00 -1.1303878350955e+00  6.0660989640673e-03 -0.0000000000000e+00  0.0000000000000e+00   1  0  1  0  0  0
   10  0.0000000000000e+00  0.0000000000000e+00 -2.8443610305131e+01  1.2739506356108e-01 -0.0000000000000e+00  0.0000000000000e+00   1  0  0  1  0  0
   11  0.0000000000000e+00  0.0000000000000e+00  0.0000000000000e+00  0.0000000000000e+00 -0.0000000000000e+00  0.0000000000000e+00   1  0  0  0  1  0
   12 -2.4274570587003e+00  7.5905175373020e-01  0.0000000000000e+00  0.0000000000000e+00  1.4635203808126e+00  0.0000000000000e+00   1  0  0  0  0  1
   13 -3.6546492938527e+01 -8.3720463061528e+00  0.0000000000000e+00  0.0000000000000e+00  9.5823537362998e-01  0.0000000000000e+00   0  2  0  0  0  0
   14  0.0000000000000e+00  0.0000000000000e+00 -4.1362422960016e+00  6.2386730941125e-02 -0.0000000000000e+00  0.0000000000000e+00   0  1  1  0  0  0
   15  0.0000000000000e+00  0.0000000000000e+00 -2.9252801077130e+02 -6.1790263048356e+00 -0.0000000000000e+00  0.0000000000000e+00   0  1  0  1  0  0
   16  0.0000000000000e+00  0.0000000000000e+00  0.0000000000000e+00  0.0000000000000e+00 -0.0000000000000e+00  0.0000000000000e+00   0  1  0  0  1  0
   17  6.7283552013632e+00  1.0533287693631e+00  0.0000000000000e+00  0.0000000000000e+00  1.5051559950712e+01  0.0000000000000e+00   0  1  0  0  0  1
   18 -1.1733565087248e-01 -7.9779781702216e-04  0.0000000000000e+00  0.0000000000000e+00 -4.4512840645551e-03  0.0000000000000e+00   0  0  2  0  0  0
   19 -4.9057212009928e+00  1.6023603657785e-01  0.0000000000000e+00  0.0000000000000e+00  2.3556723967005e-03  0.0000000000000e+00   0  0  1  1  0  0
   20  0.0000000000000e+00  0.0000000000000e+00  0.0000000000000e+00  0.0000000000000e+00 -0.0000000000000e+00  0.0000000000000e+00   0  0  1  0  1  0
   21  0.0000000000000e+00  0.0000000000000e+00 -6.6834258540455e-01 -7.8591126461605e-03 -0.0000000000000e+00  0.0000000000000e+00   0  0  1  0  0  1
   22 -1.4461486395668e+02 -1.6987860572921e+01  0.0000000000000e+00  0.0000000000000e+00  1.1501809898228e+01  0.0000000000000e+00   0  0  0  2  0  0
   23  0.0000000000000e+00  0.0000000000000e+00  0.0000000000000e+00  0.0000000000000e+00 -0.0000000000000e+00  0.0000000000000e+00   0  0  0  1  1  0
   24  0.0000000000000e+00  0.0000000000000e+00 -2.0148943463494e+01  6.9491345127596e-02 -0.0000000000000e+00  0.0000000000000e+00   0  0  0  1  0  1
   25  0.0000000000000e+00  0.0000000000000e+00  0.0000000000000e+00  0.0000000000000e+00 -0.0000000000000e+00  0.0000000000000e+00   0  0  0  0  2  0
   26  0.0000000000000e+00  0.0000000000000e+00  0.0000000000000e+00  0.0000000000000e+00 -0.0000000000000e+00  0.0000000000000e+00   0  0  0  0  1  1
   27 -9.0869939560942e+00 -3.9910274901899e-01  0.0000000000000e+00  0.0000000000000e+00 -3.9949101193670e+00  0.0000000000000e+00   0  0  0  0  0  2
   28  2.0213803045269e+01 -6.5432515309988e+00  0.0000000000000e+00  0.0000000000000e+00  4.0897957744799e+00  0.0000000000000e+00   3  0  0  0  0  0
   29  1.0437784959890e+02  3.0645494774370e+01  0.0000000000000e+00  0.0000000000000e+00 -1.7119031956352e+01  0.0000000000000e+00   2  1  0  0  0  0
   30  0.0000000000000e+00  0.0000000000000e+00  1.2484765322373e+02 -1.0619308850800e+01 -0.0000000000000e+00  0.0000000000000e+00   2  0  1  0  0  0
   31  0.0000000000000e+00  0.0000000000000e+00  9.4836665270628e+02  4.3038483818126e+00 -0.0000000000000e+00  0.0000000000000e+00   2  0  0  1  0  0
   32  0.0000000000000e+00  0.0000000000000e+00  0.0000000000000e+00  0.0000000000000e+00 -0.0000000000000e+00  0.0000000000000e+00   2  0  0  0  1  0
   33  4.3804392265895e+01 -1.2297379863268e+01  0.0000000000000e+00  0.0000000000000e+00  8.6642438066105e-01  0.0000000000000e+00   2  0  0  0  0  1
   34  5.2941022145484e+02 -4.3994097976923e+01  0.0000000000000e+00  0.0000000000000e+00  7.6092436921522e+01  0.0000000000000e+00   1  2  0  0  0  0
   35  0.0000000000000e+00  0.0000000000000e+00  5.3946631872564e+02  2.7172902702569e+01 -0.0000000000000e+00  0.0000000000000e+00   1  1  1  0  0  0
   36  0.0000000000000e+00  0.0000000000000e+00  7.9654966523051e+03 -5.1232441863297e+02 -0.0000000000000e+00  0.0000000000000e+00   1  1  0  1  0  0
   37  0.0000000000000e+00  0.0000000000000e+00  0.0000000000000e+00  0.0000000000000e+00 -0.0000000000000e+00  0.0000000000000e+00   1  1  0  0  1  0
   38  1.1208240689125e+02  2.6929593141526e+01  0.0000000000000e+00  0.0000000000000e+00 -4.5245311458230e+01  0.0000000000000e+00   1  1  0  0  0  1
   39  3.3103640328423e+01 -1.0103593668320e+01  0.0000000000000e+00  0.0000000000000e+00  6.2484155015060e+00  0.0000000000000e+00   1  0  2  0  0  0
   40  6.2906281161507e+02  7.9858356490207e+01  0.0000000000000e+00  0.0000000000000e+00 -3.7900878580218e+01  0.0000000000000e+00   1  0  1  1  0  0
   41  0.0000000000000e+00  0.0000000000000e+00  0.0000000000000e+00  0.0000000000000e+00 -0.0000000000000e+00  0.0000000000000e+00   1  0  1  0  1  0
   42  0.0000000000000e+00  0.0000000000000e+00  1.3714279303199e+02 -1.2196031630053e+01 -0.0000000000000e+00  0.0000000000000e+00   1  0  1  0  0  1
   43  2.9940495088989e+03 -3.6595840272888e+02  0.0000000000000e+00  0.0000000000000e+00  2.4888902418183e+02  0.0000000000000e+00   1  0  0  2  0  0
   44  0.0000000000000e+00  0.0000000000000e+00  0.0000000000000e+00  0.0000000000000e+00 -0.0000000000000e+00  0.0000000000000e+00   1  0  0  1  1  0
   45  0.0000000000000e+00  0.0000000000000e+00  1.1722293150598e+03  1.3610379295573e+01 -0.0000000000000e+00  0.0000000000000e+00   1  0  0  1  0  1
   46  0.0000000000000e+00  0.0000000000000e+00  0.0000000000000e+00  0.0000000000000e+00 -0.0000000000000e+00  0.0000000000000e+00   1  0  0  0  2  0
   47  0.0000000000000e+00  0.0000000000000e+00  0.0000000000000e+00  0.0000000000000e+00 -0.0000000000000e+00  0.0000000000000e+00   1  0  0  0  1  1
   48  2.9282391341955e+01 -1.0653461073749e+01  0.0000000000000e+00  0.0000000000000e+00 -6.2741587283589e+00  0.0000000000000e+00   1  0  0  0  0  2
   49  1.8602563211079e+03  4.2479270627446e+02  0.0000000000000e+00  0.0000000000000e+00 -2.5962252718866e+02  0.0000000000000e+00   0  3  0  0  0  0
   50  0.0000000000000e+00  0.0000000000000e+00  5.2048158589489e+01 -5.9074543173921e+01 -0.0000000000000e+00  0.0000000000000e+00   0  2  1  0  0  0
   51  0.0000000000000e+00  0.0000000000000e+00  4.7340986443453e+04  2.1172234675333e+03 -0.0000000000000e+00  0.0000000000000e+00   0  2  0  1  0  0
   52  0.0000000000000e+00  0.0000000000000e+00  0.0000000000000e+00  0.0000000000000e+00 -0.0000000000000e+00  0.0000000000000e+00   0  2  0  0  1  0
   53  1.1431093506774e+02 -2.8998290728044e+01  0.0000000000000e+00  0.0000000000000e+00 -2.7507409425690e+01  0.0000000000000e+00   0  2  0  0  0  1
   54  2.8236634252891e+01  1.2328206469727e+01  0.0000000000000e+00  0.0000000000000e+00 -5.8935098936894e+00  0.0000000000000e+00   0  1  2  0  0  0
   55  1.3027457039268e+03 -6.2592606786573e+02  0.0000000000000e+00  0.0000000000000e+00  3.4682723685298e+02  0.0000000000000e+00   0  1  1  1  0  0
   56  0.0000000000000e+00  0.0000000000000e+00  0.0000000000000e+00  0.0000000000000e+00 -0.0000000000000e+00  0.0000000000000e+00   0  1  1  0  1  0
   57  0.0000000000000e+00  0.0000000000000e+00  3.1082209035691e+02  1.8887258034784e+01 -0.0000000000000e+00  0.0000000000000e+00   0  1  1  0  0  1
   58  4.5991190176685e+04  9.3315726631749e+03  0.0000000000000e+00  0.0000000000000e+00 -5.2465914369479e+03  0.0000000000000e+00   0  1  0  2  0  0
   59  0.0000000000000e+00  0.0000000000000e+00  0.0000000000000e+00  0.0000000000000e+00 -0.0000000000000e+00  0.0000000000000e+00   0  1  0  1  1  0
   60  0.0000000000000e+00  0.0000000000000e+00  4.1416807068315e+03 -3.4316181324235e+02 -0.0000000000000e+00  0.0000000000000e+00   0  1  0  1  0  1
   61  0.0000000000000e+00  0.0000000000000e+00  0.0000000000000e+00  0.0000000000000e+00 -0.0000000000000e+00  0.0000000000000e+00   0  1  0  0  2  0
   62  0.0000000000000e+00  0.0000000000000e+00  0.0000000000000e+00  0.0000000000000e+00 -0.0000000000000e+00  0.0000000000000e+00   0  1  0  0  1  1
   63  1.3640087146996e+02  3.2773455946796e+01  0.0000000000000e+00  0.0000000000000e+00 -5.3600257181890e+01  0.0000000000000e+00   0  1  0  0  0  2
   64  0.0000000000000e+00  0.0000000000000e+00  2.8410581337689e+00 -2.7226170807128e-01 -0.0000000000000e+00  0.0000000000000e+00   0  0  3  0  0  0
   65  0.0000000000000e+00  0.0000000000000e+00  9.6517031353554e+01  2.1411805586579e+00 -0.0000000000000e+00  0.0000000000000e+00   0  0  2  1  0  0
   66  0.0000000000000e+00  0.0000000000000e+00  0.0000000000000e+00  0.0000000000000e+00 -0.0000000000000e+00  0.0000000000000e+00   0  0  2  0  1  0
   67  1.7472994898383e+01 -5.9164660560811e+00  0.0000000000000e+00  0.0000000000000e+00  3.7826919118542e+00  0.0000000000000e+00   0  0  2  0  0  1
   68  0.0000000000000e+00  0.0000000000000e+00  4.8038374997704e+02 -9.5892522666661e+01 -0.0000000000000e+00  0.0000000000000e+00   0  0  1  2  0  0
   69  0.0000000000000e+00  0.0000000000000e+00  0.0000000000000e+00  0.0000000000000e+00 -0.0000000000000e+00  0.0000000000000e+00   0  0  1  1  1  0
   70  3.5515678222330e+02  5.6429921779022e+01  0.0000000000000e+00  0.0000000000000e+00 -3.4867564717370e+01  0.0000000000000e+00   0  0  1  1  0  1
   71  0.0000000000000e+00  0.0000000000000e+00  0.0000000000000e+00  0.0000000000000e+00 -0.0000000000000e+00  0.0000000000000e+00   0  0  1  0  2  0
   72  0.0000000000000e+00  0.0000000000000e+00  0.0000000000000e+00  0.0000000000000e+00 -0.0000000000000e+00  0.0000000000000e+00   0  0  1  0  1  1
   73  0.0000000000000e+00  0.0000000000000e+00  3.3449544383558e+01 -3.2904893708257e+00 -0.0000000000000e+00  0.0000000000000e+00   0  0  1  0  0  2
   74  0.0000000000000e+00  0.0000000000000e+00  1.7270639464182e+04  7.8977178356980e+02 -0.0000000000000e+00  0.0000000000000e+00   0  0  0  3  0  0
   75  0.0000000000000e+00  0.0000000000000e+00  0.0000000000000e+00  0.0000000000000e+00 -0.0000000000000e+00  0.0000000000000e+00   0  0  0  2  1  0
   76  1.5077652885690e+03 -2.2422861695276e+02  0.0000000000000e+00  0.0000000000000e+00  1.8429852189095e+02  0.0000000000000e+00   0  0  0  2  0  1
   77  0.0000000000000e+00  0.0000000000000e+00  0.0000000000000e+00  0.0000000000000e+00 -0.0000000000000e+00  0.0000000000000e+00   0  0  0  1  2  0
   78  0.0000000000000e+00  0.0000000000000e+00  0.0000000000000e+00  0.0000000000000e+00 -0.0000000000000e+00  0.0000000000000e+00   0  0  0  1  1  1
   79  0.0000000000000e+00  0.0000000000000e+00  3.6102785157958e+02  8.5620234685830e+00 -0.0000000000000e+00  0.0000000000000e+00   0  0  0  1  0  2
   80  0.0000000000000e+00  0.0000000000000e+00  0.0000000000000e+00  0.0000000000000e+00 -0.0000000000000e+00  0.0000000000000e+00   0  0  0  0  3  0
   81  0.0000000000000e+00  0.0000000000000e+00  0.0000000000000e+00  0.0000000000000e+00 -0.0000000000000e+00  0.0000000000000e+00   0  0  0  0  2  1
   82  0.0000000000000e+00  0.0000000000000e+00  0.0000000000000e+00  0.0000000000000e+00 -0.0000000000000e+00  0.0000000000000e+00   0  0  0  0  1  2
   83  8.8092914941695e+00  9.9778150832008e-02  0.0000000000000e+00  0.0000000000000e+00 -1.3392391945102e+01  0.0000000000000e+00   0  0  0  0  0  3
