ZLIB::VTps : size = 6 (dimension = 6  order = 4 )

    0 -1.6574582390901e-16 -1.1761011229513e-17  0.0000000000000e+00  0.0000000000000e+00  1.2388399856911e-16  0.0000000000000e+00   0  0  0  0  0  0
    1 -7.7055936365169e-01  2.2714913347144e-01  0.0000000000000e+00  0.0000000000000e+00  3.3693359605570e-02  0.0000000000000e+00   1  0  0  0  0  0
    2 -4.3455393610624e-01 -1.1696586823572e+00  0.0000000000000e+00  0.0000000000000e+00 -9.1173861962413e-01  0.0000000000000e+00   0  1  0  0  0  0
    3  0.0000000000000e+00  0.0000000000000e+00 -8.6522836161190e-01  1.8473654321966e+01  0.0000000000000e+00  0.0000000000000e+00   0  0  1  0  0  0
    4  0.0000000000000e+00  0.0000000000000e+00 -1.0555070176070e-02 -9.3040094146183e-01  0.0000000000000e+00  0.0000000000000e+00   0  0  0  1  0  0
    5  0.0000000000000e+00  0.0000000000000e+00  0.0000000000000e+00  0.0000000000000e+00  1.0000000000000e+00  0.0000000000000e+00   0  0  0  0  1  0
    6  7.1719031259148e-01 -1.6769090679962e-01  0.0000000000000e+00  0.0000000000000e+00 -6.7237867039850e+00  1.0000000000000e+00   0  0  0  0  0  1
    7  3.2533620030261e+00 -2.1502029451644e+00  0.0000000000000e+00  0.0000000000000e+00  4.5895140415584e-01  0.0000000000000e+00   2  0  0  0  0  0
    8 -3.9499698443810e+00 -1.1137587460903e+01  0.0000000000000e+00  0.0000000000000e+00  1.4401944769320e-01  0.0000000000000e+00   1  1  0  0  0  0
    9  0.0000000000000e+00  0.0000000000000e+00 -1.6046264504544e+01 -1.7671563654242e+02 -0.0000000000000e+00  0.0000000000000e+00   1  0  1  0  0  0
   10  0.0000000000000e+00  0.0000000000000e+00 -1.7525290130666e-01  1.8841008799515e+01 -0.0000000000000e+00  0.0000000000000e+00   1  0  0  1  0  0
   11  0.0000000000000e+00  0.0000000000000e+00  0.0000000000000e+00  0.0000000000000e+00 -0.0000000000000e+00  0.0000000000000e+00   1  0  0  0  1  0
   12 -5.5114410648085e+00  5.4024557517788e+00  0.0000000000000e+00  0.0000000000000e+00  2.8438583322996e-01  0.0000000000000e+00   1  0  0  0  0  1
   13  7.2107823689032e+01 -2.1398886858632e+01  0.0000000000000e+00  0.0000000000000e+00  1.1162910301058e+01  0.0000000000000e+00   0  2  0  0  0  0
   14  0.0000000000000e+00  0.0000000000000e+00  4.4775642599964e+00  9.3206739095544e+02 -0.0000000000000e+00  0.0000000000000e+00   0  1  1  0  0  0
   15  0.0000000000000e+00  0.0000000000000e+00 -4.1790385703446e-01  1.5478362367972e+01 -0.0000000000000e+00  0.0000000000000e+00   0  1  0  1  0  0
   16  0.0000000000000e+00  0.0000000000000e+00  0.0000000000000e+00  0.0000000000000e+00 -0.0000000000000e+00  0.0000000000000e+00   0  1  0  0  1  0
   17 -1.8398555512684e+01  1.6836313798953e+01  0.0000000000000e+00  0.0000000000000e+00 -3.6695825973230e+01  0.0000000000000e+00   0  1  0  0  0  1
   18 -4.4020801732185e+02 -1.6179596062997e+02  0.0000000000000e+00  0.0000000000000e+00  2.5227043782585e+02  0.0000000000000e+00   0  0  2  0  0  0
   19  1.3064105240803e+00  1.6569085057965e+01  0.0000000000000e+00  0.0000000000000e+00  7.2691673784435e+00  0.0000000000000e+00   0  0  1  1  0  0
   20  0.0000000000000e+00  0.0000000000000e+00  0.0000000000000e+00  0.0000000000000e+00 -0.0000000000000e+00  0.0000000000000e+00   0  0  1  0  1  0
   21  0.0000000000000e+00  0.0000000000000e+00  1.3515109434794e+01  7.3342737981728e+02 -0.0000000000000e+00  0.0000000000000e+00   0  0  1  0  0  1
   22 -1.3411120555181e-01  2.7437868037343e-01  0.0000000000000e+00  0.0000000000000e+00  1.1596506918453e-01  0.0000000000000e+00   0  0  0  2  0  0
   23  0.0000000000000e+00  0.0000000000000e+00  0.0000000000000e+00  0.0000000000000e+00 -0.0000000000000e+00  0.0000000000000e+00   0  0  0  1  1  0
   24  0.0000000000000e+00  0.0000000000000e+00  4.9919461429667e-02 -6.6517560089429e+00 -0.0000000000000e+00  0.0000000000000e+00   0  0  0  1  0  1
   25  0.0000000000000e+00  0.0000000000000e+00  0.0000000000000e+00  0.0000000000000e+00 -0.0000000000000e+00  0.0000000000000e+00   0  0  0  0  2  0
   26  0.0000000000000e+00  0.0000000000000e+00  0.0000000000000e+00  0.0000000000000e+00 -0.0000000000000e+00  0.0000000000000e+00   0  0  0  0  1  1
   27  1.7022398054744e+01 -6.7478451189144e+00  0.0000000000000e+00  0.0000000000000e+00 -5.5170032833104e+00  0.0000000000000e+00   0  0  0  0  0  2
   28  7.6367497286618e+01  3.8146843959195e+02  0.0000000000000e+00  0.0000000000000e+00  1.3941623765625e+02  0.0000000000000e+00   3  0  0  0  0  0
   29  4.9869266136985e+02  3.4521454271701e+01  0.0000000000000e+00  0.0000000000000e+00 -1.6705084407518e+02  0.0000000000000e+00   2  1  0  0  0  0
   30  0.0000000000000e+00  0.0000000000000e+00 -1.3263259068239e+02 -4.3446951982528e+04 -0.0000000000000e+00  0.0000000000000e+00   2  0  1  0  0  0
   31  0.0000000000000e+00  0.0000000000000e+00 -3.6832876468260e+00 -6.9396487967391e+02 -0.0000000000000e+00  0.0000000000000e+00   2  0  0  1  0  0
   32  0.0000000000000e+00  0.0000000000000e+00  0.0000000000000e+00  0.0000000000000e+00 -0.0000000000000e+00  0.0000000000000e+00   2  0  0  0  1  0
   33  8.9352778957588e+01 -5.8369500464581e+02  0.0000000000000e+00  0.0000000000000e+00 -4.3056140287233e+02  0.0000000000000e+00   2  0  0  0  0  1
   34  7.1177848539657e+02 -7.2560584040109e+02  0.0000000000000e+00  0.0000000000000e+00 -1.1722848097412e+02  0.0000000000000e+00   1  2  0  0  0  0
   35  0.0000000000000e+00  0.0000000000000e+00  4.3383962742059e+02 -1.0324189341322e+04 -0.0000000000000e+00  0.0000000000000e+00   1  1  1  0  0  0
   36  0.0000000000000e+00  0.0000000000000e+00  1.0802470269385e-01 -6.8088805062318e+02 -0.0000000000000e+00  0.0000000000000e+00   1  1  0  1  0  0
   37  0.0000000000000e+00  0.0000000000000e+00  0.0000000000000e+00  0.0000000000000e+00 -0.0000000000000e+00  0.0000000000000e+00   1  1  0  0  1  0
   38 -9.0894932543116e+02 -5.1482041892246e+02  0.0000000000000e+00  0.0000000000000e+00 -4.4160606111096e+02  0.0000000000000e+00   1  1  0  0  0  1
   39 -2.0498646385276e+04 -4.9744809509985e+04  0.0000000000000e+00  0.0000000000000e+00 -1.8313218164251e+04  0.0000000000000e+00   1  0  2  0  0  0
   40 -1.4350959703290e+02 -1.1130088339874e+03  0.0000000000000e+00  0.0000000000000e+00  1.9234728095883e+02  0.0000000000000e+00   1  0  1  1  0  0
   41  0.0000000000000e+00  0.0000000000000e+00  0.0000000000000e+00  0.0000000000000e+00 -0.0000000000000e+00  0.0000000000000e+00   1  0  1  0  1  0
   42  0.0000000000000e+00  0.0000000000000e+00 -3.6042560595385e+02  3.7376838632386e+04 -0.0000000000000e+00  0.0000000000000e+00   1  0  1  0  0  1
   43  5.6135518796882e+00 -5.1449033190181e+00  0.0000000000000e+00  0.0000000000000e+00  5.7291805028468e+00  0.0000000000000e+00   1  0  0  2  0  0
   44  0.0000000000000e+00  0.0000000000000e+00  0.0000000000000e+00  0.0000000000000e+00 -0.0000000000000e+00  0.0000000000000e+00   1  0  0  1  1  0
   45  0.0000000000000e+00  0.0000000000000e+00 -3.2604227723457e+00  1.4895701712890e+03 -0.0000000000000e+00  0.0000000000000e+00   1  0  0  1  0  1
   46  0.0000000000000e+00  0.0000000000000e+00  0.0000000000000e+00  0.0000000000000e+00 -0.0000000000000e+00  0.0000000000000e+00   1  0  0  0  2  0
   47  0.0000000000000e+00  0.0000000000000e+00  0.0000000000000e+00  0.0000000000000e+00 -0.0000000000000e+00  0.0000000000000e+00   1  0  0  0  1  1
   48 -1.9388989336062e+02  6.0234330970664e+01  0.0000000000000e+00  0.0000000000000e+00  3.1626704445096e+02  0.0000000000000e+00   1  0  0  0  0  2
   49 -3.0189221075819e+03  1.1613417001683e+03  0.0000000000000e+00  0.0000000000000e+00 -2.2492146218107e+03  0.0000000000000e+00   0  3  0  0  0  0
   50  0.0000000000000e+00  0.0000000000000e+00  1.5157103915296e+02 -1.4690489510763e+05 -0.0000000000000e+00  0.0000000000000e+00   0  2  1  0  0  0
   51  0.0000000000000e+00  0.0000000000000e+00  6.5411698173619e+01 -2.8214360551952e+03 -0.0000000000000e+00  0.0000000000000e+00   0  2  0  1  0  0
   52  0.0000000000000e+00  0.0000000000000e+00  0.0000000000000e+00  0.0000000000000e+00 -0.0000000000000e+00  0.0000000000000e+00   0  2  0  0  1  0
   53  4.6957588400733e+03 -1.3681564787246e+03  0.0000000000000e+00  0.0000000000000e+00  6.0598755293503e+02  0.0000000000000e+00   0  2  0  0  0  1
   54  1.2315239634832e+05 -5.1623910262041e+04  0.0000000000000e+00  0.0000000000000e+00  4.3004411923242e+04  0.0000000000000e+00   0  1  2  0  0  0
   55 -1.5821578546348e+01 -1.1448055687572e+03  0.0000000000000e+00  0.0000000000000e+00  5.4161027608996e+01  0.0000000000000e+00   0  1  1  1  0  0
   56  0.0000000000000e+00  0.0000000000000e+00  0.0000000000000e+00  0.0000000000000e+00 -0.0000000000000e+00  0.0000000000000e+00   0  1  1  0  1  0
   57  0.0000000000000e+00  0.0000000000000e+00  3.3971215920667e+02  9.5221973778879e+04 -0.0000000000000e+00  0.0000000000000e+00   0  1  1  0  0  1
   58  4.2193083648858e+01 -1.7162464517315e+01  0.0000000000000e+00  0.0000000000000e+00  3.4459748465998e+01  0.0000000000000e+00   0  1  0  2  0  0
   59  0.0000000000000e+00  0.0000000000000e+00  0.0000000000000e+00  0.0000000000000e+00 -0.0000000000000e+00  0.0000000000000e+00   0  1  0  1  1  0
   60  0.0000000000000e+00  0.0000000000000e+00 -6.3341983366272e+01  2.6565771934388e+03 -0.0000000000000e+00  0.0000000000000e+00   0  1  0  1  0  1
   61  0.0000000000000e+00  0.0000000000000e+00  0.0000000000000e+00  0.0000000000000e+00 -0.0000000000000e+00  0.0000000000000e+00   0  1  0  0  2  0
   62  0.0000000000000e+00  0.0000000000000e+00  0.0000000000000e+00  0.0000000000000e+00 -0.0000000000000e+00  0.0000000000000e+00   0  1  0  0  1  1
   63 -3.1498558663587e+02  4.2970575958761e+02  0.0000000000000e+00  0.0000000000000e+00 -8.7032848608466e+01  0.0000000000000e+00   0  1  0  0  0  2
   64  0.0000000000000e+00  0.0000000000000e+00 -2.0336145203547e+03  1.3285500158120e+06 -0.0000000000000e+00  0.0000000000000e+00   0  0  3  0  0  0
   65  0.0000000000000e+00  0.0000000000000e+00 -3.4185709301367e+02  4.6109736806853e+04 -0.0000000000000e+00  0.0000000000000e+00   0  0  2  1  0  0
   66  0.0000000000000e+00  0.0000000000000e+00  0.0000000000000e+00  0.0000000000000e+00 -0.0000000000000e+00  0.0000000000000e+00   0  0  2  0  1  0
   67 -3.3614572767084e+04  2.4729822683054e+04  0.0000000000000e+00  0.0000000000000e+00 -2.5014815071452e+04  0.0000000000000e+00   0  0  2  0  0  1
   68  0.0000000000000e+00  0.0000000000000e+00  2.3482373525844e+01  9.9379226559006e+01 -0.0000000000000e+00  0.0000000000000e+00   0  0  1  2  0  0
   69  0.0000000000000e+00  0.0000000000000e+00  0.0000000000000e+00  0.0000000000000e+00 -0.0000000000000e+00  0.0000000000000e+00   0  0  1  1  1  0
   70  1.0436146253836e+02  9.3870754294187e+02  0.0000000000000e+00  0.0000000000000e+00  9.8132886953062e+02  0.0000000000000e+00   0  0  1  1  0  1
   71  0.0000000000000e+00  0.0000000000000e+00  0.0000000000000e+00  0.0000000000000e+00 -0.0000000000000e+00  0.0000000000000e+00   0  0  1  0  2  0
   72  0.0000000000000e+00  0.0000000000000e+00  0.0000000000000e+00  0.0000000000000e+00 -0.0000000000000e+00  0.0000000000000e+00   0  0  1  0  1  1
   73  0.0000000000000e+00  0.0000000000000e+00 -1.9967858437333e+02 -2.5398995735329e+04 -0.0000000000000e+00  0.0000000000000e+00   0  0  1  0  0  2
   74  0.0000000000000e+00  0.0000000000000e+00 -6.0506907996635e-01  6.8943439196908e+00 -0.0000000000000e+00  0.0000000000000e+00   0  0  0  3  0  0
   75  0.0000000000000e+00  0.0000000000000e+00  0.0000000000000e+00  0.0000000000000e+00 -0.0000000000000e+00  0.0000000000000e+00   0  0  0  2  1  0
   76 -2.8350613119027e+01  1.9651616945244e+01  0.0000000000000e+00  0.0000000000000e+00 -2.8767540813425e+01  0.0000000000000e+00   0  0  0  2  0  1
   77  0.0000000000000e+00  0.0000000000000e+00  0.0000000000000e+00  0.0000000000000e+00 -0.0000000000000e+00  0.0000000000000e+00   0  0  0  1  2  0
   78  0.0000000000000e+00  0.0000000000000e+00  0.0000000000000e+00  0.0000000000000e+00 -0.0000000000000e+00  0.0000000000000e+00   0  0  0  1  1  1
   79  0.0000000000000e+00  0.0000000000000e+00  3.7283710630701e+01 -1.0373965666702e+03 -0.0000000000000e+00  0.0000000000000e+00   0  0  0  1  0  2
   80  0.0000000000000e+00  0.0000000000000e+00  0.0000000000000e+00  0.0000000000000e+00 -0.0000000000000e+00  0.0000000000000e+00   0  0  0  0  3  0
   81  0.0000000000000e+00  0.0000000000000e+00  0.0000000000000e+00  0.0000000000000e+00 -0.0000000000000e+00  0.0000000000000e+00   0  0  0  0  2  1
   82  0.0000000000000e+00  0.0000000000000e+00  0.0000000000000e+00  0.0000000000000e+00 -0.0000000000000e+00  0.0000000000000e+00   0  0  0  0  1  2
   83  1.9978935418526e+02  2.5907758887141e+01  0.0000000000000e+00  0.0000000000000e+00 -1.9793383903141e+02  0.0000000000000e+00   0  0  0  0  0  3
   84 -2.1517513369268e+03 -1.1445219022838e+03  0.0000000000000e+00  0.0000000000000e+00 -6.3365606329080e+03  0.0000000000000e+00   4  0  0  0  0  0
   85 -2.3097495157630e+04  2.2921437697327e+04  0.0000000000000e+00  0.0000000000000e+00 -3.2412165435604e+03  0.0000000000000e+00   3  1  0  0  0  0
   86  0.0000000000000e+00  0.0000000000000e+00 -2.4207887644348e+04 -1.0250508465359e+05 -0.0000000000000e+00  0.0000000000000e+00   3  0  1  0  0  0
   87  0.0000000000000e+00  0.0000000000000e+00 -1.4481220061535e+02  2.8302143127101e+04 -0.0000000000000e+00  0.0000000000000e+00   3  0  0  1  0  0
   88  0.0000000000000e+00  0.0000000000000e+00  0.0000000000000e+00  0.0000000000000e+00 -0.0000000000000e+00  0.0000000000000e+00   3  0  0  0  1  0
   89  2.4917157107823e+02 -2.1471175800191e+04  0.0000000000000e+00  0.0000000000000e+00  1.2042976526774e+04  0.0000000000000e+00   3  0  0  0  0  1
   90  7.5576252070419e+04 -6.9422727990670e+04  0.0000000000000e+00  0.0000000000000e+00 -4.3555335798904e+02  0.0000000000000e+00   2  2  0  0  0  0
   91  0.0000000000000e+00  0.0000000000000e+00  1.4565912384332e+04 -3.1027077805971e+06 -0.0000000000000e+00  0.0000000000000e+00   2  1  1  0  0  0
   92  0.0000000000000e+00  0.0000000000000e+00 -2.1004176792560e+03 -1.1642474860834e+04 -0.0000000000000e+00  0.0000000000000e+00   2  1  0  1  0  0
   93  0.0000000000000e+00  0.0000000000000e+00  0.0000000000000e+00  0.0000000000000e+00 -0.0000000000000e+00  0.0000000000000e+00   2  1  0  0  1  0
   94 -4.0937772174798e+03 -2.5653471000129e+04  0.0000000000000e+00  0.0000000000000e+00  1.6539559593946e+04  0.0000000000000e+00   2  1  0  0  0  1
   95  6.5444445109854e+05 -1.6020639717043e+06  0.0000000000000e+00  0.0000000000000e+00  1.2549795704511e+05  0.0000000000000e+00   2  0  2  0  0  0
   96  4.3337636905701e+04  5.0845290146032e+04  0.0000000000000e+00  0.0000000000000e+00  3.0598380594904e+04  0.0000000000000e+00   2  0  1  1  0  0
   97  0.0000000000000e+00  0.0000000000000e+00  0.0000000000000e+00  0.0000000000000e+00 -0.0000000000000e+00  0.0000000000000e+00   2  0  1  0  1  0
   98  0.0000000000000e+00  0.0000000000000e+00  3.3657993126188e+04  1.5107503417548e+06 -0.0000000000000e+00  0.0000000000000e+00   2  0  1  0  0  1
   99 -6.3593319014361e+02  1.1759546155269e+03  0.0000000000000e+00  0.0000000000000e+00  4.0033442744028e+02  0.0000000000000e+00   2  0  0  2  0  0
  100  0.0000000000000e+00  0.0000000000000e+00  0.0000000000000e+00  0.0000000000000e+00 -0.0000000000000e+00  0.0000000000000e+00   2  0  0  1  1  0
  101  0.0000000000000e+00  0.0000000000000e+00  1.4583168483690e+02 -5.3637265342898e+04 -0.0000000000000e+00  0.0000000000000e+00   2  0  0  1  0  1
  102  0.0000000000000e+00  0.0000000000000e+00  0.0000000000000e+00  0.0000000000000e+00 -0.0000000000000e+00  0.0000000000000e+00   2  0  0  0  2  0
  103  0.0000000000000e+00  0.0000000000000e+00  0.0000000000000e+00  0.0000000000000e+00 -0.0000000000000e+00  0.0000000000000e+00   2  0  0  0  1  1
  104 -1.4680828989141e+03  2.4135915380577e+04  0.0000000000000e+00  0.0000000000000e+00 -3.4840081798061e+03  0.0000000000000e+00   2  0  0  0  0  2
  105 -2.3447412234978e+04 -1.2081353605350e+05  0.0000000000000e+00  0.0000000000000e+00 -3.8661673699638e+04  0.0000000000000e+00   1  3  0  0  0  0
  106  0.0000000000000e+00  0.0000000000000e+00  2.1235750219514e+04  1.4886552612816e+06 -0.0000000000000e+00  0.0000000000000e+00   1  2  1  0  0  0
  107  0.0000000000000e+00  0.0000000000000e+00  2.0122860162220e+02  2.9393274275619e+04 -0.0000000000000e+00  0.0000000000000e+00   1  2  0  1  0  0
  108  0.0000000000000e+00  0.0000000000000e+00  0.0000000000000e+00  0.0000000000000e+00 -0.0000000000000e+00  0.0000000000000e+00   1  2  0  0  1  0
  109 -1.1227857030277e+04  1.2591019750691e+05  0.0000000000000e+00  0.0000000000000e+00  5.3673689582929e+04  0.0000000000000e+00   1  2  0  0  0  1
  110  5.1965481983704e+06 -4.5344130605470e+06  0.0000000000000e+00  0.0000000000000e+00 -5.7225306653256e+05  0.0000000000000e+00   1  1  2  0  0  0
  111  1.0232758724771e+05 -1.6512633285771e+05  0.0000000000000e+00  0.0000000000000e+00  4.0187756965285e+04  0.0000000000000e+00   1  1  1  1  0  0
  112  0.0000000000000e+00  0.0000000000000e+00  0.0000000000000e+00  0.0000000000000e+00 -0.0000000000000e+00  0.0000000000000e+00   1  1  1  0  1  0
  113  0.0000000000000e+00  0.0000000000000e+00 -7.2927662487214e+04  3.3021365581463e+06 -0.0000000000000e+00  0.0000000000000e+00   1  1  1  0  0  1
  114 -7.8951488170335e+00  2.4938445408623e+03  0.0000000000000e+00  0.0000000000000e+00  1.3331198895808e+03  0.0000000000000e+00   1  1  0  2  0  0
  115  0.0000000000000e+00  0.0000000000000e+00  0.0000000000000e+00  0.0000000000000e+00 -0.0000000000000e+00  0.0000000000000e+00   1  1  0  1  1  0
  116  0.0000000000000e+00  0.0000000000000e+00  6.8581574572535e+02  7.7900010294908e+04 -0.0000000000000e+00  0.0000000000000e+00   1  1  0  1  0  1
  117  0.0000000000000e+00  0.0000000000000e+00  0.0000000000000e+00  0.0000000000000e+00 -0.0000000000000e+00  0.0000000000000e+00   1  1  0  0  2  0
  118  0.0000000000000e+00  0.0000000000000e+00  0.0000000000000e+00  0.0000000000000e+00 -0.0000000000000e+00  0.0000000000000e+00   1  1  0  0  1  1
  119  1.2730879545578e+04  1.8994554509491e+04  0.0000000000000e+00  0.0000000000000e+00 -1.8699342231038e+04  0.0000000000000e+00   1  1  0  0  0  2
  120  0.0000000000000e+00  0.0000000000000e+00  5.4159902641336e+05  4.9428184622760e+07 -0.0000000000000e+00  0.0000000000000e+00   1  0  3  0  0  0
  121  0.0000000000000e+00  0.0000000000000e+00  5.8212974928479e+04 -9.8766543188491e+05 -0.0000000000000e+00  0.0000000000000e+00   1  0  2  1  0  0
  122  0.0000000000000e+00  0.0000000000000e+00  0.0000000000000e+00  0.0000000000000e+00 -0.0000000000000e+00  0.0000000000000e+00   1  0  2  0  1  0
  123 -1.0740466550989e+06  3.2719958482458e+06  0.0000000000000e+00  0.0000000000000e+00  4.6474715410746e+05  0.0000000000000e+00   1  0  2  0  0  1
  124  0.0000000000000e+00  0.0000000000000e+00 -1.5800142852609e+03 -5.7150204062362e+04 -0.0000000000000e+00  0.0000000000000e+00   1  0  1  2  0  0
  125  0.0000000000000e+00  0.0000000000000e+00  0.0000000000000e+00  0.0000000000000e+00 -0.0000000000000e+00  0.0000000000000e+00   1  0  1  1  1  0
  126 -1.2082587872952e+05 -5.1355551442135e+03  0.0000000000000e+00  0.0000000000000e+00 -1.4713344834736e+05  0.0000000000000e+00   1  0  1  1  0  1
  127  0.0000000000000e+00  0.0000000000000e+00  0.0000000000000e+00  0.0000000000000e+00 -0.0000000000000e+00  0.0000000000000e+00   1  0  1  0  2  0
  128  0.0000000000000e+00  0.0000000000000e+00  0.0000000000000e+00  0.0000000000000e+00 -0.0000000000000e+00  0.0000000000000e+00   1  0  1  0  1  1
  129  0.0000000000000e+00  0.0000000000000e+00  3.8662434337565e+04 -2.7118154242164e+05 -0.0000000000000e+00  0.0000000000000e+00   1  0  1  0  0  2
  130  0.0000000000000e+00  0.0000000000000e+00 -8.3204883765792e-01  5.5234398796430e+01 -0.0000000000000e+00  0.0000000000000e+00   1  0  0  3  0  0
  131  0.0000000000000e+00  0.0000000000000e+00  0.0000000000000e+00  0.0000000000000e+00 -0.0000000000000e+00  0.0000000000000e+00   1  0  0  2  1  0
  132  6.4115625186641e+02 -1.1574347135378e+03  0.0000000000000e+00  0.0000000000000e+00 -7.8070373720959e+02  0.0000000000000e+00   1  0  0  2  0  1
  133  0.0000000000000e+00  0.0000000000000e+00  0.0000000000000e+00  0.0000000000000e+00 -0.0000000000000e+00  0.0000000000000e+00   1  0  0  1  2  0
  134  0.0000000000000e+00  0.0000000000000e+00  0.0000000000000e+00  0.0000000000000e+00 -0.0000000000000e+00  0.0000000000000e+00   1  0  0  1  1  1
  135  0.0000000000000e+00  0.0000000000000e+00  3.6750111388392e+02 -8.7223384567984e+03 -0.0000000000000e+00  0.0000000000000e+00   1  0  0  1  0  2
  136  0.0000000000000e+00  0.0000000000000e+00  0.0000000000000e+00  0.0000000000000e+00 -0.0000000000000e+00  0.0000000000000e+00   1  0  0  0  3  0
  137  0.0000000000000e+00  0.0000000000000e+00  0.0000000000000e+00  0.0000000000000e+00 -0.0000000000000e+00  0.0000000000000e+00   1  0  0  0  2  1
  138  0.0000000000000e+00  0.0000000000000e+00  0.0000000000000e+00  0.0000000000000e+00 -0.0000000000000e+00  0.0000000000000e+00   1  0  0  0  1  2
  139 -1.7118643140283e+03  5.1969238202949e+02  0.0000000000000e+00  0.0000000000000e+00  1.2039454519431e+03  0.0000000000000e+00   1  0  0  0  0  3
  140 -5.4804744280247e+04 -5.1035222049985e+03  0.0000000000000e+00  0.0000000000000e+00  5.3391009482340e+04  0.0000000000000e+00   0  4  0  0  0  0
  141  0.0000000000000e+00  0.0000000000000e+00 -4.7767813579266e+04  2.8434928122057e+06 -0.0000000000000e+00  0.0000000000000e+00   0  3  1  0  0  0
  142  0.0000000000000e+00  0.0000000000000e+00 -5.9054987091780e+03  5.8834529706771e+04 -0.0000000000000e+00  0.0000000000000e+00   0  3  0  1  0  0
  143  0.0000000000000e+00  0.0000000000000e+00  0.0000000000000e+00  0.0000000000000e+00 -0.0000000000000e+00  0.0000000000000e+00   0  3  0  0  1  0
  144 -9.1845656233976e+04  1.6756195218099e+05  0.0000000000000e+00  0.0000000000000e+00 -3.3845362772388e+04  0.0000000000000e+00   0  3  0  0  0  1
  145 -1.2902548028629e+06  4.7907081933083e+06  0.0000000000000e+00  0.0000000000000e+00 -1.4279879313808e+06  0.0000000000000e+00   0  2  2  0  0  0
  146  2.5387881898322e+05  1.8956778487832e+04  0.0000000000000e+00  0.0000000000000e+00  3.9610861340029e+04  0.0000000000000e+00   0  2  1  1  0  0
  147  0.0000000000000e+00  0.0000000000000e+00  0.0000000000000e+00  0.0000000000000e+00 -0.0000000000000e+00  0.0000000000000e+00   0  2  1  0  1  0
  148  0.0000000000000e+00  0.0000000000000e+00  4.3775846583728e+04 -3.3817733604493e+06 -0.0000000000000e+00  0.0000000000000e+00   0  2  1  0  0  1
  149 -4.8526019867208e+03  1.6728970223633e+03  0.0000000000000e+00  0.0000000000000e+00 -1.7787492406782e+03  0.0000000000000e+00   0  2  0  2  0  0
  150  0.0000000000000e+00  0.0000000000000e+00  0.0000000000000e+00  0.0000000000000e+00 -0.0000000000000e+00  0.0000000000000e+00   0  2  0  1  1  0
  151  0.0000000000000e+00  0.0000000000000e+00  4.9176198362062e+03 -1.5148150044344e+05 -0.0000000000000e+00  0.0000000000000e+00   0  2  0  1  0  1
  152  0.0000000000000e+00  0.0000000000000e+00  0.0000000000000e+00  0.0000000000000e+00 -0.0000000000000e+00  0.0000000000000e+00   0  2  0  0  2  0
  153  0.0000000000000e+00  0.0000000000000e+00  0.0000000000000e+00  0.0000000000000e+00 -0.0000000000000e+00  0.0000000000000e+00   0  2  0  0  1  1
  154  8.4913347600503e+04 -7.2180248577884e+04  0.0000000000000e+00  0.0000000000000e+00 -6.2023408102392e+04  0.0000000000000e+00   0  2  0  0  0  2
  155  0.0000000000000e+00  0.0000000000000e+00  1.1338092436828e+05 -1.4149312308036e+08 -0.0000000000000e+00  0.0000000000000e+00   0  1  3  0  0  0
  156  0.0000000000000e+00  0.0000000000000e+00  1.4568477162841e+05 -2.0019412579475e+05 -0.0000000000000e+00  0.0000000000000e+00   0  1  2  1  0  0
  157  0.0000000000000e+00  0.0000000000000e+00  0.0000000000000e+00  0.0000000000000e+00 -0.0000000000000e+00  0.0000000000000e+00   0  1  2  0  1  0
  158  9.3524384631764e+05 -1.4881310991910e+06  0.0000000000000e+00  0.0000000000000e+00 -2.8756598398367e+06  0.0000000000000e+00   0  1  2  0  0  1
  159  0.0000000000000e+00  0.0000000000000e+00 -3.3515629956752e+02 -6.5223630200424e+04 -0.0000000000000e+00  0.0000000000000e+00   0  1  1  2  0  0
  160  0.0000000000000e+00  0.0000000000000e+00  0.0000000000000e+00  0.0000000000000e+00 -0.0000000000000e+00  0.0000000000000e+00   0  1  1  1  1  0
  161 -2.0819958123249e+05  1.2109285597709e+05  0.0000000000000e+00  0.0000000000000e+00 -1.2158453174906e+05  0.0000000000000e+00   0  1  1  1  0  1
  162  0.0000000000000e+00  0.0000000000000e+00  0.0000000000000e+00  0.0000000000000e+00 -0.0000000000000e+00  0.0000000000000e+00   0  1  1  0  2  0
  163  0.0000000000000e+00  0.0000000000000e+00  0.0000000000000e+00  0.0000000000000e+00 -0.0000000000000e+00  0.0000000000000e+00   0  1  1  0  1  1
  164  0.0000000000000e+00  0.0000000000000e+00  4.0407189541429e+04 -3.6233196406134e+06 -0.0000000000000e+00  0.0000000000000e+00   0  1  1  0  0  2
  165  0.0000000000000e+00  0.0000000000000e+00  9.9432812389857e+01 -2.1021642892096e+03 -0.0000000000000e+00  0.0000000000000e+00   0  1  0  3  0  0
  166  0.0000000000000e+00  0.0000000000000e+00  0.0000000000000e+00  0.0000000000000e+00 -0.0000000000000e+00  0.0000000000000e+00   0  1  0  2  1  0
  167  2.2991512681705e+03 -7.9003713189147e+02  0.0000000000000e+00  0.0000000000000e+00  2.5342104537902e+03  0.0000000000000e+00   0  1  0  2  0  1
  168  0.0000000000000e+00  0.0000000000000e+00  0.0000000000000e+00  0.0000000000000e+00 -0.0000000000000e+00  0.0000000000000e+00   0  1  0  1  2  0
  169  0.0000000000000e+00  0.0000000000000e+00  0.0000000000000e+00  0.0000000000000e+00 -0.0000000000000e+00  0.0000000000000e+00   0  1  0  1  1  1
  170  0.0000000000000e+00  0.0000000000000e+00 -2.7533311890796e+03 -3.1536226498994e+03 -0.0000000000000e+00  0.0000000000000e+00   0  1  0  1  0  2
  171  0.0000000000000e+00  0.0000000000000e+00  0.0000000000000e+00  0.0000000000000e+00 -0.0000000000000e+00  0.0000000000000e+00   0  1  0  0  3  0
  172  0.0000000000000e+00  0.0000000000000e+00  0.0000000000000e+00  0.0000000000000e+00 -0.0000000000000e+00  0.0000000000000e+00   0  1  0  0  2  1
  173  0.0000000000000e+00  0.0000000000000e+00  0.0000000000000e+00  0.0000000000000e+00 -0.0000000000000e+00  0.0000000000000e+00   0  1  0  0  1  2
  174  1.2153072953639e+04 -4.3542360270558e+03  0.0000000000000e+00  0.0000000000000e+00  1.7112857565454e+04  0.0000000000000e+00   0  1  0  0  0  3
  175  2.9710100576653e+07 -2.4793143305798e+07  0.0000000000000e+00  0.0000000000000e+00  9.6920860474054e+06  0.0000000000000e+00   0  0  4  0  0  0
  176 -1.2562198722712e+06 -1.0016025596159e+06  0.0000000000000e+00  0.0000000000000e+00 -5.9982400668532e+05  0.0000000000000e+00   0  0  3  1  0  0
  177  0.0000000000000e+00  0.0000000000000e+00  0.0000000000000e+00  0.0000000000000e+00 -0.0000000000000e+00  0.0000000000000e+00   0  0  3  0  1  0
  178  0.0000000000000e+00  0.0000000000000e+00 -4.9358330280862e+04 -1.3133179208215e+05 -0.0000000000000e+00  0.0000000000000e+00   0  0  3  0  0  1
  179  3.4944004177575e+04 -6.6514262427356e+04  0.0000000000000e+00  0.0000000000000e+00 -1.6046475232604e+03  0.0000000000000e+00   0  0  2  2  0  0
  180  0.0000000000000e+00  0.0000000000000e+00  0.0000000000000e+00  0.0000000000000e+00 -0.0000000000000e+00  0.0000000000000e+00   0  0  2  1  1  0
  181  0.0000000000000e+00  0.0000000000000e+00 -1.1871616963337e+05  1.2378634604692e+06 -0.0000000000000e+00  0.0000000000000e+00   0  0  2  1  0  1
  182  0.0000000000000e+00  0.0000000000000e+00  0.0000000000000e+00  0.0000000000000e+00 -0.0000000000000e+00  0.0000000000000e+00   0  0  2  0  2  0
  183  0.0000000000000e+00  0.0000000000000e+00  0.0000000000000e+00  0.0000000000000e+00 -0.0000000000000e+00  0.0000000000000e+00   0  0  2  0  1  1
  184  1.0844142888311e+06 -1.3229960948360e+05  0.0000000000000e+00  0.0000000000000e+00 -3.1552981891910e+04  0.0000000000000e+00   0  0  2  0  0  2
  185 -4.0019805967130e+02 -3.0729793515454e+02  0.0000000000000e+00  0.0000000000000e+00  2.9775360152885e+01  0.0000000000000e+00   0  0  1  3  0  0
  186  0.0000000000000e+00  0.0000000000000e+00  0.0000000000000e+00  0.0000000000000e+00 -0.0000000000000e+00  0.0000000000000e+00   0  0  1  2  1  0
  187  0.0000000000000e+00  0.0000000000000e+00  1.4195535942872e+03  4.9812204252429e+04 -0.0000000000000e+00  0.0000000000000e+00   0  0  1  2  0  1
  188  0.0000000000000e+00  0.0000000000000e+00  0.0000000000000e+00  0.0000000000000e+00 -0.0000000000000e+00  0.0000000000000e+00   0  0  1  1  2  0
  189  0.0000000000000e+00  0.0000000000000e+00  0.0000000000000e+00  0.0000000000000e+00 -0.0000000000000e+00  0.0000000000000e+00   0  0  1  1  1  1
  190  1.0284485735083e+05 -6.1587919724949e+04  0.0000000000000e+00  0.0000000000000e+00  6.4188408327336e+04  0.0000000000000e+00   0  0  1  1  0  2
  191  0.0000000000000e+00  0.0000000000000e+00  0.0000000000000e+00  0.0000000000000e+00 -0.0000000000000e+00  0.0000000000000e+00   0  0  1  0  3  0
  192  0.0000000000000e+00  0.0000000000000e+00  0.0000000000000e+00  0.0000000000000e+00 -0.0000000000000e+00  0.0000000000000e+00   0  0  1  0  2  1
  193  0.0000000000000e+00  0.0000000000000e+00  0.0000000000000e+00  0.0000000000000e+00 -0.0000000000000e+00  0.0000000000000e+00   0  0  1  0  1  2
  194  0.0000000000000e+00  0.0000000000000e+00 -2.8069229817951e+04  1.8136040836703e+05 -0.0000000000000e+00  0.0000000000000e+00   0  0  1  0  0  3
  195  1.8428865319840e+01  5.4794002311893e+00  0.0000000000000e+00  0.0000000000000e+00  8.3609357696873e+00  0.0000000000000e+00   0  0  0  4  0  0
  196  0.0000000000000e+00  0.0000000000000e+00  0.0000000000000e+00  0.0000000000000e+00 -0.0000000000000e+00  0.0000000000000e+00   0  0  0  3  1  0
  197  0.0000000000000e+00  0.0000000000000e+00 -1.6217417332710e+01  1.0992795250188e+03 -0.0000000000000e+00  0.0000000000000e+00   0  0  0  3  0  1
  198  0.0000000000000e+00  0.0000000000000e+00  0.0000000000000e+00  0.0000000000000e+00 -0.0000000000000e+00  0.0000000000000e+00   0  0  0  2  2  0
  199  0.0000000000000e+00  0.0000000000000e+00  0.0000000000000e+00  0.0000000000000e+00 -0.0000000000000e+00  0.0000000000000e+00   0  0  0  2  1  1
  200 -1.3160662782923e+03 -2.6601617784435e+02  0.0000000000000e+00  0.0000000000000e+00  2.6278252707300e+02  0.0000000000000e+00   0  0  0  2  0  2
  201  0.0000000000000e+00  0.0000000000000e+00  0.0000000000000e+00  0.0000000000000e+00 -0.0000000000000e+00  0.0000000000000e+00   0  0  0  1  3  0
  202  0.0000000000000e+00  0.0000000000000e+00  0.0000000000000e+00  0.0000000000000e+00 -0.0000000000000e+00  0.0000000000000e+00   0  0  0  1  2  1
  203  0.0000000000000e+00  0.0000000000000e+00  0.0000000000000e+00  0.0000000000000e+00 -0.0000000000000e+00  0.0000000000000e+00   0  0  0  1  1  2
  204  0.0000000000000e+00  0.0000000000000e+00 -2.9278350612274e+02 -6.1609329734896e+03 -0.0000000000000e+00  0.0000000000000e+00   0  0  0  1  0  3
  205  0.0000000000000e+00  0.0000000000000e+00  0.0000000000000e+00  0.0000000000000e+00 -0.0000000000000e+00  0.0000000000000e+00   0  0  0  0  4  0
  206  0.0000000000000e+00  0.0000000000000e+00  0.0000000000000e+00  0.0000000000000e+00 -0.0000000000000e+00  0.0000000000000e+00   0  0  0  0  3  1
  207  0.0000000000000e+00  0.0000000000000e+00  0.0000000000000e+00  0.0000000000000e+00 -0.0000000000000e+00  0.0000000000000e+00   0  0  0  0  2  2
  208  0.0000000000000e+00  0.0000000000000e+00  0.0000000000000e+00  0.0000000000000e+00 -0.0000000000000e+00  0.0000000000000e+00   0  0  0  0  1  3
  209  4.9776549040723e+02 -7.8981295804765e+02  0.0000000000000e+00  0.0000000000000e+00 -2.6988260399828e+03  0.0000000000000e+00   0  0  0  0  0  4
