A D/README////
A D/alien////
A D/asimage////
A D/base////
A D/build////
A D/chirp////
A D/cint////
A D/clarens////
A D/clib////
A D/config////
A D/cont////
A D/dcache////
A D/eg////
A D/etc////
A D/foam////
A D/fonts////
A D/freetype////
A D/fumili////
A D/g3d////
A D/ged////
A D/gedold////
A D/geom////
A D/geompainter////
A D/gl////
A D/globusauth////
A D/gpad////
A D/graf////
A D/gui////
A D/guibuilder////
A D/hbook////
A D/hist////
A D/histpainter////
A D/html////
A D/icons////
A D/krb5auth////
A D/ldap////
A D/mac////
A D/macros////
A D/main////
A D/man////
A D/matrix////
A D/mc////
A D/meta////
A D/metautils////
A D/minuit////
A D/mlp////
A D/mysql////
A D/net////
A D/netx////
A D/new////
A D/newdelete////
A D/oracle////
A D/peac////
A D/pgsql////
A D/physics////
A D/postscript////
A D/proof////
A D/proofd////
A D/pyroot////
A D/pythia////
A D/pythia6////
A D/qt////
A D/qtroot////
A D/quadp////
A D/rfio////
A D/rint////
A D/rootd////
A D/roots////
A D/rootx////
A D/rpdutils////
A D/ruby////
A D/sapdb////
A D/srputils////
A D/star////
A D/table////
A D/test////
A D/thread////
A D/tree////
A D/treeplayer////
A D/treeviewer////
A D/tutorials////
A D/unix////
A D/utils////
A D/venus////
A D/vmc////
A D/vms////
A D/win32////
A D/win32gdk////
A D/win32ttf////
A D/winnt////
A D/x11////
A D/x11ttf////
A D/x3d////
A D/xml////
A D/xmlparser////
A D/xrootd////
A D/zip////
