#-----------------------------------------------------------------------------------------------------------------------
#     suml         betax           alfax      mux        dx         betay      alfay      muy        dy         name      
#-----------------------------------------------------------#-----------------------------------------------------------
    0   4.0000000e-02  1.907e+00 -2.840e+00  1.401e-01  0.000e+00  6.331e+00 -6.677e+00  4.145e-02  0.000e+00           
    1   9.5875000e-02  2.190e+00 -2.198e+00  3.113e-01  0.000e+00  7.258e+00 -1.004e+01  9.344e-02  0.000e+00 q130      
    2   1.5175000e-01  2.390e+00 -1.355e+00  4.642e-01  0.000e+00  8.610e+00 -1.435e+01  1.380e-01  0.000e+00 q130      
    3   2.0762500e-01  2.489e+00 -3.884e-01  6.076e-01  0.000e+00  1.051e+01 -1.998e+01  1.751e-01  0.000e+00 q130      
    4   2.6350000e-01  2.476e+00  6.140e-01  7.485e-01  0.000e+00  1.314e+01 -2.746e+01  2.050e-01  0.000e+00 q130      
    5   3.3800000e-01  2.388e+00  5.725e-01  9.410e-01  0.000e+00  1.755e+01 -3.174e+01  2.359e-01  0.000e+00           
    6   3.9387500e-01  2.433e+00 -1.402e+00  1.088e+00  0.000e+00  2.039e+01 -1.822e+01  2.543e-01  0.000e+00 q131      
    7   4.4975000e-01  2.710e+00 -3.633e+00  1.226e+00  0.000e+00  2.151e+01 -1.441e+00  2.709e-01  0.000e+00 q131      
    8   5.0562500e-01  3.270e+00 -6.534e+00  1.344e+00  0.000e+00  2.070e+01  1.559e+01  2.874e-01  0.000e+00 q131      
    9   5.6150000e-01  4.215e+00 -1.064e+01  1.440e+00  0.000e+00  1.812e+01  2.985e+01  3.054e-01  0.000e+00 q131      
   10   5.6150000e-01  4.215e+00 -1.064e+01  1.440e+00  0.000e+00  1.812e+01  2.985e+01  3.054e-01  0.000e+00 kdr       
   11   6.3600000e-01  5.950e+00 -1.265e+01  1.533e+00  0.000e+00  1.395e+01  2.618e+01  3.349e-01  0.000e+00           
   12   6.9187500e-01  7.253e+00 -1.045e+01  1.586e+00  0.000e+00  1.152e+01  1.764e+01  3.627e-01  0.000e+00 q132      
   13   7.4775000e-01  8.242e+00 -7.074e+00  1.632e+00  0.000e+00  9.932e+00  1.114e+01  3.956e-01  0.000e+00 q132      
   14   8.0362500e-01  8.805e+00 -2.898e+00  1.673e+00  0.000e+00  8.989e+00  5.906e+00  4.330e-01  0.000e+00 q132      
   15   8.5950000e-01  8.878e+00  1.605e+00  1.712e+00  0.000e+00  8.587e+00  1.355e+00  4.731e-01  0.000e+00 q132      
   16   8.5950000e-01  8.878e+00  1.605e+00  1.712e+00  0.000e+00  8.587e+00  1.355e+00  4.731e-01  0.000e+00 kdr       
   17   1.7458500e+00  6.349e+00  1.248e+00  2.456e+00  0.000e+00  6.444e+00  1.062e+00  1.224e+00  0.000e+00           
   18   1.7458500e+00  6.349e+00  1.248e+00  2.456e+00  0.000e+00  6.444e+00  1.062e+00  1.224e+00  0.000e+00 kdr       
   19   2.1890250e+00  5.322e+00  1.069e+00  2.935e+00  0.000e+00  5.568e+00  9.158e-01  1.689e+00  0.000e+00           
   20   2.1890250e+00  5.322e+00  1.069e+00  2.935e+00  0.000e+00  5.568e+00  9.158e-01  1.689e+00  0.000e+00 kdr       
   21   2.6322000e+00  4.454e+00  8.909e-01  3.508e+00  0.000e+00  4.821e+00  7.694e-01  2.227e+00  0.000e+00           
   22   2.6322000e+00  4.454e+00  8.909e-01  3.508e+00  0.000e+00  4.821e+00  7.694e-01  2.227e+00  0.000e+00 kdr       
   23   2.6600750e+00  4.395e+00  1.223e+00  3.547e+00  0.000e+00  4.789e+00  3.863e-01  2.263e+00  0.000e+00 q140      
   24   2.6879500e+00  4.317e+00  1.545e+00  3.588e+00  0.000e+00  4.778e+00  6.491e-03  2.300e+00  0.000e+00 q140      
   25   2.7158250e+00  4.223e+00  1.853e+00  3.629e+00  0.000e+00  4.788e+00 -3.732e-01  2.337e+00  0.000e+00 q140      
   26   2.7437000e+00  4.111e+00  2.146e+00  3.671e+00  0.000e+00  4.819e+00 -7.562e-01  2.373e+00  0.000e+00 q140      
   27   2.8189500e+00  3.796e+00  2.043e+00  3.790e+00  0.000e+00  4.935e+00 -7.808e-01  2.470e+00  0.000e+00           
   28   2.8748250e+00  3.600e+00  1.479e+00  3.885e+00  0.000e+00  4.986e+00 -1.191e-01  2.541e+00  0.000e+00 q141      
   29   2.9307000e+00  3.464e+00  9.593e-01  3.985e+00  0.000e+00  4.962e+00  5.462e-01  2.611e+00  0.000e+00 q141      
   30   2.9865750e+00  3.384e+00  4.692e-01  4.088e+00  0.000e+00  4.864e+00  1.195e+00  2.683e+00  0.000e+00 q141      
   31   2.9865750e+00  3.384e+00  4.692e-01  4.088e+00  0.000e+00  4.864e+00  1.195e+00  2.683e+00  0.000e+00 kdr       
   32   3.0424500e+00  3.358e+00 -6.636e-03  4.192e+00  0.000e+00  4.696e+00  1.807e+00  2.756e+00  0.000e+00 q141      
   33   3.1177000e+00  3.361e+00 -2.904e-02  4.333e+00  0.000e+00  4.429e+00  1.739e+00  2.860e+00  0.000e+00           
   34   3.1455750e+00  3.356e+00  2.251e-01  4.385e+00  0.000e+00  4.342e+00  1.375e+00  2.900e+00  0.000e+00 q142      
   35   3.1734500e+00  3.336e+00  4.772e-01  4.437e+00  0.000e+00  4.275e+00  1.022e+00  2.940e+00  0.000e+00 q142      
   36   3.2013250e+00  3.302e+00  7.252e-01  4.490e+00  0.000e+00  4.228e+00  6.788e-01  2.982e+00  0.000e+00 q142      
   37   3.2292000e+00  3.255e+00  9.669e-01  4.543e+00  0.000e+00  4.200e+00  3.412e-01  3.023e+00  0.000e+00 q142      
   38   3.3327000e+00  3.061e+00  9.054e-01  4.749e+00  0.000e+00  4.132e+00  3.137e-01  3.179e+00  0.000e+00           
   39   3.4442776e+00  2.863e+00  8.746e-01  4.986e+00  2.077e-03  4.065e+00  2.840e-01  3.350e+00  0.000e+00 bcbend1hi 
   40   3.4442776e+00  2.863e+00  8.746e-01  4.986e+00  2.077e-03  4.065e+00  2.840e-01  3.350e+00  0.000e+00 kctf1     
   41   3.5558551e+00  2.671e+00  7.725e-01  5.240e+00  8.305e-03  4.005e+00  3.540e-01  3.524e+00  0.000e+00 bcbend1ho 
   42   4.1294495e+00  1.982e+00  4.297e-01  6.823e+00  5.110e-02  3.692e+00  1.928e-01  4.465e+00  0.000e+00           
   43   4.1294495e+00  1.982e+00  4.297e-01  6.823e+00  5.110e-02  3.692e+00  1.928e-01  4.465e+00  0.000e+00 kdr       
   44   4.2227644e+00  1.915e+00  3.456e-01  7.124e+00  5.643e-02  3.638e+00  2.750e-01  4.625e+00  0.000e+00 bcbend2hi 
   45   4.2227644e+00  1.915e+00  3.456e-01  7.124e+00  5.643e-02  3.638e+00  2.750e-01  4.625e+00  0.000e+00 kctf2     
   46   4.3160793e+00  1.853e+00  3.185e-01  7.435e+00  5.821e-02  3.589e+00  2.474e-01  4.787e+00  0.000e+00 bcbend2ho 
   47   4.4093941e+00  1.796e+00  2.897e-01  7.756e+00  5.643e-02  3.545e+00  2.198e-01  4.952e+00  0.000e+00 bcbend3hi 
   48   4.4093941e+00  1.796e+00  2.897e-01  7.756e+00  5.643e-02  3.545e+00  2.198e-01  4.952e+00  0.000e+00 kctf3     
   49   4.5027090e+00  1.745e+00  2.074e-01  8.088e+00  5.110e-02  3.507e+00  2.965e-01  5.118e+00  0.000e+00 bcbend3ho 
   50   4.5027090e+00  1.745e+00  2.074e-01  8.088e+00  5.110e-02  3.507e+00  2.965e-01  5.118e+00  0.000e+00 kdr       
   51   5.0763034e+00  1.704e+00 -1.354e-01  1.022e+01  8.304e-03  3.269e+00  1.186e-01  6.188e+00  0.000e+00           
   52   5.1878809e+00  1.748e+00 -2.237e-01  1.062e+01  2.076e-03  3.228e+00  1.644e-01  6.404e+00  0.000e+00 bcbend4hi 
   53   5.1878809e+00  1.748e+00 -2.237e-01  1.062e+01  2.076e-03  3.228e+00  1.644e-01  6.404e+00  0.000e+00 kctf4     
   54   5.2994585e+00  1.803e+00 -2.683e-01  1.102e+01 -1.180e-06  3.195e+00  1.289e-01  6.622e+00  0.000e+00 bcbend4ho 
   55   5.2994585e+00  1.803e+00 -2.683e-01  1.102e+01 -1.180e-06  3.195e+00  1.289e-01  6.622e+00  0.000e+00 kdr       
   56   5.3822085e+00  1.852e+00 -3.175e-01  1.130e+01 -1.279e-06  3.176e+00  1.026e-01  6.785e+00  0.000e+00           
   57   5.4380835e+00  1.858e+00  2.103e-01  1.149e+01 -1.335e-06  3.219e+00 -8.767e-01  6.895e+00  0.000e+00 q160      
   58   5.4939585e+00  1.805e+00  7.240e-01  1.168e+01 -1.369e-06  3.374e+00 -1.915e+00  7.002e+00  0.000e+00 q160      
   59   5.5498335e+00  1.698e+00  1.189e+00  1.188e+01 -1.379e-06  3.652e+00 -3.083e+00  7.102e+00  0.000e+00 q160      
   60   5.5498335e+00  1.698e+00  1.189e+00  1.188e+01 -1.379e-06  3.652e+00 -3.083e+00  7.102e+00  0.000e+00 kdr       
   61   5.6057085e+00  1.543e+00  1.575e+00  1.210e+01 -1.367e-06  4.071e+00 -4.459e+00  7.194e+00  0.000e+00 q160      
   62   5.6802085e+00  1.320e+00  1.407e+00  1.243e+01 -1.334e-06  4.764e+00 -4.841e+00  7.300e+00  0.000e+00           
   63   5.7360835e+00  1.213e+00  5.382e-01  1.271e+01 -1.333e-06  5.145e+00 -1.899e+00  7.371e+00  0.000e+00 q161      
   64   5.7919585e+00  1.197e+00 -2.553e-01  1.300e+01 -1.379e-06  5.179e+00  1.303e+00  7.438e+00  0.000e+00 q161      
   65   5.8478335e+00  1.271e+00 -1.085e+00  1.329e+01 -1.472e-06  4.860e+00  4.326e+00  7.508e+00  0.000e+00 q161      
   66   5.9037085e+00  1.445e+00 -2.066e+00  1.355e+01 -1.617e-06  4.234e+00  6.756e+00  7.585e+00  0.000e+00 q161      
   67   5.9782085e+00  1.773e+00 -2.338e+00  1.384e+01 -1.846e-06  3.288e+00  5.935e+00  7.710e+00  0.000e+00           
   68   6.0340835e+00  2.013e+00 -1.921e+00  1.403e+01 -2.001e-06  2.709e+00  4.496e+00  7.828e+00  0.000e+00 q162      
   69   6.0899585e+00  2.198e+00 -1.373e+00  1.419e+01 -2.122e-06  2.272e+00  3.367e+00  7.970e+00  0.000e+00 q162      
   70   6.1458335e+00  2.316e+00 -7.310e-01  1.435e+01 -2.207e-06  1.948e+00  2.470e+00  8.137e+00  0.000e+00 q162      
   71   6.2017085e+00  2.359e+00 -3.934e-02  1.450e+01 -2.254e-06  1.713e+00  1.744e+00  8.330e+00  0.000e+00 q162      
   72   6.2017085e+00  2.359e+00 -3.934e-02  1.450e+01 -2.254e-06  1.713e+00  1.744e+00  8.330e+00  0.000e+00 kdr       
   73   6.7972085e+00  2.557e+00 -2.921e-01  1.604e+01 -2.549e-06  4.726e-01  3.393e-01  1.287e+01  0.000e+00           
   74   6.7972085e+00  2.557e+00 -2.921e-01  1.604e+01 -2.549e-06  4.726e-01  3.393e-01  1.287e+01  0.000e+00 kdr       
   75   7.0479023e+00  2.730e+00 -3.986e-01  1.663e+01 -2.673e-06  4.508e-01 -2.522e-01  1.648e+01  0.000e+00           
   76   7.0479023e+00  2.730e+00 -3.986e-01  1.663e+01 -2.673e-06  4.508e-01 -2.522e-01  1.648e+01  0.000e+00 kdr       
   77   7.5481420e+00  3.235e+00 -6.109e-01  1.770e+01 -2.921e-06  1.293e+00 -1.432e+00  2.097e+01  0.000e+00           
   78   7.5481420e+00  3.235e+00 -6.109e-01  1.770e+01 -2.921e-06  1.293e+00 -1.432e+00  2.097e+01  0.000e+00 kdr       
   79   8.1988358e+00  4.210e+00 -8.871e-01  1.881e+01 -3.243e-06  4.157e+00 -2.968e+00  2.276e+01  0.000e+00           
   80   8.1988358e+00  4.210e+00 -8.871e-01  1.881e+01 -3.243e-06  4.157e+00 -2.968e+00  2.276e+01  0.000e+00 kdr       
   81   8.1988358e+00  4.210e+00 -8.871e-01  1.881e+01 -3.243e-06  4.157e+00 -2.968e+00  2.276e+01  0.000e+00 mbunlen   
   82   8.5988358e+00  4.987e+00 -1.057e+00  1.936e+01 -3.441e-06  6.908e+00 -3.911e+00  2.323e+01  0.000e+00           
   83   8.6547108e+00  4.986e+00  1.082e+00  1.943e+01 -3.428e-06  7.527e+00 -7.255e+00  2.327e+01  0.000e+00 q170      
   84   8.6547108e+00  4.986e+00  1.082e+00  1.943e+01 -3.428e-06  7.527e+00 -7.255e+00  2.327e+01  0.000e+00 kdr       
   85   8.7105858e+00  4.749e+00  3.117e+00  1.950e+01 -3.332e-06  8.556e+00 -1.130e+01  2.332e+01  0.000e+00 q170      
   86   8.7664608e+00  4.300e+00  4.855e+00  1.958e+01 -3.156e-06  1.009e+01 -1.644e+01  2.336e+01  0.000e+00 q170      
   87   8.8223358e+00  3.682e+00  6.130e+00  1.967e+01 -2.904e-06  1.229e+01 -2.318e+01  2.339e+01  0.000e+00 q170      
   88   8.8968358e+00  2.826e+00  5.349e+00  1.981e+01 -2.521e-06  1.599e+01 -2.644e+01  2.342e+01  0.000e+00           
   89   8.9527108e+00  2.369e+00  2.949e+00  1.995e+01 -2.286e-06  1.830e+01 -1.443e+01  2.344e+01  0.000e+00 q171      
   90   9.0085858e+00  2.148e+00  1.071e+00  2.010e+01 -2.152e-06  1.912e+01  6.905e-02  2.346e+01  0.000e+00 q171      
   91   9.0085858e+00  2.148e+00  1.071e+00  2.010e+01 -2.152e-06  1.912e+01  6.905e-02  2.346e+01  0.000e+00 kdr       
   92   9.0644608e+00  2.123e+00 -6.173e-01  2.027e+01 -2.112e-06  1.829e+01  1.455e+01  2.348e+01  0.000e+00 q171      
   93   9.1203358e+00  2.290e+00 -2.415e+00  2.043e+01 -2.164e-06  1.596e+01  2.654e+01  2.350e+01  0.000e+00 q171      
   94   9.1948358e+00  2.666e+00 -2.637e+00  2.062e+01 -2.295e-06  1.225e+01  2.324e+01  2.353e+01  0.000e+00           
   95   9.2507108e+00  2.910e+00 -1.695e+00  2.075e+01 -2.370e-06  1.002e+01  1.702e+01  2.357e+01  0.000e+00 q172      
   96   9.3065858e+00  3.040e+00 -6.101e-01  2.086e+01 -2.394e-06  8.392e+00  1.226e+01  2.360e+01  0.000e+00 q172      
   97   9.3624608e+00  3.045e+00  5.261e-01  2.098e+01 -2.367e-06  7.239e+00  8.534e+00  2.365e+01  0.000e+00 q172      
   98   9.4183358e+00  2.924e+00  1.618e+00  2.110e+01 -2.291e-06  6.458e+00  5.539e+00  2.370e+01  0.000e+00 q172      
   99   9.4183358e+00  2.924e+00  1.618e+00  2.110e+01 -2.291e-06  6.458e+00  5.539e+00  2.370e+01  0.000e+00 kdr       
  100   1.0253336e+01  1.084e+00  5.848e-01  2.416e+01 -7.815e-07  6.283e-01  1.443e+00  2.639e+01  0.000e+00           
  101   1.0253336e+01  1.084e+00  5.848e-01  2.416e+01 -7.815e-07  6.283e-01  1.443e+00  2.639e+01  0.000e+00 motr      
  102   1.0253336e+01  1.084e+00  5.848e-01  2.416e+01 -7.815e-07  6.283e-01  1.443e+00  2.639e+01  0.000e+00 kdr       
  103   1.1088336e+01  9.706e-01 -4.485e-01  3.014e+01  7.280e-07  1.639e+00 -2.653e+00  4.005e+01  0.000e+00           
  104   1.1088336e+01  9.706e-01 -4.485e-01  3.014e+01  7.280e-07  1.639e+00 -2.653e+00  4.005e+01  0.000e+00 m1out     
  105   1.1144211e+01  1.001e+00 -8.416e-02  3.049e+01  8.199e-07  1.995e+00 -3.776e+00  4.025e+01  0.000e+00 q170      
  106   1.1144211e+01  1.001e+00 -8.416e-02  3.049e+01  8.199e-07  1.995e+00 -3.776e+00  4.025e+01  0.000e+00 kdr       
  107   1.1200086e+01  9.892e-01  2.882e-01  3.084e+01  8.921e-07  2.496e+00 -5.266e+00  4.041e+01  0.000e+00 q170      
  108   1.1255961e+01  9.373e-01  6.330e-01  3.121e+01  9.429e-07  3.191e+00 -7.266e+00  4.053e+01  0.000e+00 q170      
  109   1.1311836e+01  8.499e-01  9.175e-01  3.160e+01  9.711e-07  4.146e+00 -9.970e+00  4.063e+01  0.000e+00 q170      
  110   1.1386336e+01  7.253e-01  7.560e-01  3.220e+01  9.932e-07  5.766e+00 -1.177e+01  4.072e+01  0.000e+00           
  111   1.1442211e+01  6.773e-01  1.156e-01  3.270e+01  1.032e-06  6.871e+00 -7.704e+00  4.078e+01  0.000e+00 q171      
  112   1.1498086e+01  6.987e-01 -5.044e-01  3.321e+01  1.115e-06  7.439e+00 -2.310e+00  4.083e+01  0.000e+00 q171      
  113   1.1498086e+01  6.987e-01 -5.044e-01  3.321e+01  1.115e-06  7.439e+00 -2.310e+00  4.083e+01  0.000e+00 kdr       
  114   1.1553961e+01  7.933e-01 -1.214e+00  3.369e+01  1.248e-06  7.372e+00  3.481e+00  4.087e+01  0.000e+00 q171      
  115   1.1609836e+01  9.779e-01 -2.138e+00  3.409e+01  1.435e-06  6.683e+00  8.674e+00  4.092e+01  0.000e+00 q171      
  116   1.1684336e+01  1.328e+00 -2.562e+00  3.450e+01  1.724e-06  5.454e+00  7.824e+00  4.100e+01  0.000e+00           
  117   1.1740211e+01  1.600e+00 -2.272e+00  3.474e+01  1.922e-06  4.719e+00  5.416e+00  4.107e+01  0.000e+00 q172      
  118   1.1796086e+01  1.829e+00 -1.791e+00  3.495e+01  2.079e-06  4.226e+00  3.469e+00  4.115e+01  0.000e+00 q172      
  119   1.1851961e+01  1.995e+00 -1.160e+00  3.513e+01  2.192e-06  3.933e+00  1.819e+00  4.124e+01  0.000e+00 q172      
  120   1.1907836e+01  2.084e+00 -4.306e-01  3.530e+01  2.260e-06  3.814e+00  3.232e-01  4.133e+01  0.000e+00 q172      
  121   1.1907836e+01  2.084e+00 -4.306e-01  3.530e+01  2.260e-06  3.814e+00  3.232e-01  4.133e+01  0.000e+00 kdr       
  122   1.2742836e+01  3.200e+00 -9.055e-01  3.737e+01  2.907e-06  3.476e+00  8.139e-02  4.278e+01  0.000e+00           
  123   1.2742836e+01  3.200e+00 -9.055e-01  3.737e+01  2.907e-06  3.476e+00  8.139e-02  4.278e+01  0.000e+00 kdr       
  124   1.3142836e+01  4.015e+00 -1.133e+00  3.807e+01  3.217e-06  3.457e+00 -3.444e-02  4.351e+01  0.000e+00           
  125   1.3198711e+01  4.046e+00  5.897e-01  3.816e+01  3.221e-06  3.546e+00 -1.564e+00  4.361e+01  0.000e+00 q170      
  126   1.3198711e+01  4.046e+00  5.897e-01  3.816e+01  3.221e-06  3.546e+00 -1.564e+00  4.361e+01  0.000e+00 kdr       
  127   1.3254586e+01  3.886e+00  2.256e+00  3.825e+01  3.149e-06  3.813e+00 -3.245e+00  4.370e+01  0.000e+00 q170      
  128   1.3310461e+01  3.550e+00  3.707e+00  3.834e+01  3.000e-06  4.283e+00 -5.241e+00  4.379e+01  0.000e+00 q170      
  129   1.3366336e+01  3.070e+00  4.805e+00  3.845e+01  2.780e-06  5.003e+00 -7.745e+00  4.387e+01  0.000e+00 q170      
  130   1.3440836e+01  2.398e+00  4.220e+00  3.862e+01  2.441e-06  6.224e+00 -8.653e+00  4.395e+01  0.000e+00           
  131   1.3496711e+01  2.043e+00  2.216e+00  3.878e+01  2.238e-06  6.934e+00 -3.852e+00  4.400e+01  0.000e+00 q171      
  132   1.3552586e+01  1.888e+00  6.044e-01  3.896e+01  2.132e-06  7.061e+00  1.612e+00  4.405e+01  0.000e+00 q171      
  133   1.3552586e+01  1.888e+00  6.044e-01  3.896e+01  2.132e-06  7.061e+00  1.612e+00  4.405e+01  0.000e+00 kdr       
  134   1.3608461e+01  1.904e+00 -9.006e-01  3.915e+01  2.121e-06  6.584e+00  6.798e+00  4.411e+01  0.000e+00 q171      
  135   1.3664336e+01  2.095e+00 -2.565e+00  3.933e+01  2.202e-06  5.585e+00  1.082e+01  4.416e+01  0.000e+00 q171      
  136   1.3738836e+01  2.497e+00 -2.834e+00  3.953e+01  2.373e-06  4.091e+00  9.242e+00  4.426e+01  0.000e+00           
  137   1.3794711e+01  2.768e+00 -1.982e+00  3.966e+01  2.476e-06  3.197e+00  6.867e+00  4.436e+01  0.000e+00 q172      
  138   1.3850586e+01  2.934e+00 -9.626e-01  3.979e+01  2.526e-06  2.534e+00  5.078e+00  4.448e+01  0.000e+00 q172      
  139   1.3906461e+01  2.980e+00  1.376e-01  3.990e+01  2.523e-06  2.046e+00  3.722e+00  4.464e+01  0.000e+00 q172      
  140   1.3962336e+01  2.904e+00  1.226e+00  4.002e+01  2.467e-06  1.691e+00  2.683e+00  4.483e+01  0.000e+00 q172      
  141   1.3962336e+01  2.904e+00  1.226e+00  4.002e+01  2.467e-06  1.691e+00  2.683e+00  4.483e+01  0.000e+00 kdr       
  142   1.4797336e+01  1.457e+00  5.063e-01  4.265e+01  1.233e-06  5.911e-01 -1.366e+00  5.835e+01  0.000e+00           
  143   1.4797336e+01  1.457e+00  5.063e-01  4.265e+01  1.233e-06  5.911e-01 -1.366e+00  5.835e+01  0.000e+00 kdr       
  144   1.5197336e+01  1.190e+00  1.614e-01  4.459e+01  6.419e-07  2.460e+00 -3.306e+00  6.048e+01  0.000e+00           
  145   1.5253211e+01  1.147e+00  6.101e-01  4.489e+01  5.520e-07  2.910e+00 -4.817e+00  6.061e+01  0.000e+00 q170      
  146   1.5253211e+01  1.147e+00  6.101e-01  4.489e+01  5.520e-07  2.910e+00 -4.817e+00  6.061e+01  0.000e+00 kdr       
  147   1.5309086e+01  1.056e+00  1.001e+00  4.521e+01  4.488e-07  3.554e+00 -6.795e+00  6.072e+01  0.000e+00 q170      
  148   1.5364961e+01  9.265e-01  1.296e+00  4.556e+01  3.348e-07  4.453e+00 -9.431e+00  6.081e+01  0.000e+00 q170      
  149   1.5420836e+01  7.709e-01  1.467e+00  4.597e+01  2.128e-07  5.696e+00 -1.298e+01  6.088e+01  0.000e+00 q170      
  150   1.5495336e+01  5.750e-01  1.162e+00  4.668e+01  4.614e-08  7.795e+00 -1.520e+01  6.095e+01  0.000e+00           
  151   1.5551211e+01  4.796e-01  5.682e-01  4.735e+01 -7.879e-08  9.201e+00 -9.598e+00  6.099e+01  0.000e+00 q171      
  152   1.5607086e+01  4.442e-01  7.451e-02  4.812e+01 -2.072e-07  9.879e+00 -2.347e+00  6.103e+01  0.000e+00 q171      
  153   1.5607086e+01  4.442e-01  7.451e-02  4.812e+01 -2.072e-07  9.879e+00 -2.347e+00  6.103e+01  0.000e+00 kdr       
  154   1.5662961e+01  4.625e-01 -4.060e-01  4.890e+01 -3.446e-07  9.711e+00  5.307e+00  6.106e+01  0.000e+00 q171      
  155   1.5718836e+01  5.376e-01 -9.584e-01  4.961e+01 -4.971e-07  8.726e+00  1.205e+01  6.110e+01  0.000e+00 q171      
  156   1.5793336e+01  7.002e-01 -1.224e+00  5.038e+01 -7.134e-07  7.024e+00  1.080e+01  6.116e+01  0.000e+00           
  157   1.5849211e+01  8.315e-01 -1.108e+00  5.084e+01 -8.676e-07  6.002e+00  7.614e+00  6.121e+01  0.000e+00 q172      
  158   1.5905086e+01  9.444e-01 -8.982e-01  5.123e+01 -1.003e-06  5.298e+00  5.076e+00  6.128e+01  0.000e+00 q172      
  159   1.5960961e+01  1.029e+00 -6.132e-01  5.159e+01 -1.118e-06  4.852e+00  2.970e+00  6.135e+01  0.000e+00 q172      
  160   1.6016836e+01  1.079e+00 -2.765e-01  5.192e+01 -1.209e-06  4.625e+00  1.118e+00  6.142e+01  0.000e+00 q172      
  161   1.6016836e+01  1.079e+00 -2.765e-01  5.192e+01 -1.209e-06  4.625e+00  1.118e+00  6.142e+01  0.000e+00 kdr       
  162   1.6851836e+01  2.237e+00 -1.109e+00  5.548e+01 -2.382e-06  3.097e+00  7.119e-01  6.282e+01  0.000e+00           
  163   1.6851836e+01  2.237e+00 -1.109e+00  5.548e+01 -2.382e-06  3.097e+00  7.119e-01  6.282e+01  0.000e+00 kdr       
  164   1.7251836e+01  3.283e+00 -1.508e+00  5.642e+01 -2.943e-06  2.605e+00  5.173e-01  6.371e+01  0.000e+00           
  165   1.7307711e+01  3.374e+00 -1.008e-01  5.652e+01 -2.986e-06  2.611e+00 -6.243e-01  6.384e+01  0.000e+00 q170      
  166   1.7307711e+01  3.374e+00 -1.008e-01  5.652e+01 -2.986e-06  2.611e+00 -6.243e-01  6.384e+01  0.000e+00 kdr       
  167   1.7363586e+01  3.306e+00  1.316e+00  5.662e+01 -2.957e-06  2.747e+00 -1.826e+00  6.397e+01  0.000e+00 q170      
  168   1.7419461e+01  3.085e+00  2.607e+00  5.673e+01 -2.858e-06  3.026e+00 -3.205e+00  6.409e+01  0.000e+00 q170      
  169   1.7475336e+01  2.732e+00  3.650e+00  5.685e+01 -2.689e-06  3.475e+00 -4.895e+00  6.420e+01  0.000e+00 q170      
  170   1.7549836e+01  2.217e+00  3.259e+00  5.704e+01 -2.421e-06  4.244e+00 -5.430e+00  6.432e+01  0.000e+00           
  171   1.7605711e+01  1.957e+00  1.465e+00  5.721e+01 -2.271e-06  4.673e+00 -2.136e+00  6.440e+01  0.000e+00 q171      
  172   1.7661586e+01  1.880e+00 -7.063e-02  5.740e+01 -2.221e-06  4.708e+00  1.526e+00  6.448e+01  0.000e+00 q171      
  173   1.7661586e+01  1.880e+00 -7.063e-02  5.740e+01 -2.221e-06  4.708e+00  1.526e+00  6.448e+01  0.000e+00 kdr       
  174   1.7717461e+01  1.974e+00 -1.619e+00  5.758e+01 -2.267e-06  4.342e+00  4.925e+00  6.455e+01  0.000e+00 q171      
  175   1.7773336e+01  2.253e+00 -3.453e+00  5.775e+01 -2.413e-06  3.639e+00  7.478e+00  6.464e+01  0.000e+00 q171      
  176   1.7847836e+01  2.799e+00 -3.880e+00  5.794e+01 -2.677e-06  2.611e+00  6.313e+00  6.479e+01  0.000e+00           
  177   1.7903711e+01  3.186e+00 -2.988e+00  5.805e+01 -2.845e-06  2.001e+00  4.692e+00  6.495e+01  0.000e+00 q172      
  178   1.7959586e+01  3.457e+00 -1.844e+00  5.816e+01 -2.953e-06  1.548e+00  3.472e+00  6.515e+01  0.000e+00 q172      
  179   1.8015461e+01  3.592e+00 -5.450e-01  5.826e+01 -2.999e-06  1.214e+00  2.547e+00  6.541e+01  0.000e+00 q172      
  180   1.8071336e+01  3.578e+00  7.996e-01  5.836e+01 -2.982e-06  9.706e-01  1.840e+00  6.573e+01  0.000e+00 q172      
  181   1.8071336e+01  3.578e+00  7.996e-01  5.836e+01 -2.982e-06  9.706e-01  1.840e+00  6.573e+01  0.000e+00 kdr       
  182   1.8906336e+01  2.562e+00  4.170e-01  6.011e+01 -2.247e-06  1.048e+00 -1.932e+00  7.934e+01  0.000e+00           
  183   1.8906336e+01  2.562e+00  4.170e-01  6.011e+01 -2.247e-06  1.048e+00 -1.932e+00  7.934e+01  0.000e+00 kdr       
  184   1.9741336e+01  2.185e+00  3.436e-02  6.238e+01 -1.513e-06  7.425e+00 -5.704e+00  8.125e+01  0.000e+00           
  185   1.9741336e+01  2.185e+00  3.436e-02  6.238e+01 -1.513e-06  7.425e+00 -5.704e+00  8.125e+01  0.000e+00 m1out     
#-----------------------------------------------------------------------------------------------------------------------
#      suml            betax      alfax      mux        dx         betay      alfay      muy        dy         name      
#-----------------------------------------------------------------------------------------------------------------------
