
Parameters.

Define the space of Taylor maps.

Set Lattice .

Beam attributes . 

Generate Transverse distribution
 . 
em1 = 1.22811e-08, sigma1 = 0.00011082

Generate Longitudinal distribution
 . 
ctHalfWidth  = 0.456438, deHalfWidth  = 0.00116937

Calculate rms
 . 
ex1 = 1.23142e-08, ey1 = 1.3155e-08

Estimate beam-beam parameters
 . 
ksi1 = 0.0127451

Matrix Tracker . 

Multipole Tracker . 

Beam-Beam Tracker . 

Noise . 

ROOT graphics . 
xMax  = 0.00135727, yMax  = 0.00135727
ctMax = 0.760729, deMax = 0.00194896

Propagate bunch . 
turn: 0
ex1 = 6.1579e-09, ey1 = 6.57395e-09
sx1 = 7.84723e-05, sy1 = 8.10799e-05
turn: 997
ex1 = 1.23626e-08, ey1 = 1.31441e-08
sx1 = 0.000111187, sy1 = 0.000114648
turn: 1994
ex1 = 1.23595e-08, ey1 = 1.31541e-08
sx1 = 0.000111173, sy1 = 0.000114691
turn: 2991
ex1 = 1.23658e-08, ey1 = 1.3153e-08
sx1 = 0.000111202, sy1 = 0.000114686
turn: 3988
ex1 = 1.23621e-08, ey1 = 1.31515e-08
sx1 = 0.000111185, sy1 = 0.00011468
turn: 4985
ex1 = 1.23556e-08, ey1 = 1.3157e-08
sx1 = 0.000111156, sy1 = 0.000114704
turn: 5982
ex1 = 1.2356e-08, ey1 = 1.31413e-08
sx1 = 0.000111158, sy1 = 0.000114635
turn: 6979
ex1 = 1.23632e-08, ey1 = 1.31435e-08
sx1 = 0.00011119, sy1 = 0.000114645
turn: 7976
ex1 = 1.2359e-08, ey1 = 1.31459e-08
sx1 = 0.000111171, sy1 = 0.000114656
turn: 8973
ex1 = 1.23557e-08, ey1 = 1.31561e-08
sx1 = 0.000111156, sy1 = 0.0001147
turn: 9970
ex1 = 1.23632e-08, ey1 = 1.31512e-08
sx1 = 0.00011119, sy1 = 0.000114679
turn: 10967
ex1 = 1.23623e-08, ey1 = 1.31514e-08
sx1 = 0.000111186, sy1 = 0.000114679
turn: 11964
ex1 = 1.23629e-08, ey1 = 1.31476e-08
sx1 = 0.000111188, sy1 = 0.000114663
turn: 12961
ex1 = 1.2355e-08, ey1 = 1.31482e-08
sx1 = 0.000111153, sy1 = 0.000114666
turn: 13958
ex1 = 1.23628e-08, ey1 = 1.31553e-08
sx1 = 0.000111188, sy1 = 0.000114696
turn: 14955
ex1 = 1.23687e-08, ey1 = 1.31546e-08
sx1 = 0.000111215, sy1 = 0.000114693
turn: 15952
ex1 = 1.23616e-08, ey1 = 1.31522e-08
sx1 = 0.000111183, sy1 = 0.000114683
turn: 16949
ex1 = 1.23513e-08, ey1 = 1.31592e-08
sx1 = 0.000111136, sy1 = 0.000114713
turn: 17946
ex1 = 1.23604e-08, ey1 = 1.31484e-08
sx1 = 0.000111177, sy1 = 0.000114667
turn: 18943
ex1 = 1.23704e-08, ey1 = 1.31485e-08
sx1 = 0.000111222, sy1 = 0.000114667
turn: 19940
ex1 = 1.23606e-08, ey1 = 1.3149e-08
sx1 = 0.000111178, sy1 = 0.000114669
turn: 20937
ex1 = 1.235e-08, ey1 = 1.31488e-08
sx1 = 0.000111131, sy1 = 0.000114668
turn: 21934
ex1 = 1.23596e-08, ey1 = 1.31493e-08
sx1 = 0.000111174, sy1 = 0.00011467
turn: 22931
ex1 = 1.23561e-08, ey1 = 1.31508e-08
sx1 = 0.000111158, sy1 = 0.000114677
turn: 23928
ex1 = 1.23594e-08, ey1 = 1.31461e-08
sx1 = 0.000111173, sy1 = 0.000114656
turn: 24925
ex1 = 1.23561e-08, ey1 = 1.31493e-08
sx1 = 0.000111158, sy1 = 0.00011467
turn: 25922
ex1 = 1.23661e-08, ey1 = 1.31496e-08
sx1 = 0.000111203, sy1 = 0.000114672
turn: 26919
ex1 = 1.23678e-08, ey1 = 1.31522e-08
sx1 = 0.000111211, sy1 = 0.000114683
turn: 27916
ex1 = 1.23558e-08, ey1 = 1.31492e-08
sx1 = 0.000111157, sy1 = 0.00011467
turn: 28913
ex1 = 1.23695e-08, ey1 = 1.31472e-08
sx1 = 0.000111218, sy1 = 0.000114661
turn: 29910
ex1 = 1.23601e-08, ey1 = 1.31464e-08
sx1 = 0.000111176, sy1 = 0.000114658
turn: 30907
ex1 = 1.23484e-08, ey1 = 1.31558e-08
sx1 = 0.000111123, sy1 = 0.000114699
turn: 31904
ex1 = 1.23607e-08, ey1 = 1.315e-08
sx1 = 0.000111179, sy1 = 0.000114673
turn: 32901
ex1 = 1.23603e-08, ey1 = 1.31479e-08
sx1 = 0.000111177, sy1 = 0.000114664
turn: 33898
ex1 = 1.23536e-08, ey1 = 1.3152e-08
sx1 = 0.000111147, sy1 = 0.000114682
turn: 34895
ex1 = 1.23575e-08, ey1 = 1.31368e-08
sx1 = 0.000111164, sy1 = 0.000114616
turn: 35892
ex1 = 1.23593e-08, ey1 = 1.31343e-08
sx1 = 0.000111172, sy1 = 0.000114605
turn: 36889
ex1 = 1.23678e-08, ey1 = 1.31462e-08
sx1 = 0.000111211, sy1 = 0.000114657
turn: 37886
ex1 = 1.23599e-08, ey1 = 1.31433e-08
sx1 = 0.000111175, sy1 = 0.000114644
turn: 38883
ex1 = 1.23599e-08, ey1 = 1.31537e-08
sx1 = 0.000111175, sy1 = 0.00011469
turn: 39880
ex1 = 1.23693e-08, ey1 = 1.31515e-08
sx1 = 0.000111217, sy1 = 0.00011468
turn: 40877
ex1 = 1.23634e-08, ey1 = 1.31396e-08
sx1 = 0.000111191, sy1 = 0.000114628
turn: 41874
ex1 = 1.23632e-08, ey1 = 1.31461e-08
sx1 = 0.00011119, sy1 = 0.000114657
turn: 42871
ex1 = 1.23655e-08, ey1 = 1.31456e-08
sx1 = 0.0001112, sy1 = 0.000114654
turn: 43868
ex1 = 1.23558e-08, ey1 = 1.31477e-08
sx1 = 0.000111157, sy1 = 0.000114663
turn: 44865
ex1 = 1.2362e-08, ey1 = 1.31303e-08
sx1 = 0.000111185, sy1 = 0.000114588
turn: 45862
ex1 = 1.23613e-08, ey1 = 1.31517e-08
sx1 = 0.000111182, sy1 = 0.000114681
turn: 46859
ex1 = 1.23638e-08, ey1 = 1.31445e-08
sx1 = 0.000111193, sy1 = 0.00011465
turn: 47856
ex1 = 1.23561e-08, ey1 = 1.31523e-08
sx1 = 0.000111158, sy1 = 0.000114684
turn: 48853
ex1 = 1.23676e-08, ey1 = 1.31552e-08
sx1 = 0.00011121, sy1 = 0.000114696
turn: 49850
ex1 = 1.23623e-08, ey1 = 1.315e-08
sx1 = 0.000111186, sy1 = 0.000114673
turn: 50847
ex1 = 1.23688e-08, ey1 = 1.31488e-08
sx1 = 0.000111215, sy1 = 0.000114668
turn: 51844
ex1 = 1.23629e-08, ey1 = 1.31578e-08
sx1 = 0.000111189, sy1 = 0.000114708
