ZMap : order = 4 dimension = 4

    1 -1.682086e-08 -1.560309e-08  0.000000e+00  0.000000e+00   0  0  0  0
    2  9.997599e-01 -2.227054e-04  0.000000e+00  0.000000e+00   1  0  0  0
    3  2.155835e+00  9.997599e-01  0.000000e+00  0.000000e+00   0  1  0  0
    4  0.000000e+00  0.000000e+00  9.942213e-01 -5.355447e-03   0  0  1  0
    5  0.000000e+00  0.000000e+00  2.151846e+00  9.942213e-01   0  0  0  1
    6 -1.033407e-06 -2.236409e-06  0.000000e+00  0.000000e+00   2  0  0  0
    7 -1.237376e-02 -4.821793e-06  0.000000e+00  0.000000e+00   1  1  0  0
    8  0.000000e+00  0.000000e+00 -3.519250e-05 -1.651965e-05   1  0  1  0
    9  0.000000e+00  0.000000e+00  1.232413e-02 -6.694671e-05   1  0  0  1
   10 -6.669772e-03  6.183167e-03  0.000000e+00  0.000000e+00   0  2  0  0
   11  0.000000e+00  0.000000e+00 -1.426343e-01 -1.780700e-05   0  1  1  0
   12  0.000000e+00  0.000000e+00  1.328597e-02  1.425241e-01   0  1  0  1
   13  3.727799e-04 -8.384831e-06  0.000000e+00  0.000000e+00   0  0  2  0
   14 -1.417337e-01  3.104132e-05  0.000000e+00  0.000000e+00   0  0  1  1
   15 -1.600653e-01 -6.166889e-03  0.000000e+00  0.000000e+00   0  0  0  2
   16 -6.555248e-03 -6.079914e-03  0.000000e+00  0.000000e+00   3  0  0  0
   17 -1.378081e-02 -1.966246e-02  0.000000e+00  0.000000e+00   2  1  0  0
   18  0.000000e+00  0.000000e+00 -2.462658e-01 -2.279878e-01   2  0  1  0
   19  0.000000e+00  0.000000e+00 -1.770288e-01 -2.462271e-01   2  0  0  1
   20 -1.517776e-02 -2.861489e-02  0.000000e+00  0.000000e+00   1  2  0  0
   21  0.000000e+00  0.000000e+00 -3.549319e-01 -4.915387e-01   1  1  1  0
   22  0.000000e+00  0.000000e+00 -3.819947e-01 -7.068789e-01   1  1  0  1
   23 -2.462652e-01 -2.279891e-01  0.000000e+00  0.000000e+00   1  0  2  0
   24 -3.549266e-01 -4.915427e-01  0.000000e+00  0.000000e+00   1  0  1  1
   25 -1.930990e-01 -3.538783e-01  0.000000e+00  0.000000e+00   1  0  0  2
   26  1.071375e+00 -1.569624e-02  0.000000e+00  0.000000e+00   0  3  0  0
   27  0.000000e+00  0.000000e+00 -2.087705e-01 -3.752476e-01   0  2  1  0
   28  0.000000e+00  0.000000e+00  8.164619e-01 -5.873491e-01   0  2  0  1
   29 -1.547141e-01 -2.453196e-01  0.000000e+00  0.000000e+00   0  1  2  0
   30 -3.385229e-01 -7.049162e-01  0.000000e+00  0.000000e+00   0  1  1  1
   31  8.449056e-01 -5.719292e-01  0.000000e+00  0.000000e+00   0  1  0  2
   32  0.000000e+00  0.000000e+00 -3.790291e+00 -3.502501e+00   0  0  3  0
   33  0.000000e+00  0.000000e+00 -8.167950e+00 -1.132707e+01   0  0  2  1
   34  0.000000e+00  0.000000e+00 -8.817512e+00 -1.630033e+01   0  0  1  2
   35  0.000000e+00  0.000000e+00 -2.734201e+00 -8.806582e+00   0  0  0  3
   36 -2.351316e-05 -6.540385e-05  0.000000e+00  0.000000e+00   4  0  0  0
   37 -8.440871e-02 -2.256052e-04  0.000000e+00  0.000000e+00   3  1  0  0
   38  0.000000e+00  0.000000e+00 -1.678539e-03 -7.304116e-04   3  0  1  0
   39  0.000000e+00  0.000000e+00  8.204275e-02 -3.192699e-03   3  0  0  1
   40 -1.363954e-01  1.262787e-01  0.000000e+00  0.000000e+00   2  2  0  0
   41  0.000000e+00  0.000000e+00 -2.911631e+00 -8.980871e-04   2  1  1  0
   42  0.000000e+00  0.000000e+00  2.674988e-01  2.899045e+00   2  1  0  1
   43  2.492812e-02 -1.112524e-03  0.000000e+00  0.000000e+00   2  0  2  0
   44 -2.853586e+00 -2.143728e-03  0.000000e+00  0.000000e+00   2  0  1  1
   45 -3.251980e+00 -1.307419e-01  0.000000e+00  0.000000e+00   2  0  0  2
   46 -2.198986e-01  2.726792e-01  0.000000e+00  0.000000e+00   1  3  0  0
   47  0.000000e+00  0.000000e+00  2.944815e-01  6.092042e+00   1  2  1  0
   48  0.000000e+00  0.000000e+00  6.162716e-01  1.282574e+01   1  2  0  1
   49 -6.019280e+00  1.453936e-02  0.000000e+00  0.000000e+00   1  1  2  0
   50 -1.295162e+01  5.847360e+00  0.000000e+00  0.000000e+00   1  1  1  1
   51 -1.404070e+01  6.000276e+00  0.000000e+00  0.000000e+00   1  1  0  2
   52  0.000000e+00  0.000000e+00 -2.405510e-02 -4.410289e-03   1  0  3  0
   53  0.000000e+00  0.000000e+00  5.993054e+00 -5.463815e-02   1  0  2  1
   54  0.000000e+00  0.000000e+00  6.409596e+00 -6.216598e+00   1  0  1  2
   55  0.000000e+00  0.000000e+00  4.634683e+00 -6.696630e+00   1  0  0  3
   56 -1.216503e-01  2.019927e-01  0.000000e+00  0.000000e+00   0  4  0  0
   57  0.000000e+00  0.000000e+00  8.555681e-02  6.566944e+00   0  3  1  0
   58  0.000000e+00  0.000000e+00  4.692574e-01  1.406574e+01   0  3  0  1
   59 -3.213891e+00  3.062608e+00  0.000000e+00  0.000000e+00   0  2  2  0
   60 -1.437155e+01  1.286167e+01  0.000000e+00  0.000000e+00   0  2  1  1
   61 -1.551851e+01  1.352289e+01  0.000000e+00  0.000000e+00   0  2  0  2
   62  0.000000e+00  0.000000e+00 -2.295376e+01  3.697240e-01   0  1  3  0
   63  0.000000e+00  0.000000e+00  7.591207e+00  7.115627e+01   0  1  2  1
   64  0.000000e+00  0.000000e+00  1.466067e+01  1.450958e+02   0  1  1  2
   65  0.000000e+00  0.000000e+00  1.019610e+01  9.884300e+01   0  1  0  3
   66  3.108083e-01 -1.281665e-03  0.000000e+00  0.000000e+00   0  0  4  0
   67 -2.192967e+01  5.141759e-02  0.000000e+00  0.000000e+00   0  0  3  1
   68 -7.627226e+01 -2.883428e+00  0.000000e+00  0.000000e+00   0  0  2  2
   69 -1.110994e+02 -6.360900e+00  0.000000e+00  0.000000e+00   0  0  1  3
   70 -6.048451e+01 -4.634816e+00  0.000000e+00  0.000000e+00   0  0  0  4

