PoincareMonitor, design name: mbegin, index: 0
turn = 0
0 2.88658e-06 0 0 0 0 0
turn = 1
0 -2.70198e-06 -7.70565e-06 0 0 4.90366e-07 1.15958e-11
turn = 2
0 2.17183e-06 1.44258e-05 0 0 -9.30585e-07 -1.04101e-11
turn = 3
0 -1.36377e-06 -1.93008e-05 0 0 1.22678e-06 1.85999e-11
turn = 4
0 3.81513e-07 2.17072e-05 0 0 -1.40328e-06 -1.45837e-11
turn = 5
0 6.49832e-07 -2.13373e-05 0 0 1.35107e-06 1.73653e-11
turn = 6
0 -1.59778e-06 1.82382e-05 0 0 -1.18723e-06 -1.07095e-11
turn = 7
0 2.34158e-06 -1.28065e-05 0 0 7.9833e-07 8.16867e-12
turn = 8
0 -2.78578e-06 5.73676e-06 0 0 -3.92766e-07 -1.11917e-12
turn = 9
0 2.8737e-06 2.06668e-06 0 0 -1.60908e-07 -4.92422e-12
turn = 10
0 -2.59406e-06 -9.60576e-06 0 0 5.83597e-07 8.87627e-12
turn = 11
0 1.9827e-06 1.59163e-05 0 0 -1.05452e-06 -1.60603e-11
turn = 12
0 -1.11759e-06 -2.01911e-05 0 0 1.25541e-06 1.36265e-11
turn = 13
0 1.09789e-07 2.18834e-05 0 0 -1.44294e-06 -2.0495e-11
turn = 14
0 9.1235e-07 -2.07768e-05 0 0 1.28683e-06 9.93495e-12
turn = 15
0 -1.81753e-06 1.70128e-05 0 0 -1.13705e-06 -1.69532e-11
turn = 16
0 2.49043e-06 -1.10729e-05 0 0 6.58981e-07 -1.3702e-12
turn = 17
0 -2.84471e-06 3.71666e-06 0 0 -2.9162e-07 -8.26637e-12
turn = 18
0 2.83517e-06 4.11491e-06 0 0 -3.20331e-07 -1.58413e-11
turn = 19
0 -2.46299e-06 -1.14201e-05 0 0 6.71674e-07 4.17784e-14
turn = 20
0 1.77587e-06 1.72648e-05 0 0 -1.16898e-06 -2.76015e-11
turn = 21
0 -8.6143e-07 -2.09012e-05 0 0 1.27289e-06 2.49875e-12
turn = 22
0 -1.62916e-07 2.18643e-05 0 0 -1.46965e-06 -3.22543e-11
turn = 23
0 1.16672e-06 -2.0031e-05 0 0 1.21117e-06 -3.61345e-12
turn = 24
0 -2.02105e-06 1.56356e-05 0 0 -1.07664e-06 -2.90731e-11
turn = 25
0 2.61704e-06 -9.24045e-06 0 0 5.13831e-07 -1.69224e-11
turn = 26
0 -2.87825e-06 1.66338e-06 0 0 -1.87783e-07 -2.13629e-11
turn = 27
0 2.77133e-06 6.12642e-06 0 0 -4.768e-07 -3.2638e-11
turn = 28
0 -2.30993e-06 -1.31326e-05 0 0 7.53858e-07 -1.48113e-11
turn = 29
0 1.55319e-06 1.84592e-05 0 0 -1.2729e-06 -4.4912e-11
turn = 30
0 -5.97583e-07 -2.14247e-05 0 0 1.27912e-06 -1.46642e-11
turn = 31
0 -4.34167e-07 2.165e-05 0 0 -1.48313e-06 -4.97361e-11
turn = 32
0 1.41068e-06 -1.91063e-05 0 0 1.12482e-06 -2.31373e-11
turn = 33
0 -2.20654e-06 1.41188e-05 0 0 -1.00651e-06 -4.69386e-11
turn = 34
0 2.7203e-06 -7.32552e-06 0 0 3.64222e-07 -3.83257e-11
turn = 35
0 -2.88609e-06 -4.04736e-07 0 0 -8.21362e-08 -4.02681e-11
turn = 36
0 2.68276e-06 8.08323e-06 0 0 -6.28872e-07 -5.51393e-11
turn = 37
0 -2.13625e-06 -1.47278e-05 0 0 8.2946e-07 -3.55248e-11
turn = 38
0 1.31665e-06 1.94888e-05 0 0 -1.36531e-06 -6.78106e-11
turn = 39
0 -3.28402e-07 -2.1757e-05 0 0 1.2741e-06 -3.76818e-11
turn = 40
0 -7.01543e-07 2.12425e-05 0 0 -1.48321e-06 -7.27556e-11
turn = 41
0 1.64205e-06 -1.80111e-05 0 0 1.02859e-06 -4.84323e-11
turn = 42
0 -2.37232e-06 1.24759e-05 0 0 -9.27222e-07 -7.03586e-11
turn = 43
0 2.79929e-06 -5.34521e-06 0 0 2.11534e-07 -6.53565e-11
turn = 44
0 -2.86818e-06 -2.46924e-06 0 0 2.44233e-08 -6.4779e-11
turn = 45
0 2.57025e-06 9.9679e-06 0 0 -7.75143e-07 -8.3109e-11
turn = 46
0 -1.9435e-06 -1.61916e-05 0 0 8.97852e-07 -6.18773e-11
turn = 47
0 1.06835e-06 2.03444e-05 0 0 -1.44533e-06 -9.60554e-11
turn = 48
0 -5.62901e-08 -2.18951e-05 0 0 1.25789e-06 -6.63097e-11
turn = 49
0 -9.62657e-07 2.06453e-05 0 0 -1.46985e-06 -1.01068e-10
turn = 50
0 1.85876e-06 -1.67551e-05 0 0 9.23388e-07 -7.92322e-11
turn = 51
0 -2.51693e-06 1.07218e-05 0 0 -8.39451e-07 -9.90829e-11
turn = 52
0 2.85328e-06 -3.31718e-06 0 0 5.71731e-08 -9.77309e-11
turn = 53
0 -2.82466e-06 -4.51171e-06 0 0 1.30987e-07 -9.46335e-11
turn = 54
0 2.43479e-06 1.17636e-05 0 0 -9.14267e-07 -1.16253e-10
turn = 55
0 -1.7334e-06 -1.75108e-05 0 0 9.58463e-07 -9.35885e-11
turn = 56
0 8.10523e-07 2.10184e-05 0 0 -1.51221e-06 -1.29348e-10
turn = 57
0 2.16323e-07 -2.18377e-05 0 0 1.2307e-06 -1.00245e-10
turn = 58
0 -1.21518e-06 1.98639e-05 0 0 -1.44313e-06 -1.34372e-10
turn = 59
0 2.05888e-06 -1.53496e-05 0 0 8.10185e-07 -1.15213e-10
turn = 60
0 -2.63908e-06 8.87189e-06 0 0 -7.43937e-07 -1.32805e-10
turn = 61
0 2.88181e-06 -1.25955e-06 0 0 -9.74418e-08 -1.3511e-10
turn = 62
0 -2.75592e-06 -6.5139e-06 0 0 2.36645e-07 -1.29514e-10
turn = 63
0 2.27761e-06 1.34543e-05 0 0 -1.04496e-06 -1.54224e-10
turn = 64
0 -1.50783e-06 -1.86737e-05 0 0 1.01079e-06 -1.30322e-10
turn = 65
0 5.45457e-07 2.15049e-05 0 0 -1.56532e-06 -1.67337e-10
turn = 66
0 4.87006e-07 -2.15855e-05 0 0 1.19281e-06 -1.39131e-10
turn = 67
0 -1.45685e-06 1.89052e-05 0 0 -1.40325e-06 -1.72314e-10
turn = 68
0 2.24063e-06 -1.3807e-05 0 0 6.90035e-07 -1.55997e-10
turn = 69
0 -2.73766e-06 6.94282e-06 0 0 -6.41494e-07 -1.71166e-10
turn = 70
0 2.88462e-06 8.09332e-07 0 0 -2.50892e-07 -1.77099e-10
turn = 71
0 -2.66258e-06 -8.45796e-06 0 0 3.40491e-07 -1.69048e-10
turn = 72
0 2.10009e-06 1.50249e-05 0 0 -1.16602e-06 -1.96621e-10
turn = 73
0 -1.2688e-06 -1.967e-05 0 0 1.05441e-06 -1.71687e-10
turn = 74
0 2.75522e-07 2.17993e-05 0 0 -1.60415e-06 -2.09621e-10
turn = 75
0 7.5334e-07 -2.11405e-05 0 0 1.14458e-06 -1.82555e-10
turn = 76
0 -1.68552e-06 1.77777e-05 0 0 -1.35052e-06 -2.14491e-10
turn = 77
0 2.40237e-06 -1.21412e-05 0 0 5.64044e-07 -2.01153e-10
turn = 78
0 -2.81181e-06 4.95178e-06 0 0 -5.33e-07 -2.13757e-10
turn = 79
0 2.86168e-06 2.87098e-06 0 0 -4.01772e-07 -2.23258e-10
turn = 80
0 -2.54548e-06 -1.03265e-05 0 0 4.41635e-07 -2.12814e-10
turn = 81
0 1.90383e-06 1.64614e-05 0 0 -1.27633e-06 -2.42996e-10
turn = 82
0 -1.01845e-06 -2.04907e-05 0 0 1.08896e-06 -2.17245e-10
turn = 83
0 3.12751e-09 2.18992e-05 0 0 -1.62831e-06 -2.5575e-10
turn = 84
0 1.01295e-06 -2.05069e-05 0 0 1.08648e-06 -2.30058e-10
turn = 85
0 -1.89915e-06 1.64916e-05 0 0 -1.2854e-06 -2.60454e-10
turn = 86
0 2.54268e-06 -1.03671e-05 0 0 4.3337e-07 -2.50207e-10
turn = 87
0 -2.86086e-06 2.91654e-06 0 0 -4.19394e-07 -2.60124e-10
turn = 88
0 2.8132e-06 4.90701e-06 0 0 -5.48705e-07 -2.731e-10
turn = 89
0 -2.40565e-06 -1.21029e-05 0 0 5.39203e-07 -2.60349e-10
turn = 90
0 1.69058e-06 1.77509e-05 0 0 -1.37488e-06 -2.92861e-10
turn = 91
0 -7.59006e-07 -2.11284e-05 0 0 1.11416e-06 -2.66514e-10
turn = 92
0 -2.69295e-07 2.18037e-05 0 0 -1.63756e-06 -3.05238e-10
turn = 93
0 1.26352e-06 -1.96902e-05 0 0 1.01905e-06 -2.8114e-10
turn = 94
0 -2.09582e-06 1.50582e-05 0 0 -1.20843e-06 -3.09716e-10
turn = 95
0 2.66028e-06 -8.5004e-06 0 0 2.99207e-07 -3.02641e-10
turn = 96
0 -2.88437e-06 8.55273e-07 0 0 -3.01659e-07 -3.09774e-10
turn = 97
0 2.73962e-06 6.89923e-06 0 0 -6.9035e-07 -3.26099e-10
turn = 98
0 -2.24435e-06 -1.37712e-05 0 0 6.32353e-07 -3.11146e-10
turn = 99
0 1.46223e-06 1.8882e-05 0 0 -1.46076e-06 -3.45689e-10
turn = 100
0 -4.92788e-07 -2.15776e-05 0 0 1.12982e-06 -3.18972e-10
turn = 101
0 -5.39315e-07 2.15135e-05 0 0 -1.6318e-06 -3.57559e-10
turn = 102
0 1.50281e-06 -1.86978e-05 0 0 9.4293e-07 -3.35262e-10
turn = 103
0 -2.27379e-06 1.34905e-05 0 0 -1.12026e-06 -3.61753e-10
turn = 104
0 2.75415e-06 -6.55783e-06 0 0 1.62778e-07 -3.57904e-10
turn = 105
0 -2.88213e-06 -1.21363e-06 0 0 -1.80823e-07 -3.6218e-10
turn = 106
0 2.64158e-06 8.82987e-06 0 0 -8.25419e-07 -3.81699e-10
turn = 107
0 -2.06302e-06 -1.53167e-05 0 0 7.20276e-07 -3.64666e-10
turn = 108
0 1.22084e-06 1.98446e-05 0 0 -1.53318e-06 -4.00922e-10
turn = 109
0 -2.22172e-07 -2.18342e-05 0 0 1.13581e-06 -3.74063e-10
turn = 110
0 -8.0452e-07 2.10313e-05 0 0 -1.61105e-06 -4.1216e-10
turn = 111
0 1.72869e-06 -1.75384e-05 0 0 8.58811e-07 -3.91852e-10
turn = 112
0 -2.43146e-06 1.18023e-05 0 0 -1.02168e-06 -4.16012e-10
turn = 113
0 2.82343e-06 -4.55673e-06 0 0 2.532e-08 -4.15413e-10
turn = 114
0 -2.85417e-06 -3.2717e-06 0 0 -5.79442e-08 -4.16783e-10
turn = 115
0 2.51996e-06 1.06817e-05 0 0 -9.52688e-07 -4.39312e-10
turn = 116
0 -1.86327e-06 -1.67254e-05 0 0 8.02205e-07 -4.20342e-10
turn = 117
0 9.68548e-07 2.063e-05 0 0 -1.59148e-06 -4.57976e-10
turn = 118
0 5.04269e-08 -2.18959e-05 0 0 1.1321e-06 -4.31205e-10
turn = 119
0 -1.06255e-06 2.03613e-05 0 0 -1.57549e-06 -4.68461e-10
turn = 120
0 1.93913e-06 -1.62226e-05 0 0 7.67462e-07 -4.50313e-10
turn = 121
0 -2.56742e-06 1.00088e-05 0 0 -9.13544e-07 -4.71916e-10
turn = 122
0 2.86751e-06 -2.51495e-06 0 0 -1.11923e-07 -4.74562e-10
turn = 123
0 -2.80072e-06 -5.30056e-06 0 0 6.58963e-08 -4.73004e-10
turn = 124
0 2.37585e-06 1.24382e-05 0 0 -1.07101e-06 -4.98331e-10
turn = 125
0 -1.64689e-06 -1.79848e-05 0 0 8.77423e-07 -4.77582e-10
turn = 126
0 7.07612e-07 2.12313e-05 0 0 -1.63513e-06 -5.16248e-10
turn = 127
0 3.22575e-07 -2.17622e-05 0 0 1.11873e-06 -4.89793e-10
turn = 128
0 -1.31109e-06 1.95096e-05 0 0 -1.52542e-06 -5.25865e-10
turn = 129
0 2.13227e-06 -1.47619e-05 0 0 6.69711e-07 -5.10029e-10
turn = 130
0 -2.68047e-06 8.12592e-06 0 0 -7.96802e-07 -5.28871e-10
turn = 131
0 2.886e-06 -4.50733e-07 0 0 -2.47715e-07 -5.34729e-10
turn = 132
0 -2.72228e-06 -7.28211e-06 0 0 1.89603e-07 -5.30245e-10
turn = 133
0 2.21054e-06 1.40836e-05 0 0 -1.17931e-06 -5.58133e-10
turn = 134
0 -1.41581e-06 -1.90837e-05 0 0 9.45267e-07 -5.3578e-10
turn = 135
0 4.40359e-07 2.16431e-05 0 0 -1.66372e-06 -5.75122e-10
turn = 136
0 5.91843e-07 -2.14342e-05 0 0 1.09583e-06 -5.49209e-10
turn = 137
0 -1.54792e-06 1.84838e-05 0 0 -1.46128e-06 -5.83764e-10
turn = 138
0 2.30638e-06 -1.31694e-05 0 0 5.66436e-07 -5.7037e-10
turn = 139
0 -2.76959e-06 6.17054e-06 0 0 -6.72493e-07 -5.86272e-10
turn = 140
0 2.87874e-06 1.61751e-06 0 0 -3.80838e-07 -5.95278e-10
turn = 141
0 -2.61954e-06 -9.19866e-06 0 0 3.12079e-07 -5.87898e-10
turn = 142
0 2.0255e-06 1.56034e-05 0 0 -1.27662e-06 -6.18087e-10
turn = 143
0 -1.17209e-06 -2.00123e-05 0 0 1.00514e-06 -5.94318e-10
turn = 144
0 1.69176e-07 2.18617e-05 0 0 -1.677e-06 -6.33975e-10
turn = 145
0 8.55828e-07 -2.09149e-05 0 0 1.06361e-06 -6.08823e-10
turn = 146
0 -1.77095e-06 1.7293e-05 0 0 -1.38364e-06 -6.41542e-10
turn = 147
0 2.4599e-06 -1.14594e-05 0 0 4.58561e-07 -6.30699e-10
turn = 148
0 -2.83398e-06 4.16008e-06 0 0 -5.41724e-07 -6.43509e-10
turn = 149
0 2.84577e-06 3.67131e-06 0 0 -5.10101e-07 -6.55572e-10
turn = 150
0 -2.49341e-06 -1.10331e-05 0 0 4.32231e-07 -6.45351e-10
turn = 151
0 1.82238e-06 1.69838e-05 0 0 -1.36207e-06 -6.7756e-10
turn = 152
0 -9.17914e-07 -2.07622e-05 0 0 1.0565e-06 -6.52577e-10
turn = 153
0 -1.03518e-07 2.18851e-05 0 0 -1.67485e-06 -6.92182e-10
turn = 154
0 1.11217e-06 -2.02089e-05 0 0 1.02235e-06 -6.68007e-10
turn = 155
0 -1.97816e-06 1.59479e-05 0 0 -1.29319e-06 -6.98587e-10
turn = 156
0 2.59146e-06 -9.64717e-06 0 0 3.47046e-07 -6.90381e-10
turn = 157
0 -2.87308e-06 2.1125e-06 0 0 -4.05664e-07 -6.99974e-10
turn = 158
0 2.78741e-06 5.69235e-06 0 0 -6.34355e-07 -7.14975e-10
turn = 159
0 -2.34503e-06 -1.27691e-05 0 0 5.48983e-07 -7.01993e-10
turn = 160
0 1.60299e-06 1.82127e-05 0 0 -1.43491e-06 -7.35924e-10
turn = 161
0 -6.55542e-07 -2.13268e-05 0 0 1.09888e-06 -7.09939e-10
turn = 162
0 -3.75288e-07 2.17133e-05 0 0 -1.65731e-06 -7.4913e-10
turn = 163
0 1.35859e-06 -1.93225e-05 0 0 9.72414e-07 -7.26135e-10
turn = 164
0 -2.16771e-06 1.44604e-05 0 0 -1.19076e-06 -7.54293e-10
turn = 165
0 2.6999e-06 -7.74878e-06 0 0 2.32881e-07 -7.48786e-10
turn = 166
0 -2.88654e-06 4.60519e-08 0 0 -2.65537e-07 -7.55066e-10
turn = 167
0 2.70417e-06 7.66257e-06 0 0 -7.52498e-07 -7.7286e-10
turn = 168
0 -2.17571e-06 -1.43911e-05 0 0 6.61283e-07 -7.57223e-10
turn = 169
0 1.36929e-06 1.9279e-05 0 0 -1.49449e-06 -7.92563e-10
turn = 170
0 -3.87319e-07 -2.17011e-05 0 0 1.1319e-06 -7.65797e-10
turn = 171
0 -6.43709e-07 2.13476e-05 0 0 -1.62453e-06 -8.04213e-10
turn = 172
0 1.59288e-06 -1.82637e-05 0 0 9.14235e-07 -7.82594e-10
turn = 173
0 -2.33792e-06 1.28438e-05 0 0 -1.07726e-06 -8.08068e-10
turn = 174
0 2.78424e-06 -5.78123e-06 0 0 1.17071e-07 -8.053e-10
turn = 175
0 -2.87422e-06 -2.0208e-06 0 0 -1.22604e-07 -8.08199e-10
turn = 176
0 2.5968e-06 9.56439e-06 0 0 -8.63488e-07 -8.28618e-10
turn = 177
0 -1.98697e-06 -1.58846e-05 0 0 7.68116e-07 -8.10454e-10
turn = 178
0 1.12338e-06 2.01733e-05 0 0 -1.5403e-06 -8.46878e-10
turn = 179
0 -1.1564e-07 -2.18816e-05 0 0 1.15525e-06 -8.1956e-10
turn = 180
0 -9.06384e-07 2.07913e-05 0 0 -1.57682e-06 -8.56848e-10
turn = 181
0 1.81296e-06 -1.70418e-05 0 0 8.48318e-07 -8.36787e-10
turn = 182
0 -2.48726e-06 1.11126e-05 0 0 -9.53729e-07 -8.5934e-10
turn = 183
0 2.84373e-06 -3.76208e-06 0 0 6.34962e-10 -8.59325e-10
turn = 184
0 -2.83625e-06 -4.06962e-06 0 0 2.18413e-08 -8.58809e-10
turn = 185
0 2.46624e-06 1.13808e-05 0 0 -9.66353e-07 -8.8166e-10
turn = 186
0 -1.7805e-06 -1.72364e-05 0 0 8.68509e-07 -8.61123e-10
turn = 187
0 8.67432e-07 2.08874e-05 0 0 -1.57195e-06 -8.98295e-10
turn = 188
0 1.57071e-07 -2.18669e-05 0 0 1.16869e-06 -8.70659e-10
turn = 189
0 -1.16097e-06 2.00495e-05 0 0 -1.51464e-06 -9.06476e-10
turn = 190
0 2.01685e-06 -1.56679e-05 0 0 7.75228e-07 -8.88144e-10
turn = 191
0 -2.61439e-06 9.28217e-06 0 0 -8.21287e-07 -9.07565e-10
turn = 192
0 2.87783e-06 -1.70936e-06 0 0 -1.1541e-07 -9.10294e-10
turn = 193
0 -2.77296e-06 -6.08211e-06 0 0 1.66489e-07 -9.06357e-10
turn = 194
0 2.31368e-06 1.30957e-05 0 0 -1.0602e-06 -9.31428e-10
turn = 195
0 -1.55814e-06 -1.84343e-05 0 0 9.61544e-07 -9.0869e-10
turn = 196
0 6.03745e-07 2.14151e-05 0 0 -1.58918e-06 -9.4627e-10
turn = 197
0 4.2838e-07 -2.16569e-05 0 0 1.17208e-06 -9.18554e-10
turn = 198
0 -1.40519e-06 1.91287e-05 0 0 -1.43855e-06 -9.52572e-10
turn = 199
0 2.20274e-06 -1.4154e-05 0 0 6.95595e-07 -9.36123e-10
turn = 200
0 -2.71819e-06 7.36892e-06 0 0 -6.8114e-07 -9.5223e-10
turn = 201
0 2.88626e-06 3.58629e-07 0 0 -2.30052e-07 -9.5767e-10
turn = 202
0 -2.68492e-06 -8.04031e-06 0 0 3.10022e-07 -9.50339e-10
turn = 203
0 2.14046e-06 1.46937e-05 0 0 -1.14421e-06 -9.77396e-10
turn = 204
0 -1.32186e-06 -1.94676e-05 0 0 1.04636e-06 -9.52653e-10
turn = 205
0 3.34669e-07 2.17517e-05 0 0 -1.59186e-06 -9.90296e-10
turn = 206
0 6.95864e-07 -2.12537e-05 0 0 1.16537e-06 -9.62738e-10
turn = 207
0 -1.63687e-06 1.80372e-05 0 0 -1.34928e-06 -9.94645e-10
turn = 208
0 2.36897e-06 -1.25139e-05 0 0 6.10099e-07 -9.80218e-10
turn = 209
0 -2.79773e-06 5.3899e-06 0 0 -5.3457e-07 -9.92859e-10
turn = 210
0 2.86892e-06 2.42341e-06 0 0 -3.42297e-07 -1.00095e-09
turn = 211
0 -2.57292e-06 -9.92674e-06 0 0 4.5113e-07 -9.90286e-10
turn = 212
0 1.94814e-06 1.61605e-05 0 0 -1.21766e-06 -1.01908e-09
turn = 213
0 -1.07379e-06 -2.03272e-05 0 0 1.12218e-06 -9.92544e-10
turn = 214
0 6.26052e-08 2.18941e-05 0 0 -1.58001e-06 -1.02991e-09
turn = 215
0 9.57136e-07 -2.06607e-05 0 0 1.14859e-06 -1.00275e-09
turn = 216
0 -1.85394e-06 1.67847e-05 0 0 -1.24765e-06 -1.03225e-09
turn = 217
0 2.51405e-06 -1.0762e-05 0 0 5.19473e-07 -1.01997e-09
turn = 218
0 -2.85229e-06 3.36277e-06 0 0 -3.82915e-07 -1.02902e-09
turn = 219
0 2.82597e-06 4.46656e-06 0 0 -4.51177e-07 -1.03969e-09
turn = 220
0 -2.43794e-06 -1.17246e-05 0 0 5.8852e-07 -1.02577e-09
turn = 221
0 1.73844e-06 1.74831e-05 0 0 -1.27995e-06 -1.05604e-09
turn = 222
0 -8.16136e-07 -2.10054e-05 0 0 1.18828e-06 -1.02794e-09
turn = 223
0 -2.10018e-07 2.18411e-05 0 0 -1.55375e-06 -1.06468e-09
turn = 224
0 1.20987e-06 -1.98834e-05 0 0 1.12183e-06 -1.03815e-09
turn = 225
0 -2.05446e-06 1.53824e-05 0 0 -1.13459e-06 -1.06498e-09
turn = 226
0 2.6367e-06 -8.91412e-06 0 0 4.24488e-07 -1.05495e-09
turn = 227
0 -2.88139e-06 1.30563e-06 0 0 -2.27567e-07 -1.06033e-09
turn = 228
0 2.75781e-06 6.46985e-06 0 0 -5.55754e-07 -1.07347e-09
turn = 229
0 -2.28121e-06 -1.34178e-05 0 0 7.20929e-07 -1.05642e-09
turn = 230
0 1.51321e-06 1.86496e-05 0 0 -1.33054e-06 -1.08789e-09
turn = 231
0 -5.51197e-07 -2.14961e-05 0 0 1.24403e-06 -1.05847e-09
turn = 232
0 -4.80767e-07 2.15932e-05 0 0 -1.51338e-06 -1.09425e-09
turn = 233
0 1.45179e-06 -1.89285e-05 0 0 1.08532e-06 -1.06859e-09
turn = 234
0 -2.23665e-06 1.38428e-05 0 0 -1.01117e-06 -1.0925e-09
turn = 235
0 2.73582e-06 -6.98664e-06 0 0 3.25955e-07 -1.08479e-09
turn = 236
0 -2.88477e-06 -7.63169e-07 0 0 -6.99489e-08 -1.08645e-09
turn = 237
0 2.66503e-06 8.41538e-06 0 0 -6.55135e-07 -1.10194e-09
turn = 238
0 -2.10411e-06 -1.49912e-05 0 0 8.47136e-07 -1.08191e-09
turn = 239
0 1.27448e-06 1.96497e-05 0 0 -1.36902e-06 -1.11428e-09
turn = 240
0 -2.81337e-07 -2.17949e-05 0 0 1.28891e-06 -1.0838e-09
turn = 241
0 -7.47225e-07 2.11525e-05 0 0 -1.45928e-06 -1.11831e-09
turn = 242
0 1.68077e-06 -1.78047e-05 0 0 1.03932e-06 -1.09373e-09
turn = 243
0 -2.39886e-06 1.21796e-05 0 0 -8.78515e-07 -1.11451e-09
turn = 244
0 2.81051e-06 -4.9968e-06 0 0 2.24712e-07 -1.10919e-09
turn = 245
0 -2.8624e-06 -2.82515e-06 0 0 8.84903e-08 -1.1071e-09
turn = 246
0 2.54846e-06 1.02858e-05 0 0 -7.48473e-07 -1.1248e-09
turn = 247
0 -1.90823e-06 -1.64308e-05 0 0 9.65973e-07 -1.10196e-09
turn = 248
0 1.02438e-06 2.04744e-05 0 0 -1.3951e-06 -1.13495e-09
turn = 249
0 -8.96773e-09 -2.18991e-05 0 0 1.32245e-06 -1.10368e-09
turn = 250
0 -1.00701e-06 2.0523e-05 0 0 -1.39198e-06 -1.13659e-09
turn = 251
0 1.89474e-06 -1.6522e-05 0 0 9.84213e-07 -1.11332e-09
turn = 252
0 -2.53967e-06 1.04077e-05 0 0 -7.37861e-07 -1.13077e-09
turn = 253
0 2.86012e-06 -2.96236e-06 0 0 1.2162e-07 -1.12789e-09
turn = 254
0 -2.81447e-06 -4.86192e-06 0 0 2.46294e-07 -1.12207e-09
turn = 255
0 2.40915e-06 1.20644e-05 0 0 -8.3498e-07 -1.14181e-09
turn = 256
0 -1.69532e-06 -1.77237e-05 0 0 1.07633e-06 -1.11636e-09
turn = 257
0 7.65126e-07 2.11163e-05 0 0 -1.40859e-06 -1.14967e-09
turn = 258
0 2.63481e-07 -2.18079e-05 0 0 1.34433e-06 -1.11788e-09
turn = 259
0 -1.25781e-06 1.97103e-05 0 0 -1.31213e-06 -1.14891e-09
turn = 260
0 2.09179e-06 -1.50918e-05 0 0 9.2044e-07 -1.12714e-09
turn = 261
0 -2.6578e-06 8.54294e-06 0 0 -5.90506e-07 -1.14111e-09
turn = 262
0 2.88421e-06 -9.01478e-07 0 0 1.75554e-08 -1.14069e-09
turn = 263
0 -2.74143e-06 -6.85529e-06 0 0 4.02009e-07 -1.13119e-09
turn = 264
0 2.24833e-06 1.37353e-05 0 0 -9.13927e-07 -1.1528e-09
turn = 265
0 -1.46727e-06 -1.88585e-05 0 0 1.17719e-06 -1.12496e-09
turn = 266
0 4.99047e-07 2.15697e-05 0 0 -1.40941e-06 -1.15829e-09
turn = 267
0 5.33578e-07 -2.15221e-05 0 0 1.35429e-06 -1.12626e-09
turn = 268
0 -1.49739e-06 1.87217e-05 0 0 -1.22049e-06 -1.15512e-09
turn = 269
0 2.27018e-06 -1.35269e-05 0 0 8.48525e-07 -1.13506e-09
turn = 270
0 -2.75221e-06 6.60191e-06 0 0 -4.3781e-07 -1.14541e-09
turn = 271
0 2.88255e-06 1.16745e-06 0 0 -8.66002e-08 -1.14746e-09
turn = 272
0 -2.64391e-06 -8.78748e-06 0 0 5.54199e-07 -1.13436e-09
turn = 273
0 2.06745e-06 1.52837e-05 0 0 -9.84658e-07 -1.15764e-09
turn = 274
0 -1.22613e-06 -1.98249e-05 0 0 1.26759e-06 -1.12766e-09
turn = 275
0 2.28512e-07 2.18306e-05 0 0 -1.3976e-06 -1.16071e-09
turn = 276
0 7.98912e-07 -2.10441e-05 0 0 1.35221e-06 -1.12874e-09
turn = 277
0 -1.7236e-06 1.7566e-05 0 0 -1.11793e-06 -1.15517e-09
turn = 278
0 2.42831e-06 -1.18413e-05 0 0 7.69063e-07 -1.13699e-09
turn = 279
0 -2.82206e-06 4.60194e-06 0 0 -2.81184e-07 -1.14364e-09
turn = 280
0 2.85517e-06 3.22596e-06 0 0 -1.89963e-07 -1.14813e-09
turn = 281
0 -2.5228e-06 -1.06412e-05 0 0 7.01459e-07 -1.13154e-09
turn = 282
0 1.86812e-06 1.66956e-05 0 0 -1.04659e-06 -1.15629e-09
turn = 283
0 -9.74046e-07 -2.06144e-05 0 0 1.34669e-06 -1.12445e-09
turn = 284
0 -4.40623e-08 2.18967e-05 0 0 -1.37332e-06 -1.15692e-09
turn = 285
0 1.05711e-06 -2.03784e-05 0 0 1.33804e-06 -1.12528e-09
turn = 286
0 -1.93442e-06 1.62535e-05 0 0 -1.0054e-06 -1.14906e-09
turn = 287
0 2.56476e-06 -1.005e-05 0 0 6.82716e-07 -1.13291e-09
turn = 288
0 -2.86671e-06 2.56091e-06 0 0 -1.22073e-07 -1.1358e-09
turn = 289
0 2.8023e-06 5.25567e-06 0 0 -2.91657e-07 -1.14269e-09
turn = 290
0 -2.37916e-06 -1.24e-05 0 0 8.42428e-07 -1.12277e-09
turn = 291
0 1.65211e-06 1.79584e-05 0 0 -1.09921e-06 -1.14877e-09
turn = 292
0 -7.13267e-07 -2.12199e-05 0 0 1.41372e-06 -1.11534e-09
turn = 293
0 -3.16244e-07 2.17673e-05 0 0 -1.33684e-06 -1.14695e-09
turn = 294
0 1.30588e-06 -1.95307e-05 0 0 1.31188e-06 -1.11593e-09
turn = 295
0 -2.12798e-06 1.4796e-05 0 0 -8.83963e-07 -1.13683e-09
turn = 296
0 2.67832e-06 -8.16894e-06 0 0 5.90208e-07 -1.12287e-09
turn = 297
0 -2.88577e-06 4.97012e-07 0 0 3.80586e-08 -1.12197e-09
turn = 298
0 2.72442e-06 7.23848e-06 0 0 -3.90821e-07 -1.13122e-09
turn = 299
0 -2.21429e-06 -1.40481e-05 0 0 9.75802e-07 -1.10814e-09
turn = 300
0 1.42136e-06 1.9061e-05 0 0 -1.1421e-06 -1.13515e-09
turn = 301
0 -4.46122e-07 -2.16359e-05 0 0 1.46805e-06 -1.10043e-09
turn = 302
0 -5.85604e-07 2.14436e-05 0 0 -1.28851e-06 -1.1309e-09
turn = 303
0 1.54299e-06 -1.85087e-05 0 0 1.27391e-06 -1.10078e-09
turn = 304
0 -2.30254e-06 1.32063e-05 0 0 -7.54743e-07 -1.11863e-09
turn = 305
0 2.76797e-06 -6.21499e-06 0 0 4.92319e-07 -1.10698e-09
turn = 306
0 -2.87908e-06 -1.57132e-06 0 0 1.97734e-07 -1.10231e-09
turn = 307
0 2.62222e-06 9.15667e-06 0 0 -4.86615e-07 -1.11382e-09
turn = 308
0 -2.02965e-06 -1.55708e-05 0 0 1.10034e-06 -1.0878e-09
turn = 309
0 1.17791e-06 1.99935e-05 0 0 -1.17493e-06 -1.11558e-09
turn = 310
0 -1.74995e-07 -2.18589e-05 0 0 1.50913e-06 -1.07989e-09
turn = 311
0 -8.49737e-07 2.09285e-05 0 0 -1.22883e-06 -1.10895e-09
turn = 312
0 1.76633e-06 -1.73215e-05 0 0 1.22441e-06 -1.08e-09
turn = 313
0 -2.45655e-06 1.14988e-05 0 0 -6.18942e-07 -1.09463e-09
turn = 314
0 2.83293e-06 -4.20557e-06 0 0 3.89877e-07 -1.08541e-09
turn = 315
0 -2.84668e-06 -3.62563e-06 0 0 3.55484e-07 -1.07701e-09
turn = 316
0 2.49663e-06 1.09931e-05 0 0 -5.78228e-07 -1.09068e-09
turn = 317
0 -1.8269e-06 -1.69545e-05 0 0 1.21489e-06 -1.06195e-09
turn = 318
0 9.23958e-07 2.07475e-05 0 0 -1.19744e-06 -1.09027e-09
turn = 319
0 9.76926e-08 -2.18868e-05 0 0 1.53657e-06 -1.05393e-09
turn = 320
0 -1.10629e-06 2.02267e-05 0 0 -1.15836e-06 -1.08132e-09
turn = 321
0 1.9739e-06 -1.59796e-05 0 0 1.16379e-06 -1.0538e-09
turn = 322
0 -2.58863e-06 9.68867e-06 0 0 -4.77813e-07 -1.0651e-09
turn = 323
0 2.87259e-06 -2.15861e-06 0 0 2.83755e-07 -1.05839e-09
turn = 324
0 -2.78888e-06 -5.64757e-06 0 0 5.09858e-07 -1.04634e-09
turn = 325
0 2.34874e-06 1.27315e-05 0 0 -6.64887e-07 -1.06206e-09
turn = 326
0 -1.60784e-06 -1.81869e-05 0 0 1.31839e-06 -1.03088e-09
turn = 327
0 6.61755e-07 2.13163e-05 0 0 -1.20948e-06 -1.05948e-09
turn = 328
0 3.69508e-07 -2.17192e-05 0 0 1.55007e-06 -1.02283e-09
turn = 329
0 -1.35296e-06 1.93442e-05 0 0 -1.07779e-06 -1.04832e-09
turn = 330
0 2.16386e-06 -1.44952e-05 0 0 1.09255e-06 -1.02248e-09
turn = 331
0 -2.69761e-06 7.79205e-06 0 0 -3.32659e-07 -1.03035e-09
turn = 332
0 2.88662e-06 -9.23782e-08 0 0 1.74858e-07 -1.02621e-09
turn = 333
0 -2.70618e-06 -7.61911e-06 0 0 6.59438e-07 -1.01062e-09
turn = 334
0 2.1799e-06 1.43562e-05 0 0 -7.45858e-07 -1.02826e-09
turn = 335
0 -1.37443e-06 -1.9257e-05 0 0 1.40987e-06 -9.94916e-10
turn = 336
0 3.93645e-07 2.16948e-05 0 0 -1.21098e-06 -1.02355e-09
turn = 337
0 6.38025e-07 -2.13579e-05 0 0 1.54947e-06 -9.86912e-10
turn = 338
0 -1.58756e-06 1.82892e-05 0 0 -9.87862e-07 -1.01027e-09
turn = 339
0 2.3345e-06 -1.28813e-05 0 0 1.01128e-06 -9.86358e-10
turn = 340
0 -2.7825e-06 5.82587e-06 0 0 -1.84813e-07 -9.90729e-10
turn = 341
0 2.87489e-06 1.97468e-06 0 0 6.41202e-08 -9.89213e-10
turn = 342
0 -2.59932e-06 -9.52264e-06 0 0 8.0285e-07 -9.70227e-10
turn = 343
0 1.9916e-06 1.58527e-05 0 0 -8.20456e-07 -9.89629e-10
turn = 344
0 -1.12875e-06 -2.01551e-05 0 0 1.48848e-06 -9.54431e-10
turn = 345
0 1.22021e-07 2.18797e-05 0 0 -1.20197e-06 -9.82854e-10
turn = 346
0 9.00847e-07 -2.08059e-05 0 0 1.53474e-06 -9.46562e-10
turn = 347
0 -1.80799e-06 1.70708e-05 0 0 -8.89428e-07 -9.67594e-10
turn = 348
0 2.48431e-06 -1.11525e-05 0 0 9.20679e-07 -9.45823e-10
turn = 349
0 -2.84256e-06 3.8077e-06 0 0 -3.56321e-08 -9.46666e-10
turn = 350
0 2.83749e-06 4.02411e-06 0 0 -4.7505e-08 -9.47789e-10
turn = 351
0 -2.46926e-06 -1.13412e-05 0 0 9.38778e-07 -9.25589e-10
turn = 352
0 1.78552e-06 1.72078e-05 0 0 -8.8805e-07 -9.4659e-10
turn = 353
0 -8.72991e-07 -2.08734e-05 0 0 1.55347e-06 -9.09854e-10
turn = 354
0 -1.50693e-07 2.18693e-05 0 0 -1.18256e-06 -9.37819e-10
turn = 355
0 1.15563e-06 -2.00682e-05 0 0 1.50597e-06 -9.02207e-10
turn = 356
0 -2.01228e-06 1.57001e-05 0 0 -7.83396e-07 -9.20732e-10
turn = 357
0 2.61194e-06 -9.32417e-06 0 0 8.2151e-07 -9.01305e-10
turn = 358
0 -2.87724e-06 1.75553e-06 0 0 1.13521e-07 -8.98621e-10
turn = 359
0 2.77477e-06 6.03762e-06 0 0 -1.59054e-07 -9.02382e-10
turn = 360
0 -2.31716e-06 -1.30585e-05 0 0 1.06598e-06 -8.77175e-10
turn = 361
0 1.5635e-06 1.84093e-05 0 0 -9.4807e-07 -8.99594e-10
turn = 362
0 -6.09444e-07 -2.14054e-05 0 0 1.60425e-06 -8.61658e-10
turn = 363
0 -4.22062e-07 2.16637e-05 0 0 -1.15296e-06 -8.88923e-10
turn = 364
0 1.40009e-06 -1.91513e-05 0 0 1.46339e-06 -8.54318e-10
turn = 365
0 -2.19861e-06 1.41893e-05 0 0 -6.70744e-07 -8.70179e-10
turn = 366
0 2.71626e-06 -7.41258e-06 0 0 7.14635e-07 -8.5328e-10
turn = 367
0 -2.88624e-06 -3.12299e-07 0 0 2.61286e-07 -8.47101e-10
turn = 368
0 2.68729e-06 7.99724e-06 0 0 -2.69558e-07 -8.53475e-10
turn = 369
0 -2.14437e-06 -1.46592e-05 0 0 1.18329e-06 -8.25494e-10
turn = 370
0 1.32753e-06 1.94464e-05 0 0 -1.00001e-06 -8.49141e-10
turn = 371
0 -3.40457e-07 -2.17463e-05 0 0 1.64032e-06 -8.10352e-10
turn = 372
0 -6.89665e-07 2.12648e-05 0 0 -1.11346e-06 -8.36683e-10
turn = 373
0 1.63206e-06 -1.80635e-05 0 0 1.40736e-06 -8.03402e-10
turn = 374
0 -2.36531e-06 1.25518e-05 0 0 -5.52502e-07 -8.16468e-10
turn = 375
0 2.79633e-06 -5.43483e-06 0 0 6.00982e-07 -8.02256e-10
turn = 376
0 -2.86948e-06 -2.37735e-06 0 0 4.06319e-07 -7.92648e-10
turn = 377
0 2.57582e-06 9.88548e-06 0 0 -3.78057e-07 -8.01588e-10
turn = 378
0 -1.95245e-06 -1.61292e-05 0 0 1.28963e-06 -7.71092e-10
turn = 379
0 1.07971e-06 2.031e-05 0 0 -1.04342e-06 -7.95766e-10
turn = 380
0 -6.84315e-08 -2.18931e-05 0 0 1.66133e-06 -7.5648e-10
turn = 381
0 -9.51113e-07 2.0676e-05 0 0 -1.06443e-06 -7.81651e-10
turn = 382
0 1.84946e-06 -1.68145e-05 0 0 1.33834e-06 -7.50003e-10
turn = 383
0 -2.5109e-06 1.08023e-05 0 0 -4.29749e-07 -7.60165e-10
turn = 384
0 2.85145e-06 -3.40856e-06 0 0 4.81544e-07 -7.48778e-10
turn = 385
0 -2.8271e-06 -4.42118e-06 0 0 5.47305e-07 -7.35836e-10
turn = 386
0 2.44136e-06 1.16855e-05 0 0 -4.83601e-07 -7.47272e-10
turn = 387
0 -1.74309e-06 -1.74551e-05 0 0 1.38405e-06 -7.14543e-10
turn = 388
0 8.22255e-07 2.09923e-05 0 0 -1.07795e-06 -7.40034e-10
turn = 389
0 2.04204e-07 -2.18445e-05 0 0 1.6671e-06 -7.00612e-10
turn = 390
0 -1.20407e-06 1.99027e-05 0 0 -1.00633e-06 -7.24409e-10
turn = 391
0 2.05036e-06 -1.54154e-05 0 0 1.25695e-06 -6.94685e-10
turn = 392
0 -2.63408e-06 8.95636e-06 0 0 -3.03597e-07 -7.01865e-10
turn = 393
0 2.88112e-06 -1.35187e-06 0 0 3.57371e-07 -6.93414e-10
turn = 394
0 -2.75949e-06 -6.42554e-06 0 0 6.8297e-07 -6.77264e-10
turn = 395
0 2.28511e-06 1.33812e-05 0 0 -5.85265e-07 -6.91104e-10
turn = 396
0 -1.51818e-06 -1.86252e-05 0 0 1.46567e-06 -6.56444e-10
turn = 397
0 5.57458e-07 2.14872e-05 0 0 -1.1033e-06 -6.82535e-10
turn = 398
0 4.75017e-07 -2.16009e-05 0 0 1.65753e-06 -6.43339e-10
turn = 399
0 -1.44628e-06 1.89517e-05 0 0 -9.39698e-07 -6.6556e-10
turn = 400
0 2.23295e-06 -1.38787e-05 0 0 1.16388e-06 -6.38037e-10
turn = 401
0 -2.73374e-06 7.03048e-06 0 0 -1.75186e-07 -6.4218e-10
turn = 402
0 2.88508e-06 7.16888e-07 0 0 2.29558e-07 -6.36752e-10
turn = 403
0 -2.66724e-06 -8.37256e-06 0 0 8.12091e-07 -6.17548e-10
turn = 404
0 2.10846e-06 1.49574e-05 0 0 -6.82152e-07 -6.33679e-10
turn = 405
0 -1.27972e-06 -1.96291e-05 0 0 1.53376e-06 -5.9741e-10
turn = 406
0 2.87684e-07 2.17903e-05 0 0 -1.11925e-06 -6.23877e-10
turn = 407
0 7.41589e-07 -2.11645e-05 0 0 1.63272e-06 -5.85268e-10
turn = 408
0 -1.67559e-06 1.78316e-05 0 0 -8.65137e-07 -6.05726e-10
turn = 409
0 2.39562e-06 -1.22181e-05 0 0 1.05997e-06 -5.80661e-10
turn = 410
0 -2.809e-06 5.04184e-06 0 0 -4.56683e-08 -5.81741e-10
turn = 411
0 2.86328e-06 2.77925e-06 0 0 9.92403e-08 -5.79394e-10
turn = 412
0 -2.55118e-06 -1.02448e-05 0 0 9.33509e-07 -5.57319e-10
turn = 413
0 1.913e-06 1.64002e-05 0 0 -7.73405e-07 -5.75608e-10
turn = 414
0 -1.02983e-06 -2.04578e-05 0 0 1.58771e-06 -5.38063e-10
turn = 415
0 1.53415e-08 2.1899e-05 0 0 -1.12567e-06 -5.64682e-10
turn = 416
0 1.00154e-06 -2.05392e-05 0 0 1.59287e-06 -5.27015e-10
turn = 417
0 -1.88993e-06 1.65523e-05 0 0 -7.83315e-07 -5.45539e-10
turn = 418
0 2.5369e-06 -1.04485e-05 0 0 9.46135e-07 -5.23165e-10
turn = 419
0 -2.85919e-06 3.0082e-06 0 0 8.37959e-08 -5.21184e-10
turn = 420
0 2.81593e-06 4.8168e-06 0 0 -3.24219e-08 -5.2195e-10
turn = 421
0 -2.41236e-06 -1.20257e-05 0 0 1.04614e-06 -4.97212e-10
turn = 422
0 1.70046e-06 1.76966e-05 0 0 -8.58211e-07 -5.17507e-10
turn = 423
0 -7.70751e-07 -2.11039e-05 0 0 1.62702e-06 -4.79032e-10
turn = 424
0 -2.57138e-07 2.18121e-05 0 0 -1.1225e-06 -5.05576e-10
turn = 425
0 1.25256e-06 -1.97305e-05 0 0 1.53835e-06 -4.69198e-10
turn = 426
0 -2.08741e-06 1.51253e-05 0 0 -6.94964e-07 -4.85632e-10
turn = 427
0 2.65554e-06 -8.58558e-06 0 0 8.23393e-07 -4.66161e-10
turn = 428
0 -2.88386e-06 9.4771e-07 0 0 2.12053e-07 -4.61147e-10
turn = 429
0 2.74344e-06 6.81137e-06 0 0 -1.64251e-07 -4.65031e-10
turn = 430
0 -2.25199e-06 -1.36992e-05 0 0 1.14898e-06 -4.37861e-10
turn = 431
0 1.47274e-06 1.8835e-05 0 0 -9.35809e-07 -4.59991e-10
turn = 432
0 -5.04793e-07 -2.15616e-05 0 0 1.65136e-06 -4.2094e-10
turn = 433
0 -5.27323e-07 2.15306e-05 0 0 -1.10976e-06 -4.47183e-10
turn = 434
0 1.49239e-06 -1.87458e-05 0 0 1.46963e-06 -4.1243e-10
turn = 435
0 -2.26625e-06 1.35632e-05 0 0 -6.00868e-07 -4.26639e-10
turn = 436
0 2.75048e-06 -6.64604e-06 0 0 6.92845e-07 -4.10255e-10
turn = 437
0 -2.88278e-06 -1.12124e-06 0 0 3.37965e-07 -4.02263e-10
turn = 438
0 2.64647e-06 8.74513e-06 0 0 -2.95063e-07 -4.09241e-10
turn = 439
0 -2.07153e-06 -1.52504e-05 0 0 1.24111e-06 -3.79892e-10
turn = 440
0 1.23188e-06 1.98053e-05 0 0 -1.0055e-06 -4.03669e-10
turn = 441
0 -2.34329e-07 -2.18269e-05 0 0 1.66052e-06 -3.64403e-10
turn = 442
0 -7.92802e-07 2.10569e-05 0 0 -1.08757e-06 -3.90121e-10
turn = 443
0 1.7189e-06 -1.75937e-05 0 0 1.38735e-06 -3.57314e-10
turn = 444
0 -2.42487e-06 1.18801e-05 0 0 -5.01855e-07 -3.69182e-10
turn = 445
0 2.82087e-06 -4.64718e-06 0 0 5.55669e-07 -3.56042e-10
turn = 446
0 -2.85597e-06 -3.18019e-06 0 0 4.6042e-07 -3.45154e-10
turn = 447
0 2.52588e-06 1.06008e-05 0 0 -4.23679e-07 -3.55173e-10
turn = 448
0 -1.87258e-06 -1.66655e-05 0 0 1.32173e-06 -3.23918e-10
turn = 449
0 9.80021e-07 2.05988e-05 0 0 -1.06665e-06 -3.49141e-10
turn = 450
0 3.8226e-08 -2.18973e-05 0 0 1.65441e-06 -3.10019e-10
turn = 451
0 -1.05121e-06 2.03952e-05 0 0 -1.0561e-06 -3.34993e-10
turn = 452
0 1.93007e-06 -1.62846e-05 0 0 1.29225e-06 -3.04435e-10
turn = 453
0 -2.56183e-06 1.0091e-05 0 0 -3.98795e-07 -3.13865e-10
turn = 454
0 2.86608e-06 -2.60684e-06 0 0 4.13104e-07 -3.04097e-10
turn = 455
0 -2.80366e-06 -5.21075e-06 0 0 5.78341e-07 -2.9042e-10
turn = 456
0 2.38275e-06 1.23619e-05 0 0 -5.48933e-07 -3.03401e-10
turn = 457
0 -1.6569e-06 -1.79319e-05 0 0 1.39014e-06 -2.70528e-10
turn = 458
0 7.19414e-07 2.12084e-05 0 0 -1.1187e-06 -2.96983e-10
turn = 459
0 3.1044e-07 -2.17723e-05 0 0 1.63313e-06 -2.58364e-10
turn = 460
0 -1.30023e-06 1.95515e-05 0 0 -1.01563e-06 -2.82381e-10
turn = 461
0 2.12402e-06 -1.48301e-05 0 0 1.18521e-06 -2.54354e-10
turn = 462
0 -2.67594e-06 8.21176e-06 0 0 -2.92588e-07 -2.61273e-10
turn = 463
0 2.88571e-06 -5.43222e-07 0 0 2.66443e-07 -2.54972e-10
turn = 464
0 -2.72633e-06 -7.1948e-06 0 0 6.90696e-07 -2.38639e-10
turn = 465
0 2.21834e-06 1.40127e-05 0 0 -6.69687e-07 -2.54475e-10
turn = 466
0 -1.42644e-06 -1.90382e-05 0 0 1.44574e-06 -2.20288e-10
turn = 467
0 4.52386e-07 2.16288e-05 0 0 -1.16115e-06 -2.47746e-10
turn = 468
0 5.79882e-07 -2.1453e-05 0 0 1.59687e-06 -2.09985e-10
turn = 469
0 -1.53764e-06 1.85333e-05 0 0 -9.66485e-07 -2.32839e-10
turn = 470
0 2.299e-06 -1.32432e-05 0 0 1.06718e-06 -2.07604e-10
turn = 471
0 -2.76615e-06 6.25924e-06 0 0 -1.84159e-07 -2.11959e-10
turn = 472
0 2.87959e-06 1.52524e-06 0 0 1.1702e-07 -2.09191e-10
turn = 473
0 -2.62466e-06 -9.11463e-06 0 0 7.96508e-07 -1.90356e-10
turn = 474
0 2.03414e-06 1.55383e-05 0 0 -7.84838e-07 -2.08916e-10
turn = 475
0 -1.18325e-06 -1.99745e-05 0 0 1.48807e-06 -1.73727e-10
turn = 476
0 1.81319e-07 2.18561e-05 0 0 -1.19362e-06 -2.01953e-10
turn = 477
0 8.44148e-07 -2.09421e-05 0 0 1.54599e-06 -1.65394e-10
turn = 478
0 -1.76133e-06 1.73496e-05 0 0 -9.09082e-07 -1.86892e-10
turn = 479
0 2.45347e-06 -1.15382e-05 0 0 9.39272e-07 -1.6468e-10
turn = 480
0 -2.83167e-06 4.25086e-06 0 0 -7.44467e-08 -1.66441e-10
turn = 481
0 2.84776e-06 3.58009e-06 0 0 -3.38039e-08 -1.6724e-10
turn = 482
0 -2.49956e-06 -1.09531e-05 0 0 8.94859e-07 -1.46079e-10
turn = 483
0 1.83178e-06 1.69253e-05 0 0 -8.93329e-07 -1.67204e-10
turn = 484
0 -9.29498e-07 -2.07326e-05 0 0 1.51677e-06 -1.31337e-10
turn = 485
0 -9.13671e-08 2.18883e-05 0 0 -1.21577e-06 -1.60087e-10
turn = 486
0 1.10088e-06 -2.02444e-05 0 0 1.48096e-06 -1.25066e-10
turn = 487
0 -1.9693e-06 1.60111e-05 0 0 -8.43903e-07 -1.45022e-10
turn = 488
0 2.58603e-06 -9.73011e-06 0 0 8.02641e-07 -1.26042e-10
turn = 489
0 -2.87192e-06 2.20453e-06 0 0 3.56008e-08 -1.252e-10
turn = 490
0 2.79052e-06 5.60299e-06 0 0 -1.84648e-07 -1.29566e-10
turn = 491
0 -2.35215e-06 -1.26938e-05 0 0 9.84907e-07 -1.06276e-10
turn = 492
0 1.61307e-06 1.81612e-05 0 0 -9.94159e-07 -1.29785e-10
turn = 493
0 -6.67447e-07 -2.13056e-05 0 0 1.53162e-06 -9.35668e-11
turn = 494
0 -3.63238e-07 2.17251e-05 0 0 -1.22738e-06 -1.22591e-10
turn = 495
0 1.34778e-06 -1.93659e-05 0 0 1.40241e-06 -8.94277e-11
turn = 496
0 -2.15969e-06 1.45297e-05 0 0 -7.71496e-07 -1.07671e-10
turn = 497
0 2.69552e-06 -7.83521e-06 0 0 6.58546e-07 -9.20986e-11
turn = 498
0 -2.88653e-06 1.38526e-07 0 0 1.45037e-07 -8.8669e-11
turn = 499
0 2.70837e-06 7.57587e-06 0 0 -3.34132e-07 -9.65703e-11
turn = 500
0 -2.18374e-06 -1.43212e-05 0 0 1.06588e-06 -7.13651e-11
turn = 501
0 1.37997e-06 1.9235e-05 0 0 -1.08639e-06 -9.70554e-11
turn = 502
0 -3.99439e-07 -2.16885e-05 0 0 1.53252e-06 -6.08155e-11
turn = 503
0 -6.31867e-07 2.1368e-05 0 0 -1.2283e-06 -8.98616e-11
turn = 504
0 1.58266e-06 -1.83146e-05 0 0 1.31108e-06 -5.88584e-11
turn = 505
0 -2.3308e-06 1.29186e-05 0 0 -6.9247e-07 -7.52334e-11
turn = 506
0 2.78095e-06 -5.87037e-06 0 0 5.08311e-07 -6.32133e-11
turn = 507
0 -2.87537e-06 -1.92872e-06 0 0 2.52924e-07 -5.72324e-11
turn = 508
0 2.60205e-06 9.48113e-06 0 0 -4.80881e-07 -6.86041e-11
turn = 509
0 -1.99585e-06 -1.58208e-05 0 0 1.1371e-06 -4.17148e-11
turn = 510
0 1.13454e-06 2.01371e-05 0 0 -1.16917e-06 -6.93625e-11
turn = 511
0 -1.27866e-07 -2.18777e-05 0 0 1.51951e-06 -3.34303e-11
turn = 512
0 -8.94857e-07 2.08202e-05 0 0 -1.2185e-06 -6.22444e-11
turn = 513
0 1.80341e-06 -1.70998e-05 0 0 1.2078e-06 -3.36832e-11
turn = 514
0 -2.4811e-06 1.11921e-05 0 0 -6.07489e-07 -4.80486e-11
turn = 515
0 2.84156e-06 -3.85313e-06 0 0 3.53318e-07 -3.96938e-11
turn = 516
0 -2.83854e-06 -3.97874e-06 0 0 3.58339e-07 -3.12201e-11
turn = 517
0 2.4725e-06 1.13018e-05 0 0 -6.23546e-07 -4.59654e-11
turn = 518
0 -1.79013e-06 -1.71792e-05 0 0 1.19797e-06 -1.76369e-11
turn = 519
0 8.78992e-07 2.08595e-05 0 0 -1.24171e-06 -4.69999e-11
turn = 520
0 1.44849e-07 -2.18717e-05 0 0 1.49274e-06 -1.17007e-11
turn = 521
0 -1.14986e-06 2.00865e-05 0 0 -1.19801e-06 -4.00303e-11
turn = 522
0 2.00806e-06 -1.57323e-05 0 0 1.09356e-06 -1.41707e-11
turn = 523
0 -2.60926e-06 9.36581e-06 0 0 -5.17271e-07 -2.64027e-11
turn = 524
0 2.8768e-06 -1.80149e-06 0 0 1.94993e-07 -2.17916e-11
turn = 525
0 -2.77638e-06 -5.99326e-06 0 0 4.60385e-07 -1.09049e-11
turn = 526
0 2.32089e-06 1.30215e-05 0 0 -7.60808e-07 -2.8896e-11
turn = 527
0 -1.56844e-06 -1.83842e-05 0 0 1.24798e-06 6.15224e-13
turn = 528
0 6.15594e-07 2.13956e-05 0 0 -1.30332e-06 -3.02047e-11
turn = 529
0 4.16269e-07 -2.16705e-05 0 0 1.4525e-06 4.14286e-12
turn = 530
0 -1.3946e-06 1.91736e-05 0 0 -1.16698e-06 -2.3453e-11
turn = 531
0 2.19479e-06 -1.42244e-05 0 0 9.69413e-07 -5.29173e-13
turn = 532
0 -2.71413e-06 7.45588e-06 0 0 -4.22575e-07 -1.05221e-11
turn = 533
0 2.88637e-06 2.66224e-07 0 0 3.47958e-08 -9.69938e-12
turn = 534
0 -2.68943e-06 -7.95428e-06 0 0 5.58197e-07 3.50047e-12
turn = 535
0 2.14856e-06 1.4625e-05 0 0 -8.91397e-07 -1.75786e-11
turn = 536
0 -1.33274e-06 -1.94251e-05 0 0 1.28674e-06 1.28493e-11
turn = 537
0 3.46702e-07 2.17408e-05 0 0 -1.3534e-06 -1.91551e-11
turn = 538
0 6.83974e-07 -2.12758e-05 0 0 1.39918e-06 1.39316e-11
turn = 539
0 -1.62689e-06 1.80895e-05 0 0 -1.12564e-06 -1.26866e-11
turn = 540
0 2.36193e-06 -1.25896e-05 0 0 8.36512e-07 7.09448e-12
turn = 541
0 -2.79477e-06 5.47941e-06 0 0 -3.242e-07 -5.71986e-13
turn = 542
0 2.87018e-06 2.33156e-06 0 0 -1.25798e-07 -3.54673e-12
turn = 543
0 -2.57848e-06 -9.8443e-06 0 0 6.50948e-07 1.18463e-11
turn = 544
0 1.95705e-06 1.6098e-05 0 0 -1.0141e-06 -1.21345e-11
turn = 545
0 -1.08515e-06 -2.02927e-05 0 0 1.31395e-06 1.89367e-11
turn = 546
0 7.47144e-08 2.18919e-05 0 0 -1.39147e-06 -1.39679e-11
turn = 547
0 9.45574e-07 -2.06912e-05 0 0 1.33331e-06 1.75612e-11
turn = 548
0 -1.84466e-06 1.68439e-05 0 0 -1.0743e-06 -7.84308e-12
turn = 549
0 2.50798e-06 -1.08424e-05 0 0 6.96091e-07 8.61761e-12
turn = 550
0 -2.85046e-06 3.45402e-06 0 0 -2.22978e-07 3.34469e-12
turn = 551
0 2.82837e-06 4.37609e-06 0 0 -2.85307e-07 -3.40211e-12
turn = 552
0 -2.44451e-06 -1.16465e-05 0 0 7.37858e-07 1.40461e-11
turn = 553
0 1.74807e-06 1.74273e-05 0 0 -1.12778e-06 -1.26229e-11
turn = 554
0 -8.27874e-07 -2.09791e-05 0 0 1.32941e-06 1.8814e-11
turn = 555
0 -1.9794e-07 2.18477e-05 0 0 -1.41714e-06 -1.46975e-11
turn = 556
0 1.19873e-06 -1.99219e-05 0 0 1.25553e-06 1.49921e-11
turn = 557
0 -2.04596e-06 1.5448e-05 0 0 -1.01339e-06 -8.97175e-12
turn = 558
0 2.63166e-06 -8.9984e-06 0 0 5.49452e-07 4.02123e-12
turn = 559
0 -2.8807e-06 1.39781e-06 0 0 -1.19763e-07 1.18914e-12
turn = 560
0 2.76131e-06 6.38156e-06 0 0 -4.4226e-07 -9.26915e-12
turn = 561
0 -2.28871e-06 -1.33446e-05 0 0 8.18199e-07 1.0079e-11
turn = 562
0 1.5235e-06 1.8601e-05 0 0 -1.23137e-06 -1.90396e-11
turn = 563
0 -5.63209e-07 -2.14782e-05 0 0 1.33303e-06 1.24829e-11
turn = 564
0 -4.68829e-07 2.16084e-05 0 0 -1.43013e-06 -2.13357e-11
turn = 565
0 1.44119e-06 -1.89748e-05 0 0 1.16657e-06 6.25033e-12
turn = 566
0 -2.229e-06 1.39142e-05 0 0 -9.43399e-07 -1.60585e-11
turn = 567
0 2.73184e-06 -7.07409e-06 0 0 3.9795e-07 -6.64814e-12
turn = 568
0 -2.88523e-06 -6.70884e-07 0 0 -1.54295e-08 -7.01311e-12
turn = 569
0 2.66961e-06 8.33006e-06 0 0 -5.95208e-07 -2.10881e-11
turn = 570
0 -2.11249e-06 -1.49237e-05 0 0 8.913e-07 -1.14245e-14
turn = 571
0 1.28532e-06 1.96087e-05 0 0 -1.3239e-06 -3.13181e-11
turn = 572
0 -2.93516e-07 -2.17857e-05 0 0 1.32483e-06 1.02641e-14
turn = 573
0 -7.35533e-07 2.11762e-05 0 0 -1.43028e-06 -3.38119e-11
turn = 574
0 1.67079e-06 -1.78583e-05 0 0 1.06728e-06 -8.57396e-12
turn = 575
0 -2.39214e-06 1.22562e-05 0 0 -8.64902e-07 -2.90265e-11
turn = 576
0 2.80764e-06 -5.08664e-06 0 0 2.42986e-07 -2.32805e-11
turn = 577
0 -2.86401e-06 -2.73359e-06 0 0 8.91385e-08 -2.11727e-11
turn = 578
0 2.55408e-06 1.02042e-05 0 0 -7.42739e-07 -3.87364e-11
turn = 579
0 -1.91741e-06 -1.63696e-05 0 0 9.56556e-07 -1.61165e-11
turn = 580
0 1.03567e-06 2.04414e-05 0 0 -1.4045e-06 -4.93291e-11
turn = 581
0 -2.12039e-08 -2.18987e-05 0 0 1.30491e-06 -1.84716e-11
turn = 582
0 -9.95672e-07 2.0555e-05 0 0 -1.41754e-06 -5.19926e-11
turn = 583
0 1.88547e-06 -1.65825e-05 0 0 9.58579e-07 -2.93249e-11
turn = 584
0 -2.53393e-06 1.04888e-05 0 0 -7.78557e-07 -4.77358e-11
turn = 585
0 2.85838e-06 -3.05378e-06 0 0 8.59888e-08 -4.57026e-11
turn = 586
0 -2.81722e-06 -4.77189e-06 0 0 1.93054e-07 -4.11374e-11
turn = 587
0 2.41576e-06 1.19873e-05 0 0 -8.8349e-07 -6.20296e-11
turn = 588
0 -1.70522e-06 -1.76694e-05 0 0 1.01343e-06 -3.80648e-11
turn = 589
0 7.7678e-07 2.10916e-05 0 0 -1.4724e-06 -7.2883e-11
turn = 590
0 2.51297e-07 -2.18162e-05 0 0 1.27351e-06 -4.27679e-11
turn = 591
0 -1.24692e-06 1.97504e-05 0 0 -1.39198e-06 -7.56845e-11
turn = 592
0 2.08332e-06 -1.51586e-05 0 0 8.41495e-07 -5.57856e-11
turn = 593
0 -2.6531e-06 8.62783e-06 0 0 -6.85087e-07 -7.1986e-11
turn = 594
0 2.88361e-06 -9.93665e-07 0 0 -7.15952e-08 -7.3679e-11
turn = 595
0 -2.74528e-06 -6.7676e-06 0 0 2.95435e-07 -6.66929e-11
turn = 596
0 2.25587e-06 1.36633e-05 0 0 -1.01616e-06 -9.07224e-11
turn = 597
0 -1.4778e-06 -1.88114e-05 0 0 1.06146e-06 -6.56218e-11
turn = 598
0 5.10953e-07 2.15536e-05 0 0 -1.52695e-06 -1.0173e-10
turn = 599
0 5.21554e-07 -2.1539e-05 0 0 1.23095e-06 -7.26217e-11
turn = 600
0 -1.48705e-06 1.87694e-05 0 0 -1.35379e-06 -1.04635e-10
turn = 601
0 2.26258e-06 -1.35994e-05 0 0 7.17112e-07 -8.76777e-11
turn = 602
0 -2.74859e-06 6.68981e-06 0 0 -5.85286e-07 -1.01518e-10
turn = 603
0 2.88311e-06 1.07532e-06 0 0 -2.28316e-07 -1.06917e-10
turn = 604
0 -2.64884e-06 -8.7029e-06 0 0 3.95409e-07 -9.7567e-11
turn = 605
0 2.07585e-06 1.52175e-05 0 0 -1.13952e-06 -1.24514e-10
turn = 606
0 -1.23719e-06 -1.97856e-05 0 0 1.10025e-06 -9.84958e-11
turn = 607
0 2.40565e-07 2.18231e-05 0 0 -1.56764e-06 -1.35566e-10
turn = 608
0 7.87156e-07 -2.10695e-05 0 0 1.17765e-06 -1.07718e-10
turn = 609
0 -1.71389e-06 1.7621e-05 0 0 -1.30327e-06 -1.38537e-10
turn = 610
0 2.42165e-06 -1.19188e-05 0 0 5.86579e-07 -1.24666e-10
turn = 611
0 -2.81954e-06 4.69208e-06 0 0 -4.80003e-07 -1.36017e-10
turn = 612
0 2.85687e-06 3.1347e-06 0 0 -3.82734e-07 -1.45067e-10
turn = 613
0 -2.52875e-06 -1.05605e-05 0 0 4.92125e-07 -1.3343e-10
turn = 614
0 1.87731e-06 1.66357e-05 0 0 -1.25244e-06 -1.63047e-10
turn = 615
0 -9.85544e-07 -2.05831e-05 0 0 1.1295e-06 -1.36337e-10
turn = 616
0 -3.19703e-08 2.18979e-05 0 0 -1.59405e-06 -1.74032e-10
turn = 617
0 1.04573e-06 -2.04119e-05 0 0 1.11412e-06 -1.47686e-10
turn = 618
0 -1.92544e-06 1.63152e-05 0 0 -1.24083e-06 -1.77029e-10
turn = 619
0 2.5591e-06 -1.01318e-05 0 0 4.51101e-07 -1.66361e-10
turn = 620
0 -2.86533e-06 2.65247e-06 0 0 -3.7014e-07 -1.75114e-10
turn = 621
0 2.80513e-06 5.16611e-06 0 0 -5.33434e-07 -1.87728e-10
turn = 622
0 -2.38609e-06 -1.23239e-05 0 0 5.84757e-07 -1.73901e-10
turn = 623
0 1.662e-06 1.79055e-05 0 0 -1.35386e-06 -2.05916e-10
turn = 624
0 -7.25098e-07 -2.11969e-05 0 0 1.14899e-06 -1.78746e-10
turn = 625
0 -3.04221e-07 2.17772e-05 0 0 -1.60591e-06 -2.16721e-10
turn = 626
0 1.29497e-06 -1.95722e-05 0 0 1.04096e-06 -1.92105e-10
turn = 627
0 -2.11981e-06 1.48638e-05 0 0 -1.167e-06 -2.19702e-10
turn = 628
0 2.6737e-06 -8.25441e-06 0 0 3.11923e-07 -2.12325e-10
turn = 629
0 -2.88553e-06 5.89181e-07 0 0 -2.56641e-07 -2.18394e-10
turn = 630
0 2.72835e-06 7.1514e-06 0 0 -6.79035e-07 -2.34452e-10
turn = 631
0 -2.22212e-06 -1.39772e-05 0 0 6.72511e-07 -2.18549e-10
turn = 632
0 1.43186e-06 1.90155e-05 0 0 -1.44286e-06 -2.52669e-10
turn = 633
0 -4.5818e-07 -2.16215e-05 0 0 1.15857e-06 -2.25272e-10
turn = 634
0 -5.73756e-07 2.14621e-05 0 0 -1.60309e-06 -2.6318e-10
turn = 635
0 1.53265e-06 -1.85578e-05 0 0 9.58861e-07 -2.40506e-10
turn = 636
0 -2.29525e-06 1.32797e-05 0 0 -1.08239e-06 -2.66102e-10
turn = 637
0 2.76445e-06 -6.30333e-06 0 0 1.70317e-07 -2.62074e-10
turn = 638
0 -2.87998e-06 -1.47936e-06 0 0 -1.40489e-07 -2.65396e-10
turn = 639
0 2.62723e-06 9.07286e-06 0 0 -8.18207e-07 -2.84745e-10
turn = 640
0 -2.03833e-06 -1.55058e-05 0 0 7.54635e-07 -2.669e-10
turn = 641
0 1.18894e-06 1.99557e-05 0 0 -1.51859e-06 -3.02811e-10
turn = 642
0 -1.87173e-07 -2.18531e-05 0 0 1.15818e-06 -2.75423e-10
turn = 643
0 -8.3817e-07 2.09555e-05 0 0 -1.58558e-06 -3.12918e-10
turn = 644
0 1.75665e-06 -1.73777e-05 0 0 8.68582e-07 -2.92378e-10
turn = 645
0 -2.4502e-06 1.15772e-05 0 0 -9.87746e-07 -3.15736e-10
turn = 646
0 2.83052e-06 -4.29598e-06 0 0 2.75757e-08 -3.15084e-10
turn = 647
0 -2.84872e-06 -3.5347e-06 0 0 -2.26931e-08 -3.1562e-10
turn = 648
0 2.50265e-06 1.09133e-05 0 0 -9.4968e-07 -3.38078e-10
turn = 649
0 -1.83634e-06 -1.6896e-05 0 0 8.30422e-07 -3.18441e-10
turn = 650
0 9.35411e-07 2.07178e-05 0 0 -1.58038e-06 -3.55812e-10
turn = 651
0 8.55045e-08 -2.18897e-05 0 0 1.14786e-06 -3.28669e-10
turn = 652
0 -1.0951e-06 2.02618e-05 0 0 -1.55352e-06 -3.65405e-10
turn = 653
0 1.96498e-06 -1.60425e-05 0 0 7.70951e-07 -3.47174e-10
turn = 654
0 -2.58328e-06 9.77123e-06 0 0 -8.83877e-07 -3.68076e-10
turn = 655
0 2.87133e-06 -2.25029e-06 0 0 -1.15002e-07 -3.70795e-10
turn = 656
0 -2.79203e-06 -5.55849e-06 0 0 9.57192e-08 -3.68532e-10
turn = 657
0 2.35574e-06 1.26564e-05 0 0 -1.07226e-06 -3.93888e-10
turn = 658
0 -1.61795e-06 -1.81354e-05 0 0 8.99218e-07 -3.72624e-10
turn = 659
0 6.7353e-07 2.1295e-05 0 0 -1.62763e-06 -4.11113e-10
turn = 660
0 3.57418e-07 -2.17308e-05 0 0 1.12771e-06 -3.84446e-10
turn = 661
0 -1.34226e-06 1.93873e-05 0 0 -1.50718e-06 -4.20087e-10
turn = 662
0 2.15576e-06 -1.45641e-05 0 0 6.66862e-07 -4.04317e-10
turn = 663
0 -2.6933e-06 7.87809e-06 0 0 -7.71695e-07 -4.22566e-10
turn = 664
0 2.88651e-06 -1.84515e-07 0 0 -2.56125e-07 -4.28622e-10
turn = 665
0 -2.71042e-06 -7.53266e-06 0 0 2.1371e-07 -4.23569e-10
turn = 666
0 2.1878e-06 1.42865e-05 0 0 -1.18483e-06 -4.51587e-10
turn = 667
0 -1.38513e-06 -1.92129e-05 0 0 9.60425e-07 -4.28875e-10
turn = 668
0 4.05637e-07 2.16821e-05 0 0 -1.65992e-06 -4.68128e-10
turn = 669
0 6.26141e-07 -2.1378e-05 0 0 1.09793e-06 -4.42165e-10
turn = 670
0 -1.57744e-06 1.83397e-05 0 0 -1.44694e-06 -4.76381e-10
turn = 671
0 2.3273e-06 -1.29557e-05 0 0 5.57258e-07 -4.63204e-10
turn = 672
0 -2.77928e-06 5.91463e-06 0 0 -6.52183e-07 -4.78626e-10
turn = 673
0 2.87592e-06 1.88291e-06 0 0 -3.94518e-07 -4.87956e-10
turn = 674
0 -2.60461e-06 -9.4396e-06 0 0 3.30241e-07 -4.80146e-10
turn = 675
0 2.00034e-06 1.5789e-05 0 0 -1.28637e-06 -5.10565e-10
turn = 676
0 -1.13994e-06 -2.01189e-05 0 0 1.01351e-06 -4.86599e-10
turn = 677
0 1.34123e-07 2.18756e-05 0 0 -1.67695e-06 -5.26254e-10
turn = 678
0 8.89274e-07 -2.08344e-05 0 0 1.0588e-06 -5.01216e-10
turn = 679
0 -1.79853e-06 1.71284e-05 0 0 -1.37334e-06 -5.33692e-10
turn = 680
0 2.47807e-06 -1.12317e-05 0 0 4.43128e-07 -5.23213e-10
turn = 681
0 -2.84045e-06 3.89838e-06 0 0 -5.264e-07 -5.35661e-10
turn = 682
0 2.83967e-06 3.93352e-06 0 0 -5.28934e-07 -5.48169e-10
turn = 683
0 -2.47555e-06 -1.12623e-05 0 0 4.44282e-07 -5.37663e-10
turn = 684
0 1.79502e-06 1.71507e-05 0 0 -1.37598e-06 -5.70201e-10
turn = 685
0 -8.8458e-07 -2.08454e-05 0 0 1.05801e-06 -5.45183e-10
turn = 686
0 -1.38589e-07 2.1874e-05 0 0 -1.67855e-06 -5.84876e-10
turn = 687
0 1.14447e-06 -2.01048e-05 0 0 1.01068e-06 -5.60976e-10
turn = 688
0 -2.00358e-06 1.57642e-05 0 0 -1.28703e-06 -5.9141e-10
turn = 689
0 2.60672e-06 -9.40743e-06 0 0 3.25499e-07 -5.83713e-10
turn = 690
0 -2.87626e-06 1.84733e-06 0 0 -3.95461e-07 -5.93065e-10
turn = 691
0 2.77808e-06 5.94902e-06 0 0 -6.5817e-07 -6.08629e-10
turn = 692
0 -2.3244e-06 -1.29844e-05 0 0 5.54819e-07 -5.95509e-10
turn = 693
0 1.57368e-06 1.83592e-05 0 0 -1.45284e-06 -6.29865e-10
turn = 694
0 -6.21323e-07 -2.13857e-05 0 0 1.09352e-06 -6.04006e-10
turn = 695
0 -4.10064e-07 2.1677e-05 0 0 -1.6647e-06 -6.43372e-10
turn = 696
0 1.38945e-06 -1.91958e-05 0 0 9.53993e-07 -6.20812e-10
turn = 697
0 -2.19074e-06 1.42593e-05 0 0 -1.18877e-06 -6.48924e-10
turn = 698
0 2.71211e-06 -7.49918e-06 0 0 2.05421e-07 -6.44066e-10
turn = 699
0 -2.8864e-06 -2.20199e-07 0 0 -2.60533e-07 -6.50227e-10
turn = 700
0 2.69169e-06 7.91142e-06 0 0 -7.81069e-07 -6.68697e-10
turn = 701
0 -2.15249e-06 -1.45907e-05 0 0 6.60866e-07 -6.5307e-10
turn = 702
0 1.33829e-06 1.94039e-05 0 0 -1.51627e-06 -6.88925e-10
turn = 703
0 -3.5252e-07 -2.17352e-05 0 0 1.11974e-06 -6.62447e-10
turn = 704
0 -6.77879e-07 2.12866e-05 0 0 -1.63554e-06 -7.01123e-10
turn = 705
0 1.62203e-06 -1.81154e-05 0 0 8.89244e-07 -6.80095e-10
turn = 706
0 -2.35834e-06 1.26272e-05 0 0 -1.07945e-06 -7.05621e-10
turn = 707
0 2.79329e-06 -5.524e-06 0 0 8.39625e-08 -7.03635e-10
turn = 708
0 -2.87078e-06 -2.28577e-06 0 0 -1.22825e-07 -7.0654e-10
turn = 709
0 2.58127e-06 9.8032e-06 0 0 -8.9654e-07 -7.2774e-10
turn = 710
0 -1.96138e-06 -1.60667e-05 0 0 7.61471e-07 -7.09734e-10
turn = 711
0 1.09096e-06 2.02754e-05 0 0 -1.56571e-06 -7.46759e-10
turn = 712
0 -8.05706e-08 -2.18907e-05 0 0 1.13641e-06 -7.19886e-10
turn = 713
0 -9.39644e-07 2.07062e-05 0 0 -1.59134e-06 -7.57517e-10
turn = 714
0 1.84013e-06 -1.68734e-05 0 0 8.17005e-07 -7.38197e-10
turn = 715
0 -2.50489e-06 1.08823e-05 0 0 -9.60049e-07 -7.60899e-10
turn = 716
0 2.84954e-06 -3.49951e-06 0 0 -3.77989e-08 -7.61793e-10
turn = 717
0 -2.82953e-06 -4.33093e-06 0 0 1.64271e-08 -7.61405e-10
turn = 718
0 2.44782e-06 1.16075e-05 0 0 -1.00356e-06 -7.85136e-10
turn = 719
0 -1.75275e-06 -1.73993e-05 0 0 8.55726e-07 -7.64901e-10
turn = 720
0 8.33889e-07 2.09659e-05 0 0 -1.60073e-06 -8.02754e-10
turn = 721
0 1.92097e-07 -2.18508e-05 0 0 1.14338e-06 -7.75716e-10
turn = 722
0 -1.19302e-06 1.99409e-05 0 0 -1.53249e-06 -8.11955e-10
turn = 723
0 2.0418e-06 -1.54807e-05 0 0 7.37907e-07 -7.94506e-10
turn = 724
0 -2.62908e-06 9.04033e-06 0 0 -8.31646e-07 -8.14172e-10
turn = 725
0 2.88035e-06 -1.44379e-06 0 0 -1.5879e-07 -8.17927e-10
turn = 726
0 -2.76302e-06 -6.33744e-06 0 0 1.55966e-07 -8.14239e-10
turn = 727
0 2.29252e-06 1.33082e-05 0 0 -1.10119e-06 -8.40279e-10
turn = 728
0 -1.52848e-06 -1.85766e-05 0 0 9.42776e-07 -8.17985e-10
turn = 729
0 5.69375e-07 2.14692e-05 0 0 -1.62103e-06 -8.56318e-10
turn = 730
0 4.63049e-07 -2.16158e-05 0 0 1.14057e-06 -8.29347e-10
turn = 731
0 -1.43575e-06 1.89977e-05 0 0 -1.45954e-06 -8.63861e-10
turn = 732
0 2.22525e-06 -1.39498e-05 0 0 6.5264e-07 -8.48428e-10
turn = 733
0 -2.72981e-06 7.11765e-06 0 0 -6.95404e-07 -8.64873e-10
turn = 734
0 2.88546e-06 6.24824e-07 0 0 -2.77947e-07 -8.71445e-10
turn = 735
0 -2.67184e-06 -8.28737e-06 0 0 2.94529e-07 -8.64481e-10
turn = 736
0 2.11675e-06 1.489e-05 0 0 -1.18857e-06 -8.92587e-10
turn = 737
0 -1.29057e-06 -1.95881e-05 0 0 1.02182e-06 -8.68424e-10
turn = 738
0 2.9978e-07 2.1781e-05 0 0 -1.62646e-06 -9.06885e-10
turn = 739
0 7.29868e-07 -2.11879e-05 0 0 1.12798e-06 -8.80212e-10
turn = 740
0 -1.66566e-06 1.78849e-05 0 0 -1.37317e-06 -9.12684e-10
turn = 741
0 2.38884e-06 -1.22945e-05 0 0 5.61944e-07 -8.99395e-10
turn = 742
0 -2.80616e-06 5.13144e-06 0 0 -5.52561e-07 -9.12462e-10
turn = 743
0 2.86482e-06 2.68786e-06 0 0 -3.9423e-07 -9.21784e-10
turn = 744
0 -2.55682e-06 -1.01633e-05 0 0 4.30857e-07 -9.11596e-10
turn = 745
0 1.9221e-06 1.6339e-05 0 0 -1.26496e-06 -9.41508e-10
turn = 746
0 -1.04114e-06 -2.04248e-05 0 0 1.09214e-06 -9.15682e-10
turn = 747
0 2.75079e-08 2.18983e-05 0 0 -1.61699e-06 -9.5392e-10
turn = 748
0 9.90171e-07 -2.05709e-05 0 0 1.1057e-06 -9.27773e-10
turn = 749
0 -1.88071e-06 1.66125e-05 0 0 -1.27416e-06 -9.57904e-10
turn = 750
0 2.53111e-06 -1.05294e-05 0 0 4.66604e-07 -9.4687e-10
turn = 751
0 -2.85747e-06 3.09942e-06 0 0 -4.04415e-07 -9.56433e-10
turn = 752
0 2.8186e-06 4.7269e-06 0 0 -5.06624e-07 -9.68413e-10
turn = 753
0 -2.41897e-06 -1.19486e-05 0 0 5.63706e-07 -9.55084e-10
turn = 754
0 1.71029e-06 1.76421e-05 0 0 -1.32969e-06 -9.86527e-10
turn = 755
0 -7.82416e-07 -2.10791e-05 0 0 1.15307e-06 -9.5926e-10
turn = 756
0 -2.4501e-07 2.18201e-05 0 0 -1.59272e-06 -9.96924e-10
turn = 757
0 1.24164e-06 -1.97703e-05 0 0 1.0739e-06 -9.71529e-10
turn = 758
0 -2.07897e-06 1.51918e-05 0 0 -1.16344e-06 -9.99041e-10
turn = 759
0 2.65079e-06 -8.67026e-06 0 0 3.6744e-07 -9.90352e-10
turn = 760
0 -2.88327e-06 1.03975e-06 0 0 -2.5232e-07 -9.96319e-10
turn = 761
0 2.74723e-06 6.72374e-06 0 0 -6.14157e-07 -1.01084e-09
turn = 762
0 -2.25954e-06 -1.36272e-05 0 0 6.91862e-07 -9.94482e-10
turn = 763
0 1.48321e-06 1.87878e-05 0 0 -1.38221e-06 -1.02717e-09
turn = 764
0 -5.16709e-07 -2.15453e-05 0 0 1.20403e-06 -9.98695e-10
turn = 765
0 -5.15341e-07 2.15472e-05 0 0 -1.55392e-06 -1.03544e-09
turn = 766
0 1.48202e-06 -1.87932e-05 0 0 1.03284e-06 -1.01102e-09
turn = 767
0 -2.25867e-06 1.36354e-05 0 0 -1.04202e-06 -1.03566e-09
turn = 768
0 2.74681e-06 -6.73378e-06 0 0 2.65305e-07 -1.02938e-09
turn = 769
0 -2.88333e-06 -1.02921e-06 0 0 -9.76657e-08 -1.03169e-09
turn = 770
0 2.65134e-06 8.66058e-06 0 0 -7.15902e-07 -1.04862e-09
turn = 771
0 -2.07993e-06 -1.51842e-05 0 0 8.14145e-07 -1.02937e-09
turn = 772
0 1.24289e-06 1.97658e-05 0 0 -1.4221e-06 -1.063e-09
turn = 773
0 -2.4639e-07 -2.18192e-05 0 0 1.24454e-06 -1.03357e-09
turn = 774
0 -7.81073e-07 2.1082e-05 0 0 -1.50096e-06 -1.06906e-09
turn = 775
0 1.70917e-06 -1.76484e-05 0 0 9.8283e-07 -1.04582e-09
turn = 776
0 -2.41821e-06 1.19574e-05 0 0 -9.11027e-07 -1.06737e-09
turn = 777
0 2.81831e-06 -4.73719e-06 0 0 1.61076e-07 -1.06356e-09
turn = 778
0 -2.85766e-06 -3.08898e-06 0 0 5.81319e-08 -1.06218e-09
turn = 779
0 2.53179e-06 1.05201e-05 0 0 -8.10988e-07 -1.08136e-09
turn = 780
0 -1.88176e-06 -1.66056e-05 0 0 9.29427e-07 -1.05938e-09
turn = 781
0 9.91486e-07 2.05673e-05 0 0 -1.44903e-06 -1.09365e-09
turn = 782
0 2.61268e-08 -2.18984e-05 0 0 1.2742e-06 -1.06352e-09
turn = 783
0 -1.03983e-06 2.04286e-05 0 0 -1.43436e-06 -1.09743e-09
turn = 784
0 1.92107e-06 -1.6346e-05 0 0 9.24294e-07 -1.07558e-09
turn = 785
0 -2.55616e-06 1.01727e-05 0 0 -7.71663e-07 -1.09383e-09
turn = 786
0 2.86466e-06 -2.69833e-06 0 0 5.56439e-08 -1.09251e-09
turn = 787
0 -2.80648e-06 -5.12118e-06 0 0 2.13643e-07 -1.08746e-09
turn = 788
0 2.38964e-06 1.22857e-05 0 0 -8.98605e-07 -1.10871e-09
turn = 789
0 -1.66679e-06 -1.78788e-05 0 0 1.03664e-06 -1.08419e-09
turn = 790
0 7.31226e-07 2.11853e-05 0 0 -1.46282e-06 -1.11879e-09
turn = 791
0 2.9841e-07 -2.1782e-05 0 0 1.29269e-06 -1.08822e-09
turn = 792
0 -1.28931e-06 1.95928e-05 0 0 -1.35475e-06 -1.12025e-09
turn = 793
0 2.11582e-06 -1.48978e-05 0 0 8.57708e-07 -1.09997e-09
turn = 794
0 -2.6713e-06 8.29714e-06 0 0 -6.25214e-07 -1.11476e-09
turn = 795
0 2.88544e-06 -6.35372e-07 0 0 -5.00913e-08 -1.11594e-09
turn = 796
0 -2.73024e-06 -7.10767e-06 0 0 3.67439e-07 -1.10725e-09
turn = 797
0 2.22616e-06 1.39417e-05 0 0 -9.78014e-07 -1.13038e-09
turn = 798
0 -1.43694e-06 -1.89924e-05 0 0 1.13478e-06 -1.10354e-09
turn = 799
0 4.6444e-07 2.16141e-05 0 0 -1.46336e-06 -1.13815e-09
turn = 800
0 5.6803e-07 -2.14713e-05 0 0 1.29982e-06 -1.10741e-09
turn = 801
0 -1.52728e-06 1.85822e-05 0 0 -1.26288e-06 -1.13728e-09
turn = 802
0 2.29169e-06 -1.33165e-05 0 0 7.83624e-07 -1.11874e-09
turn = 803
0 -2.76259e-06 6.34754e-06 0 0 -4.73033e-07 -1.12993e-09
turn = 804
0 2.88047e-06 1.43325e-06 0 0 -1.55229e-07 -1.1336e-09
turn = 805
0 -2.62964e-06 -9.03071e-06 0 0 5.18102e-07 -1.12135e-09
turn = 806
0 2.04281e-06 1.54732e-05 0 0 -1.04855e-06 -1.14615e-09
turn = 807
0 -1.19427e-06 -1.99366e-05 0 0 1.22294e-06 -1.11723e-09
turn = 808
0 1.93508e-07 2.18501e-05 0 0 -1.45072e-06 -1.15153e-09
turn = 809
0 8.32578e-07 -2.09689e-05 0 0 1.29547e-06 -1.1209e-09
turn = 810
0 -1.75162e-06 1.74057e-05 0 0 -1.15962e-06 -1.14832e-09
turn = 811
0 2.4471e-06 -1.16164e-05 0 0 7.02657e-07 -1.1317e-09
turn = 812
0 -2.82923e-06 4.34129e-06 0 0 -3.16521e-07 -1.13919e-09
turn = 813
0 2.84978e-06 3.48908e-06 0 0 -2.58876e-07 -1.14531e-09
turn = 814
0 -2.50556e-06 -1.08732e-05 0 0 6.64244e-07 -1.1296e-09
turn = 815
0 1.84122e-06 1.68666e-05 0 0 -1.10963e-06 -1.15584e-09
turn = 816
0 -9.40935e-07 -2.07027e-05 0 0 1.30026e-06 -1.12509e-09
turn = 817
0 -7.91518e-08 2.1891e-05 0 0 -1.42504e-06 -1.15879e-09
turn = 818
0 1.0897e-06 -2.02794e-05 0 0 1.27963e-06 -1.12853e-09
turn = 819
0 -1.96033e-06 1.60739e-05 0 0 -1.04595e-06 -1.15327e-09
turn = 820
0 2.58067e-06 -9.81266e-06 0 0 6.15484e-07 -1.13871e-09
turn = 821
0 -2.8706e-06 2.29628e-06 0 0 -1.57121e-07 -1.14243e-09
turn = 822
0 2.79367e-06 5.51377e-06 0 0 -3.60153e-07 -1.15094e-09
turn = 823
0 -2.35911e-06 -1.26185e-05 0 0 8.04513e-07 -1.13192e-09
turn = 824
0 1.62321e-06 1.81095e-05 0 0 -1.16075e-06 -1.15937e-09
turn = 825
0 -6.79205e-07 -2.12841e-05 0 0 1.36603e-06 -1.12707e-09
turn = 826
0 -3.51106e-07 2.17365e-05 0 0 -1.3866e-06 -1.15986e-09
turn = 827
0 1.33709e-06 -1.94088e-05 0 0 1.25241e-06 -1.13024e-09
turn = 828
0 -2.15153e-06 1.45986e-05 0 0 -9.22909e-07 -1.15206e-09
turn = 829
0 2.69121e-06 -7.92129e-06 0 0 5.22836e-07 -1.1397e-09
turn = 830
0 -2.88636e-06 2.3078e-07 0 0 3.69734e-09 -1.13961e-09
turn = 831
0 2.71262e-06 7.48924e-06 0 0 -4.58201e-07 -1.15045e-09
turn = 832
0 -2.19161e-06 -1.42513e-05 0 0 9.3761e-07 -1.12828e-09
turn = 833
0 1.3907e-06 1.91907e-05 0 0 -1.2015e-06 -1.15669e-09
turn = 834
0 -4.11412e-07 -2.16755e-05 0 0 1.41961e-06 -1.12312e-09
turn = 835
0 -6.19926e-07 2.1388e-05 0 0 -1.3358e-06 -1.15471e-09
turn = 836
0 1.57254e-06 -1.8365e-05 0 0 1.21398e-06 -1.126e-09
turn = 837
0 -2.32353e-06 1.2993e-05 0 0 -7.91658e-07 -1.14472e-09
turn = 838
0 2.77773e-06 -5.95921e-06 0 0 4.25494e-07 -1.13466e-09
turn = 839
0 -2.87635e-06 -1.83678e-06 0 0 1.64452e-07 -1.13077e-09
turn = 840
0 2.60736e-06 9.39787e-06 0 0 -5.52194e-07 -1.14383e-09
turn = 841
0 -2.00455e-06 -1.57569e-05 0 0 1.0623e-06 -1.11871e-09
turn = 842
0 1.14579e-06 2.01006e-05 0 0 -1.23158e-06 -1.14783e-09
turn = 843
0 -1.39948e-07 -2.18734e-05 0 0 1.46046e-06 -1.1133e-09
turn = 844
0 -8.83214e-07 2.08486e-05 0 0 -1.27313e-06 -1.1434e-09
turn = 845
0 1.79396e-06 -1.71573e-05 0 0 1.16466e-06 -1.11586e-09
turn = 846
0 -2.47479e-06 1.12714e-05 0 0 -6.53411e-07 -1.13131e-09
turn = 847
0 2.83946e-06 -3.94395e-06 0 0 3.24281e-07 -1.12364e-09
turn = 848
0 -2.84066e-06 -3.88795e-06 0 0 3.23662e-07 -1.11599e-09
turn = 849
0 2.47883e-06 1.12226e-05 0 0 -6.41337e-07 -1.13116e-09
turn = 850
0 -1.79959e-06 -1.71218e-05 0 0 1.17743e-06 -1.10331e-09
turn = 851
0 8.90643e-07 2.08312e-05 0 0 -1.25075e-06 -1.13289e-09
turn = 852
0 1.32765e-07 -2.18761e-05 0 0 1.48817e-06 -1.0977e-09
turn = 853
0 -1.13862e-06 2.01231e-05 0 0 -1.1992e-06 -1.12606e-09
turn = 854
0 1.99937e-06 -1.57964e-05 0 0 1.10482e-06 -1.09993e-09
turn = 855
0 -2.60396e-06 9.44917e-06 0 0 -5.09448e-07 -1.11198e-09
turn = 856
0 2.87584e-06 -1.89348e-06 0 0 2.20053e-07 -1.10677e-09
turn = 857
0 -2.77962e-06 -5.90441e-06 0 0 4.7986e-07 -1.09543e-09
turn = 858
0 2.32817e-06 1.29472e-05 0 0 -7.24882e-07 -1.11257e-09
turn = 859
0 -1.57857e-06 -1.83339e-05 0 0 1.28191e-06 -1.08226e-09
turn = 860
0 6.27548e-07 2.13757e-05 0 0 -1.2589e-06 -1.11202e-09
turn = 861
0 4.04292e-07 -2.16836e-05 0 0 1.50246e-06 -1.0765e-09
turn = 862
0 -1.38386e-06 1.9218e-05 0 0 -1.11472e-06 -1.10286e-09
turn = 863
0 2.18693e-06 -1.42945e-05 0 0 1.03497e-06 -1.07838e-09
turn = 864
0 -2.70989e-06 7.54264e-06 0 0 -3.61099e-07 -1.08692e-09
turn = 865
0 2.88656e-06 1.73888e-07 0 0 1.13696e-07 -1.08423e-09
turn = 866
0 -2.69376e-06 -7.86817e-06 0 0 6.31608e-07 -1.0693e-09
turn = 867
0 2.15673e-06 1.45562e-05 0 0 -8.02127e-07 -1.08826e-09
turn = 868
0 -1.34346e-06 -1.93823e-05 0 0 1.37478e-06 -1.05575e-09
turn = 869
0 3.58852e-07 2.17295e-05 0 0 -1.25599e-06 -1.08546e-09
turn = 870
0 6.7221e-07 -2.12975e-05 0 0 1.50316e-06 -1.04991e-09
turn = 871
0 -1.61675e-06 1.81414e-05 0 0 -1.02049e-06 -1.07404e-09
turn = 872
0 2.35497e-06 -1.26651e-05 0 0 9.55684e-07 -1.05144e-09
turn = 873
0 -2.79163e-06 5.56878e-06 0 0 -2.09733e-07 -1.0564e-09
turn = 874
0 2.87151e-06 2.23971e-06 0 0 6.11756e-09 -1.05626e-09
turn = 875
0 -2.58386e-06 -9.76171e-06 0 0 7.7751e-07 -1.03787e-09
turn = 876
0 1.96605e-06 1.60353e-05 0 0 -8.72425e-07 -1.0585e-09
turn = 877
0 -1.09636e-06 -2.02578e-05 0 0 1.45516e-06 -1.02409e-09
turn = 878
0 8.69518e-08 2.18894e-05 0 0 -1.2421e-06 -1.05346e-09
turn = 879
0 9.34128e-07 -2.07213e-05 0 0 1.4902e-06 -1.01822e-09
turn = 880
0 -1.83521e-06 1.69028e-05 0 0 -9.17388e-07 -1.03992e-09
turn = 881
0 2.502e-06 -1.09226e-05 0 0 8.67621e-07 -1.0194e-09
turn = 882
0 -2.84845e-06 3.54521e-06 0 0 -5.6739e-08 -1.02074e-09
turn = 883
0 2.83084e-06 4.28553e-06 0 0 -1.01763e-07 -1.02315e-09
turn = 884
0 -2.45089e-06 -1.15681e-05 0 0 9.16222e-07 -1.00148e-09
turn = 885
0 1.75781e-06 1.73712e-05 0 0 -9.35189e-07 -1.0236e-09
turn = 886
0 -8.39469e-07 -2.09524e-05 0 0 1.52229e-06 -9.87601e-10
turn = 887
0 -1.85725e-07 2.18538e-05 0 0 -1.21738e-06 -1.01639e-09
turn = 888
0 1.18771e-06 -1.99601e-05 0 0 1.46367e-06 -9.81777e-10
turn = 889
0 -2.03729e-06 1.55134e-05 0 0 -8.06373e-07 -1.00085e-09
turn = 890
0 2.62669e-06 -9.08256e-06 0 0 7.71533e-07 -9.82601e-10
turn = 891
0 -2.87984e-06 1.49001e-06 0 0 9.64779e-08 -9.8032e-10
turn = 892
0 2.7649e-06 6.29311e-06 0 0 -2.0902e-07 -9.85262e-10
turn = 893
0 -2.29605e-06 -1.32713e-05 0 0 1.04647e-06 -9.60516e-10
turn = 894
0 1.53389e-06 1.85521e-05 0 0 -9.89898e-07 -9.83925e-10
turn = 895
0 -5.75088e-07 -2.146e-05 0 0 1.57554e-06 -9.46668e-10
turn = 896
0 -4.56744e-07 2.16232e-05 0 0 -1.1821e-06 -9.74621e-10
turn = 897
0 1.43069e-06 -1.90208e-05 0 0 1.42376e-06 -9.40953e-10
turn = 898
0 -2.22118e-06 1.39855e-05 0 0 -6.88475e-07 -9.57234e-10
turn = 899
0 2.72794e-06 -7.16149e-06 0 0 6.68241e-07 -9.41432e-10
turn = 900
0 -2.88552e-06 -5.78504e-07 0 0 2.48515e-07 -9.35555e-10
turn = 901
0 2.67428e-06 8.24451e-06 0 0 -3.14731e-07 -9.42998e-10
turn = 902
0 -2.12071e-06 -1.4856e-05 0 0 1.16705e-06 -9.154e-10
turn = 903
0 1.29628e-06 1.95674e-05 0 0 -1.0361e-06 -9.39901e-10
turn = 904
0 -3.05575e-07 -2.17761e-05 0 0 1.61439e-06 -9.01725e-10
turn = 905
0 -7.23688e-07 2.11996e-05 0 0 -1.13661e-06 -9.28603e-10
turn = 906
0 1.6609e-06 -1.79117e-05 0 0 1.37081e-06 -8.96187e-10
turn = 907
0 -2.38525e-06 1.23327e-05 0 0 -5.64778e-07 -9.09542e-10
turn = 908
0 2.80484e-06 -5.1765e-06 0 0 5.58636e-07 -8.96332e-10
turn = 909
0 -2.86545e-06 -2.64185e-06 0 0 3.97984e-07 -8.86921e-10
turn = 910
0 2.55979e-06 1.01223e-05 0 0 -4.17984e-07 -8.96805e-10
turn = 911
0 -1.92645e-06 -1.63081e-05 0 0 1.27687e-06 -8.66611e-10
turn = 912
0 1.04709e-06 2.04081e-05 0 0 -1.0734e-06 -8.91994e-10
turn = 913
0 -3.33348e-08 -2.18978e-05 0 0 1.63847e-06 -8.53249e-10
turn = 914
0 -9.84172e-07 2.05867e-05 0 0 -1.08134e-06 -8.7882e-10
turn = 915
0 1.87628e-06 -1.66427e-05 0 0 1.30524e-06 -8.47954e-10
turn = 916
0 -2.52802e-06 1.05699e-05 0 0 -4.36416e-07 -8.58274e-10
turn = 917
0 2.85671e-06 -3.1453e-06 0 0 4.43667e-07 -8.47783e-10
turn = 918
0 -2.8198e-06 -4.68162e-06 0 0 5.43523e-07 -8.3493e-10
turn = 919
0 2.42246e-06 1.19098e-05 0 0 -5.17886e-07 -8.47177e-10
turn = 920
0 -1.71498e-06 -1.76146e-05 0 0 1.3749e-06 -8.14664e-10
turn = 921
0 7.8856e-07 2.10666e-05 0 0 -1.10152e-06 -8.40712e-10
turn = 922
0 2.39203e-07 -2.1824e-05 0 0 1.64754e-06 -8.01752e-10
turn = 923
0 -1.23587e-06 1.97901e-05 0 0 -1.01681e-06 -8.25797e-10
turn = 924
0 2.07492e-06 -1.52252e-05 0 0 1.22763e-06 -7.96767e-10
turn = 925
0 -2.64823e-06 8.71274e-06 0 0 -3.04561e-07 -8.03969e-10
turn = 926
0 2.88308e-06 -1.08603e-06 0 0 3.24335e-07 -7.963e-10
turn = 927
0 -2.74898e-06 -6.6796e-06 0 0 6.83807e-07 -7.8013e-10
turn = 928
0 2.2635e-06 1.3591e-05 0 0 -6.13569e-07 -7.94639e-10
turn = 929
0 -1.48821e-06 -1.87639e-05 0 0 1.46026e-06 -7.60108e-10
turn = 930
0 5.22989e-07 2.1537e-05 0 0 -1.12021e-06 -7.86598e-10
turn = 931
0 5.09605e-07 -2.15555e-05 0 0 1.64148e-06 -7.47781e-10
turn = 932
0 -1.47654e-06 1.88169e-05 0 0 -9.43628e-07 -7.70095e-10
turn = 933
0 2.25504e-06 -1.36717e-05 0 0 1.13864e-06 -7.4317e-10
turn = 934
0 -2.7448e-06 6.77781e-06 0 0 -1.70409e-07 -7.472e-10
turn = 935
0 2.88372e-06 9.82942e-07 0 0 2.01686e-07 -7.4243e-10
turn = 936
0 -2.65362e-06 -8.61796e-06 0 0 8.17567e-07 -7.23097e-10
turn = 937
0 2.08435e-06 1.51508e-05 0 0 -7.04197e-07 -7.3975e-10
turn = 938
0 -1.24816e-06 -1.97457e-05 0 0 1.53216e-06 -7.03518e-10
turn = 939
0 2.52749e-07 2.18152e-05 0 0 -1.12933e-06 -7.30224e-10
turn = 940
0 7.75458e-07 -2.10945e-05 0 0 1.62035e-06 -6.91907e-10
turn = 941
0 -1.70403e-06 1.76757e-05 0 0 -8.62458e-07 -7.12302e-10
turn = 942
0 2.41503e-06 -1.19963e-05 0 0 1.03904e-06 -6.87732e-10
turn = 943
0 -2.81687e-06 4.78238e-06 0 0 -3.51758e-08 -6.88564e-10
turn = 944
0 2.85862e-06 3.04314e-06 0 0 7.67984e-08 -6.86748e-10
turn = 945
0 -2.53457e-06 -1.04794e-05 0 0 9.43591e-07 -6.64434e-10
turn = 946
0 1.88658e-06 1.65754e-05 0 0 -7.88978e-07 -6.83092e-10
turn = 947
0 -9.96962e-07 -2.05513e-05 0 0 1.58994e-06 -6.45494e-10
turn = 948
0 -1.97465e-08 2.18987e-05 0 0 -1.12881e-06 -6.72187e-10
turn = 949
0 1.03439e-06 -2.04453e-05 0 0 1.5843e-06 -6.34723e-10
turn = 950
0 -1.91631e-06 1.63767e-05 0 0 -7.7404e-07 -6.53027e-10
turn = 951
0 2.55346e-06 -1.02137e-05 0 0 9.29719e-07 -6.31042e-10
turn = 952
0 -2.86379e-06 2.74426e-06 0 0 9.9921e-08 -6.28679e-10
turn = 953
0 2.80801e-06 5.07617e-06 0 0 -4.92242e-08 -6.29843e-10
turn = 954
0 -2.3929e-06 -1.22473e-05 0 0 1.06074e-06 -6.04759e-10
turn = 955
0 1.67198e-06 1.78521e-05 0 0 -8.67166e-07 -6.25265e-10
turn = 956
0 -7.36867e-07 -2.11735e-05 0 0 1.63308e-06 -5.86647e-10
turn = 957
0 -2.92067e-07 2.17868e-05 0 0 -1.11867e-06 -6.13101e-10
turn = 958
0 1.28409e-06 -1.96135e-05 0 0 1.53365e-06 -5.76835e-10
turn = 959
0 -2.11149e-06 1.49316e-05 0 0 -6.79172e-07 -5.92895e-10
turn = 960
0 2.66911e-06 -8.34002e-06 0 0 8.1164e-07 -5.73702e-10
turn = 961
0 -2.88515e-06 6.81648e-07 0 0 2.33668e-07 -5.68177e-10
turn = 962
0 2.73233e-06 7.0639e-06 0 0 -1.75263e-07 -5.72321e-10
turn = 963
0 -2.22987e-06 -1.39059e-05 0 0 1.16798e-06 -5.44702e-10
turn = 964
0 1.44246e-06 1.89694e-05 0 0 -9.38068e-07 -5.66885e-10
turn = 965
0 -4.70195e-07 -2.16066e-05 0 0 1.66119e-06 -5.27602e-10
turn = 966
0 -5.61781e-07 2.14803e-05 0 0 -1.09901e-06 -5.53591e-10
turn = 967
0 1.52232e-06 -1.86067e-05 0 0 1.46885e-06 -5.18856e-10
turn = 968
0 -2.28781e-06 1.33532e-05 0 0 -5.78705e-07 -5.32541e-10
turn = 969
0 2.76093e-06 -6.39187e-06 0 0 6.85855e-07 -5.16323e-10
turn = 970
0 -2.88076e-06 -1.38705e-06 0 0 3.6487e-07 -5.07695e-10
turn = 971
0 2.63227e-06 8.98857e-06 0 0 -3.00195e-07 -5.14793e-10
turn = 972
0 -2.04693e-06 -1.54404e-05 0 0 1.26433e-06 -4.84896e-10
turn = 973
0 1.20006e-06 1.99174e-05 0 0 -1.00105e-06 -5.08568e-10
turn = 974
0 -1.99327e-07 -2.18469e-05 0 0 1.67401e-06 -4.68982e-10
turn = 975
0 -8.26481e-07 2.09822e-05 0 0 -1.07e-06 -4.94285e-10
turn = 976
0 1.74697e-06 -1.74338e-05 0 0 1.39048e-06 -4.61404e-10
turn = 977
0 -2.44372e-06 1.16556e-05 0 0 -4.73534e-07 -4.72601e-10
turn = 978
0 2.82811e-06 -4.38666e-06 0 0 5.53488e-07 -4.59513e-10
turn = 979
0 -2.85065e-06 -3.44337e-06 0 0 4.92359e-07 -4.4787e-10
turn = 980
0 2.50872e-06 1.0833e-05 0 0 -4.22902e-07 -4.57871e-10
turn = 981
0 -1.84572e-06 -1.6837e-05 0 0 1.34894e-06 -4.25972e-10
turn = 982
0 9.46946e-07 2.06876e-05 0 0 -1.05556e-06 -4.50933e-10
turn = 983
0 7.33198e-08 -2.18922e-05 0 0 1.67143e-06 -4.11408e-10
turn = 984
0 -1.0838e-06 2.02967e-05 0 0 -1.03189e-06 -4.3581e-10
turn = 985
0 1.95603e-06 -1.61053e-05 0 0 1.29924e-06 -4.05086e-10
turn = 986
0 -2.57781e-06 9.85394e-06 0 0 -3.64592e-07 -4.13708e-10
turn = 987
0 2.87005e-06 -2.3423e-06 0 0 4.15728e-07 -4.03877e-10
turn = 988
0 -2.7951e-06 -5.46895e-06 0 0 6.15003e-07 -3.89334e-10
turn = 989
0 2.36277e-06 1.25808e-05 0 0 -5.42281e-07 -4.02158e-10
turn = 990
0 -1.62804e-06 -1.80834e-05 0 0 1.42106e-06 -3.68554e-10
turn = 991
0 6.85382e-07 2.12732e-05 0 0 -1.10108e-06 -3.94591e-10
turn = 992
0 3.45312e-07 -2.17421e-05 0 0 1.65349e-06 -3.55491e-10
turn = 993
0 -1.33145e-06 1.94301e-05 0 0 -9.85016e-07 -3.78784e-10
turn = 994
0 2.14763e-06 -1.46331e-05 0 0 1.19596e-06 -3.50503e-10
turn = 995
0 -2.68889e-06 7.96434e-06 0 0 -2.5284e-07 -3.56482e-10
turn = 996
0 2.88637e-06 -2.77029e-07 0 0 2.73816e-07 -3.50007e-10
turn = 997
0 -2.71459e-06 -7.44572e-06 0 0 7.31721e-07 -3.32704e-10
turn = 998
0 2.19573e-06 1.42162e-05 0 0 -6.57253e-07 -3.48246e-10
turn = 999
0 -1.39582e-06 -1.91683e-05 0 0 1.48007e-06 -3.13246e-10
turn = 1000
0 4.17699e-07 2.16689e-05 0 0 -1.13721e-06 -3.40138e-10
