phase = 0.0

ZMap : order = 4 dimension = 4

    1  1.412317e-08  1.310077e-08  0.000000e+00  0.000000e+00   0  0  0  0
    2  9.997863e-01 -1.982087e-04  0.000000e+00  0.000000e+00   1  0  0  0
    3  2.155853e+00  9.997863e-01  0.000000e+00  0.000000e+00   0  1  0  0
    4  0.000000e+00  0.000000e+00  9.948564e-01 -4.767339e-03   0  0  1  0
    5  0.000000e+00  0.000000e+00  2.152303e+00  9.948564e-01   0  0  0  1
    6  8.676778e-07  1.877789e-06  0.000000e+00  0.000000e+00   2  0  0  0
    7  1.167341e-02  4.048585e-06  0.000000e+00  0.000000e+00   1  1  0  0
    8  0.000000e+00  0.000000e+00  2.955505e-05  1.388457e-05   1  0  1  0
    9  0.000000e+00  0.000000e+00 -1.163173e-02  5.622237e-05   1  0  0  1
   10  6.292231e-03 -5.833586e-03  0.000000e+00  0.000000e+00   0  2  0  0
   11  0.000000e+00  0.000000e+00  1.345839e-01  1.496666e-05   0  1  1  0
   12  0.000000e+00  0.000000e+00 -1.253948e-02 -1.344914e-01   0  1  0  1
   13 -3.131314e-04  7.035108e-06  0.000000e+00  0.000000e+00   0  0  2  0
   14  1.338270e-01 -2.607367e-05  0.000000e+00  0.000000e+00   0  0  1  1
   15  1.510675e-01  5.820184e-03  0.000000e+00  0.000000e+00   0  0  0  2
   16 -5.834240e-03 -5.411288e-03  0.000000e+00  0.000000e+00   3  0  0  0
   17 -1.226511e-02 -1.750012e-02  0.000000e+00  0.000000e+00   2  1  0  0
   18  0.000000e+00  0.000000e+00 -2.192239e-01 -2.029980e-01   2  0  1  0
   19  0.000000e+00  0.000000e+00 -1.575774e-01 -2.191933e-01   2  0  0  1
   20 -1.350838e-02 -2.546786e-02  0.000000e+00  0.000000e+00   1  2  0  0
   21  0.000000e+00  0.000000e+00 -3.159720e-01 -4.376613e-01   1  1  1  0
   22  0.000000e+00  0.000000e+00 -3.400218e-01 -6.292526e-01   1  1  0  1
   23 -2.192234e-01 -2.029989e-01  0.000000e+00  0.000000e+00   1  0  2  0
   24 -3.159677e-01 -4.376644e-01  0.000000e+00  0.000000e+00   1  0  1  1
   25 -1.718890e-01 -3.150362e-01  0.000000e+00  0.000000e+00   1  0  0  2
   26  1.072103e+00 -1.396984e-02  0.000000e+00  0.000000e+00   0  3  0  0
   27  0.000000e+00  0.000000e+00 -1.858601e-01 -3.341193e-01   0  2  1  0
   28  0.000000e+00  0.000000e+00  8.451999e-01 -5.228404e-01   0  2  0  1
   29 -1.377447e-01 -2.184738e-01  0.000000e+00  0.000000e+00   0  1  2  0
   30 -3.013859e-01 -6.276968e-01  0.000000e+00  0.000000e+00   0  1  1  1
   31  8.705041e-01 -5.091621e-01  0.000000e+00  0.000000e+00   0  1  0  2
   32  0.000000e+00  0.000000e+00 -3.374772e+00 -3.119857e+00   0  0  3  0
   33  0.000000e+00  0.000000e+00 -7.273143e+00 -1.008961e+01   0  0  2  1
   34  0.000000e+00  0.000000e+00 -7.851214e+00 -1.451739e+01   0  0  1  2
   35  0.000000e+00  0.000000e+00 -2.315973e+00 -7.841476e+00   0  0  0  3
   36  1.974206e-05  5.491754e-05  0.000000e+00  0.000000e+00   4  0  0  0
   37  7.963771e-02  1.894316e-04  0.000000e+00  0.000000e+00   3  1  0  0
   38  0.000000e+00  0.000000e+00  1.409923e-03  6.145146e-04   3  0  1  0
   39  0.000000e+00  0.000000e+00 -7.765081e-02  2.681766e-03   3  0  0  1
   40  1.286957e-01 -1.191758e-01  0.000000e+00  0.000000e+00   2  2  0  0
   41  0.000000e+00  0.000000e+00  2.748285e+00  7.571800e-04   2  1  1  0
   42  0.000000e+00  0.000000e+00 -2.529472e-01 -2.737714e+00   2  1  0  1
   43 -2.094525e-02  9.343679e-04  0.000000e+00  0.000000e+00   2  0  2  0
   44  2.699513e+00  1.801615e-03  0.000000e+00  0.000000e+00   2  0  1  1
   45  3.071892e+00  1.229300e-01  0.000000e+00  0.000000e+00   2  0  0  2
   46  2.074719e-01 -2.572976e-01  0.000000e+00  0.000000e+00   1  3  0  0
   47  0.000000e+00  0.000000e+00 -2.756049e-01 -5.748540e+00   1  2  1  0
   48  0.000000e+00  0.000000e+00 -5.821027e-01 -1.210631e+01   1  2  0  1
   49  5.687404e+00 -1.221300e-02  0.000000e+00  0.000000e+00   1  1  2  0
   50  1.224027e+01 -5.516779e+00  0.000000e+00  0.000000e+00   1  1  1  1
   51  1.325772e+01 -5.664169e+00  0.000000e+00  0.000000e+00   1  1  0  2
   52  0.000000e+00  0.000000e+00  2.021401e-02  3.722321e-03   1  0  3  0
   53  0.000000e+00  0.000000e+00 -5.665358e+00  4.595969e-02   1  0  2  1
   54  0.000000e+00  0.000000e+00 -6.064492e+00  5.853261e+00   1  0  1  2
   55  0.000000e+00  0.000000e+00 -4.382257e+00  6.305646e+00   1  0  0  3
   56  1.147697e-01 -1.905883e-01  0.000000e+00  0.000000e+00   0  4  0  0
   57  0.000000e+00  0.000000e+00 -7.920973e-02 -6.196695e+00   0  3  1  0
   58  0.000000e+00  0.000000e+00 -4.431316e-01 -1.327496e+01   0  3  0  1
   59  3.039889e+00 -2.888201e+00  0.000000e+00  0.000000e+00   0  2  2  0
   60  1.357803e+01 -1.213644e+01  0.000000e+00  0.000000e+00   0  2  1  1
   61  1.465045e+01 -1.276359e+01  0.000000e+00  0.000000e+00   0  2  0  2
   62  0.000000e+00  0.000000e+00  2.171024e+01 -3.107476e-01   0  1  3  0
   63  0.000000e+00  0.000000e+00 -7.057048e+00 -6.705882e+01   0  1  2  1
   64  0.000000e+00  0.000000e+00 -1.377647e+01 -1.369114e+02   0  1  1  2
   65  0.000000e+00  0.000000e+00 -9.631164e+00 -9.334320e+01   0  1  0  3
   66 -2.612443e-01  1.064017e-03  0.000000e+00  0.000000e+00   0  0  4  0
   67  2.084935e+01 -4.324732e-02  0.000000e+00  0.000000e+00   0  0  3  1
   68  7.226362e+01  2.737711e+00  0.000000e+00  0.000000e+00   0  0  2  2
   69  1.051049e+02  6.023813e+00  0.000000e+00  0.000000e+00   0  0  1  3
   70  5.716669e+01  4.382477e+00  0.000000e+00  0.000000e+00   0  0  0  4

