  BEAM
 
  -10.565401< xo[mm] <    7.837788 *    -0.777722< uo[mrad] <    0.873611
  -20.990877< yo[mm] <   21.322799 *    -0.422479< vo[mrad] <    0.382661
 
  MATRIX
 
  [ x ]        [   4.8695E-03 ]        [   0.9996       2.400     -3.0760E-04 -8.2046E-04 ]       [ xo ]
  [   ]        [              ]        [                                                  ]       [    ]
  [ u ]        [   2.0305E-03 ]        [  -1.7920E-04   1.000     -1.7083E-07 -2.3977E-04 ]       [ uo ]
  [   ]    =   [              ]   +    [                                                  ]   X   [    ]
  [ y ]        [   -15.83     ]        [   2.3913E-04  4.9206E-04  0.9996       2.400     ]       [ yo ]
  [   ]        [              ]        [                                                  ]       [    ]
  [ v ]        [   4.2507E-03 ]        [  -2.4291E-08  3.0787E-04 -5.3702E-04  0.9991     ]       [ vo ]
 
 
          [   3.209E-08  2.076E-05  2.714E-05  5.565E-08  1.242E-05  4.941E-09 -7.758E-06  1.434E-08  2.076E-05  3.722E-05 ]
          [                                                                                                                ]
          [   1.838E-08  2.961E-08  2.671E-08 -2.707E-05 -1.035E-05 -2.708E-05 -6.498E-05  1.486E-08  6.500E-08  1.046E-05 ]
    +     [                                                                                                                ]
          [  -4.069E-05 -2.901E-09  1.413E-08 -2.059E-05 -4.153E-06  2.074E-05 -2.465E-05 -1.355E-05 -9.675E-08 -1.291E-05 ]
          [                                                                                                                ]
          [   8.681E-09  8.135E-05  1.931E-09 -7.650E-09  9.765E-05 -4.656E-08 -2.075E-05  2.549E-08  2.721E-05  3.261E-05 ]
 
    X     [      xo**2      xo*uo      xo*yo      xo*vo      uo**2      uo*yo      uo*vo      yo**2      yo*vo      vo**2  ]
 
  ERRORS
 
               [   1.5058E-08 ]        [   1.0537E-08  2.9802E-08  2.1248E-09  2.8370E-07 ]
               [              ]        [                                                  ]
               [   1.4186E-09 ]        [   2.4804E-10  1.4901E-08  1.7502E-10  2.7281E-08 ]
               [              ]        [                                                  ]
               [   1.6859E-07 ]        [   3.0162E-08  1.9926E-07  1.4901E-08  2.2915E-06 ]
               [              ]        [                                                  ]
               [   2.4995E-09 ]        [   9.0057E-10  9.1484E-09  4.8263E-10  9.9403E-08 ]
 
 
          [   4.672E-10  5.831E-09  3.083E-10  3.025E-08  8.474E-08  1.619E-09  3.241E-07  8.188E-11  3.592E-08  5.013E-07 ]
          [                                                                                                                ]
          [   5.737E-11  5.542E-10  1.844E-11  2.974E-09  1.081E-08  1.791E-10  5.155E-08  8.797E-12  2.373E-09  4.236E-08 ]
          [                                                                                                                ]
          [   5.328E-09  2.480E-08  2.277E-09  2.627E-07  4.446E-07  1.905E-08  9.614E-07  5.017E-10  3.131E-07  3.789E-06 ]
          [                                                                                                                ]
          [   2.858E-10  2.015E-09  7.412E-11  1.097E-08  2.910E-08  5.216E-10  1.756E-07  2.003E-11  4.068E-09  1.079E-07 ]
 
 
  SPIN
 
 start spin:        0.000000000  1.000000000  0.000000000
 final spin:        0.292868580  0.956057868  0.013439937
 with dispersion:    3.3379E-04   9.4196E-05   7.7148E-04
 axis angles:          -137.533      -17.698
 with dispersion:     115.9       5.1396E-02

