ZMap : order = 4 dimension = 4

    1  3.112756e-04 -5.801534e-09  0.000000e+00  0.000000e+00   0  0  0  0
    2  9.999565e-01 -4.049689e-05  0.000000e+00  0.000000e+00   1  0  0  0
    3  2.000061e+04  1.900459e-01  0.000000e+00  0.000000e+00   0  1  0  0
    4  0.000000e+00  0.000000e+00  9.994688e-01 -4.675479e-04   0  0  1  0
    5  0.000000e+00  0.000000e+00  1.999085e+04 -8.351117e+00   0  0  0  1
    6  6.374777e-03 -3.153725e-07  0.000000e+00  0.000000e+00   2  0  0  0
    7  2.549815e+02 -2.536534e-02  0.000000e+00  0.000000e+00   1  1  0  0
    8  0.000000e+00  0.000000e+00 -1.275505e-02 -4.653438e-06   1  0  1  0
    9  0.000000e+00  0.000000e+00 -2.550915e+02 -8.032033e-02   1  0  0  1
   10  2.549719e+06 -3.811625e+02  0.000000e+00  0.000000e+00   0  2  0  0
   11  0.000000e+00  0.000000e+00 -2.550815e+02 -8.032655e-02   0  1  1  0
   12  0.000000e+00  0.000000e+00 -5.101438e+06 -1.351563e+03   0  1  0  1
   13  1.536280e-01  5.433335e-05  0.000000e+00  0.000000e+00   0  0  2  0
   14  6.144877e+03  1.866237e+00  0.000000e+00  0.000000e+00   0  0  1  1
   15  6.144635e+07  1.559130e+04  0.000000e+00  0.000000e+00   0  0  0  2
   16 -1.188230e-03 -1.105844e-03  0.000000e+00  0.000000e+00   3  0  0  0
   17 -7.129500e+01 -6.635181e+01  0.000000e+00  0.000000e+00   2  1  0  0
   18  0.000000e+00  0.000000e+00 -2.354185e-02 -2.080950e-02   2  0  1  0
   19  0.000000e+00  0.000000e+00 -4.708450e+02 -4.161970e+02   2  0  0  1
   20 -1.425924e+06 -1.327060e+06  0.000000e+00  0.000000e+00   1  2  0  0
   21  0.000000e+00  0.000000e+00 -9.416891e+02 -8.323930e+02   1  1  1  0
   22  0.000000e+00  0.000000e+00 -1.883410e+07 -1.664814e+07   1  1  0  1
   23 -2.354164e-02 -2.080930e-02  0.000000e+00  0.000000e+00   1  0  2  0
   24 -9.416806e+02 -8.323852e+02  0.000000e+00  0.000000e+00   1  0  1  1
   25 -9.416955e+06 -8.323983e+06  0.000000e+00  0.000000e+00   1  0  0  2
   26 -9.506310e+09 -8.847221e+09  0.000000e+00  0.000000e+00   0  3  0  0
   27  0.000000e+00  0.000000e+00 -9.417040e+06 -8.324061e+06   0  2  1  0
   28  0.000000e+00  0.000000e+00 -1.883440e+11 -1.664840e+11   0  2  0  1
   29 -4.708584e+02 -4.162122e+02  0.000000e+00  0.000000e+00   0  1  2  0
   30 -1.883463e+07 -1.664875e+07  0.000000e+00  0.000000e+00   0  1  1  1
   31 -1.883493e+11 -1.664901e+11  0.000000e+00  0.000000e+00   0  1  0  2
   32  0.000000e+00  0.000000e+00 -3.494440e-01 -3.075486e-01   0  0  3  0
   33  0.000000e+00  0.000000e+00 -2.096698e+04 -1.845322e+04   0  0  2  1
   34  0.000000e+00  0.000000e+00 -4.193465e+08 -3.690704e+08   0  0  1  2
   35  0.000000e+00  0.000000e+00 -2.795689e+12 -2.460510e+12   0  0  0  3
   36  2.175514e-02 -6.709237e-06  0.000000e+00  0.000000e+00   4  0  0  0
   37  1.740346e+03 -6.237975e-01  0.000000e+00  0.000000e+00   3  1  0  0
   38  0.000000e+00  0.000000e+00 -8.728165e-02 -2.240538e-04   3  0  1  0
   39  0.000000e+00  0.000000e+00 -1.745567e+03 -4.394114e+00   3  0  0  1
   40  5.220841e+07 -2.132577e+04  0.000000e+00  0.000000e+00   2  2  0  0
   41  0.000000e+00  0.000000e+00 -5.236498e+03 -1.318273e+01   2  1  1  0
   42  0.000000e+00  0.000000e+00 -1.047260e+08 -2.584368e+05   2  1  0  1
   43  3.149208e+00  3.814315e-03  0.000000e+00  0.000000e+00   2  0  2  0
   44  1.259634e+05  1.462853e+02  0.000000e+00  0.000000e+00   2  0  1  1
   45  1.259584e+09  1.399978e+06  0.000000e+00  0.000000e+00   2  0  0  2
   46  6.960858e+11 -3.191696e+08  0.000000e+00  0.000000e+00   1  3  0  0
   47  0.000000e+00  0.000000e+00 -1.047220e+08 -2.584447e+05   1  2  1  0
   48  0.000000e+00  0.000000e+00 -2.094360e+12 -5.064539e+09   1  2  0  1
   49  1.259636e+05  1.462846e+02  0.000000e+00  0.000000e+00   1  1  2  0
   50  5.038346e+09  5.599886e+06  0.000000e+00  0.000000e+00   1  1  1  1
   51  5.038148e+13  5.348378e+10  0.000000e+00  0.000000e+00   1  1  0  2
   52  0.000000e+00  0.000000e+00 -2.100746e+00 -3.757742e-03   1  0  3  0
   53  0.000000e+00  0.000000e+00 -1.260400e+05 -2.191779e+02   1  0  2  1
   54  0.000000e+00  0.000000e+00 -2.520705e+09 -4.257821e+06   1  0  1  2
   55  0.000000e+00  0.000000e+00 -1.680407e+13 -2.754720e+10   1  0  0  3
   56  3.480298e+15 -1.769984e+12  0.000000e+00  0.000000e+00   0  4  0  0
   57  0.000000e+00  0.000000e+00 -6.980930e+11 -1.688234e+09   0  3  1  0
   58  0.000000e+00  0.000000e+00 -1.396134e+16 -3.306898e+13   0  3  0  1
   59  1.259588e+09  1.399965e+06  0.000000e+00  0.000000e+00   0  2  2  0
   60  5.038156e+13  5.348350e+10  0.000000e+00  0.000000e+00   0  2  1  1
   61  5.037958e+17  5.096834e+14  0.000000e+00  0.000000e+00   0  2  0  2
   62  0.000000e+00  0.000000e+00 -4.201171e+04 -7.306933e+01   0  1  3  0
   63  0.000000e+00  0.000000e+00 -2.520608e+09 -4.258428e+06   0  1  2  1
   64  0.000000e+00  0.000000e+00 -5.041026e+13 -8.265382e+10   0  1  1  2
   65  0.000000e+00  0.000000e+00 -3.360558e+17 -5.342600e+14   0  1  0  3
   66  1.267701e+01  4.679223e-02  0.000000e+00  0.000000e+00   0  0  4  0
   67  1.014121e+06  3.692937e+03  0.000000e+00  0.000000e+00   0  0  3  1
   68  3.042244e+10  1.092748e+08  0.000000e+00  0.000000e+00   0  0  2  2
   69  4.056167e+14  1.436820e+12  0.000000e+00  0.000000e+00   0  0  1  3
   70  2.028004e+18  7.083206e+15  0.000000e+00  0.000000e+00   0  0  0  4

