This file contains any messages produced by compilers while
running configure, to aid debugging if configure makes a mistake.

It was created by libAfterImage configure 1.04, which was
generated by GNU Autoconf 2.59.  Invocation command line was

  $ ./configure --with-ttf --with-ttf-includes=-I../../../freetype/src/freetype-2.1.9/include --with-afterbase=no --disable-glx --enable-mmx-optimization=no --with-builtin-ungif

## --------- ##
## Platform. ##
## --------- ##

hostname = X201-9
uname -m = x86_64
uname -r = 3.10.0-957.el7.x86_64
uname -s = Linux
uname -v = #1 SMP Tue Oct 30 14:13:26 CDT 2018

/usr/bin/uname -p = x86_64
/bin/uname -X     = unknown

/bin/arch              = x86_64
/usr/bin/arch -k       = unknown
/usr/convex/getsysinfo = unknown
hostinfo               = unknown
/bin/machine           = unknown
/usr/bin/oslevel       = unknown
/bin/universe          = unknown

PATH: /usr/local/bin
PATH: /usr/bin
PATH: /bin
PATH: /usr/X11R6/bin
PATH: /home/talman/Desktop/GIT/download/ual1/gui/tools/qt/bin


## ----------- ##
## Core tests. ##
## ----------- ##

configure:1631: checking for gcc
configure:1657: result: gcc -m64
configure:1901: checking for C compiler version
configure:1904: gcc -m64 --version </dev/null >&5
gcc (GCC) 4.8.5 20150623 (Red Hat 4.8.5-36)
Copyright (C) 2015 Free Software Foundation, Inc.
This is free software; see the source for copying conditions.  There is NO
warranty; not even for MERCHANTABILITY or FITNESS FOR A PARTICULAR PURPOSE.

configure:1907: $? = 0
configure:1909: gcc -m64 -v </dev/null >&5
Using built-in specs.
COLLECT_GCC=gcc
COLLECT_LTO_WRAPPER=/usr/libexec/gcc/x86_64-redhat-linux/4.8.5/lto-wrapper
Target: x86_64-redhat-linux
Configured with: ../configure --prefix=/usr --mandir=/usr/share/man --infodir=/usr/share/info --with-bugurl=http://bugzilla.redhat.com/bugzilla --enable-bootstrap --enable-shared --enable-threads=posix --enable-checking=release --with-system-zlib --enable-__cxa_atexit --disable-libunwind-exceptions --enable-gnu-unique-object --enable-linker-build-id --with-linker-hash-style=gnu --enable-languages=c,c++,objc,obj-c++,java,fortran,ada,go,lto --enable-plugin --enable-initfini-array --disable-libgcj --with-isl=/builddir/build/BUILD/gcc-4.8.5-20150702/obj-x86_64-redhat-linux/isl-install --with-cloog=/builddir/build/BUILD/gcc-4.8.5-20150702/obj-x86_64-redhat-linux/cloog-install --enable-gnu-indirect-function --with-tune=generic --with-arch_32=x86-64 --build=x86_64-redhat-linux
Thread model: posix
gcc version 4.8.5 20150623 (Red Hat 4.8.5-36) (GCC) 
configure:1912: $? = 0
configure:1914: gcc -m64 -V </dev/null >&5
gcc: error: unrecognized command line option '-V'
gcc: fatal error: no input files
compilation terminated.
configure:1917: $? = 4
configure:1940: checking for C compiler default output file name
configure:1943: gcc -m64 -O   conftest.c  >&5
configure:1946: $? = 0
configure:1992: result: a.out
configure:1997: checking whether the C compiler works
configure:2003: ./a.out
configure:2006: $? = 0
configure:2023: result: yes
configure:2030: checking whether we are cross compiling
configure:2032: result: no
configure:2035: checking for suffix of executables
configure:2037: gcc -m64 -o conftest -O   conftest.c  >&5
configure:2040: $? = 0
configure:2065: result: 
configure:2071: checking for suffix of object files
configure:2092: gcc -m64 -c -O  conftest.c >&5
configure:2095: $? = 0
configure:2117: result: o
configure:2121: checking whether we are using the GNU C compiler
configure:2145: gcc -m64 -c -O  conftest.c >&5
configure:2151: $? = 0
configure:2155: test -z 
			 || test ! -s conftest.err
configure:2158: $? = 0
configure:2161: test -s conftest.o
configure:2164: $? = 0
configure:2177: result: yes
configure:2183: checking whether gcc -m64 accepts -g
configure:2204: gcc -m64 -c -g  conftest.c >&5
configure:2210: $? = 0
configure:2214: test -z 
			 || test ! -s conftest.err
configure:2217: $? = 0
configure:2220: test -s conftest.o
configure:2223: $? = 0
configure:2234: result: yes
configure:2251: checking for gcc -m64 option to accept ANSI C
configure:2321: gcc -m64  -c -O  conftest.c >&5
configure:2327: $? = 0
configure:2331: test -z 
			 || test ! -s conftest.err
configure:2334: $? = 0
configure:2337: test -s conftest.o
configure:2340: $? = 0
configure:2358: result: none needed
configure:2376: gcc -m64 -c -O  conftest.c >&5
conftest.c:2:3: error: unknown type name 'choke'
   choke me
   ^
conftest.c:2:3: error: expected '=', ',', ';', 'asm' or '__attribute__' at end of input
configure:2382: $? = 1
configure: failed program was:
| #ifndef __cplusplus
|   choke me
| #endif
configure:2515: checking whether ln -s works
configure:2519: result: yes
configure:2558: checking build system type
configure:2576: result: x86_64-unknown-linux-gnu
configure:2584: checking host system type
configure:2598: result: x86_64-unknown-linux-gnu
configure:2686: checking for a BSD-compatible install
configure:2741: result: /usr/bin/install -c
configure:2799: checking for ranlib
configure:2815: found /usr/bin/ranlib
configure:2826: result: ranlib
configure:2840: checking for rm
configure:2858: found /usr/bin/rm
configure:2871: result: /usr/bin/rm
configure:2880: checking for mv
configure:2898: found /usr/bin/mv
configure:2911: result: /usr/bin/mv
configure:2920: checking for cp
configure:2938: found /usr/bin/cp
configure:2951: result: /usr/bin/cp
configure:2960: checking for mkdir
configure:2978: found /usr/bin/mkdir
configure:2991: result: /usr/bin/mkdir
configure:3000: checking for perl
configure:3018: found /usr/bin/perl
configure:3031: result: /usr/bin/perl
configure:3040: checking for find
configure:3058: found /usr/bin/find
configure:3071: result: /usr/bin/find
configure:3080: checking for xargs
configure:3098: found /usr/bin/xargs
configure:3111: result: /usr/bin/xargs
configure:3120: checking for ldconfig
configure:3139: found /sbin/ldconfig
configure:3152: result: /sbin/ldconfig
configure:3245: checking how to run the C preprocessor
configure:3280: gcc -m64 -E  conftest.c
configure:3286: $? = 0
configure:3318: gcc -m64 -E  conftest.c
conftest.c:9:28: fatal error: ac_nonexistent.h: No such file or directory
 #include <ac_nonexistent.h>
                            ^
compilation terminated.
configure:3324: $? = 1
configure: failed program was:
| /* confdefs.h.  */
| 
| #define PACKAGE_NAME "libAfterImage"
| #define PACKAGE_TARNAME "libAfterImage.tar"
| #define PACKAGE_VERSION "1.04"
| #define PACKAGE_STRING "libAfterImage 1.04"
| #define PACKAGE_BUGREPORT "as-bugs@afterstep.org"
| /* end confdefs.h.  */
| #include <ac_nonexistent.h>
configure:3363: result: gcc -m64 -E
configure:3387: gcc -m64 -E  conftest.c
configure:3393: $? = 0
configure:3425: gcc -m64 -E  conftest.c
conftest.c:9:28: fatal error: ac_nonexistent.h: No such file or directory
 #include <ac_nonexistent.h>
                            ^
compilation terminated.
configure:3431: $? = 1
configure: failed program was:
| /* confdefs.h.  */
| 
| #define PACKAGE_NAME "libAfterImage"
| #define PACKAGE_TARNAME "libAfterImage.tar"
| #define PACKAGE_VERSION "1.04"
| #define PACKAGE_STRING "libAfterImage 1.04"
| #define PACKAGE_BUGREPORT "as-bugs@afterstep.org"
| /* end confdefs.h.  */
| #include <ac_nonexistent.h>
configure:3475: checking for X
configure:3580: gcc -m64 -E  conftest.c
configure:3586: $? = 0
configure:3636: gcc -m64 -o conftest -O3 -DNO_DEBUG_OUTPUT -fPIC   conftest.c -lXt  >&5
configure:3642: $? = 0
configure:3646: test -z 
			 || test ! -s conftest.err
configure:3649: $? = 0
configure:3652: test -s conftest
configure:3655: $? = 0
configure:3705: result: libraries , headers 
configure:3877: gcc -m64 -o conftest -O3 -DNO_DEBUG_OUTPUT -fPIC   conftest.c   -lX11 >&5
configure:3883: $? = 0
configure:3887: test -z 
			 || test ! -s conftest.err
configure:3890: $? = 0
configure:3893: test -s conftest
configure:3896: $? = 0
configure:4054: checking for gethostbyname
configure:4111: gcc -m64 -o conftest -O3 -DNO_DEBUG_OUTPUT -fPIC   conftest.c  >&5
configure:4117: $? = 0
configure:4121: test -z 
			 || test ! -s conftest.err
configure:4124: $? = 0
configure:4127: test -s conftest
configure:4130: $? = 0
configure:4142: result: yes
configure:4293: checking for connect
configure:4350: gcc -m64 -o conftest -O3 -DNO_DEBUG_OUTPUT -fPIC   conftest.c  >&5
configure:4356: $? = 0
configure:4360: test -z 
			 || test ! -s conftest.err
configure:4363: $? = 0
configure:4366: test -s conftest
configure:4369: $? = 0
configure:4381: result: yes
configure:4456: checking for remove
configure:4513: gcc -m64 -o conftest -O3 -DNO_DEBUG_OUTPUT -fPIC   conftest.c  >&5
configure:4519: $? = 0
configure:4523: test -z 
			 || test ! -s conftest.err
configure:4526: $? = 0
configure:4529: test -s conftest
configure:4532: $? = 0
configure:4544: result: yes
configure:4619: checking for shmat
configure:4676: gcc -m64 -o conftest -O3 -DNO_DEBUG_OUTPUT -fPIC   conftest.c  >&5
configure:4682: $? = 0
configure:4686: test -z 
			 || test ! -s conftest.err
configure:4689: $? = 0
configure:4692: test -s conftest
configure:4695: $? = 0
configure:4707: result: yes
configure:4791: checking for IceConnectionNumber in -lICE
configure:4821: gcc -m64 -o conftest -O3 -DNO_DEBUG_OUTPUT -fPIC   conftest.c -lICE   >&5
configure:4827: $? = 0
configure:4831: test -z 
			 || test ! -s conftest.err
configure:4834: $? = 0
configure:4837: test -s conftest
configure:4840: $? = 0
configure:4853: result: yes
configure:4881: checking for XOpenDisplay in -lX11
configure:4911: gcc -m64 -o conftest -O3 -DNO_DEBUG_OUTPUT -fPIC   conftest.c -lX11    -lSM -lICE  >&5
configure:4917: $? = 0
configure:4921: test -z 
			 || test ! -s conftest.err
configure:4924: $? = 0
configure:4927: test -s conftest
configure:4930: $? = 0
configure:4943: result: yes
configure:4953: checking whether byte ordering is bigendian
configure:4980: gcc -m64 -c -O3 -DNO_DEBUG_OUTPUT -fPIC  conftest.c >&5
configure:4986: $? = 0
configure:4990: test -z 
			 || test ! -s conftest.err
configure:4993: $? = 0
configure:4996: test -s conftest.o
configure:4999: $? = 0
configure:5023: gcc -m64 -c -O3 -DNO_DEBUG_OUTPUT -fPIC  conftest.c >&5
conftest.c: In function 'main':
conftest.c:16:2: error: unknown type name 'not'
  not big endian
  ^
conftest.c:16:10: error: expected '=', ',', ';', 'asm' or '__attribute__' before 'endian'
  not big endian
          ^
configure:5029: $? = 1
configure: failed program was:
| /* confdefs.h.  */
| 
| #define PACKAGE_NAME "libAfterImage"
| #define PACKAGE_TARNAME "libAfterImage.tar"
| #define PACKAGE_VERSION "1.04"
| #define PACKAGE_STRING "libAfterImage 1.04"
| #define PACKAGE_BUGREPORT "as-bugs@afterstep.org"
| /* end confdefs.h.  */
| #include <sys/types.h>
| #include <sys/param.h>
| 
| int
| main ()
| {
| #if BYTE_ORDER != BIG_ENDIAN
|  not big endian
| #endif
| 
|   ;
|   return 0;
| }
configure:5164: result: no
configure:5183: checking for inline
configure:5204: gcc -m64 -c -O3 -DNO_DEBUG_OUTPUT -fPIC  conftest.c >&5
configure:5210: $? = 0
configure:5214: test -z 
			 || test ! -s conftest.err
configure:5217: $? = 0
configure:5220: test -s conftest.o
configure:5223: $? = 0
configure:5235: result: inline
configure:5254: checking for egrep
configure:5264: result: grep -E
configure:5269: checking for ANSI C header files
configure:5294: gcc -m64 -c -O3 -DNO_DEBUG_OUTPUT -fPIC  conftest.c >&5
configure:5300: $? = 0
configure:5304: test -z 
			 || test ! -s conftest.err
configure:5307: $? = 0
configure:5310: test -s conftest.o
configure:5313: $? = 0
configure:5402: gcc -m64 -o conftest -O3 -DNO_DEBUG_OUTPUT -fPIC   conftest.c  >&5
conftest.c: In function 'main':
conftest.c:26:7: warning: incompatible implicit declaration of built-in function 'exit' [enabled by default]
       exit(2);
       ^
configure:5405: $? = 0
configure:5407: ./conftest
configure:5410: $? = 0
configure:5425: result: yes
configure:5449: checking for sys/types.h
configure:5465: gcc -m64 -c -O3 -DNO_DEBUG_OUTPUT -fPIC  conftest.c >&5
configure:5471: $? = 0
configure:5475: test -z 
			 || test ! -s conftest.err
configure:5478: $? = 0
configure:5481: test -s conftest.o
configure:5484: $? = 0
configure:5495: result: yes
configure:5449: checking for sys/stat.h
configure:5465: gcc -m64 -c -O3 -DNO_DEBUG_OUTPUT -fPIC  conftest.c >&5
configure:5471: $? = 0
configure:5475: test -z 
			 || test ! -s conftest.err
configure:5478: $? = 0
configure:5481: test -s conftest.o
configure:5484: $? = 0
configure:5495: result: yes
configure:5449: checking for stdlib.h
configure:5465: gcc -m64 -c -O3 -DNO_DEBUG_OUTPUT -fPIC  conftest.c >&5
configure:5471: $? = 0
configure:5475: test -z 
			 || test ! -s conftest.err
configure:5478: $? = 0
configure:5481: test -s conftest.o
configure:5484: $? = 0
configure:5495: result: yes
configure:5449: checking for string.h
configure:5465: gcc -m64 -c -O3 -DNO_DEBUG_OUTPUT -fPIC  conftest.c >&5
configure:5471: $? = 0
configure:5475: test -z 
			 || test ! -s conftest.err
configure:5478: $? = 0
configure:5481: test -s conftest.o
configure:5484: $? = 0
configure:5495: result: yes
configure:5449: checking for memory.h
configure:5465: gcc -m64 -c -O3 -DNO_DEBUG_OUTPUT -fPIC  conftest.c >&5
configure:5471: $? = 0
configure:5475: test -z 
			 || test ! -s conftest.err
configure:5478: $? = 0
configure:5481: test -s conftest.o
configure:5484: $? = 0
configure:5495: result: yes
configure:5449: checking for strings.h
configure:5465: gcc -m64 -c -O3 -DNO_DEBUG_OUTPUT -fPIC  conftest.c >&5
configure:5471: $? = 0
configure:5475: test -z 
			 || test ! -s conftest.err
configure:5478: $? = 0
configure:5481: test -s conftest.o
configure:5484: $? = 0
configure:5495: result: yes
configure:5449: checking for inttypes.h
configure:5465: gcc -m64 -c -O3 -DNO_DEBUG_OUTPUT -fPIC  conftest.c >&5
configure:5471: $? = 0
configure:5475: test -z 
			 || test ! -s conftest.err
configure:5478: $? = 0
configure:5481: test -s conftest.o
configure:5484: $? = 0
configure:5495: result: yes
configure:5449: checking for stdint.h
configure:5465: gcc -m64 -c -O3 -DNO_DEBUG_OUTPUT -fPIC  conftest.c >&5
configure:5471: $? = 0
configure:5475: test -z 
			 || test ! -s conftest.err
configure:5478: $? = 0
configure:5481: test -s conftest.o
configure:5484: $? = 0
configure:5495: result: yes
configure:5449: checking for unistd.h
configure:5465: gcc -m64 -c -O3 -DNO_DEBUG_OUTPUT -fPIC  conftest.c >&5
configure:5471: $? = 0
configure:5475: test -z 
			 || test ! -s conftest.err
configure:5478: $? = 0
configure:5481: test -s conftest.o
configure:5484: $? = 0
configure:5495: result: yes
configure:5507: checking for long long
configure:5531: gcc -m64 -c -O3 -DNO_DEBUG_OUTPUT -fPIC  conftest.c >&5
configure:5537: $? = 0
configure:5541: test -z 
			 || test ! -s conftest.err
configure:5544: $? = 0
configure:5547: test -s conftest.o
configure:5550: $? = 0
configure:5561: result: yes
configure:5573: checking whether time.h and sys/time.h may both be included
configure:5598: gcc -m64 -c -O3 -DNO_DEBUG_OUTPUT -fPIC  conftest.c >&5
configure:5604: $? = 0
configure:5608: test -z 
			 || test ! -s conftest.err
configure:5611: $? = 0
configure:5614: test -s conftest.o
configure:5617: $? = 0
configure:5628: result: yes
configure:5659: checking sys/wait.h usability
configure:5671: gcc -m64 -c -O3 -DNO_DEBUG_OUTPUT -fPIC  conftest.c >&5
configure:5677: $? = 0
configure:5681: test -z 
			 || test ! -s conftest.err
configure:5684: $? = 0
configure:5687: test -s conftest.o
configure:5690: $? = 0
configure:5700: result: yes
configure:5704: checking sys/wait.h presence
configure:5714: gcc -m64 -E  conftest.c
configure:5720: $? = 0
configure:5740: result: yes
configure:5775: checking for sys/wait.h
configure:5782: result: yes
configure:5659: checking sys/time.h usability
configure:5671: gcc -m64 -c -O3 -DNO_DEBUG_OUTPUT -fPIC  conftest.c >&5
configure:5677: $? = 0
configure:5681: test -z 
			 || test ! -s conftest.err
configure:5684: $? = 0
configure:5687: test -s conftest.o
configure:5690: $? = 0
configure:5700: result: yes
configure:5704: checking sys/time.h presence
configure:5714: gcc -m64 -E  conftest.c
configure:5720: $? = 0
configure:5740: result: yes
configure:5775: checking for sys/time.h
configure:5782: result: yes
configure:5659: checking malloc.h usability
configure:5671: gcc -m64 -c -O3 -DNO_DEBUG_OUTPUT -fPIC  conftest.c >&5
configure:5677: $? = 0
configure:5681: test -z 
			 || test ! -s conftest.err
configure:5684: $? = 0
configure:5687: test -s conftest.o
configure:5690: $? = 0
configure:5700: result: yes
configure:5704: checking malloc.h presence
configure:5714: gcc -m64 -E  conftest.c
configure:5720: $? = 0
configure:5740: result: yes
configure:5775: checking for malloc.h
configure:5782: result: yes
configure:5650: checking for stdlib.h
configure:5655: result: yes
configure:5650: checking for unistd.h
configure:5655: result: yes
configure:5659: checking stddef.h usability
configure:5671: gcc -m64 -c -O3 -DNO_DEBUG_OUTPUT -fPIC  conftest.c >&5
configure:5677: $? = 0
configure:5681: test -z 
			 || test ! -s conftest.err
configure:5684: $? = 0
configure:5687: test -s conftest.o
configure:5690: $? = 0
configure:5700: result: yes
configure:5704: checking stddef.h presence
configure:5714: gcc -m64 -E  conftest.c
configure:5720: $? = 0
configure:5740: result: yes
configure:5775: checking for stddef.h
configure:5782: result: yes
configure:5659: checking stdarg.h usability
configure:5671: gcc -m64 -c -O3 -DNO_DEBUG_OUTPUT -fPIC  conftest.c >&5
configure:5677: $? = 0
configure:5681: test -z 
			 || test ! -s conftest.err
configure:5684: $? = 0
configure:5687: test -s conftest.o
configure:5690: $? = 0
configure:5700: result: yes
configure:5704: checking stdarg.h presence
configure:5714: gcc -m64 -E  conftest.c
configure:5720: $? = 0
configure:5740: result: yes
configure:5775: checking for stdarg.h
configure:5782: result: yes
configure:5659: checking errno.h usability
configure:5671: gcc -m64 -c -O3 -DNO_DEBUG_OUTPUT -fPIC  conftest.c >&5
configure:5677: $? = 0
configure:5681: test -z 
			 || test ! -s conftest.err
configure:5684: $? = 0
configure:5687: test -s conftest.o
configure:5690: $? = 0
configure:5700: result: yes
configure:5704: checking errno.h presence
configure:5714: gcc -m64 -E  conftest.c
configure:5720: $? = 0
configure:5740: result: yes
configure:5775: checking for errno.h
configure:5782: result: yes
configure:6171: checking for XShapeCombineMask in -lXext
configure:6201: gcc -m64 -o conftest -O3 -DNO_DEBUG_OUTPUT -fPIC   conftest.c -lXext    -lSM -lICE  >&5
configure:6207: $? = 0
configure:6211: test -z 
			 || test ! -s conftest.err
configure:6214: $? = 0
configure:6217: test -s conftest
configure:6220: $? = 0
configure:6233: result: yes
configure:6683: checking jpeglib.h usability
configure:6695: gcc -m64 -c -O3 -DNO_DEBUG_OUTPUT -fPIC  conftest.c >&5
configure:6701: $? = 0
configure:6705: test -z 
			 || test ! -s conftest.err
configure:6708: $? = 0
configure:6711: test -s conftest.o
configure:6714: $? = 0
configure:6724: result: yes
configure:6728: checking jpeglib.h presence
configure:6738: gcc -m64 -E  conftest.c
configure:6744: $? = 0
configure:6764: result: yes
configure:6799: checking for jpeglib.h
configure:6806: result: yes
configure:6853: checking for unsigned char
configure:6877: gcc -m64 -c -O3 -DNO_DEBUG_OUTPUT -fPIC  conftest.c >&5
configure:6883: $? = 0
configure:6887: test -z 
			 || test ! -s conftest.err
configure:6890: $? = 0
configure:6893: test -s conftest.o
configure:6896: $? = 0
configure:6907: result: yes
configure:6910: checking for unsigned short
configure:6934: gcc -m64 -c -O3 -DNO_DEBUG_OUTPUT -fPIC  conftest.c >&5
configure:6940: $? = 0
configure:6944: test -z 
			 || test ! -s conftest.err
configure:6947: $? = 0
configure:6950: test -s conftest.o
configure:6953: $? = 0
configure:6964: result: yes
configure:6967: checking for an ANSI C-conforming const
configure:7034: gcc -m64 -c -O3 -DNO_DEBUG_OUTPUT -fPIC  conftest.c >&5
configure:7040: $? = 0
configure:7044: test -z 
			 || test ! -s conftest.err
configure:7047: $? = 0
configure:7050: test -s conftest.o
configure:7053: $? = 0
configure:7064: result: yes
configure:7075: checking whether char is unsigned
configure:7098: gcc -m64 -c -O3 -DNO_DEBUG_OUTPUT -fPIC  conftest.c >&5
configure:7104: $? = 0
configure:7108: test -z 
			 || test ! -s conftest.err
configure:7111: $? = 0
configure:7114: test -s conftest.o
configure:7117: $? = 0
configure:7128: result: no
configure:7152: checking zlib.h usability
configure:7164: gcc -m64 -c -O3 -DNO_DEBUG_OUTPUT -fPIC  conftest.c >&5
configure:7170: $? = 0
configure:7174: test -z 
			 || test ! -s conftest.err
configure:7177: $? = 0
configure:7180: test -s conftest.o
configure:7183: $? = 0
configure:7193: result: yes
configure:7197: checking zlib.h presence
configure:7207: gcc -m64 -E  conftest.c
configure:7213: $? = 0
configure:7233: result: yes
configure:7268: checking for zlib.h
configure:7275: result: yes
configure:7310: checking png.h usability
configure:7322: gcc -m64 -c -O3 -DNO_DEBUG_OUTPUT -fPIC  conftest.c >&5
configure:7328: $? = 0
configure:7332: test -z 
			 || test ! -s conftest.err
configure:7335: $? = 0
configure:7338: test -s conftest.o
configure:7341: $? = 0
configure:7351: result: yes
configure:7355: checking png.h presence
configure:7365: gcc -m64 -E  conftest.c
configure:7371: $? = 0
configure:7391: result: yes
configure:7426: checking for png.h
configure:7433: result: yes
configure:7443: checking for png_get_sRGB in png.h
configure:7462: result: yes
configure:7681: checking using built-in UNGIF library
configure:7695: result: yes
configure:7726: checking tiffio.h usability
configure:7738: gcc -m64 -c -O3 -DNO_DEBUG_OUTPUT -fPIC  conftest.c >&5
configure:7744: $? = 0
configure:7748: test -z 
			 || test ! -s conftest.err
configure:7751: $? = 0
configure:7754: test -s conftest.o
configure:7757: $? = 0
configure:7767: result: yes
configure:7771: checking tiffio.h presence
configure:7781: gcc -m64 -E  conftest.c
configure:7787: $? = 0
configure:7807: result: yes
configure:7842: checking for tiffio.h
configure:7849: result: yes
configure:8314: checking libAfterBase headers
configure:8497: result: disabled
configure:8511: checking for dirent.h that defines DIR
configure:8535: gcc -m64 -c -O3 -DNO_DEBUG_OUTPUT -fPIC  conftest.c >&5
configure:8541: $? = 0
configure:8545: test -z 
			 || test ! -s conftest.err
configure:8548: $? = 0
configure:8551: test -s conftest.o
configure:8554: $? = 0
configure:8565: result: yes
configure:8578: checking for library containing opendir
configure:8608: gcc -m64 -o conftest -O3 -DNO_DEBUG_OUTPUT -fPIC   conftest.c  >&5
configure:8614: $? = 0
configure:8618: test -z 
			 || test ! -s conftest.err
configure:8621: $? = 0
configure:8624: test -s conftest
configure:8627: $? = 0
configure:8697: result: none required
configure:8847: checking sys/dirent.h usability
configure:8859: gcc -m64 -c -O3 -DNO_DEBUG_OUTPUT -fPIC  conftest.c >&5
conftest.c:74:24: fatal error: sys/dirent.h: No such file or directory
 #include <sys/dirent.h>
                        ^
compilation terminated.
configure:8865: $? = 1
configure: failed program was:
| /* confdefs.h.  */
| 
| #define PACKAGE_NAME "libAfterImage"
| #define PACKAGE_TARNAME "libAfterImage.tar"
| #define PACKAGE_VERSION "1.04"
| #define PACKAGE_STRING "libAfterImage 1.04"
| #define PACKAGE_BUGREPORT "as-bugs@afterstep.org"
| #define STDC_HEADERS 1
| #define HAVE_SYS_TYPES_H 1
| #define HAVE_SYS_STAT_H 1
| #define HAVE_STDLIB_H 1
| #define HAVE_STRING_H 1
| #define HAVE_MEMORY_H 1
| #define HAVE_STRINGS_H 1
| #define HAVE_INTTYPES_H 1
| #define HAVE_STDINT_H 1
| #define HAVE_UNISTD_H 1
| #define HAVE_LONG_LONG 1
| #define TIME_WITH_SYS_TIME 1
| #define HAVE_SYS_WAIT_H 1
| #define HAVE_SYS_TIME_H 1
| #define HAVE_MALLOC_H 1
| #define HAVE_STDLIB_H 1
| #define HAVE_UNISTD_H 1
| #define HAVE_STDDEF_H 1
| #define HAVE_STDARG_H 1
| #define HAVE_ERRNO_H 1
| #define SHAPE 1
| #define HAVE_XPM 1
| #define HAVE_JPEG 1
| #define HAVE_PROTOTYPES 1
| #define HAVE_ZLIB_H 1
| #define HAVE_PNG 1
| #define HAVE_GIF 1
| #define HAVE_BUILTIN_UNGIF 1
| #define HAVE_TIFF 1
| #define HAVE_FREETYPE 1
| #define HAVE_DIRENT_H 1
| /* end confdefs.h.  */
| #include <stdio.h>
| #if HAVE_SYS_TYPES_H
| # include <sys/types.h>
| #endif
| #if HAVE_SYS_STAT_H
| # include <sys/stat.h>
| #endif
| #if STDC_HEADERS
| # include <stdlib.h>
| # include <stddef.h>
| #else
| # if HAVE_STDLIB_H
| #  include <stdlib.h>
| # endif
| #endif
| #if HAVE_STRING_H
| # if !STDC_HEADERS && HAVE_MEMORY_H
| #  include <memory.h>
| # endif
| # include <string.h>
| #endif
| #if HAVE_STRINGS_H
| # include <strings.h>
| #endif
| #if HAVE_INTTYPES_H
| # include <inttypes.h>
| #else
| # if HAVE_STDINT_H
| #  include <stdint.h>
| # endif
| #endif
| #if HAVE_UNISTD_H
| # include <unistd.h>
| #endif
| #include <sys/dirent.h>
configure:8888: result: no
configure:8892: checking sys/dirent.h presence
configure:8902: gcc -m64 -E  conftest.c
conftest.c:40:24: fatal error: sys/dirent.h: No such file or directory
 #include <sys/dirent.h>
                        ^
compilation terminated.
configure:8908: $? = 1
configure: failed program was:
| /* confdefs.h.  */
| 
| #define PACKAGE_NAME "libAfterImage"
| #define PACKAGE_TARNAME "libAfterImage.tar"
| #define PACKAGE_VERSION "1.04"
| #define PACKAGE_STRING "libAfterImage 1.04"
| #define PACKAGE_BUGREPORT "as-bugs@afterstep.org"
| #define STDC_HEADERS 1
| #define HAVE_SYS_TYPES_H 1
| #define HAVE_SYS_STAT_H 1
| #define HAVE_STDLIB_H 1
| #define HAVE_STRING_H 1
| #define HAVE_MEMORY_H 1
| #define HAVE_STRINGS_H 1
| #define HAVE_INTTYPES_H 1
| #define HAVE_STDINT_H 1
| #define HAVE_UNISTD_H 1
| #define HAVE_LONG_LONG 1
| #define TIME_WITH_SYS_TIME 1
| #define HAVE_SYS_WAIT_H 1
| #define HAVE_SYS_TIME_H 1
| #define HAVE_MALLOC_H 1
| #define HAVE_STDLIB_H 1
| #define HAVE_UNISTD_H 1
| #define HAVE_STDDEF_H 1
| #define HAVE_STDARG_H 1
| #define HAVE_ERRNO_H 1
| #define SHAPE 1
| #define HAVE_XPM 1
| #define HAVE_JPEG 1
| #define HAVE_PROTOTYPES 1
| #define HAVE_ZLIB_H 1
| #define HAVE_PNG 1
| #define HAVE_GIF 1
| #define HAVE_BUILTIN_UNGIF 1
| #define HAVE_TIFF 1
| #define HAVE_FREETYPE 1
| #define HAVE_DIRENT_H 1
| /* end confdefs.h.  */
| #include <sys/dirent.h>
configure:8928: result: no
configure:8963: checking for sys/dirent.h
configure:8970: result: no
configure:9156: creating ./config.status

## ---------------------- ##
## Running config.status. ##
## ---------------------- ##

This file was extended by libAfterImage config.status 1.04, which was
generated by GNU Autoconf 2.59.  Invocation command line was

  CONFIG_FILES    = 
  CONFIG_HEADERS  = 
  CONFIG_LINKS    = 
  CONFIG_COMMANDS = 
  $ ./config.status 

on X201-9

config.status:713: creating Makefile
config.status:713: creating afterbase.h
config.status:713: creating afterimage-libs
config.status:713: creating afterimage-config
config.status:817: creating config.h

## ---------------- ##
## Cache variables. ##
## ---------------- ##

ac_cv_build=x86_64-unknown-linux-gnu
ac_cv_build_alias=x86_64-unknown-linux-gnu
ac_cv_c_bigendian=no
ac_cv_c_char_unsigned=no
ac_cv_c_compiler_gnu=yes
ac_cv_c_const=yes
ac_cv_c_inline=inline
ac_cv_env_CC_set=set
ac_cv_env_CC_value='gcc -m64'
ac_cv_env_CFLAGS_set=set
ac_cv_env_CFLAGS_value=-O
ac_cv_env_CPPFLAGS_set=
ac_cv_env_CPPFLAGS_value=
ac_cv_env_CPP_set=
ac_cv_env_CPP_value=
ac_cv_env_LDFLAGS_set=
ac_cv_env_LDFLAGS_value=
ac_cv_env_build_alias_set=
ac_cv_env_build_alias_value=
ac_cv_env_host_alias_set=
ac_cv_env_host_alias_value=
ac_cv_env_target_alias_set=
ac_cv_env_target_alias_value=
ac_cv_exeext=
ac_cv_func_connect=yes
ac_cv_func_gethostbyname=yes
ac_cv_func_remove=yes
ac_cv_func_shmat=yes
ac_cv_have_x='have_x=yes 		ac_x_includes= ac_x_libraries='
ac_cv_header_dirent_dirent_h=yes
ac_cv_header_errno_h=yes
ac_cv_header_inttypes_h=yes
ac_cv_header_jpeglib_h=yes
ac_cv_header_malloc_h=yes
ac_cv_header_memory_h=yes
ac_cv_header_png_h=yes
ac_cv_header_stdarg_h=yes
ac_cv_header_stdc=yes
ac_cv_header_stddef_h=yes
ac_cv_header_stdint_h=yes
ac_cv_header_stdlib_h=yes
ac_cv_header_string_h=yes
ac_cv_header_strings_h=yes
ac_cv_header_sys_dirent_h=no
ac_cv_header_sys_stat_h=yes
ac_cv_header_sys_time_h=yes
ac_cv_header_sys_types_h=yes
ac_cv_header_sys_wait_h=yes
ac_cv_header_tiffio_h=yes
ac_cv_header_time=yes
ac_cv_header_unistd_h=yes
ac_cv_header_zlib_h=yes
ac_cv_host=x86_64-unknown-linux-gnu
ac_cv_host_alias=x86_64-unknown-linux-gnu
ac_cv_lib_ICE_IceConnectionNumber=yes
ac_cv_lib_X11_XOpenDisplay=yes
ac_cv_lib_Xext_XShapeCombineMask=yes
ac_cv_objext=o
ac_cv_path_CP=/usr/bin/cp
ac_cv_path_FIND=/usr/bin/find
ac_cv_path_LDCONFIG=/sbin/ldconfig
ac_cv_path_MKDIR=/usr/bin/mkdir
ac_cv_path_MV=/usr/bin/mv
ac_cv_path_PERL=/usr/bin/perl
ac_cv_path_RM=/usr/bin/rm
ac_cv_path_XARGS=/usr/bin/xargs
ac_cv_path_install='/usr/bin/install -c'
ac_cv_prog_CPP='gcc -m64 -E'
ac_cv_prog_ac_ct_CC='gcc -m64'
ac_cv_prog_ac_ct_RANLIB=ranlib
ac_cv_prog_cc_g=yes
ac_cv_prog_cc_stdc=
ac_cv_prog_egrep='grep -E'
ac_cv_search_opendir='none required'
ac_cv_type_long_long=yes
ac_cv_type_unsigned_char=yes
ac_cv_type_unsigned_short=yes

## ----------------- ##
## Output variables. ##
## ----------------- ##

AFTERBASE_C='afterbase.o'
AFTERBASE_INCS_PATH=''
AFTERIMAGE_APPS_LIBS='-L../ -lAfterImage -lfreetype -ltiff -lX11    -lSM -lICE -lXext -ljpeg -lpng -lz -lm'
AFTERIMAGE_LIBS='-L/usr/local/lib -lAfterImage  -lfreetype -ltiff -lX11 -lSM -lICE -lXext -ljpeg -lpng -lz -lm'
AFTERIMAGE_LIBS_EXTERNAL='-lfreetype -ltiff -lX11    -lSM -lICE -lXext -ljpeg -lpng -lz -lm'
AFTERIMAGE_LIB_LIBS='-L./ -lfreetype -ltiff -lX11    -lSM -lICE -lXext -ljpeg -lpng -lz -lm'
AFTERIMAGE_TEST_LIBS='-L./ -lAfterImage -lfreetype -ltiff -lX11    -lSM -lICE -lXext -ljpeg -lpng -lz -lm'
CC='gcc -m64'
CFLAGS='-O3 -DNO_DEBUG_OUTPUT -fPIC'
CP='/usr/bin/cp'
CPP='gcc -m64 -E'
CPPFLAGS=''
DEFINE_XLOCALE=''
DEFS='-DHAVE_CONFIG_H'
ECHO_C=''
ECHO_N='-n'
ECHO_T=''
EGREP='grep -E'
EXEEXT=''
FIND='/usr/bin/find'
GIF_CFLAGS=''
HAVE_AFTERBASE_FLAG='0'
INSTALL='/usr/bin/install -c'
INSTALL_DATA='${INSTALL} -m 644'
INSTALL_LIB=''
INSTALL_PROGRAM='${INSTALL}'
INSTALL_SCRIPT='${INSTALL}'
JPEG_CFLAGS=''
JPEG_OBJS=''
LDCONFIG='/sbin/ldconfig'
LDFLAGS=''
LEX=''
LEXLIB=''
LIBINSTALL='install.static'
LIBOBJS=''
LIBPROG='$(LIB_STATIC)'
LIBS=''
LN_S='ln -s'
LTLIBOBJS=''
MKDIR='/usr/bin/mkdir'
MV='/usr/bin/mv'
OBJEXT='o'
PACKAGE_BUGREPORT='as-bugs@afterstep.org'
PACKAGE_NAME='libAfterImage'
PACKAGE_STRING='libAfterImage 1.04'
PACKAGE_TARNAME='libAfterImage.tar'
PACKAGE_VERSION='1.04'
PATH_SEPARATOR=':'
PERL='/usr/bin/perl'
PNG_CFLAGS=''
PNG_OBJS=''
RANLIB='ranlib'
RM='/usr/bin/rm'
SHELL='/bin/sh'
TIFF_CFLAGS=''
TTF_INCLUDES='-I../../../freetype/src/freetype-2.1.9/include'
UNGIF_OBJS='$(LIBUNGIF_OBJS)'
USE_DEFAULT_AFTERBASE='0'
XARGS='/usr/bin/xargs'
XPM_CFLAGS=''
X_CFLAGS=''
X_EXTRA_LIBS=''
X_LIBS=''
X_PRE_LIBS=' -lSM -lICE'
YACC=''
ZLIB_OBJS=''
ac_ct_CC='gcc -m64'
ac_ct_RANLIB='ranlib'
bindir='${exec_prefix}/bin'
build='x86_64-unknown-linux-gnu'
build_alias=''
build_cpu='x86_64'
build_os='linux-gnu'
build_vendor='unknown'
datadir='${prefix}/share'
exec_prefix='/usr/local'
have_afterbase=''
host='x86_64-unknown-linux-gnu'
host_alias=''
host_cpu='x86_64'
host_os='linux-gnu'
host_vendor='unknown'
image_format='png'
includedir='/usr/local/include'
infodir='${prefix}/info'
lib_file_name='libAfterImage'
lib_name='LIBAFTERIMAGE'
libdir='/usr/local/lib'
libexecdir='${exec_prefix}/libexec'
localstatedir='${prefix}/var'
mandir='/usr/local/man'
oldincludedir='/usr/include'
prefix='/usr/local'
program_transform_name='s,x,x,'
sbindir='${exec_prefix}/sbin'
sharedstatedir='${prefix}/com'
sysconfdir='${prefix}/etc'
target_alias=''
user_ldflags=''
version='1.04'
version_major='1'
with_locale=''
x_libs='-lX11    -lSM -lICE -lXext'

## ------------- ##
## Output files. ##
## ------------- ##

LIBAFTERIMAGEFILES='.shared'

## ----------- ##
## confdefs.h. ##
## ----------- ##

#define HAVE_BUILTIN_UNGIF 1
#define HAVE_DIRENT_H 1
#define HAVE_ERRNO_H 1
#define HAVE_FREETYPE 1
#define HAVE_GIF 1
#define HAVE_INTTYPES_H 1
#define HAVE_JPEG 1
#define HAVE_LONG_LONG 1
#define HAVE_MALLOC_H 1
#define HAVE_MEMORY_H 1
#define HAVE_PNG 1
#define HAVE_PROTOTYPES 1
#define HAVE_STDARG_H 1
#define HAVE_STDDEF_H 1
#define HAVE_STDINT_H 1
#define HAVE_STDLIB_H 1
#define HAVE_STDLIB_H 1
#define HAVE_STRINGS_H 1
#define HAVE_STRING_H 1
#define HAVE_SYS_STAT_H 1
#define HAVE_SYS_TIME_H 1
#define HAVE_SYS_TYPES_H 1
#define HAVE_SYS_WAIT_H 1
#define HAVE_TIFF 1
#define HAVE_UNISTD_H 1
#define HAVE_UNISTD_H 1
#define HAVE_XPM 1
#define HAVE_ZLIB_H 1
#define PACKAGE_BUGREPORT "as-bugs@afterstep.org"
#define PACKAGE_NAME "libAfterImage"
#define PACKAGE_STRING "libAfterImage 1.04"
#define PACKAGE_TARNAME "libAfterImage.tar"
#define PACKAGE_VERSION "1.04"
#define SHAPE 1
#define STDC_HEADERS 1
#define TIME_WITH_SYS_TIME 1

configure: exit 0
