This file contains any messages produced by compilers while
running configure, to aid debugging if configure makes a mistake.

It was created by configure, which was
generated by GNU Autoconf 2.59a.  Invocation command line was

  $ ./configure --with-pic CC=gcc -m64 CFLAGS= -O2

## --------- ##
## Platform. ##
## --------- ##

hostname = X201-9
uname -m = x86_64
uname -r = 3.10.0-957.el7.x86_64
uname -s = Linux
uname -v = #1 SMP Tue Oct 30 14:13:26 CDT 2018

/usr/bin/uname -p = x86_64
/bin/uname -X     = unknown

/bin/arch              = x86_64
/usr/bin/arch -k       = unknown
/usr/convex/getsysinfo = unknown
hostinfo               = unknown
/bin/machine           = unknown
/usr/bin/oslevel       = unknown
/bin/universe          = unknown

PATH: /usr/local/bin
PATH: /usr/bin
PATH: /bin
PATH: /usr/X11R6/bin
PATH: /home/talman/Desktop/GIT/download/ual1/gui/tools/qt/bin


## ----------- ##
## Core tests. ##
## ----------- ##

configure:1762: checking build system type
configure:1780: result: x86_64-unknown-linux-gnu
configure:1788: checking host system type
configure:1802: result: x86_64-unknown-linux-gnu
configure:1810: checking target system type
configure:1824: result: x86_64-unknown-linux-gnu
configure:1888: checking for gcc
configure:1914: result: gcc -m64
configure:2194: checking for C compiler version
configure:2197: gcc -m64 --version </dev/null >&5
gcc (GCC) 4.8.5 20150623 (Red Hat 4.8.5-36)
Copyright (C) 2015 Free Software Foundation, Inc.
This is free software; see the source for copying conditions.  There is NO
warranty; not even for MERCHANTABILITY or FITNESS FOR A PARTICULAR PURPOSE.

configure:2200: $? = 0
configure:2202: gcc -m64 -v </dev/null >&5
Using built-in specs.
COLLECT_GCC=gcc
COLLECT_LTO_WRAPPER=/usr/libexec/gcc/x86_64-redhat-linux/4.8.5/lto-wrapper
Target: x86_64-redhat-linux
Configured with: ../configure --prefix=/usr --mandir=/usr/share/man --infodir=/usr/share/info --with-bugurl=http://bugzilla.redhat.com/bugzilla --enable-bootstrap --enable-shared --enable-threads=posix --enable-checking=release --with-system-zlib --enable-__cxa_atexit --disable-libunwind-exceptions --enable-gnu-unique-object --enable-linker-build-id --with-linker-hash-style=gnu --enable-languages=c,c++,objc,obj-c++,java,fortran,ada,go,lto --enable-plugin --enable-initfini-array --disable-libgcj --with-isl=/builddir/build/BUILD/gcc-4.8.5-20150702/obj-x86_64-redhat-linux/isl-install --with-cloog=/builddir/build/BUILD/gcc-4.8.5-20150702/obj-x86_64-redhat-linux/cloog-install --enable-gnu-indirect-function --with-tune=generic --with-arch_32=x86-64 --build=x86_64-redhat-linux
Thread model: posix
gcc version 4.8.5 20150623 (Red Hat 4.8.5-36) (GCC) 
configure:2205: $? = 0
configure:2207: gcc -m64 -V </dev/null >&5
gcc: error: unrecognized command line option '-V'
gcc: fatal error: no input files
compilation terminated.
configure:2210: $? = 4
configure:2233: checking for C compiler default output file name
configure:2236: gcc -m64  -O2   conftest.c  >&5
configure:2239: $? = 0
configure:2285: result: a.out
configure:2290: checking whether the C compiler works
configure:2296: ./a.out
configure:2299: $? = 0
configure:2316: result: yes
configure:2323: checking whether we are cross compiling
configure:2325: result: no
configure:2328: checking for suffix of executables
configure:2330: gcc -m64 -o conftest  -O2   conftest.c  >&5
configure:2333: $? = 0
configure:2358: result: 
configure:2364: checking for suffix of object files
configure:2385: gcc -m64 -c  -O2  conftest.c >&5
configure:2388: $? = 0
configure:2410: result: o
configure:2414: checking whether we are using the GNU C compiler
configure:2438: gcc -m64 -c  -O2  conftest.c >&5
configure:2444: $? = 0
configure:2448: test -z 
			 || test ! -s conftest.err
configure:2451: $? = 0
configure:2454: test -s conftest.o
configure:2457: $? = 0
configure:2470: result: yes
configure:2476: checking whether gcc -m64 accepts -g
configure:2497: gcc -m64 -c -g  conftest.c >&5
configure:2503: $? = 0
configure:2507: test -z 
			 || test ! -s conftest.err
configure:2510: $? = 0
configure:2513: test -s conftest.o
configure:2516: $? = 0
configure:2527: result: yes
configure:2544: checking for gcc -m64 option to accept ANSI C
configure:2614: gcc -m64  -c  -O2  conftest.c >&5
configure:2620: $? = 0
configure:2624: test -z 
			 || test ! -s conftest.err
configure:2627: $? = 0
configure:2630: test -s conftest.o
configure:2633: $? = 0
configure:2651: result: none needed
configure:2669: gcc -m64 -c  -O2  conftest.c >&5
conftest.c:2:3: error: unknown type name 'choke'
   choke me
   ^
conftest.c:2:3: error: expected '=', ',', ';', 'asm' or '__attribute__' at end of input
configure:2675: $? = 1
configure: failed program was:
| #ifndef __cplusplus
|   choke me
| #endif
configure:2813: checking how to run the C preprocessor
configure:2848: gcc -m64 -E  conftest.c
configure:2854: $? = 0
configure:2886: gcc -m64 -E  conftest.c
conftest.c:9:28: fatal error: ac_nonexistent.h: No such file or directory
 #include <ac_nonexistent.h>
                            ^
compilation terminated.
configure:2892: $? = 1
configure: failed program was:
| /* confdefs.h.  */
|              
| #define PACKAGE_NAME ""
| #define PACKAGE_TARNAME ""
| #define PACKAGE_VERSION ""
| #define PACKAGE_STRING ""
| #define PACKAGE_BUGREPORT ""
| /* end confdefs.h.  */
| #include <ac_nonexistent.h>
configure:2931: result: gcc -m64 -E
configure:2955: gcc -m64 -E  conftest.c
configure:2961: $? = 0
configure:2993: gcc -m64 -E  conftest.c
conftest.c:9:28: fatal error: ac_nonexistent.h: No such file or directory
 #include <ac_nonexistent.h>
                            ^
compilation terminated.
configure:2999: $? = 1
configure: failed program was:
| /* confdefs.h.  */
|              
| #define PACKAGE_NAME ""
| #define PACKAGE_TARNAME ""
| #define PACKAGE_VERSION ""
| #define PACKAGE_STRING ""
| #define PACKAGE_BUGREPORT ""
| /* end confdefs.h.  */
| #include <ac_nonexistent.h>
configure:3070: checking for rm
configure:3086: found /usr/bin/rm
configure:3096: result: rm -f
configure:3105: checking for rmdir
configure:3121: found /usr/bin/rmdir
configure:3131: result: rmdir
configure:3157: checking for a BSD-compatible install
configure:3212: result: /usr/bin/install -c
configure:3235: checking for grep that handles long lines
configure:3327: result: 
configure:3332: checking for egrep
configure:3428: result: /bin/grep -E
configure:3433: checking for ANSI C header files
configure:3458: gcc -m64 -c  -O2  conftest.c >&5
configure:3464: $? = 0
configure:3468: test -z 
			 || test ! -s conftest.err
configure:3471: $? = 0
configure:3474: test -s conftest.o
configure:3477: $? = 0
configure:3566: gcc -m64 -o conftest  -O2   conftest.c  >&5
conftest.c: In function 'main':
conftest.c:26:7: warning: incompatible implicit declaration of built-in function 'exit' [enabled by default]
       exit(2);
       ^
configure:3569: $? = 0
configure:3571: ./conftest
configure:3574: $? = 0
configure:3589: result: yes
configure:3613: checking for sys/types.h
configure:3629: gcc -m64 -c  -O2  conftest.c >&5
configure:3635: $? = 0
configure:3639: test -z 
			 || test ! -s conftest.err
configure:3642: $? = 0
configure:3645: test -s conftest.o
configure:3648: $? = 0
configure:3659: result: yes
configure:3613: checking for sys/stat.h
configure:3629: gcc -m64 -c  -O2  conftest.c >&5
configure:3635: $? = 0
configure:3639: test -z 
			 || test ! -s conftest.err
configure:3642: $? = 0
configure:3645: test -s conftest.o
configure:3648: $? = 0
configure:3659: result: yes
configure:3613: checking for stdlib.h
configure:3629: gcc -m64 -c  -O2  conftest.c >&5
configure:3635: $? = 0
configure:3639: test -z 
			 || test ! -s conftest.err
configure:3642: $? = 0
configure:3645: test -s conftest.o
configure:3648: $? = 0
configure:3659: result: yes
configure:3613: checking for string.h
configure:3629: gcc -m64 -c  -O2  conftest.c >&5
configure:3635: $? = 0
configure:3639: test -z 
			 || test ! -s conftest.err
configure:3642: $? = 0
configure:3645: test -s conftest.o
configure:3648: $? = 0
configure:3659: result: yes
configure:3613: checking for memory.h
configure:3629: gcc -m64 -c  -O2  conftest.c >&5
configure:3635: $? = 0
configure:3639: test -z 
			 || test ! -s conftest.err
configure:3642: $? = 0
configure:3645: test -s conftest.o
configure:3648: $? = 0
configure:3659: result: yes
configure:3613: checking for strings.h
configure:3629: gcc -m64 -c  -O2  conftest.c >&5
configure:3635: $? = 0
configure:3639: test -z 
			 || test ! -s conftest.err
configure:3642: $? = 0
configure:3645: test -s conftest.o
configure:3648: $? = 0
configure:3659: result: yes
configure:3613: checking for inttypes.h
configure:3629: gcc -m64 -c  -O2  conftest.c >&5
configure:3635: $? = 0
configure:3639: test -z 
			 || test ! -s conftest.err
configure:3642: $? = 0
configure:3645: test -s conftest.o
configure:3648: $? = 0
configure:3659: result: yes
configure:3613: checking for stdint.h
configure:3629: gcc -m64 -c  -O2  conftest.c >&5
configure:3635: $? = 0
configure:3639: test -z 
			 || test ! -s conftest.err
configure:3642: $? = 0
configure:3645: test -s conftest.o
configure:3648: $? = 0
configure:3659: result: yes
configure:3613: checking for unistd.h
configure:3629: gcc -m64 -c  -O2  conftest.c >&5
configure:3635: $? = 0
configure:3639: test -z 
			 || test ! -s conftest.err
configure:3642: $? = 0
configure:3645: test -s conftest.o
configure:3648: $? = 0
configure:3659: result: yes
configure:3686: checking fcntl.h usability
configure:3698: gcc -m64 -c  -O2  conftest.c >&5
configure:3704: $? = 0
configure:3708: test -z 
			 || test ! -s conftest.err
configure:3711: $? = 0
configure:3714: test -s conftest.o
configure:3717: $? = 0
configure:3727: result: yes
configure:3731: checking fcntl.h presence
configure:3741: gcc -m64 -E  conftest.c
configure:3747: $? = 0
configure:3767: result: yes
configure:3802: checking for fcntl.h
configure:3809: result: yes
configure:3677: checking for unistd.h
configure:3682: result: yes
configure:3826: checking for an ANSI C-conforming const
configure:3893: gcc -m64 -c  -O2  conftest.c >&5
configure:3899: $? = 0
configure:3903: test -z 
			 || test ! -s conftest.err
configure:3906: $? = 0
configure:3909: test -s conftest.o
configure:3912: $? = 0
configure:3923: result: yes
configure:3933: checking for int
configure:3957: gcc -m64 -c  -O2  conftest.c >&5
configure:3963: $? = 0
configure:3967: test -z 
			 || test ! -s conftest.err
configure:3970: $? = 0
configure:3973: test -s conftest.o
configure:3976: $? = 0
configure:3987: result: yes
configure:3990: checking size of int
configure:4302: gcc -m64 -o conftest  -O2   conftest.c  >&5
configure:4305: $? = 0
configure:4307: ./conftest
configure:4310: $? = 0
configure:4332: result: 4
configure:4339: checking for long
configure:4363: gcc -m64 -c  -O2  conftest.c >&5
configure:4369: $? = 0
configure:4373: test -z 
			 || test ! -s conftest.err
configure:4376: $? = 0
configure:4379: test -s conftest.o
configure:4382: $? = 0
configure:4393: result: yes
configure:4396: checking size of long
configure:4708: gcc -m64 -o conftest  -O2   conftest.c  >&5
configure:4711: $? = 0
configure:4713: ./conftest
configure:4716: $? = 0
configure:4738: result: 8
configure:4757: checking for stdlib.h
configure:4762: result: yes
configure:4757: checking for unistd.h
configure:4762: result: yes
configure:4906: checking for getpagesize
configure:4963: gcc -m64 -o conftest  -O2   conftest.c  >&5
configure:4969: $? = 0
configure:4973: test -z 
			 || test ! -s conftest.err
configure:4976: $? = 0
configure:4979: test -s conftest
configure:4982: $? = 0
configure:4994: result: yes
configure:5004: checking for working mmap
configure:5146: gcc -m64 -o conftest  -O2   conftest.c  >&5
configure:5149: $? = 0
configure:5151: ./conftest
configure:5154: $? = 0
configure:5168: result: yes
configure:5184: checking whether munmap is declared
configure:5216: gcc -m64 -c  -O2  conftest.c >&5
configure:5222: $? = 0
configure:5226: test -z 
			 || test ! -s conftest.err
configure:5229: $? = 0
configure:5232: test -s conftest.o
configure:5235: $? = 0
configure:5246: result: yes
configure:5265: checking for munmap's first parameter type
configure:5284: gcc -m64 -c  -O2  conftest.c >&5
configure:5290: $? = 0
configure:5294: test -z 
			 || test ! -s conftest.err
configure:5297: $? = 0
configure:5300: test -s conftest.o
configure:5303: $? = 0
configure:5305: result: void *
configure:5329: checking for memcpy
configure:5386: gcc -m64 -o conftest  -O2   conftest.c  >&5
conftest.c:53:6: warning: conflicting types for built-in function 'memcpy' [enabled by default]
 char memcpy ();
      ^
configure:5392: $? = 0
configure:5396: test -z 
			 || test ! -s conftest.err
configure:5399: $? = 0
configure:5402: test -s conftest
configure:5405: $? = 0
configure:5417: result: yes
configure:5329: checking for memmove
configure:5386: gcc -m64 -o conftest  -O2   conftest.c  >&5
conftest.c:54:6: warning: conflicting types for built-in function 'memmove' [enabled by default]
 char memmove ();
      ^
configure:5392: $? = 0
configure:5396: test -z 
			 || test ! -s conftest.err
configure:5399: $? = 0
configure:5402: test -s conftest
configure:5405: $? = 0
configure:5417: result: yes
configure:5438: checking for gzsetparams in -lz
configure:5468: gcc -m64 -o conftest  -O2   conftest.c -lz   >&5
configure:5474: $? = 0
configure:5478: test -z 
			 || test ! -s conftest.err
configure:5481: $? = 0
configure:5484: test -s conftest
configure:5487: $? = 0
configure:5500: result: yes
configure:5513: checking zlib.h usability
configure:5525: gcc -m64 -c  -O2  conftest.c >&5
configure:5531: $? = 0
configure:5535: test -z 
			 || test ! -s conftest.err
configure:5538: $? = 0
configure:5541: test -s conftest.o
configure:5544: $? = 0
configure:5554: result: yes
configure:5558: checking zlib.h presence
configure:5568: gcc -m64 -E  conftest.c
configure:5574: $? = 0
configure:5594: result: yes
configure:5629: checking for zlib.h
configure:5636: result: yes
configure:5749: checking for a sed that does not truncate output
configure:5803: result: /usr/bin/sed
configure:5817: checking for ld used by gcc -m64
configure:5884: result: /usr/bin/ld
configure:5893: checking if the linker (/usr/bin/ld) is GNU ld
configure:5908: result: yes
configure:5913: checking for /usr/bin/ld option to reload object files
configure:5920: result: -r
configure:5929: checking for BSD-compatible nm
configure:5971: result: /usr/bin/nm -B
configure:5975: checking whether ln -s works
configure:5979: result: yes
configure:5986: checking how to recognise dependent libraries
configure:6169: result: pass_all
configure:6253: gcc -m64 -c  -O2 -DFT_CONFIG_OPTION_SYSTEM_ZLIB -DDARWIN_NO_CARBON  conftest.c >&5
configure:6256: $? = 0
configure:6391: checking dlfcn.h usability
configure:6403: gcc -m64 -c  -O2 -DFT_CONFIG_OPTION_SYSTEM_ZLIB -DDARWIN_NO_CARBON  conftest.c >&5
configure:6409: $? = 0
configure:6413: test -z 
			 || test ! -s conftest.err
configure:6416: $? = 0
configure:6419: test -s conftest.o
configure:6422: $? = 0
configure:6432: result: yes
configure:6436: checking dlfcn.h presence
configure:6446: gcc -m64 -E  conftest.c
configure:6452: $? = 0
configure:6472: result: yes
configure:6507: checking for dlfcn.h
configure:6514: result: yes
configure:6579: checking for g++
configure:6595: found /usr/bin/g++
configure:6605: result: g++
configure:6632: checking for C++ compiler version
configure:6635: g++ --version </dev/null >&5
g++ (GCC) 4.8.5 20150623 (Red Hat 4.8.5-36)
Copyright (C) 2015 Free Software Foundation, Inc.
This is free software; see the source for copying conditions.  There is NO
warranty; not even for MERCHANTABILITY or FITNESS FOR A PARTICULAR PURPOSE.

configure:6638: $? = 0
configure:6640: g++ -v </dev/null >&5
Using built-in specs.
COLLECT_GCC=g++
COLLECT_LTO_WRAPPER=/usr/libexec/gcc/x86_64-redhat-linux/4.8.5/lto-wrapper
Target: x86_64-redhat-linux
Configured with: ../configure --prefix=/usr --mandir=/usr/share/man --infodir=/usr/share/info --with-bugurl=http://bugzilla.redhat.com/bugzilla --enable-bootstrap --enable-shared --enable-threads=posix --enable-checking=release --with-system-zlib --enable-__cxa_atexit --disable-libunwind-exceptions --enable-gnu-unique-object --enable-linker-build-id --with-linker-hash-style=gnu --enable-languages=c,c++,objc,obj-c++,java,fortran,ada,go,lto --enable-plugin --enable-initfini-array --disable-libgcj --with-isl=/builddir/build/BUILD/gcc-4.8.5-20150702/obj-x86_64-redhat-linux/isl-install --with-cloog=/builddir/build/BUILD/gcc-4.8.5-20150702/obj-x86_64-redhat-linux/cloog-install --enable-gnu-indirect-function --with-tune=generic --with-arch_32=x86-64 --build=x86_64-redhat-linux
Thread model: posix
gcc version 4.8.5 20150623 (Red Hat 4.8.5-36) (GCC) 
configure:6643: $? = 0
configure:6645: g++ -V </dev/null >&5
g++: error: unrecognized command line option '-V'
g++: fatal error: no input files
compilation terminated.
configure:6648: $? = 4
configure:6651: checking whether we are using the GNU C++ compiler
configure:6675: g++ -c   conftest.cc >&5
configure:6681: $? = 0
configure:6685: test -z 
			 || test ! -s conftest.err
configure:6688: $? = 0
configure:6691: test -s conftest.o
configure:6694: $? = 0
configure:6707: result: yes
configure:6713: checking whether g++ accepts -g
configure:6734: g++ -c -g  conftest.cc >&5
configure:6740: $? = 0
configure:6744: test -z 
			 || test ! -s conftest.err
configure:6747: $? = 0
configure:6750: test -s conftest.o
configure:6753: $? = 0
configure:6764: result: yes
configure:6806: g++ -c -g -O2  conftest.cc >&5
configure:6812: $? = 0
configure:6816: test -z 
			 || test ! -s conftest.err
configure:6819: $? = 0
configure:6822: test -s conftest.o
configure:6825: $? = 0
configure:6851: g++ -c -g -O2  conftest.cc >&5
conftest.cc: In function 'int main()':
conftest.cc:36:9: error: 'exit' was not declared in this scope
 exit (42);
         ^
configure:6857: $? = 1
configure: failed program was:
| /* confdefs.h.  */
|              
| #define PACKAGE_NAME ""
| #define PACKAGE_TARNAME ""
| #define PACKAGE_VERSION ""
| #define PACKAGE_STRING ""
| #define PACKAGE_BUGREPORT ""
| #define STDC_HEADERS 1
| #define HAVE_SYS_TYPES_H 1
| #define HAVE_SYS_STAT_H 1
| #define HAVE_STDLIB_H 1
| #define HAVE_STRING_H 1
| #define HAVE_MEMORY_H 1
| #define HAVE_STRINGS_H 1
| #define HAVE_INTTYPES_H 1
| #define HAVE_STDINT_H 1
| #define HAVE_UNISTD_H 1
| #define HAVE_FCNTL_H 1
| #define HAVE_UNISTD_H 1
| #define SIZEOF_INT 4
| #define SIZEOF_LONG 8
| #define HAVE_STDLIB_H 1
| #define HAVE_UNISTD_H 1
| #define HAVE_GETPAGESIZE 1
| #define HAVE_MMAP 1
| #define HAVE_DECL_MUNMAP 1
| #define MUNMAP_USES_VOIDP
| #define HAVE_MEMCPY 1
| #define HAVE_MEMMOVE 1
| #define HAVE_DLFCN_H 1
| /* end confdefs.h.  */
| 
| int
| main ()
| {
| exit (42);
|   ;
|   return 0;
| }
configure:6806: g++ -c -g -O2  conftest.cc >&5
conftest.cc:32:40: error: 'void std::exit(int)' should have been declared inside 'std'
 extern "C" void std::exit (int) throw (); using std::exit;
                                        ^
configure:6812: $? = 1
configure: failed program was:
| /* confdefs.h.  */
|              
| #define PACKAGE_NAME ""
| #define PACKAGE_TARNAME ""
| #define PACKAGE_VERSION ""
| #define PACKAGE_STRING ""
| #define PACKAGE_BUGREPORT ""
| #define STDC_HEADERS 1
| #define HAVE_SYS_TYPES_H 1
| #define HAVE_SYS_STAT_H 1
| #define HAVE_STDLIB_H 1
| #define HAVE_STRING_H 1
| #define HAVE_MEMORY_H 1
| #define HAVE_STRINGS_H 1
| #define HAVE_INTTYPES_H 1
| #define HAVE_STDINT_H 1
| #define HAVE_UNISTD_H 1
| #define HAVE_FCNTL_H 1
| #define HAVE_UNISTD_H 1
| #define SIZEOF_INT 4
| #define SIZEOF_LONG 8
| #define HAVE_STDLIB_H 1
| #define HAVE_UNISTD_H 1
| #define HAVE_GETPAGESIZE 1
| #define HAVE_MMAP 1
| #define HAVE_DECL_MUNMAP 1
| #define MUNMAP_USES_VOIDP
| #define HAVE_MEMCPY 1
| #define HAVE_MEMMOVE 1
| #define HAVE_DLFCN_H 1
| /* end confdefs.h.  */
| extern "C" void std::exit (int) throw (); using std::exit;
| #include <stdlib.h>
| int
| main ()
| {
| exit (42);
|   ;
|   return 0;
| }
configure:6806: g++ -c -g -O2  conftest.cc >&5
conftest.cc:32:31: error: 'void std::exit(int)' should have been declared inside 'std'
 extern "C" void std::exit (int); using std::exit;
                               ^
In file included from conftest.cc:33:0:
/usr/include/stdlib.h:542:70: error: declaration of 'void std::exit(int) throw ()' has a different exception specifier
 extern void exit (int __status) __THROW __attribute__ ((__noreturn__));
                                                                      ^
conftest.cc:32:17: error: from previous declaration 'void std::exit(int)'
 extern "C" void std::exit (int); using std::exit;
                 ^
configure:6812: $? = 1
configure: failed program was:
| /* confdefs.h.  */
|              
| #define PACKAGE_NAME ""
| #define PACKAGE_TARNAME ""
| #define PACKAGE_VERSION ""
| #define PACKAGE_STRING ""
| #define PACKAGE_BUGREPORT ""
| #define STDC_HEADERS 1
| #define HAVE_SYS_TYPES_H 1
| #define HAVE_SYS_STAT_H 1
| #define HAVE_STDLIB_H 1
| #define HAVE_STRING_H 1
| #define HAVE_MEMORY_H 1
| #define HAVE_STRINGS_H 1
| #define HAVE_INTTYPES_H 1
| #define HAVE_STDINT_H 1
| #define HAVE_UNISTD_H 1
| #define HAVE_FCNTL_H 1
| #define HAVE_UNISTD_H 1
| #define SIZEOF_INT 4
| #define SIZEOF_LONG 8
| #define HAVE_STDLIB_H 1
| #define HAVE_UNISTD_H 1
| #define HAVE_GETPAGESIZE 1
| #define HAVE_MMAP 1
| #define HAVE_DECL_MUNMAP 1
| #define MUNMAP_USES_VOIDP
| #define HAVE_MEMCPY 1
| #define HAVE_MEMMOVE 1
| #define HAVE_DLFCN_H 1
| /* end confdefs.h.  */
| extern "C" void std::exit (int); using std::exit;
| #include <stdlib.h>
| int
| main ()
| {
| exit (42);
|   ;
|   return 0;
| }
configure:6806: g++ -c -g -O2  conftest.cc >&5
configure:6812: $? = 0
configure:6816: test -z 
			 || test ! -s conftest.err
configure:6819: $? = 0
configure:6822: test -s conftest.o
configure:6825: $? = 0
configure:6851: g++ -c -g -O2  conftest.cc >&5
configure:6857: $? = 0
configure:6861: test -z 
			 || test ! -s conftest.err
configure:6864: $? = 0
configure:6867: test -s conftest.o
configure:6870: $? = 0
configure:6898: checking how to run the C++ preprocessor
configure:6929: g++ -E  conftest.cc
configure:6935: $? = 0
configure:6967: g++ -E  conftest.cc
conftest.cc:35:28: fatal error: ac_nonexistent.h: No such file or directory
 #include <ac_nonexistent.h>
                            ^
compilation terminated.
configure:6973: $? = 1
configure: failed program was:
| /* confdefs.h.  */
|              
| #define PACKAGE_NAME ""
| #define PACKAGE_TARNAME ""
| #define PACKAGE_VERSION ""
| #define PACKAGE_STRING ""
| #define PACKAGE_BUGREPORT ""
| #define STDC_HEADERS 1
| #define HAVE_SYS_TYPES_H 1
| #define HAVE_SYS_STAT_H 1
| #define HAVE_STDLIB_H 1
| #define HAVE_STRING_H 1
| #define HAVE_MEMORY_H 1
| #define HAVE_STRINGS_H 1
| #define HAVE_INTTYPES_H 1
| #define HAVE_STDINT_H 1
| #define HAVE_UNISTD_H 1
| #define HAVE_FCNTL_H 1
| #define HAVE_UNISTD_H 1
| #define SIZEOF_INT 4
| #define SIZEOF_LONG 8
| #define HAVE_STDLIB_H 1
| #define HAVE_UNISTD_H 1
| #define HAVE_GETPAGESIZE 1
| #define HAVE_MMAP 1
| #define HAVE_DECL_MUNMAP 1
| #define MUNMAP_USES_VOIDP
| #define HAVE_MEMCPY 1
| #define HAVE_MEMMOVE 1
| #define HAVE_DLFCN_H 1
| #ifdef __cplusplus
| extern "C" void exit (int) throw ();
| #endif
| /* end confdefs.h.  */
| #include <ac_nonexistent.h>
configure:7012: result: g++ -E
configure:7036: g++ -E  conftest.cc
configure:7042: $? = 0
configure:7074: g++ -E  conftest.cc
conftest.cc:35:28: fatal error: ac_nonexistent.h: No such file or directory
 #include <ac_nonexistent.h>
                            ^
compilation terminated.
configure:7080: $? = 1
configure: failed program was:
| /* confdefs.h.  */
|              
| #define PACKAGE_NAME ""
| #define PACKAGE_TARNAME ""
| #define PACKAGE_VERSION ""
| #define PACKAGE_STRING ""
| #define PACKAGE_BUGREPORT ""
| #define STDC_HEADERS 1
| #define HAVE_SYS_TYPES_H 1
| #define HAVE_SYS_STAT_H 1
| #define HAVE_STDLIB_H 1
| #define HAVE_STRING_H 1
| #define HAVE_MEMORY_H 1
| #define HAVE_STRINGS_H 1
| #define HAVE_INTTYPES_H 1
| #define HAVE_STDINT_H 1
| #define HAVE_UNISTD_H 1
| #define HAVE_FCNTL_H 1
| #define HAVE_UNISTD_H 1
| #define SIZEOF_INT 4
| #define SIZEOF_LONG 8
| #define HAVE_STDLIB_H 1
| #define HAVE_UNISTD_H 1
| #define HAVE_GETPAGESIZE 1
| #define HAVE_MMAP 1
| #define HAVE_DECL_MUNMAP 1
| #define MUNMAP_USES_VOIDP
| #define HAVE_MEMCPY 1
| #define HAVE_MEMMOVE 1
| #define HAVE_DLFCN_H 1
| #ifdef __cplusplus
| extern "C" void exit (int) throw ();
| #endif
| /* end confdefs.h.  */
| #include <ac_nonexistent.h>
configure:7175: checking for g77
configure:7204: result: no
configure:7175: checking for f77
configure:7204: result: no
configure:7175: checking for xlf
configure:7204: result: no
configure:7175: checking for frt
configure:7204: result: no
configure:7175: checking for pgf77
configure:7204: result: no
configure:7175: checking for fort77
configure:7204: result: no
configure:7175: checking for fl32
configure:7204: result: no
configure:7175: checking for af77
configure:7204: result: no
configure:7175: checking for f90
configure:7204: result: no
configure:7175: checking for xlf90
configure:7204: result: no
configure:7175: checking for pgf90
configure:7204: result: no
configure:7175: checking for epcf90
configure:7204: result: no
configure:7175: checking for f95
configure:7191: found /usr/bin/f95
configure:7201: result: f95
configure:7228: checking for Fortran 77 compiler version
configure:7231: f95 --version </dev/null >&5
GNU Fortran (GCC) 4.8.5 20150623 (Red Hat 4.8.5-36)
Copyright (C) 2015 Free Software Foundation, Inc.

GNU Fortran comes with NO WARRANTY, to the extent permitted by law.
You may redistribute copies of GNU Fortran
under the terms of the GNU General Public License.
For more information about these matters, see the file named COPYING

configure:7234: $? = 0
configure:7236: f95 -v </dev/null >&5
Using built-in specs.
COLLECT_GCC=f95
COLLECT_LTO_WRAPPER=/usr/libexec/gcc/x86_64-redhat-linux/4.8.5/lto-wrapper
Target: x86_64-redhat-linux
Configured with: ../configure --prefix=/usr --mandir=/usr/share/man --infodir=/usr/share/info --with-bugurl=http://bugzilla.redhat.com/bugzilla --enable-bootstrap --enable-shared --enable-threads=posix --enable-checking=release --with-system-zlib --enable-__cxa_atexit --disable-libunwind-exceptions --enable-gnu-unique-object --enable-linker-build-id --with-linker-hash-style=gnu --enable-languages=c,c++,objc,obj-c++,java,fortran,ada,go,lto --enable-plugin --enable-initfini-array --disable-libgcj --with-isl=/builddir/build/BUILD/gcc-4.8.5-20150702/obj-x86_64-redhat-linux/isl-install --with-cloog=/builddir/build/BUILD/gcc-4.8.5-20150702/obj-x86_64-redhat-linux/cloog-install --enable-gnu-indirect-function --with-tune=generic --with-arch_32=x86-64 --build=x86_64-redhat-linux
Thread model: posix
gcc version 4.8.5 20150623 (Red Hat 4.8.5-36) (GCC) 
configure:7239: $? = 0
configure:7241: f95 -V </dev/null >&5
f95: error: unrecognized command line option '-V'
f95: fatal error: no input files
compilation terminated.
configure:7244: $? = 4
configure:7252: checking whether we are using the GNU Fortran 77 compiler
configure:7266: f95 -c  conftest.F >&5
configure:7272: $? = 0
configure:7276: test -z 
			 || test ! -s conftest.err
configure:7279: $? = 0
configure:7282: test -s conftest.o
configure:7285: $? = 0
configure:7298: result: yes
configure:7304: checking whether f95 accepts -g
configure:7316: f95 -c -g conftest.f >&5
configure:7322: $? = 0
configure:7326: test -z 
			 || test ! -s conftest.err
configure:7329: $? = 0
configure:7332: test -s conftest.o
configure:7335: $? = 0
configure:7347: result: yes
configure:7377: checking the maximum length of command line arguments
configure:7442: result: 32768
configure:7453: checking command to parse /usr/bin/nm -B output from gcc -m64 object
configure:7542: gcc -m64 -c  -O2 -DFT_CONFIG_OPTION_SYSTEM_ZLIB -DDARWIN_NO_CARBON  conftest.c >&5
configure:7545: $? = 0
configure:7549: /usr/bin/nm -B conftest.o \| sed -n -e 's/^.*[ 	]\([ABCDGIRSTW][ABCDGIRSTW]*\)[ 	][ 	]*\(\)\([_A-Za-z][_A-Za-z0-9]*\)$/\1 \2\3 \3/p' \> conftest.nm
configure:7552: $? = 0
configure:7604: gcc -m64 -o conftest  -O2 -DFT_CONFIG_OPTION_SYSTEM_ZLIB -DDARWIN_NO_CARBON   -lz conftest.c conftstm.o >&5
configure:7607: $? = 0
configure:7645: result: ok
configure:7649: checking for objdir
configure:7664: result: .libs
configure:7754: checking for ar
configure:7770: found /usr/bin/ar
configure:7780: result: ar
configure:7845: checking for ranlib
configure:7861: found /usr/bin/ranlib
configure:7871: result: ranlib
configure:7936: checking for strip
configure:7952: found /usr/bin/strip
configure:7962: result: strip
configure:8236: checking if gcc -m64 static flag  works
configure:8259: result: yes
configure:8277: checking if gcc -m64 supports -fno-rtti -fno-exceptions
configure:8295: gcc -m64 -c  -O2 -DFT_CONFIG_OPTION_SYSTEM_ZLIB -DDARWIN_NO_CARBON  -fno-rtti -fno-exceptions conftest.c >&5
cc1: warning: command line option '-fno-rtti' is valid for C++/ObjC++ but not for C [enabled by default]
configure:8299: $? = 0
configure:8310: result: no
configure:8325: checking for gcc -m64 option to produce PIC
configure:8502: result: -fPIC
configure:8510: checking if gcc -m64 PIC flag -fPIC works
configure:8528: gcc -m64 -c  -O2 -DFT_CONFIG_OPTION_SYSTEM_ZLIB -DDARWIN_NO_CARBON  -fPIC -DPIC conftest.c >&5
configure:8532: $? = 0
configure:8543: result: yes
configure:8567: checking if gcc -m64 supports -c -o file.o
configure:8588: gcc -m64 -c  -O2 -DFT_CONFIG_OPTION_SYSTEM_ZLIB -DDARWIN_NO_CARBON  -o out/conftest2.o conftest.c >&5
configure:8592: $? = 0
configure:8612: result: yes
configure:8638: checking whether the gcc -m64 linker (/usr/bin/ld -m elf_x86_64) supports shared libraries
configure:9486: result: yes
configure:9512: checking whether -lc should be explicitly linked in
configure:9517: gcc -m64 -c  -O2 -DFT_CONFIG_OPTION_SYSTEM_ZLIB -DDARWIN_NO_CARBON  conftest.c >&5
configure:9520: $? = 0
configure:9534: gcc -m64 -shared conftest.o  -v -Wl,-soname -Wl,conftest -o conftest 2\>\&1 \| grep  -lc  \>/dev/null 2\>\&1
configure:9537: $? = 0
configure:9549: result: no
configure:9557: checking dynamic linker characteristics
configure:10097: result: GNU/Linux ld.so
configure:10101: checking how to hardcode library paths into programs
configure:10126: result: immediate
configure:10140: checking whether stripping libraries is possible
configure:10145: result: yes
configure:10975: checking if libtool supports shared libraries
configure:10977: result: yes
configure:10980: checking whether to build shared libraries
configure:11038: result: yes
configure:11041: checking whether to build static libraries
configure:11045: result: yes
configure:11137: creating libtool
configure:11684: checking for ld used by g++
configure:11751: result: /usr/bin/ld -m elf_x86_64
configure:11760: checking if the linker (/usr/bin/ld -m elf_x86_64) is GNU ld
configure:11775: result: yes
configure:11826: checking whether the g++ linker (/usr/bin/ld -m elf_x86_64) supports shared libraries
configure:12654: result: yes
configure:12672: g++ -c -g -O2  conftest.cc >&5
configure:12675: $? = 0
configure:12771: checking for g++ option to produce PIC
configure:13023: result: -fPIC
configure:13031: checking if g++ PIC flag -fPIC works
configure:13049: g++ -c -g -O2  -fPIC -DPIC conftest.cc >&5
configure:13053: $? = 0
configure:13064: result: yes
configure:13088: checking if g++ supports -c -o file.o
configure:13109: g++ -c -g -O2  -o out/conftest2.o conftest.cc >&5
configure:13113: $? = 0
configure:13133: result: yes
configure:13159: checking whether the g++ linker (/usr/bin/ld -m elf_x86_64) supports shared libraries
configure:13184: result: yes
configure:13255: checking dynamic linker characteristics
configure:13795: result: GNU/Linux ld.so
configure:13799: checking how to hardcode library paths into programs
configure:13824: result: immediate
configure:13838: checking whether stripping libraries is possible
configure:13843: result: yes
configure:15150: checking if libtool supports shared libraries
configure:15152: result: yes
configure:15155: checking whether to build shared libraries
configure:15173: result: yes
configure:15176: checking whether to build static libraries
configure:15180: result: yes
configure:15192: checking for f95 option to produce PIC
configure:15369: result: -fPIC
configure:15377: checking if f95 PIC flag -fPIC works
configure:15395: f95 -c -g -O2 -fPIC conftest.f >&5
configure:15399: $? = 0
configure:15410: result: yes
configure:15434: checking if f95 supports -c -o file.o
configure:15455: f95 -c -g -O2 -o out/conftest2.o conftest.f >&5
configure:15459: $? = 0
configure:15479: result: yes
configure:15505: checking whether the f95 linker (/usr/bin/ld -m elf_x86_64) supports shared libraries
configure:16333: result: yes
configure:16404: checking dynamic linker characteristics
configure:16944: result: GNU/Linux ld.so
configure:16948: checking how to hardcode library paths into programs
configure:16973: result: immediate
configure:16987: checking whether stripping libraries is possible
configure:16992: result: yes
configure:21195: creating ./config.status

## ---------------------- ##
## Running config.status. ##
## ---------------------- ##

This file was extended by config.status, which was
generated by GNU Autoconf 2.59a.  Invocation command line was

  CONFIG_FILES    = 
  CONFIG_HEADERS  = 
  CONFIG_LINKS    = 
  CONFIG_COMMANDS = 
  $ ./config.status 

on X201-9

config.status:676: creating unix-cc.mk
config.status:676: creating unix-def.mk
config.status:676: creating freetype-config
config.status:676: creating freetype2.pc
config.status:780: creating ftconfig.h

## ---------------- ##
## Cache variables. ##
## ---------------- ##

ac_cv_build=x86_64-unknown-linux-gnu
ac_cv_build_alias=x86_64-unknown-linux-gnu
ac_cv_c_compiler_gnu=yes
ac_cv_c_const=yes
ac_cv_cxx_compiler_gnu=yes
ac_cv_env_CC_set=set
ac_cv_env_CC_value='gcc -m64'
ac_cv_env_CFLAGS_set=set
ac_cv_env_CFLAGS_value=' -O2'
ac_cv_env_CPPFLAGS_set=
ac_cv_env_CPPFLAGS_value=
ac_cv_env_CPP_set=
ac_cv_env_CPP_value=
ac_cv_env_CXXCPP_set=
ac_cv_env_CXXCPP_value=
ac_cv_env_CXXFLAGS_set=
ac_cv_env_CXXFLAGS_value=
ac_cv_env_CXX_set=
ac_cv_env_CXX_value=
ac_cv_env_F77_set=
ac_cv_env_F77_value=
ac_cv_env_FFLAGS_set=
ac_cv_env_FFLAGS_value=
ac_cv_env_LDFLAGS_set=
ac_cv_env_LDFLAGS_value=
ac_cv_env_build_alias_set=
ac_cv_env_build_alias_value=
ac_cv_env_host_alias_set=
ac_cv_env_host_alias_value=
ac_cv_env_target_alias_set=
ac_cv_env_target_alias_value=
ac_cv_exeext=
ac_cv_f77_compiler_gnu=yes
ac_cv_func_getpagesize=yes
ac_cv_func_memcpy=yes
ac_cv_func_memmove=yes
ac_cv_func_mmap_fixed_mapped=yes
ac_cv_have_decl_munmap=yes
ac_cv_header_dlfcn_h=yes
ac_cv_header_fcntl_h=yes
ac_cv_header_inttypes_h=yes
ac_cv_header_memory_h=yes
ac_cv_header_stdc=yes
ac_cv_header_stdint_h=yes
ac_cv_header_stdlib_h=yes
ac_cv_header_string_h=yes
ac_cv_header_strings_h=yes
ac_cv_header_sys_stat_h=yes
ac_cv_header_sys_types_h=yes
ac_cv_header_unistd_h=yes
ac_cv_header_zlib_h=yes
ac_cv_host=x86_64-unknown-linux-gnu
ac_cv_host_alias=x86_64-unknown-linux-gnu
ac_cv_lib_z_gzsetparams=yes
ac_cv_objext=o
ac_cv_path_EGREP='/bin/grep -E'
ac_cv_path_GREP=/bin/grep
ac_cv_path_install='/usr/bin/install -c'
ac_cv_prog_CPP='gcc -m64 -E'
ac_cv_prog_CXXCPP='g++ -E'
ac_cv_prog_RMDIR=rmdir
ac_cv_prog_RMF='rm -f'
ac_cv_prog_ac_ct_AR=ar
ac_cv_prog_ac_ct_CC='gcc -m64'
ac_cv_prog_ac_ct_CXX=g++
ac_cv_prog_ac_ct_F77=f95
ac_cv_prog_ac_ct_RANLIB=ranlib
ac_cv_prog_ac_ct_STRIP=strip
ac_cv_prog_cc_g=yes
ac_cv_prog_cc_stdc=
ac_cv_prog_cxx_g=yes
ac_cv_prog_f77_g=yes
ac_cv_sizeof_int=4
ac_cv_sizeof_long=8
ac_cv_target=x86_64-unknown-linux-gnu
ac_cv_target_alias=x86_64-unknown-linux-gnu
ac_cv_type_int=yes
ac_cv_type_long=yes
lt_cv_deplibs_check_method=pass_all
lt_cv_file_magic_cmd='$MAGIC_CMD'
lt_cv_file_magic_test_file='/lib/libc.so* /lib/libc-*.so'
lt_cv_ld_reload_flag=-r
lt_cv_objdir=.libs
lt_cv_path_LD=/usr/bin/ld
lt_cv_path_LDCXX='/usr/bin/ld -m elf_x86_64'
lt_cv_path_NM='/usr/bin/nm -B'
lt_cv_path_SED=/usr/bin/sed
lt_cv_prog_compiler_c_o=yes
lt_cv_prog_compiler_c_o_CXX=yes
lt_cv_prog_compiler_c_o_F77=yes
lt_cv_prog_compiler_rtti_exceptions=no
lt_cv_prog_gnu_ld=yes
lt_cv_prog_gnu_ldcxx=yes
lt_cv_sys_global_symbol_pipe='sed -n -e '\''s/^.*[ 	]\([ABCDGIRSTW][ABCDGIRSTW]*\)[ 	][ 	]*\(\)\([_A-Za-z][_A-Za-z0-9]*\)$/\1 \2\3 \3/p'\'''
lt_cv_sys_global_symbol_to_c_name_address='sed -n -e '\''s/^: \([^ ]*\) $/  {\"\1\", (lt_ptr) 0},/p'\'' -e '\''s/^[BCDEGRST] \([^ ]*\) \([^ ]*\)$/  {"\2", (lt_ptr) \&\2},/p'\'''
lt_cv_sys_global_symbol_to_cdecl='sed -n -e '\''s/^. .* \(.*\)$/extern int \1;/p'\'''
lt_cv_sys_max_cmd_len=32768
lt_lt_cv_prog_compiler_c_o='"yes"'
lt_lt_cv_prog_compiler_c_o_CXX='"yes"'
lt_lt_cv_prog_compiler_c_o_F77='"yes"'
lt_lt_cv_sys_global_symbol_pipe='"sed -n -e '\''s/^.*[ 	]\\([ABCDGIRSTW][ABCDGIRSTW]*\\)[ 	][ 	]*\\(\\)\\([_A-Za-z][_A-Za-z0-9]*\\)\$/\\1 \\2\\3 \\3/p'\''"'
lt_lt_cv_sys_global_symbol_to_c_name_address='"sed -n -e '\''s/^: \\([^ ]*\\) \$/  {\\\"\\1\\\", (lt_ptr) 0},/p'\'' -e '\''s/^[BCDEGRST] \\([^ ]*\\) \\([^ ]*\\)\$/  {\"\\2\", (lt_ptr) \\&\\2},/p'\''"'
lt_lt_cv_sys_global_symbol_to_cdecl='"sed -n -e '\''s/^. .* \\(.*\\)\$/extern int \\1;/p'\''"'

## ----------------- ##
## Output variables. ##
## ----------------- ##

AR='ar'
CC='gcc -m64'
CFLAGS=' -O2 -DFT_CONFIG_OPTION_SYSTEM_ZLIB -DDARWIN_NO_CARBON'
CPP='gcc -m64 -E'
CPPFLAGS=''
CXX='g++'
CXXCPP='g++ -E'
CXXFLAGS='-g -O2'
DEFS='-DHAVE_CONFIG_H'
ECHO='echo'
ECHO_C=''
ECHO_N='-n'
ECHO_T=''
EGREP='/bin/grep -E'
EXEEXT=''
F77='f95'
FFLAGS='-g -O2'
FTSYS_SRC='$(BUILD_DIR)/ftsystem.c'
GREP='/bin/grep'
INSTALL_DATA='${INSTALL} -m 644'
INSTALL_PROGRAM='${INSTALL}'
INSTALL_SCRIPT='${INSTALL}'
LDFLAGS=' -lz'
LIBOBJS=''
LIBS=''
LIBTOOL='$(SHELL) $(top_builddir)/libtool'
LIBZ='-lz'
LN_S='ln -s'
LTLIBOBJS=''
OBJEXT='o'
PACKAGE_BUGREPORT=''
PACKAGE_NAME=''
PACKAGE_STRING=''
PACKAGE_TARNAME=''
PACKAGE_VERSION=''
PATH_SEPARATOR=':'
RANLIB='ranlib'
RMDIR='rmdir'
RMF='rm -f'
SHELL='/bin/sh'
STRIP='strip'
SYSTEM_ZLIB='yes'
XX_ANSIFLAGS=''
XX_CFLAGS=''
ac_ct_AR='ar'
ac_ct_CC='gcc -m64'
ac_ct_CXX='g++'
ac_ct_F77='f95'
ac_ct_RANLIB='ranlib'
ac_ct_STRIP='strip'
bindir='${exec_prefix}/bin'
build='x86_64-unknown-linux-gnu'
build_alias=''
build_cpu='x86_64'
build_os='linux-gnu'
build_vendor='unknown'
datadir='${prefix}/share'
enable_shared='yes'
exec_prefix='${prefix}'
ft_version='9.7.3'
hardcode_libdir_flag_spec='${wl}--rpath ${wl}$libdir'
host='x86_64-unknown-linux-gnu'
host_alias=''
host_cpu='x86_64'
host_os='linux-gnu'
host_vendor='unknown'
includedir='${prefix}/include'
infodir='${prefix}/info'
libdir='${exec_prefix}/lib'
libexecdir='${exec_prefix}/libexec'
localstatedir='${prefix}/var'
mandir='${prefix}/man'
oldincludedir='/usr/include'
prefix='/usr/local'
program_transform_name='s,x,x,'
sbindir='${exec_prefix}/sbin'
sharedstatedir='${prefix}/com'
sysconfdir='${prefix}/etc'
target='x86_64-unknown-linux-gnu'
target_alias=''
target_cpu='x86_64'
target_os='linux-gnu'
target_vendor='unknown'
version_info='9:7:3'
wl='-Wl,'

## ----------- ##
## confdefs.h. ##
## ----------- ##

             
#define HAVE_DECL_MUNMAP 1
#define HAVE_DLFCN_H 1
#define HAVE_FCNTL_H 1
#define HAVE_GETPAGESIZE 1
#define HAVE_INTTYPES_H 1
#define HAVE_MEMCPY 1
#define HAVE_MEMMOVE 1
#define HAVE_MEMORY_H 1
#define HAVE_MMAP 1
#define HAVE_STDINT_H 1
#define HAVE_STDLIB_H 1
#define HAVE_STDLIB_H 1
#define HAVE_STRINGS_H 1
#define HAVE_STRING_H 1
#define HAVE_SYS_STAT_H 1
#define HAVE_SYS_TYPES_H 1
#define HAVE_UNISTD_H 1
#define HAVE_UNISTD_H 1
#define HAVE_UNISTD_H 1
#define MUNMAP_USES_VOIDP
#define PACKAGE_BUGREPORT ""
#define PACKAGE_NAME ""
#define PACKAGE_STRING ""
#define PACKAGE_TARNAME ""
#define PACKAGE_VERSION ""
#define SIZEOF_INT 4
#define SIZEOF_LONG 8
#define STDC_HEADERS 1
#endif
#ifdef __cplusplus
extern "C" void exit (int) throw ();

configure: exit 0
